2021-06-27 04:10:24,906 - BrowserEngine - INFO - You had select Chrome browser.
2021-06-27 04:10:24,906 - BrowserEngine - INFO - The test server url is: https://bjjj.zhongchebaolian.com/cgsadm
2021-06-27 04:10:25,986 - BrowserEngine - INFO - Starting Chrome browser
2021-06-27 04:10:27,658 - BrowserEngine - INFO - Open url: https://bjjj.zhongchebaolian.com/cgsadm 
2021-06-27 04:10:27,968 - BrowserEngine - INFO - Maximize the current window. 
2021-06-27 04:10:27,978 - BasePage - INFO - 1
2021-06-27 04:10:27,986 - BasePage - INFO - Had find the element '  ' seccessful by id via value:  imgCode 
2021-06-27 04:10:29,015 - BasePage - INFO - 1
2021-06-27 04:10:29,023 - BasePage - INFO - Had find the element '  ' seccessful by id via value:  username 
2021-06-27 04:10:29,088 - BasePage - INFO - Had type ' 17600352198 ' in inputBox
2021-06-27 04:10:29,095 - BasePage - INFO - 1
2021-06-27 04:10:29,102 - BasePage - INFO - Had find the element '  ' seccessful by id via value:  password 
2021-06-27 04:10:29,178 - BasePage - INFO - Had type ' a123456789 ' in inputBox
2021-06-27 04:10:29,182 - BasePage - INFO - 1
2021-06-27 04:10:29,186 - BasePage - INFO - Had find the element '  ' seccessful by id via value:  imgCode 
2021-06-27 04:10:29,752 - BasePage - INFO - 1
2021-06-27 04:10:29,760 - BasePage - INFO - Had find the element '  ' seccessful by id via value:  account-img-code 
2021-06-27 04:10:29,811 - BasePage - INFO - Had type ' 8866 ' in inputBox
2021-06-27 04:10:29,818 - BasePage - INFO - 1
2021-06-27 04:10:29,826 - BasePage - INFO - Had find the element ' µÇÂ¼ ' seccessful by id via value:  login-btn 
2021-06-27 04:10:29,831 - BasePage - INFO - The element ' µÇÂ¼ ' was clicked.
2021-06-27 04:10:29,866 - BasePage - INFO - 1
2021-06-27 04:10:29,874 - BasePage - INFO - Had find the element '  ' seccessful by id via value:  login-error-box 
