2021-06-27 04:38:17,358 - BrowserEngine - INFO - You had select Chrome browser.
2021-06-27 04:38:17,358 - BrowserEngine - INFO - The test server url is: https://bjjj.zhongchebaolian.com/cgsadm
2021-06-27 04:38:18,482 - BrowserEngine - INFO - Starting Chrome browser
2021-06-27 04:38:20,555 - BrowserEngine - INFO - Open url: https://bjjj.zhongchebaolian.com/cgsadm 
2021-06-27 04:38:20,879 - BrowserEngine - INFO - Maximize the current window. 
2021-06-27 04:38:20,890 - BasePage - INFO - 1
2021-06-27 04:38:20,901 - BasePage - INFO - Had find the element '  ' seccessful by id via value:  username 
2021-06-27 04:38:20,982 - BasePage - INFO - Had type ' 17600352198 ' in inputBox
2021-06-27 04:38:20,992 - BasePage - INFO - 1
2021-06-27 04:38:21,003 - BasePage - INFO - Had find the element '  ' seccessful by id via value:  password 
2021-06-27 04:38:21,128 - BasePage - INFO - Had type ' a12345678 ' in inputBox
2021-06-27 04:38:21,138 - BasePage - INFO - 1
2021-06-27 04:38:21,146 - BasePage - INFO - Had find the element '  ' seccessful by id via value:  account-img-code 
2021-06-27 04:38:21,228 - BasePage - INFO - Had type ' 1234 ' in inputBox
2021-06-27 04:38:21,228 - BasePage - INFO - wait for 5 seconds.
2021-06-27 04:38:21,237 - BasePage - INFO - 1
2021-06-27 04:38:21,251 - BasePage - INFO - Had find the element ' µÇÂ¼ ' seccessful by id via value:  login-btn 
2021-06-27 04:38:21,258 - BasePage - INFO - The element ' µÇÂ¼ ' was clicked.
2021-06-27 04:38:21,300 - BasePage - INFO - 1
2021-06-27 04:38:21,317 - BasePage - INFO - Had find the element '  ' seccessful by id via value:  login-error-box 
2021-06-27 04:38:31,332 - BasePage - INFO - 1
2021-06-27 04:38:31,344 - BasePage - INFO - Had find the element ' µÇÂ¼ ' seccessful by id via value:  login-btn 
2021-06-27 04:38:31,348 - BasePage - INFO - The element ' µÇÂ¼ ' was clicked.
2021-06-27 04:38:41,378 - BasePage - INFO - 1
2021-06-27 04:38:41,382 - BasePage - INFO - Had find the element ' µÇÂ¼ ' seccessful by id via value:  login-btn 
2021-06-27 04:38:41,387 - BasePage - INFO - The element ' µÇÂ¼ ' was clicked.
2021-06-27 04:38:56,442 - BasePage - ERROR - NoSuchElementException: Message: no such element: Unable to locate element: {"method":"css selector","selector":"[id="login-btn"]"}
  (Session info: chrome=91.0.4472.114)

2021-06-27 04:38:56,582 - BasePage - INFO - Had take screenshot and save to folder : /screenshots
