2021-06-27 04:14:30,898 - BrowserEngine - INFO - You had select Chrome browser.
2021-06-27 04:14:30,898 - BrowserEngine - INFO - The test server url is: https://bjjj.zhongchebaolian.com/cgsadm
2021-06-27 04:14:32,390 - BrowserEngine - INFO - Starting Chrome browser
2021-06-27 04:14:34,169 - BrowserEngine - INFO - Open url: https://bjjj.zhongchebaolian.com/cgsadm 
2021-06-27 04:14:34,886 - BrowserEngine - INFO - Maximize the current window. 
2021-06-27 04:14:34,896 - BasePage - INFO - 1
2021-06-27 04:14:34,907 - BasePage - INFO - Had find the element '  ' seccessful by id via value:  imgCode 
2021-06-27 04:14:35,554 - BasePage - INFO - 1
2021-06-27 04:14:35,563 - BasePage - INFO - Had find the element '  ' seccessful by id via value:  username 
2021-06-27 04:14:35,616 - BasePage - INFO - Had type ' 17600352198 ' in inputBox
2021-06-27 04:14:35,625 - BasePage - INFO - 1
2021-06-27 04:14:35,631 - BasePage - INFO - Had find the element '  ' seccessful by id via value:  password 
2021-06-27 04:14:35,683 - BasePage - INFO - Had type ' a123456789 ' in inputBox
2021-06-27 04:14:35,688 - BasePage - INFO - 1
2021-06-27 04:14:35,693 - BasePage - INFO - Had find the element '  ' seccessful by id via value:  imgCode 
2021-06-27 04:14:36,192 - BasePage - INFO - 1
2021-06-27 04:14:36,200 - BasePage - INFO - Had find the element '  ' seccessful by id via value:  account-img-code 
2021-06-27 04:14:36,246 - BasePage - INFO - Had type ' 05-59 ' in inputBox
2021-06-27 04:14:36,253 - BasePage - INFO - 1
2021-06-27 04:14:36,262 - BasePage - INFO - Had find the element ' µÇÂ¼ ' seccessful by id via value:  login-btn 
2021-06-27 04:14:36,267 - BasePage - INFO - The element ' µÇÂ¼ ' was clicked.
2021-06-27 04:14:59,686 - BrowserEngine - INFO - You had select Chrome browser.
2021-06-27 04:14:59,686 - BrowserEngine - INFO - The test server url is: https://bjjj.zhongchebaolian.com/cgsadm
2021-06-27 04:15:00,760 - BrowserEngine - INFO - Starting Chrome browser
2021-06-27 04:15:02,353 - BrowserEngine - INFO - Open url: https://bjjj.zhongchebaolian.com/cgsadm 
2021-06-27 04:15:02,718 - BrowserEngine - INFO - Maximize the current window. 
2021-06-27 04:15:02,728 - BasePage - INFO - 1
2021-06-27 04:15:02,737 - BasePage - INFO - Had find the element '  ' seccessful by id via value:  imgCode 
2021-06-27 04:15:03,420 - BasePage - INFO - 1
2021-06-27 04:15:03,429 - BasePage - INFO - Had find the element '  ' seccessful by id via value:  username 
2021-06-27 04:15:03,510 - BasePage - INFO - Had type ' 17600352198 ' in inputBox
2021-06-27 04:15:03,517 - BasePage - INFO - 1
2021-06-27 04:15:03,525 - BasePage - INFO - Had find the element '  ' seccessful by id via value:  password 
2021-06-27 04:15:03,588 - BasePage - INFO - Had type ' a123456789 ' in inputBox
2021-06-27 04:15:03,592 - BasePage - INFO - 1
2021-06-27 04:15:03,596 - BasePage - INFO - Had find the element '  ' seccessful by id via value:  imgCode 
2021-06-27 04:15:04,112 - BasePage - INFO - 1
2021-06-27 04:15:04,120 - BasePage - INFO - Had find the element '  ' seccessful by id via value:  account-img-code 
2021-06-27 04:15:04,170 - BasePage - INFO - Had type ' 5520 ' in inputBox
2021-06-27 04:15:04,178 - BasePage - INFO - 1
2021-06-27 04:15:04,187 - BasePage - INFO - Had find the element ' µÇÂ¼ ' seccessful by id via value:  login-btn 
2021-06-27 04:15:04,192 - BasePage - INFO - The element ' µÇÂ¼ ' was clicked.
