2021-06-28 21:46:29,091 - BrowserEngine - INFO - You had select Chrome browser.
2021-06-28 21:46:29,091 - BrowserEngine - INFO - The test server url is: https://bjjj.zhongchebaolian.com/cgsadm
2021-06-28 21:46:30,143 - BrowserEngine - INFO - Starting Chrome browser
2021-06-28 21:46:31,835 - BrowserEngine - INFO - Open url: https://bjjj.zhongchebaolian.com/cgsadm 
2021-06-28 21:46:32,120 - BrowserEngine - INFO - Maximize the current window. 
2021-06-28 21:46:32,138 - BasePage - INFO - Had find the element '  ' seccessful by id via value:  imgCode 
2021-06-28 21:46:32,762 - BasePage - INFO - Had find the element '  ' seccessful by id via value:  username 
2021-06-28 21:46:32,832 - BasePage - INFO - Had type ' 17600352198 ' in inputBox
2021-06-28 21:46:32,848 - BasePage - INFO - Had find the element '  ' seccessful by id via value:  password 
2021-06-28 21:46:32,921 - BasePage - INFO - Had type ' a12345678 ' in inputBox
2021-06-28 21:46:32,923 - BasePage - INFO - Current page title is µÇÂ¼
2021-06-28 21:46:37,927 - BasePage - INFO - Sleep for 5 seconds
2021-06-28 21:46:37,937 - BasePage - INFO - Had find the element '  ' seccessful by id via value:  imgCode 
2021-06-28 21:46:38,384 - BasePage - INFO - Had find the element '  ' seccessful by id via value:  imgCode 
2021-06-28 21:46:38,807 - BasePage - INFO - Had find the element '  ' seccessful by id via value:  account-img-code 
2021-06-28 21:46:38,857 - BasePage - INFO - Had type ' 5916 ' in inputBox
2021-06-28 21:46:38,872 - BasePage - INFO - Had find the element ' µÇÂ¼ ' seccessful by id via value:  login-btn 
2021-06-28 21:46:38,877 - BasePage - INFO - The element ' µÇÂ¼ ' was clicked.
2021-06-28 21:46:38,908 - BasePage - INFO - Current page title is µÇÂ¼
2021-06-28 21:46:43,909 - BasePage - INFO - Sleep for 5 seconds
2021-06-28 21:46:43,925 - BasePage - INFO - Had find the element '  ' seccessful by id via value:  imgCode 
2021-06-28 21:46:44,708 - BasePage - INFO - Had find the element '  ' seccessful by id via value:  imgCode 
2021-06-28 21:46:45,451 - BasePage - INFO - Had find the element '  ' seccessful by id via value:  account-img-code 
2021-06-28 21:46:45,501 - BasePage - INFO - Had type ' 135 ' in inputBox
2021-06-28 21:46:45,516 - BasePage - INFO - Had find the element ' µÇÂ¼ ' seccessful by id via value:  login-btn 
2021-06-28 21:46:45,521 - BasePage - INFO - The element ' µÇÂ¼ ' was clicked.
2021-06-28 21:46:45,545 - BasePage - INFO - Current page title is µÇÂ¼
2021-06-28 21:46:50,549 - BasePage - INFO - Sleep for 5 seconds
2021-06-28 21:46:50,559 - BasePage - INFO - Had find the element '  ' seccessful by id via value:  imgCode 
2021-06-28 21:46:51,222 - BasePage - INFO - Had find the element '  ' seccessful by id via value:  imgCode 
2021-06-28 21:46:51,735 - BasePage - INFO - Had find the element '  ' seccessful by id via value:  account-img-code 
2021-06-28 21:46:51,771 - BasePage - INFO - Had type ' 7279 ' in inputBox
2021-06-28 21:46:51,778 - BasePage - INFO - Had find the element ' µÇÂ¼ ' seccessful by id via value:  login-btn 
2021-06-28 21:46:51,783 - BasePage - INFO - The element ' µÇÂ¼ ' was clicked.
2021-06-28 21:46:51,800 - BasePage - INFO - Current page title is µÇÂ¼
2021-06-28 21:46:56,803 - BasePage - INFO - Sleep for 5 seconds
2021-06-28 21:46:56,812 - BasePage - INFO - Had find the element '  ' seccessful by id via value:  imgCode 
2021-06-28 21:46:57,192 - BasePage - INFO - Had find the element '  ' seccessful by id via value:  imgCode 
2021-06-28 21:46:57,530 - BasePage - INFO - Had find the element '  ' seccessful by id via value:  account-img-code 
2021-06-28 21:46:57,567 - BasePage - INFO - Had type ' 0025 ' in inputBox
2021-06-28 21:46:57,574 - BasePage - INFO - Had find the element ' µÇÂ¼ ' seccessful by id via value:  login-btn 
2021-06-28 21:46:57,579 - BasePage - INFO - The element ' µÇÂ¼ ' was clicked.
2021-06-28 21:46:57,598 - BasePage - INFO - Current page title is µÇÂ¼
2021-06-28 21:47:02,601 - BasePage - INFO - Sleep for 5 seconds
2021-06-28 21:47:02,609 - BasePage - INFO - Had find the element '  ' seccessful by id via value:  imgCode 
2021-06-28 21:47:03,015 - BasePage - INFO - Had find the element '  ' seccessful by id via value:  imgCode 
2021-06-28 21:47:03,736 - BasePage - INFO - Had find the element '  ' seccessful by id via value:  account-img-code 
2021-06-28 21:47:03,767 - BasePage - INFO - Had type ' 9322 ' in inputBox
2021-06-28 21:47:03,775 - BasePage - INFO - Had find the element ' µÇÂ¼ ' seccessful by id via value:  login-btn 
2021-06-28 21:47:03,779 - BasePage - INFO - The element ' µÇÂ¼ ' was clicked.
2021-06-28 21:47:03,796 - BasePage - INFO - Current page title is µÇÂ¼
