2021-06-27 17:28:04,391 - BrowserEngine - INFO - You had select Chrome browser.
2021-06-27 17:28:04,391 - BrowserEngine - INFO - The test server url is: https://bjjj.zhongchebaolian.com/cgsadm
2021-06-27 17:28:05,463 - BrowserEngine - INFO - Starting Chrome browser
2021-06-27 17:28:07,188 - BrowserEngine - INFO - Open url: https://bjjj.zhongchebaolian.com/cgsadm 
2021-06-27 17:28:07,538 - BrowserEngine - INFO - Maximize the current window. 
2021-06-27 17:28:07,557 - BasePage - INFO - Had find the element '  ' seccessful by id via value:  username 
2021-06-27 17:28:07,630 - BasePage - INFO - Had type ' 17600352198 ' in inputBox
2021-06-27 17:28:07,645 - BasePage - INFO - Had find the element '  ' seccessful by id via value:  password 
2021-06-27 17:28:07,718 - BasePage - INFO - Had type ' a12345678 ' in inputBox
2021-06-27 17:28:07,720 - BasePage - INFO - Current page title is 登录
2021-06-27 17:28:12,722 - BasePage - INFO - Sleep for 5 seconds
2021-06-27 17:28:12,737 - BasePage - INFO - Had find the element ' 登录 ' seccessful by id via value:  login-btn 
2021-06-27 17:28:12,742 - BasePage - INFO - The element ' 登录 ' was clicked.
2021-06-27 17:28:12,772 - BasePage - INFO - Current page title is 登录
2021-06-27 17:28:17,776 - BasePage - INFO - Sleep for 5 seconds
2021-06-27 17:28:17,784 - BasePage - ERROR - NoSuchElementException: Message: no such element: Unable to locate element: {"method":"css selector","selector":"[id="login-btn"]"}
  (Session info: chrome=91.0.4472.114)

2021-06-27 17:28:17,935 - BasePage - INFO - Had take screenshot and save to folder : /screenshots
2021-06-27 17:28:17,939 - BasePage - INFO - Current page title is 首页 - 车管所管理系统
2021-06-27 17:28:53,013 - BrowserEngine - INFO - You had select Chrome browser.
2021-06-27 17:28:53,013 - BrowserEngine - INFO - The test server url is: https://bjjj.zhongchebaolian.com/cgsadm
2021-06-27 17:28:54,088 - BrowserEngine - INFO - Starting Chrome browser
2021-06-27 17:28:56,078 - BrowserEngine - INFO - Open url: https://bjjj.zhongchebaolian.com/cgsadm 
2021-06-27 17:28:56,412 - BrowserEngine - INFO - Maximize the current window. 
2021-06-27 17:28:56,429 - BasePage - INFO - Had find the element '  ' seccessful by id via value:  username 
2021-06-27 17:28:56,490 - BasePage - INFO - Had type ' 17600352198 ' in inputBox
2021-06-27 17:28:56,505 - BasePage - INFO - Had find the element '  ' seccessful by id via value:  password 
2021-06-27 17:28:56,581 - BasePage - INFO - Had type ' a12345678 ' in inputBox
2021-06-27 17:28:56,583 - BasePage - INFO - Current page title is 登录
