2021-06-27 05:48:03,408 - BrowserEngine - INFO - You had select Chrome browser.
2021-06-27 05:48:03,409 - BrowserEngine - INFO - The test server url is: https://bjjj.zhongchebaolian.com/cgsadm
2021-06-27 05:48:04,483 - BrowserEngine - INFO - Starting Chrome browser
2021-06-27 05:48:07,056 - BrowserEngine - INFO - Open url: https://bjjj.zhongchebaolian.com/cgsadm 
2021-06-27 05:48:07,359 - BrowserEngine - INFO - Maximize the current window. 
2021-06-27 05:48:07,377 - BasePage - INFO - Had find the element '  ' seccessful by id via value:  username 
2021-06-27 05:48:07,428 - BasePage - INFO - Had type ' 17600352198 ' in inputBox
2021-06-27 05:48:07,443 - BasePage - INFO - Had find the element '  ' seccessful by id via value:  password 
2021-06-27 05:48:07,489 - BasePage - INFO - Had type ' a12345678 ' in inputBox
2021-06-27 05:48:07,504 - BasePage - INFO - Had find the element '  ' seccessful by id via value:  account-img-code 
2021-06-27 05:48:07,548 - BasePage - INFO - Had type ' 1234 ' in inputBox
2021-06-27 05:48:07,564 - BasePage - INFO - Had find the element ' µÇÂ¼ ' seccessful by id via value:  login-btn 
2021-06-27 05:48:07,569 - BasePage - INFO - The element ' µÇÂ¼ ' was clicked.
2021-06-27 05:48:07,598 - BasePage - INFO - Current page title is µÇÂ¼
2021-06-27 05:48:07,602 - BasePage - INFO - Current page title is µÇÂ¼
2021-06-27 05:48:07,606 - BasePage - INFO - Current page title is µÇÂ¼
2021-06-27 05:48:07,611 - BasePage - INFO - Current page title is µÇÂ¼
2021-06-27 05:48:07,615 - BasePage - INFO - Current page title is µÇÂ¼
2021-06-27 05:48:07,619 - BasePage - INFO - Current page title is µÇÂ¼
2021-06-27 05:48:07,623 - BasePage - INFO - Current page title is µÇÂ¼
2021-06-27 05:48:07,626 - BasePage - INFO - Current page title is µÇÂ¼
2021-06-27 05:48:07,630 - BasePage - INFO - Current page title is µÇÂ¼
2021-06-27 05:48:07,633 - BasePage - INFO - Current page title is µÇÂ¼
2021-06-27 05:48:07,636 - BasePage - INFO - Current page title is µÇÂ¼
2021-06-27 05:48:07,640 - BasePage - INFO - Current page title is µÇÂ¼
2021-06-27 05:48:07,643 - BasePage - INFO - Current page title is µÇÂ¼
2021-06-27 05:48:07,647 - BasePage - INFO - Current page title is µÇÂ¼
2021-06-27 05:48:07,650 - BasePage - INFO - Current page title is µÇÂ¼
2021-06-27 05:48:07,654 - BasePage - INFO - Current page title is µÇÂ¼
2021-06-27 05:48:07,657 - BasePage - INFO - Current page title is µÇÂ¼
2021-06-27 05:48:07,660 - BasePage - INFO - Current page title is µÇÂ¼
2021-06-27 05:48:07,664 - BasePage - INFO - Current page title is µÇÂ¼
2021-06-27 05:48:07,666 - BasePage - INFO - Current page title is µÇÂ¼
2021-06-27 05:48:07,669 - BasePage - INFO - Current page title is µÇÂ¼
2021-06-27 05:48:07,672 - BasePage - INFO - Current page title is µÇÂ¼
2021-06-27 05:48:07,676 - BasePage - INFO - Current page title is µÇÂ¼
2021-06-27 05:48:07,680 - BasePage - INFO - Current page title is µÇÂ¼
2021-06-27 05:48:07,684 - BasePage - INFO - Current page title is µÇÂ¼
2021-06-27 05:48:07,688 - BasePage - INFO - Current page title is µÇÂ¼
2021-06-27 05:48:07,692 - BasePage - INFO - Current page title is µÇÂ¼
2021-06-27 05:48:07,698 - BasePage - INFO - Current page title is µÇÂ¼
2021-06-27 05:48:07,702 - BasePage - INFO - Current page title is µÇÂ¼
2021-06-27 05:48:07,706 - BasePage - INFO - Current page title is µÇÂ¼
2021-06-27 05:48:07,710 - BasePage - INFO - Current page title is µÇÂ¼
2021-06-27 05:48:07,714 - BasePage - INFO - Current page title is µÇÂ¼
2021-06-27 05:48:07,718 - BasePage - INFO - Current page title is µÇÂ¼
2021-06-27 05:48:07,722 - BasePage - INFO - Current page title is µÇÂ¼
2021-06-27 05:48:07,726 - BasePage - INFO - Current page title is µÇÂ¼
2021-06-27 05:48:07,730 - BasePage - INFO - Current page title is µÇÂ¼
2021-06-27 05:48:07,734 - BasePage - INFO - Current page title is µÇÂ¼
2021-06-27 05:48:07,739 - BasePage - INFO - Current page title is µÇÂ¼
2021-06-27 05:48:07,742 - BasePage - INFO - Current page title is µÇÂ¼
2021-06-27 05:48:07,746 - BasePage - INFO - Current page title is µÇÂ¼
2021-06-27 05:48:07,750 - BasePage - INFO - Current page title is µÇÂ¼
2021-06-27 05:48:07,754 - BasePage - INFO - Current page title is µÇÂ¼
2021-06-27 05:48:07,758 - BasePage - INFO - Current page title is µÇÂ¼
2021-06-27 05:48:07,763 - BasePage - INFO - Current page title is µÇÂ¼
2021-06-27 05:48:07,766 - BasePage - INFO - Current page title is µÇÂ¼
2021-06-27 05:48:07,769 - BasePage - INFO - Current page title is µÇÂ¼
2021-06-27 05:48:07,773 - BasePage - INFO - Current page title is µÇÂ¼
2021-06-27 05:48:07,778 - BasePage - INFO - Current page title is µÇÂ¼
2021-06-27 05:48:07,781 - BasePage - INFO - Current page title is µÇÂ¼
2021-06-27 05:48:07,785 - BasePage - INFO - Current page title is µÇÂ¼
2021-06-27 05:48:07,789 - BasePage - INFO - Current page title is µÇÂ¼
2021-06-27 05:48:07,793 - BasePage - INFO - Current page title is µÇÂ¼
2021-06-27 05:48:07,796 - BasePage - INFO - Current page title is µÇÂ¼
2021-06-27 05:48:07,799 - BasePage - INFO - Current page title is µÇÂ¼
2021-06-27 05:48:07,803 - BasePage - INFO - Current page title is µÇÂ¼
2021-06-27 05:48:07,806 - BasePage - INFO - Current page title is µÇÂ¼
2021-06-27 05:48:07,810 - BasePage - INFO - Current page title is µÇÂ¼
2021-06-27 05:48:07,813 - BasePage - INFO - Current page title is µÇÂ¼
2021-06-27 05:48:07,816 - BasePage - INFO - Current page title is µÇÂ¼
2021-06-27 05:48:07,820 - BasePage - INFO - Current page title is µÇÂ¼
2021-06-27 05:48:07,823 - BasePage - INFO - Current page title is µÇÂ¼
2021-06-27 05:48:07,827 - BasePage - INFO - Current page title is µÇÂ¼
2021-06-27 05:48:07,830 - BasePage - INFO - Current page title is µÇÂ¼
2021-06-27 05:48:07,834 - BasePage - INFO - Current page title is µÇÂ¼
2021-06-27 05:48:07,837 - BasePage - INFO - Current page title is µÇÂ¼
2021-06-27 05:48:07,841 - BasePage - INFO - Current page title is µÇÂ¼
2021-06-27 05:48:07,844 - BasePage - INFO - Current page title is µÇÂ¼
2021-06-27 05:48:07,848 - BasePage - INFO - Current page title is µÇÂ¼
2021-06-27 05:48:07,852 - BasePage - INFO - Current page title is µÇÂ¼
2021-06-27 05:48:07,855 - BasePage - INFO - Current page title is µÇÂ¼
2021-06-27 05:48:07,859 - BasePage - INFO - Current page title is µÇÂ¼
2021-06-27 05:48:07,863 - BasePage - INFO - Current page title is µÇÂ¼
2021-06-27 05:48:07,867 - BasePage - INFO - Current page title is µÇÂ¼
2021-06-27 05:48:07,870 - BasePage - INFO - Current page title is µÇÂ¼
2021-06-27 05:48:07,874 - BasePage - INFO - Current page title is µÇÂ¼
2021-06-27 05:48:07,878 - BasePage - INFO - Current page title is µÇÂ¼
2021-06-27 05:48:07,882 - BasePage - INFO - Current page title is µÇÂ¼
2021-06-27 05:48:07,886 - BasePage - INFO - Current page title is µÇÂ¼
2021-06-27 05:48:07,889 - BasePage - INFO - Current page title is µÇÂ¼
2021-06-27 05:48:07,893 - BasePage - INFO - Current page title is µÇÂ¼
2021-06-27 05:48:07,897 - BasePage - INFO - Current page title is µÇÂ¼
2021-06-27 05:48:07,901 - BasePage - INFO - Current page title is µÇÂ¼
2021-06-27 05:48:07,905 - BasePage - INFO - Current page title is µÇÂ¼
2021-06-27 05:48:07,909 - BasePage - INFO - Current page title is µÇÂ¼
2021-06-27 05:48:07,912 - BasePage - INFO - Current page title is µÇÂ¼
2021-06-27 05:48:07,915 - BasePage - INFO - Current page title is µÇÂ¼
2021-06-27 05:48:07,919 - BasePage - INFO - Current page title is µÇÂ¼
2021-06-27 05:48:07,923 - BasePage - INFO - Current page title is µÇÂ¼
2021-06-27 05:48:07,926 - BasePage - INFO - Current page title is µÇÂ¼
2021-06-27 05:48:07,930 - BasePage - INFO - Current page title is µÇÂ¼
2021-06-27 05:48:07,933 - BasePage - INFO - Current page title is µÇÂ¼
2021-06-27 05:48:07,936 - BasePage - INFO - Current page title is µÇÂ¼
2021-06-27 05:48:07,939 - BasePage - INFO - Current page title is µÇÂ¼
2021-06-27 05:48:07,943 - BasePage - INFO - Current page title is µÇÂ¼
2021-06-27 05:48:07,946 - BasePage - INFO - Current page title is µÇÂ¼
2021-06-27 05:48:07,949 - BasePage - INFO - Current page title is µÇÂ¼
2021-06-27 05:48:07,952 - BasePage - INFO - Current page title is µÇÂ¼
2021-06-27 05:48:07,956 - BasePage - INFO - Current page title is µÇÂ¼
2021-06-27 05:48:07,959 - BasePage - INFO - Current page title is µÇÂ¼
2021-06-27 05:48:07,964 - BasePage - INFO - Current page title is µÇÂ¼
2021-06-27 05:48:07,967 - BasePage - INFO - Current page title is µÇÂ¼
2021-06-27 05:48:07,970 - BasePage - INFO - Current page title is µÇÂ¼
2021-06-27 05:48:07,974 - BasePage - INFO - Current page title is µÇÂ¼
2021-06-27 05:48:07,977 - BasePage - INFO - Current page title is µÇÂ¼
2021-06-27 05:48:07,981 - BasePage - INFO - Current page title is µÇÂ¼
2021-06-27 05:48:07,984 - BasePage - INFO - Current page title is µÇÂ¼
2021-06-27 05:48:07,987 - BasePage - INFO - Current page title is µÇÂ¼
2021-06-27 05:48:07,990 - BasePage - INFO - Current page title is µÇÂ¼
2021-06-27 05:48:07,994 - BasePage - INFO - Current page title is µÇÂ¼
2021-06-27 05:48:07,997 - BasePage - INFO - Current page title is µÇÂ¼
2021-06-27 05:48:08,000 - BasePage - INFO - Current page title is µÇÂ¼
2021-06-27 05:48:08,003 - BasePage - INFO - Current page title is µÇÂ¼
2021-06-27 05:48:08,006 - BasePage - INFO - Current page title is µÇÂ¼
2021-06-27 05:48:08,009 - BasePage - INFO - Current page title is µÇÂ¼
2021-06-27 05:48:08,013 - BasePage - INFO - Current page title is µÇÂ¼
2021-06-27 05:48:08,016 - BasePage - INFO - Current page title is µÇÂ¼
2021-06-27 05:48:08,019 - BasePage - INFO - Current page title is µÇÂ¼
2021-06-27 05:48:08,022 - BasePage - INFO - Current page title is µÇÂ¼
2021-06-27 05:48:08,026 - BasePage - INFO - Current page title is µÇÂ¼
2021-06-27 05:48:08,029 - BasePage - INFO - Current page title is µÇÂ¼
2021-06-27 05:48:08,032 - BasePage - INFO - Current page title is µÇÂ¼
2021-06-27 05:48:08,036 - BasePage - INFO - Current page title is µÇÂ¼
2021-06-27 05:48:08,039 - BasePage - INFO - Current page title is µÇÂ¼
2021-06-27 05:48:08,042 - BasePage - INFO - Current page title is µÇÂ¼
2021-06-27 05:48:08,046 - BasePage - INFO - Current page title is µÇÂ¼
2021-06-27 05:48:08,049 - BasePage - INFO - Current page title is µÇÂ¼
2021-06-27 05:48:08,052 - BasePage - INFO - Current page title is µÇÂ¼
2021-06-27 05:48:08,055 - BasePage - INFO - Current page title is µÇÂ¼
2021-06-27 05:48:08,058 - BasePage - INFO - Current page title is µÇÂ¼
2021-06-27 05:48:08,061 - BasePage - INFO - Current page title is µÇÂ¼
2021-06-27 05:48:08,065 - BasePage - INFO - Current page title is µÇÂ¼
2021-06-27 05:48:08,068 - BasePage - INFO - Current page title is µÇÂ¼
2021-06-27 05:48:08,071 - BasePage - INFO - Current page title is µÇÂ¼
2021-06-27 05:48:08,074 - BasePage - INFO - Current page title is µÇÂ¼
2021-06-27 05:48:08,078 - BasePage - INFO - Current page title is µÇÂ¼
2021-06-27 05:48:08,081 - BasePage - INFO - Current page title is µÇÂ¼
2021-06-27 05:48:08,084 - BasePage - INFO - Current page title is µÇÂ¼
2021-06-27 05:48:08,088 - BasePage - INFO - Current page title is µÇÂ¼
2021-06-27 05:48:08,091 - BasePage - INFO - Current page title is µÇÂ¼
2021-06-27 05:48:08,094 - BasePage - INFO - Current page title is µÇÂ¼
2021-06-27 05:48:08,097 - BasePage - INFO - Current page title is µÇÂ¼
2021-06-27 05:48:08,101 - BasePage - INFO - Current page title is µÇÂ¼
2021-06-27 05:48:08,104 - BasePage - INFO - Current page title is µÇÂ¼
2021-06-27 05:48:08,107 - BasePage - INFO - Current page title is µÇÂ¼
2021-06-27 05:48:08,110 - BasePage - INFO - Current page title is µÇÂ¼
2021-06-27 05:48:08,114 - BasePage - INFO - Current page title is µÇÂ¼
2021-06-27 05:48:08,117 - BasePage - INFO - Current page title is µÇÂ¼
2021-06-27 05:48:08,120 - BasePage - INFO - Current page title is µÇÂ¼
2021-06-27 05:48:08,123 - BasePage - INFO - Current page title is µÇÂ¼
2021-06-27 05:48:08,126 - BasePage - INFO - Current page title is µÇÂ¼
2021-06-27 05:48:08,130 - BasePage - INFO - Current page title is µÇÂ¼
2021-06-27 05:48:08,133 - BasePage - INFO - Current page title is µÇÂ¼
2021-06-27 05:48:08,136 - BasePage - INFO - Current page title is µÇÂ¼
2021-06-27 05:48:08,140 - BasePage - INFO - Current page title is µÇÂ¼
2021-06-27 05:48:08,143 - BasePage - INFO - Current page title is µÇÂ¼
2021-06-27 05:48:08,146 - BasePage - INFO - Current page title is µÇÂ¼
2021-06-27 05:48:08,149 - BasePage - INFO - Current page title is µÇÂ¼
2021-06-27 05:48:08,153 - BasePage - INFO - Current page title is µÇÂ¼
2021-06-27 05:48:08,156 - BasePage - INFO - Current page title is µÇÂ¼
2021-06-27 05:48:08,159 - BasePage - INFO - Current page title is µÇÂ¼
2021-06-27 05:48:08,162 - BasePage - INFO - Current page title is µÇÂ¼
2021-06-27 05:48:08,166 - BasePage - INFO - Current page title is µÇÂ¼
2021-06-27 05:48:08,169 - BasePage - INFO - Current page title is µÇÂ¼
2021-06-27 05:48:08,173 - BasePage - INFO - Current page title is µÇÂ¼
2021-06-27 05:48:08,176 - BasePage - INFO - Current page title is µÇÂ¼
2021-06-27 05:48:08,179 - BasePage - INFO - Current page title is µÇÂ¼
2021-06-27 05:48:08,182 - BasePage - INFO - Current page title is µÇÂ¼
2021-06-27 05:48:08,185 - BasePage - INFO - Current page title is µÇÂ¼
2021-06-27 05:48:08,188 - BasePage - INFO - Current page title is µÇÂ¼
2021-06-27 05:48:08,192 - BasePage - INFO - Current page title is µÇÂ¼
2021-06-27 05:48:08,195 - BasePage - INFO - Current page title is µÇÂ¼
2021-06-27 05:48:08,198 - BasePage - INFO - Current page title is µÇÂ¼
2021-06-27 05:48:08,201 - BasePage - INFO - Current page title is µÇÂ¼
2021-06-27 05:48:08,204 - BasePage - INFO - Current page title is µÇÂ¼
2021-06-27 05:48:08,207 - BasePage - INFO - Current page title is µÇÂ¼
2021-06-27 05:48:08,210 - BasePage - INFO - Current page title is µÇÂ¼
2021-06-27 05:48:08,214 - BasePage - INFO - Current page title is µÇÂ¼
2021-06-27 05:48:08,217 - BasePage - INFO - Current page title is µÇÂ¼
2021-06-27 05:48:08,220 - BasePage - INFO - Current page title is µÇÂ¼
2021-06-27 05:48:08,223 - BasePage - INFO - Current page title is µÇÂ¼
2021-06-27 05:48:08,227 - BasePage - INFO - Current page title is µÇÂ¼
2021-06-27 05:48:08,231 - BasePage - INFO - Current page title is µÇÂ¼
2021-06-27 05:48:08,234 - BasePage - INFO - Current page title is µÇÂ¼
2021-06-27 05:48:08,237 - BasePage - INFO - Current page title is µÇÂ¼
2021-06-27 05:48:08,241 - BasePage - INFO - Current page title is µÇÂ¼
2021-06-27 05:48:08,244 - BasePage - INFO - Current page title is µÇÂ¼
2021-06-27 05:48:08,248 - BasePage - INFO - Current page title is µÇÂ¼
2021-06-27 05:48:08,251 - BasePage - INFO - Current page title is µÇÂ¼
2021-06-27 05:48:08,254 - BasePage - INFO - Current page title is µÇÂ¼
2021-06-27 05:48:08,258 - BasePage - INFO - Current page title is µÇÂ¼
2021-06-27 05:48:08,262 - BasePage - INFO - Current page title is µÇÂ¼
2021-06-27 05:48:08,266 - BasePage - INFO - Current page title is µÇÂ¼
2021-06-27 05:48:08,269 - BasePage - INFO - Current page title is µÇÂ¼
2021-06-27 05:48:08,272 - BasePage - INFO - Current page title is µÇÂ¼
2021-06-27 05:48:08,276 - BasePage - INFO - Current page title is µÇÂ¼
2021-06-27 05:48:08,280 - BasePage - INFO - Current page title is µÇÂ¼
2021-06-27 05:48:08,283 - BasePage - INFO - Current page title is µÇÂ¼
2021-06-27 05:48:08,287 - BasePage - INFO - Current page title is µÇÂ¼
2021-06-27 05:48:08,290 - BasePage - INFO - Current page title is µÇÂ¼
2021-06-27 05:48:08,294 - BasePage - INFO - Current page title is µÇÂ¼
2021-06-27 05:48:08,298 - BasePage - INFO - Current page title is µÇÂ¼
2021-06-27 05:48:08,301 - BasePage - INFO - Current page title is µÇÂ¼
2021-06-27 05:48:08,305 - BasePage - INFO - Current page title is µÇÂ¼
2021-06-27 05:48:08,309 - BasePage - INFO - Current page title is µÇÂ¼
2021-06-27 05:48:08,313 - BasePage - INFO - Current page title is µÇÂ¼
2021-06-27 05:48:08,317 - BasePage - INFO - Current page title is µÇÂ¼
2021-06-27 05:48:08,321 - BasePage - INFO - Current page title is µÇÂ¼
2021-06-27 05:48:08,324 - BasePage - INFO - Current page title is µÇÂ¼
2021-06-27 05:48:08,328 - BasePage - INFO - Current page title is µÇÂ¼
2021-06-27 05:48:08,332 - BasePage - INFO - Current page title is µÇÂ¼
2021-06-27 05:48:08,336 - BasePage - INFO - Current page title is µÇÂ¼
2021-06-27 05:48:08,339 - BasePage - INFO - Current page title is µÇÂ¼
2021-06-27 05:48:08,343 - BasePage - INFO - Current page title is µÇÂ¼
2021-06-27 05:48:08,347 - BasePage - INFO - Current page title is µÇÂ¼
2021-06-27 05:48:08,351 - BasePage - INFO - Current page title is µÇÂ¼
2021-06-27 05:48:08,355 - BasePage - INFO - Current page title is µÇÂ¼
2021-06-27 05:48:08,359 - BasePage - INFO - Current page title is µÇÂ¼
2021-06-27 05:48:08,363 - BasePage - INFO - Current page title is µÇÂ¼
2021-06-27 05:48:08,367 - BasePage - INFO - Current page title is µÇÂ¼
2021-06-27 05:48:08,370 - BasePage - INFO - Current page title is µÇÂ¼
2021-06-27 05:48:08,374 - BasePage - INFO - Current page title is µÇÂ¼
2021-06-27 05:48:08,378 - BasePage - INFO - Current page title is µÇÂ¼
2021-06-27 05:48:08,382 - BasePage - INFO - Current page title is µÇÂ¼
2021-06-27 05:48:08,386 - BasePage - INFO - Current page title is µÇÂ¼
2021-06-27 05:48:08,390 - BasePage - INFO - Current page title is µÇÂ¼
2021-06-27 05:48:08,393 - BasePage - INFO - Current page title is µÇÂ¼
2021-06-27 05:48:08,397 - BasePage - INFO - Current page title is µÇÂ¼
2021-06-27 05:48:08,402 - BasePage - INFO - Current page title is µÇÂ¼
2021-06-27 05:48:08,405 - BasePage - INFO - Current page title is µÇÂ¼
2021-06-27 05:48:08,410 - BasePage - INFO - Current page title is µÇÂ¼
2021-06-27 05:48:08,415 - BasePage - INFO - Current page title is µÇÂ¼
2021-06-27 05:48:08,421 - BasePage - INFO - Current page title is µÇÂ¼
2021-06-27 05:48:08,427 - BasePage - INFO - Current page title is µÇÂ¼
2021-06-27 05:48:08,432 - BasePage - INFO - Current page title is µÇÂ¼
2021-06-27 05:48:08,436 - BasePage - INFO - Current page title is µÇÂ¼
2021-06-27 05:48:08,440 - BasePage - INFO - Current page title is µÇÂ¼
2021-06-27 05:48:08,444 - BasePage - INFO - Current page title is µÇÂ¼
2021-06-27 05:48:08,448 - BasePage - INFO - Current page title is µÇÂ¼
2021-06-27 05:48:08,452 - BasePage - INFO - Current page title is µÇÂ¼
2021-06-27 05:48:08,458 - BasePage - INFO - Current page title is µÇÂ¼
2021-06-27 05:48:08,463 - BasePage - INFO - Current page title is µÇÂ¼
2021-06-27 05:48:08,467 - BasePage - INFO - Current page title is µÇÂ¼
2021-06-27 05:48:08,470 - BasePage - INFO - Current page title is µÇÂ¼
2021-06-27 05:48:08,474 - BasePage - INFO - Current page title is µÇÂ¼
2021-06-27 05:48:08,478 - BasePage - INFO - Current page title is µÇÂ¼
2021-06-27 05:48:08,481 - BasePage - INFO - Current page title is µÇÂ¼
2021-06-27 05:48:08,485 - BasePage - INFO - Current page title is µÇÂ¼
2021-06-27 05:48:08,489 - BasePage - INFO - Current page title is µÇÂ¼
2021-06-27 05:48:08,492 - BasePage - INFO - Current page title is µÇÂ¼
2021-06-27 05:48:08,496 - BasePage - INFO - Current page title is µÇÂ¼
2021-06-27 05:48:08,499 - BasePage - INFO - Current page title is µÇÂ¼
2021-06-27 05:48:08,503 - BasePage - INFO - Current page title is µÇÂ¼
2021-06-27 05:48:08,507 - BasePage - INFO - Current page title is µÇÂ¼
2021-06-27 05:48:08,510 - BasePage - INFO - Current page title is µÇÂ¼
2021-06-27 05:48:08,514 - BasePage - INFO - Current page title is µÇÂ¼
2021-06-27 05:48:08,518 - BasePage - INFO - Current page title is µÇÂ¼
2021-06-27 05:48:08,522 - BasePage - INFO - Current page title is µÇÂ¼
2021-06-27 05:48:08,526 - BasePage - INFO - Current page title is µÇÂ¼
2021-06-27 05:48:08,529 - BasePage - INFO - Current page title is µÇÂ¼
2021-06-27 05:48:08,533 - BasePage - INFO - Current page title is µÇÂ¼
2021-06-27 05:48:08,536 - BasePage - INFO - Current page title is µÇÂ¼
2021-06-27 05:48:08,540 - BasePage - INFO - Current page title is µÇÂ¼
2021-06-27 05:48:08,544 - BasePage - INFO - Current page title is µÇÂ¼
2021-06-27 05:48:08,548 - BasePage - INFO - Current page title is µÇÂ¼
2021-06-27 05:48:08,551 - BasePage - INFO - Current page title is µÇÂ¼
2021-06-27 05:48:08,555 - BasePage - INFO - Current page title is µÇÂ¼
2021-06-27 05:48:08,558 - BasePage - INFO - Current page title is µÇÂ¼
2021-06-27 05:48:08,562 - BasePage - INFO - Current page title is µÇÂ¼
2021-06-27 05:48:08,566 - BasePage - INFO - Current page title is µÇÂ¼
2021-06-27 05:48:08,569 - BasePage - INFO - Current page title is µÇÂ¼
2021-06-27 05:48:08,573 - BasePage - INFO - Current page title is µÇÂ¼
2021-06-27 05:48:08,576 - BasePage - INFO - Current page title is µÇÂ¼
2021-06-27 05:48:08,580 - BasePage - INFO - Current page title is µÇÂ¼
2021-06-27 05:48:08,583 - BasePage - INFO - Current page title is µÇÂ¼
2021-06-27 05:48:08,586 - BasePage - INFO - Current page title is µÇÂ¼
2021-06-27 05:48:08,590 - BasePage - INFO - Current page title is µÇÂ¼
2021-06-27 05:48:08,593 - BasePage - INFO - Current page title is µÇÂ¼
2021-06-27 05:48:08,597 - BasePage - INFO - Current page title is µÇÂ¼
2021-06-27 05:48:08,600 - BasePage - INFO - Current page title is µÇÂ¼
2021-06-27 05:48:08,604 - BasePage - INFO - Current page title is µÇÂ¼
2021-06-27 05:48:08,608 - BasePage - INFO - Current page title is µÇÂ¼
2021-06-27 05:48:08,611 - BasePage - INFO - Current page title is µÇÂ¼
2021-06-27 05:48:08,615 - BasePage - INFO - Current page title is µÇÂ¼
2021-06-27 05:48:08,619 - BasePage - INFO - Current page title is µÇÂ¼
2021-06-27 05:48:08,623 - BasePage - INFO - Current page title is µÇÂ¼
2021-06-27 05:48:08,625 - BasePage - INFO - Current page title is µÇÂ¼
2021-06-27 05:48:08,629 - BasePage - INFO - Current page title is µÇÂ¼
2021-06-27 05:48:08,632 - BasePage - INFO - Current page title is µÇÂ¼
2021-06-27 05:48:08,636 - BasePage - INFO - Current page title is µÇÂ¼
2021-06-27 05:48:08,639 - BasePage - INFO - Current page title is µÇÂ¼
2021-06-27 05:48:08,642 - BasePage - INFO - Current page title is µÇÂ¼
2021-06-27 05:48:08,645 - BasePage - INFO - Current page title is µÇÂ¼
2021-06-27 05:48:08,649 - BasePage - INFO - Current page title is µÇÂ¼
2021-06-27 05:48:08,652 - BasePage - INFO - Current page title is µÇÂ¼
2021-06-27 05:48:08,655 - BasePage - INFO - Current page title is µÇÂ¼
2021-06-27 05:48:08,659 - BasePage - INFO - Current page title is µÇÂ¼
2021-06-27 05:48:08,662 - BasePage - INFO - Current page title is µÇÂ¼
2021-06-27 05:48:08,665 - BasePage - INFO - Current page title is µÇÂ¼
2021-06-27 05:48:08,669 - BasePage - INFO - Current page title is µÇÂ¼
2021-06-27 05:48:08,672 - BasePage - INFO - Current page title is µÇÂ¼
2021-06-27 05:48:08,675 - BasePage - INFO - Current page title is µÇÂ¼
2021-06-27 05:48:08,679 - BasePage - INFO - Current page title is µÇÂ¼
2021-06-27 05:48:08,682 - BasePage - INFO - Current page title is µÇÂ¼
2021-06-27 05:48:08,686 - BasePage - INFO - Current page title is µÇÂ¼
2021-06-27 05:48:08,689 - BasePage - INFO - Current page title is µÇÂ¼
2021-06-27 05:48:08,693 - BasePage - INFO - Current page title is µÇÂ¼
2021-06-27 05:48:08,696 - BasePage - INFO - Current page title is µÇÂ¼
2021-06-27 05:48:08,700 - BasePage - INFO - Current page title is µÇÂ¼
2021-06-27 05:48:08,703 - BasePage - INFO - Current page title is µÇÂ¼
2021-06-27 05:48:08,706 - BasePage - INFO - Current page title is µÇÂ¼
2021-06-27 05:48:08,710 - BasePage - INFO - Current page title is µÇÂ¼
2021-06-27 05:48:08,714 - BasePage - INFO - Current page title is µÇÂ¼
2021-06-27 05:48:08,717 - BasePage - INFO - Current page title is µÇÂ¼
2021-06-27 05:48:08,721 - BasePage - INFO - Current page title is µÇÂ¼
2021-06-27 05:48:08,724 - BasePage - INFO - Current page title is µÇÂ¼
2021-06-27 05:48:08,727 - BasePage - INFO - Current page title is µÇÂ¼
2021-06-27 05:48:08,731 - BasePage - INFO - Current page title is µÇÂ¼
2021-06-27 05:48:08,734 - BasePage - INFO - Current page title is µÇÂ¼
2021-06-27 05:48:08,737 - BasePage - INFO - Current page title is µÇÂ¼
2021-06-27 05:48:08,740 - BasePage - INFO - Current page title is µÇÂ¼
2021-06-27 05:48:08,744 - BasePage - INFO - Current page title is µÇÂ¼
2021-06-27 05:48:08,747 - BasePage - INFO - Current page title is µÇÂ¼
2021-06-27 05:48:08,751 - BasePage - INFO - Current page title is µÇÂ¼
2021-06-27 05:48:08,755 - BasePage - INFO - Current page title is µÇÂ¼
2021-06-27 05:48:08,758 - BasePage - INFO - Current page title is µÇÂ¼
2021-06-27 05:48:08,762 - BasePage - INFO - Current page title is µÇÂ¼
2021-06-27 05:48:08,765 - BasePage - INFO - Current page title is µÇÂ¼
2021-06-27 05:48:08,768 - BasePage - INFO - Current page title is µÇÂ¼
2021-06-27 05:48:08,772 - BasePage - INFO - Current page title is µÇÂ¼
2021-06-27 05:48:08,775 - BasePage - INFO - Current page title is µÇÂ¼
2021-06-27 05:48:08,779 - BasePage - INFO - Current page title is µÇÂ¼
2021-06-27 05:48:08,782 - BasePage - INFO - Current page title is µÇÂ¼
2021-06-27 05:48:08,786 - BasePage - INFO - Current page title is µÇÂ¼
2021-06-27 05:48:08,789 - BasePage - INFO - Current page title is µÇÂ¼
2021-06-27 05:48:08,792 - BasePage - INFO - Current page title is µÇÂ¼
2021-06-27 05:48:08,796 - BasePage - INFO - Current page title is µÇÂ¼
2021-06-27 05:48:08,800 - BasePage - INFO - Current page title is µÇÂ¼
2021-06-27 05:48:08,803 - BasePage - INFO - Current page title is µÇÂ¼
2021-06-27 05:48:08,807 - BasePage - INFO - Current page title is µÇÂ¼
2021-06-27 05:48:08,810 - BasePage - INFO - Current page title is µÇÂ¼
2021-06-27 05:48:08,814 - BasePage - INFO - Current page title is µÇÂ¼
2021-06-27 05:48:08,817 - BasePage - INFO - Current page title is µÇÂ¼
2021-06-27 05:48:08,821 - BasePage - INFO - Current page title is µÇÂ¼
2021-06-27 05:48:08,824 - BasePage - INFO - Current page title is µÇÂ¼
2021-06-27 05:48:08,828 - BasePage - INFO - Current page title is µÇÂ¼
2021-06-27 05:48:08,831 - BasePage - INFO - Current page title is µÇÂ¼
2021-06-27 05:48:08,835 - BasePage - INFO - Current page title is µÇÂ¼
2021-06-27 05:48:08,838 - BasePage - INFO - Current page title is µÇÂ¼
2021-06-27 05:48:08,842 - BasePage - INFO - Current page title is µÇÂ¼
2021-06-27 05:48:08,846 - BasePage - INFO - Current page title is µÇÂ¼
2021-06-27 05:48:08,850 - BasePage - INFO - Current page title is µÇÂ¼
2021-06-27 05:48:08,854 - BasePage - INFO - Current page title is µÇÂ¼
2021-06-27 05:48:08,858 - BasePage - INFO - Current page title is µÇÂ¼
2021-06-27 05:48:08,861 - BasePage - INFO - Current page title is µÇÂ¼
2021-06-27 05:48:08,865 - BasePage - INFO - Current page title is µÇÂ¼
2021-06-27 05:48:08,868 - BasePage - INFO - Current page title is µÇÂ¼
2021-06-27 05:48:08,871 - BasePage - INFO - Current page title is µÇÂ¼
2021-06-27 05:48:08,875 - BasePage - INFO - Current page title is µÇÂ¼
2021-06-27 05:48:08,878 - BasePage - INFO - Current page title is µÇÂ¼
2021-06-27 05:48:08,882 - BasePage - INFO - Current page title is µÇÂ¼
2021-06-27 05:48:08,885 - BasePage - INFO - Current page title is µÇÂ¼
2021-06-27 05:48:08,888 - BasePage - INFO - Current page title is µÇÂ¼
2021-06-27 05:48:08,892 - BasePage - INFO - Current page title is µÇÂ¼
2021-06-27 05:48:08,895 - BasePage - INFO - Current page title is µÇÂ¼
2021-06-27 05:48:08,898 - BasePage - INFO - Current page title is µÇÂ¼
2021-06-27 05:48:08,902 - BasePage - INFO - Current page title is µÇÂ¼
2021-06-27 05:48:08,905 - BasePage - INFO - Current page title is µÇÂ¼
2021-06-27 05:48:08,908 - BasePage - INFO - Current page title is µÇÂ¼
2021-06-27 05:48:08,912 - BasePage - INFO - Current page title is µÇÂ¼
2021-06-27 05:48:08,915 - BasePage - INFO - Current page title is µÇÂ¼
2021-06-27 05:48:08,918 - BasePage - INFO - Current page title is µÇÂ¼
2021-06-27 05:48:08,921 - BasePage - INFO - Current page title is µÇÂ¼
2021-06-27 05:48:08,924 - BasePage - INFO - Current page title is µÇÂ¼
2021-06-27 05:48:08,928 - BasePage - INFO - Current page title is µÇÂ¼
2021-06-27 05:48:08,932 - BasePage - INFO - Current page title is µÇÂ¼
2021-06-27 05:48:08,935 - BasePage - INFO - Current page title is µÇÂ¼
2021-06-27 05:48:08,938 - BasePage - INFO - Current page title is µÇÂ¼
2021-06-27 05:48:08,941 - BasePage - INFO - Current page title is µÇÂ¼
2021-06-27 05:48:08,944 - BasePage - INFO - Current page title is µÇÂ¼
2021-06-27 05:48:08,948 - BasePage - INFO - Current page title is µÇÂ¼
2021-06-27 05:48:08,951 - BasePage - INFO - Current page title is µÇÂ¼
2021-06-27 05:48:08,955 - BasePage - INFO - Current page title is µÇÂ¼
2021-06-27 05:48:08,958 - BasePage - INFO - Current page title is µÇÂ¼
2021-06-27 05:48:08,961 - BasePage - INFO - Current page title is µÇÂ¼
2021-06-27 05:48:08,964 - BasePage - INFO - Current page title is µÇÂ¼
2021-06-27 05:48:08,968 - BasePage - INFO - Current page title is µÇÂ¼
2021-06-27 05:48:08,971 - BasePage - INFO - Current page title is µÇÂ¼
2021-06-27 05:48:08,974 - BasePage - INFO - Current page title is µÇÂ¼
2021-06-27 05:48:08,977 - BasePage - INFO - Current page title is µÇÂ¼
2021-06-27 05:48:08,981 - BasePage - INFO - Current page title is µÇÂ¼
2021-06-27 05:48:08,984 - BasePage - INFO - Current page title is µÇÂ¼
2021-06-27 05:48:08,987 - BasePage - INFO - Current page title is µÇÂ¼
2021-06-27 05:48:08,990 - BasePage - INFO - Current page title is µÇÂ¼
2021-06-27 05:48:08,993 - BasePage - INFO - Current page title is µÇÂ¼
2021-06-27 05:48:08,996 - BasePage - INFO - Current page title is µÇÂ¼
2021-06-27 05:48:08,999 - BasePage - INFO - Current page title is µÇÂ¼
2021-06-27 05:48:09,002 - BasePage - INFO - Current page title is µÇÂ¼
2021-06-27 05:48:09,005 - BasePage - INFO - Current page title is µÇÂ¼
2021-06-27 05:48:09,008 - BasePage - INFO - Current page title is µÇÂ¼
2021-06-27 05:48:09,012 - BasePage - INFO - Current page title is µÇÂ¼
2021-06-27 05:48:09,015 - BasePage - INFO - Current page title is µÇÂ¼
2021-06-27 05:48:09,018 - BasePage - INFO - Current page title is µÇÂ¼
2021-06-27 05:48:09,021 - BasePage - INFO - Current page title is µÇÂ¼
2021-06-27 05:48:09,024 - BasePage - INFO - Current page title is µÇÂ¼
2021-06-27 05:48:09,027 - BasePage - INFO - Current page title is µÇÂ¼
2021-06-27 05:48:09,030 - BasePage - INFO - Current page title is µÇÂ¼
2021-06-27 05:48:09,034 - BasePage - INFO - Current page title is µÇÂ¼
2021-06-27 05:48:09,037 - BasePage - INFO - Current page title is µÇÂ¼
2021-06-27 05:48:09,040 - BasePage - INFO - Current page title is µÇÂ¼
2021-06-27 05:48:09,043 - BasePage - INFO - Current page title is µÇÂ¼
2021-06-27 05:48:09,047 - BasePage - INFO - Current page title is µÇÂ¼
2021-06-27 05:48:09,050 - BasePage - INFO - Current page title is µÇÂ¼
2021-06-27 05:48:09,053 - BasePage - INFO - Current page title is µÇÂ¼
2021-06-27 05:48:09,056 - BasePage - INFO - Current page title is µÇÂ¼
2021-06-27 05:48:09,060 - BasePage - INFO - Current page title is µÇÂ¼
2021-06-27 05:48:09,063 - BasePage - INFO - Current page title is µÇÂ¼
2021-06-27 05:48:09,066 - BasePage - INFO - Current page title is µÇÂ¼
2021-06-27 05:48:09,069 - BasePage - INFO - Current page title is µÇÂ¼
2021-06-27 05:48:09,073 - BasePage - INFO - Current page title is µÇÂ¼
2021-06-27 05:48:09,076 - BasePage - INFO - Current page title is µÇÂ¼
2021-06-27 05:48:09,079 - BasePage - INFO - Current page title is µÇÂ¼
2021-06-27 05:48:09,082 - BasePage - INFO - Current page title is µÇÂ¼
2021-06-27 05:48:09,086 - BasePage - INFO - Current page title is µÇÂ¼
2021-06-27 05:48:09,089 - BasePage - INFO - Current page title is µÇÂ¼
2021-06-27 05:48:09,092 - BasePage - INFO - Current page title is µÇÂ¼
2021-06-27 05:48:09,095 - BasePage - INFO - Current page title is µÇÂ¼
2021-06-27 05:48:09,099 - BasePage - INFO - Current page title is µÇÂ¼
2021-06-27 05:48:09,102 - BasePage - INFO - Current page title is µÇÂ¼
2021-06-27 05:48:09,105 - BasePage - INFO - Current page title is µÇÂ¼
2021-06-27 05:48:09,108 - BasePage - INFO - Current page title is µÇÂ¼
2021-06-27 05:48:09,112 - BasePage - INFO - Current page title is µÇÂ¼
2021-06-27 05:48:09,115 - BasePage - INFO - Current page title is µÇÂ¼
2021-06-27 05:48:09,119 - BasePage - INFO - Current page title is µÇÂ¼
2021-06-27 05:48:09,122 - BasePage - INFO - Current page title is µÇÂ¼
2021-06-27 05:48:09,125 - BasePage - INFO - Current page title is µÇÂ¼
2021-06-27 05:48:09,129 - BasePage - INFO - Current page title is µÇÂ¼
2021-06-27 05:48:09,132 - BasePage - INFO - Current page title is µÇÂ¼
2021-06-27 05:48:09,135 - BasePage - INFO - Current page title is µÇÂ¼
2021-06-27 05:48:09,138 - BasePage - INFO - Current page title is µÇÂ¼
2021-06-27 05:48:09,142 - BasePage - INFO - Current page title is µÇÂ¼
2021-06-27 05:48:09,145 - BasePage - INFO - Current page title is µÇÂ¼
2021-06-27 05:48:09,148 - BasePage - INFO - Current page title is µÇÂ¼
2021-06-27 05:48:09,152 - BasePage - INFO - Current page title is µÇÂ¼
2021-06-27 05:48:09,155 - BasePage - INFO - Current page title is µÇÂ¼
2021-06-27 05:48:09,158 - BasePage - INFO - Current page title is µÇÂ¼
2021-06-27 05:48:09,162 - BasePage - INFO - Current page title is µÇÂ¼
2021-06-27 05:48:09,165 - BasePage - INFO - Current page title is µÇÂ¼
2021-06-27 05:48:09,168 - BasePage - INFO - Current page title is µÇÂ¼
2021-06-27 05:48:09,171 - BasePage - INFO - Current page title is µÇÂ¼
2021-06-27 05:48:09,174 - BasePage - INFO - Current page title is µÇÂ¼
2021-06-27 05:48:09,178 - BasePage - INFO - Current page title is µÇÂ¼
2021-06-27 05:48:09,182 - BasePage - INFO - Current page title is µÇÂ¼
2021-06-27 05:48:09,185 - BasePage - INFO - Current page title is µÇÂ¼
2021-06-27 05:48:09,188 - BasePage - INFO - Current page title is µÇÂ¼
2021-06-27 05:48:09,191 - BasePage - INFO - Current page title is µÇÂ¼
2021-06-27 05:48:09,195 - BasePage - INFO - Current page title is µÇÂ¼
2021-06-27 05:48:09,198 - BasePage - INFO - Current page title is µÇÂ¼
2021-06-27 05:48:09,201 - BasePage - INFO - Current page title is µÇÂ¼
2021-06-27 05:48:09,204 - BasePage - INFO - Current page title is µÇÂ¼
2021-06-27 05:48:09,207 - BasePage - INFO - Current page title is µÇÂ¼
2021-06-27 05:48:09,211 - BasePage - INFO - Current page title is µÇÂ¼
2021-06-27 05:48:09,214 - BasePage - INFO - Current page title is µÇÂ¼
2021-06-27 05:48:09,217 - BasePage - INFO - Current page title is µÇÂ¼
2021-06-27 05:48:09,220 - BasePage - INFO - Current page title is µÇÂ¼
2021-06-27 05:48:09,224 - BasePage - INFO - Current page title is µÇÂ¼
2021-06-27 05:48:09,227 - BasePage - INFO - Current page title is µÇÂ¼
2021-06-27 05:48:09,230 - BasePage - INFO - Current page title is µÇÂ¼
2021-06-27 05:48:09,233 - BasePage - INFO - Current page title is µÇÂ¼
2021-06-27 05:48:09,237 - BasePage - INFO - Current page title is µÇÂ¼
2021-06-27 05:48:09,240 - BasePage - INFO - Current page title is µÇÂ¼
2021-06-27 05:48:09,243 - BasePage - INFO - Current page title is µÇÂ¼
2021-06-27 05:48:09,246 - BasePage - INFO - Current page title is µÇÂ¼
2021-06-27 05:48:09,250 - BasePage - INFO - Current page title is µÇÂ¼
2021-06-27 05:48:09,253 - BasePage - INFO - Current page title is µÇÂ¼
2021-06-27 05:48:09,256 - BasePage - INFO - Current page title is µÇÂ¼
2021-06-27 05:48:09,259 - BasePage - INFO - Current page title is µÇÂ¼
2021-06-27 05:48:09,262 - BasePage - INFO - Current page title is µÇÂ¼
2021-06-27 05:48:09,265 - BasePage - INFO - Current page title is µÇÂ¼
2021-06-27 05:48:09,268 - BasePage - INFO - Current page title is µÇÂ¼
2021-06-27 05:48:09,271 - BasePage - INFO - Current page title is µÇÂ¼
2021-06-27 05:48:09,274 - BasePage - INFO - Current page title is µÇÂ¼
2021-06-27 05:48:09,277 - BasePage - INFO - Current page title is µÇÂ¼
2021-06-27 05:48:09,280 - BasePage - INFO - Current page title is µÇÂ¼
2021-06-27 05:48:09,284 - BasePage - INFO - Current page title is µÇÂ¼
2021-06-27 05:48:09,287 - BasePage - INFO - Current page title is µÇÂ¼
2021-06-27 05:48:09,290 - BasePage - INFO - Current page title is µÇÂ¼
2021-06-27 05:48:09,294 - BasePage - INFO - Current page title is µÇÂ¼
2021-06-27 05:48:09,297 - BasePage - INFO - Current page title is µÇÂ¼
2021-06-27 05:48:09,300 - BasePage - INFO - Current page title is µÇÂ¼
2021-06-27 05:48:09,304 - BasePage - INFO - Current page title is µÇÂ¼
2021-06-27 05:48:09,307 - BasePage - INFO - Current page title is µÇÂ¼
2021-06-27 05:48:09,310 - BasePage - INFO - Current page title is µÇÂ¼
2021-06-27 05:48:09,313 - BasePage - INFO - Current page title is µÇÂ¼
2021-06-27 05:48:09,316 - BasePage - INFO - Current page title is µÇÂ¼
2021-06-27 05:48:09,320 - BasePage - INFO - Current page title is µÇÂ¼
2021-06-27 05:48:09,323 - BasePage - INFO - Current page title is µÇÂ¼
2021-06-27 05:48:09,326 - BasePage - INFO - Current page title is µÇÂ¼
2021-06-27 05:48:09,329 - BasePage - INFO - Current page title is µÇÂ¼
2021-06-27 05:48:09,333 - BasePage - INFO - Current page title is µÇÂ¼
2021-06-27 05:48:09,336 - BasePage - INFO - Current page title is µÇÂ¼
2021-06-27 05:48:09,340 - BasePage - INFO - Current page title is µÇÂ¼
2021-06-27 05:48:09,343 - BasePage - INFO - Current page title is µÇÂ¼
2021-06-27 05:48:09,346 - BasePage - INFO - Current page title is µÇÂ¼
2021-06-27 05:48:09,350 - BasePage - INFO - Current page title is µÇÂ¼
2021-06-27 05:48:09,353 - BasePage - INFO - Current page title is µÇÂ¼
2021-06-27 05:48:09,356 - BasePage - INFO - Current page title is µÇÂ¼
2021-06-27 05:48:09,359 - BasePage - INFO - Current page title is µÇÂ¼
2021-06-27 05:48:09,364 - BasePage - INFO - Current page title is µÇÂ¼
2021-06-27 05:48:09,368 - BasePage - INFO - Current page title is µÇÂ¼
2021-06-27 05:48:09,372 - BasePage - INFO - Current page title is µÇÂ¼
2021-06-27 05:48:09,375 - BasePage - INFO - Current page title is µÇÂ¼
2021-06-27 05:48:09,378 - BasePage - INFO - Current page title is µÇÂ¼
2021-06-27 05:48:09,382 - BasePage - INFO - Current page title is µÇÂ¼
2021-06-27 05:48:09,385 - BasePage - INFO - Current page title is µÇÂ¼
2021-06-27 05:48:09,389 - BasePage - INFO - Current page title is µÇÂ¼
2021-06-27 05:48:09,392 - BasePage - INFO - Current page title is µÇÂ¼
2021-06-27 05:48:09,396 - BasePage - INFO - Current page title is µÇÂ¼
2021-06-27 05:48:09,399 - BasePage - INFO - Current page title is µÇÂ¼
2021-06-27 05:48:09,402 - BasePage - INFO - Current page title is µÇÂ¼
2021-06-27 05:48:09,405 - BasePage - INFO - Current page title is µÇÂ¼
2021-06-27 05:48:09,408 - BasePage - INFO - Current page title is µÇÂ¼
2021-06-27 05:48:09,412 - BasePage - INFO - Current page title is µÇÂ¼
2021-06-27 05:48:09,415 - BasePage - INFO - Current page title is µÇÂ¼
2021-06-27 05:48:09,418 - BasePage - INFO - Current page title is µÇÂ¼
2021-06-27 05:48:09,421 - BasePage - INFO - Current page title is µÇÂ¼
2021-06-27 05:48:09,424 - BasePage - INFO - Current page title is µÇÂ¼
2021-06-27 05:48:09,427 - BasePage - INFO - Current page title is µÇÂ¼
2021-06-27 05:48:09,431 - BasePage - INFO - Current page title is µÇÂ¼
2021-06-27 05:48:09,434 - BasePage - INFO - Current page title is µÇÂ¼
2021-06-27 05:48:09,437 - BasePage - INFO - Current page title is µÇÂ¼
2021-06-27 05:48:09,440 - BasePage - INFO - Current page title is µÇÂ¼
2021-06-27 05:48:09,444 - BasePage - INFO - Current page title is µÇÂ¼
2021-06-27 05:48:09,447 - BasePage - INFO - Current page title is µÇÂ¼
2021-06-27 05:48:09,451 - BasePage - INFO - Current page title is µÇÂ¼
2021-06-27 05:48:09,454 - BasePage - INFO - Current page title is µÇÂ¼
2021-06-27 05:48:09,457 - BasePage - INFO - Current page title is µÇÂ¼
2021-06-27 05:48:09,461 - BasePage - INFO - Current page title is µÇÂ¼
2021-06-27 05:48:09,465 - BasePage - INFO - Current page title is µÇÂ¼
2021-06-27 05:48:09,469 - BasePage - INFO - Current page title is µÇÂ¼
2021-06-27 05:48:09,472 - BasePage - INFO - Current page title is µÇÂ¼
2021-06-27 05:48:09,476 - BasePage - INFO - Current page title is µÇÂ¼
2021-06-27 05:48:09,480 - BasePage - INFO - Current page title is µÇÂ¼
2021-06-27 05:48:09,483 - BasePage - INFO - Current page title is µÇÂ¼
2021-06-27 05:48:09,486 - BasePage - INFO - Current page title is µÇÂ¼
2021-06-27 05:48:09,489 - BasePage - INFO - Current page title is µÇÂ¼
2021-06-27 05:48:09,493 - BasePage - INFO - Current page title is µÇÂ¼
2021-06-27 05:48:09,495 - BasePage - INFO - Current page title is µÇÂ¼
2021-06-27 05:48:09,499 - BasePage - INFO - Current page title is µÇÂ¼
2021-06-27 05:48:09,502 - BasePage - INFO - Current page title is µÇÂ¼
2021-06-27 05:48:09,505 - BasePage - INFO - Current page title is µÇÂ¼
2021-06-27 05:48:09,509 - BasePage - INFO - Current page title is µÇÂ¼
2021-06-27 05:48:09,512 - BasePage - INFO - Current page title is µÇÂ¼
2021-06-27 05:48:09,515 - BasePage - INFO - Current page title is µÇÂ¼
