2021-06-27 05:51:02,805 - BrowserEngine - INFO - You had select Chrome browser.
2021-06-27 05:51:02,805 - BrowserEngine - INFO - The test server url is: https://bjjj.zhongchebaolian.com/cgsadm
2021-06-27 05:51:03,879 - BrowserEngine - INFO - Starting Chrome browser
2021-06-27 05:51:05,669 - BrowserEngine - INFO - Open url: https://bjjj.zhongchebaolian.com/cgsadm 
2021-06-27 05:51:06,014 - BrowserEngine - INFO - Maximize the current window. 
2021-06-27 05:51:06,031 - BasePage - INFO - Had find the element '  ' seccessful by id via value:  username 
2021-06-27 05:51:06,083 - BasePage - INFO - Had type ' 17600352198 ' in inputBox
2021-06-27 05:51:06,100 - BasePage - INFO - Had find the element '  ' seccessful by id via value:  password 
2021-06-27 05:51:06,148 - BasePage - INFO - Had type ' a12345678 ' in inputBox
2021-06-27 05:51:06,163 - BasePage - INFO - Had find the element '  ' seccessful by id via value:  account-img-code 
2021-06-27 05:51:06,207 - BasePage - INFO - Had type ' 1234 ' in inputBox
2021-06-27 05:51:06,221 - BasePage - INFO - Had find the element ' µÇÂ¼ ' seccessful by id via value:  login-btn 
2021-06-27 05:51:06,227 - BasePage - INFO - The element ' µÇÂ¼ ' was clicked.
2021-06-27 05:51:06,257 - BasePage - INFO - Current page title is µÇÂ¼
2021-06-27 05:51:11,258 - BasePage - INFO - Sleep for 5 seconds
2021-06-27 05:51:11,268 - BasePage - INFO - Had find the element ' µÇÂ¼ ' seccessful by id via value:  login-btn 
2021-06-27 05:51:11,273 - BasePage - INFO - The element ' µÇÂ¼ ' was clicked.
2021-06-27 05:51:11,286 - BasePage - INFO - Current page title is µÇÂ¼
2021-06-27 05:51:16,289 - BasePage - INFO - Sleep for 5 seconds
2021-06-27 05:51:16,304 - BasePage - INFO - Had find the element ' µÇÂ¼ ' seccessful by id via value:  login-btn 
2021-06-27 05:51:16,309 - BasePage - INFO - The element ' µÇÂ¼ ' was clicked.
2021-06-27 05:51:16,330 - BasePage - INFO - Current page title is µÇÂ¼
2021-06-27 05:51:21,334 - BasePage - INFO - Sleep for 5 seconds
2021-06-27 05:51:21,342 - BasePage - INFO - Had find the element ' µÇÂ¼ ' seccessful by id via value:  login-btn 
2021-06-27 05:51:21,347 - BasePage - INFO - The element ' µÇÂ¼ ' was clicked.
2021-06-27 05:51:21,362 - BasePage - INFO - Current page title is µÇÂ¼
2021-06-27 05:51:26,365 - BasePage - INFO - Sleep for 5 seconds
2021-06-27 05:51:26,374 - BasePage - ERROR - NoSuchElementException: Message: no such element: Unable to locate element: {"method":"css selector","selector":"[id="login-btn"]"}
  (Session info: chrome=91.0.4472.114)

2021-06-27 05:51:26,512 - BasePage - INFO - Had take screenshot and save to folder : /screenshots
2021-06-27 05:51:26,515 - BasePage - INFO - Current page title is Ê×Ò³ - ³µ¹ÜËù¹ÜÀíÏµÍ³
