2021-06-27 05:44:18,682 - BrowserEngine - INFO - You had select Chrome browser.
2021-06-27 05:44:18,682 - BrowserEngine - INFO - The test server url is: https://bjjj.zhongchebaolian.com/cgsadm
2021-06-27 05:44:19,755 - BrowserEngine - INFO - Starting Chrome browser
2021-06-27 05:44:21,971 - BrowserEngine - INFO - Open url: https://bjjj.zhongchebaolian.com/cgsadm 
2021-06-27 05:44:22,277 - BrowserEngine - INFO - Maximize the current window. 
2021-06-27 05:44:22,294 - BasePage - INFO - Had find the element '  ' seccessful by id via value:  username 
2021-06-27 05:44:22,346 - BasePage - INFO - Had type ' 17600352198 ' in inputBox
2021-06-27 05:44:22,362 - BasePage - INFO - Had find the element '  ' seccessful by id via value:  password 
2021-06-27 05:44:22,409 - BasePage - INFO - Had type ' a12345678 ' in inputBox
2021-06-27 05:44:22,424 - BasePage - INFO - Had find the element '  ' seccessful by id via value:  account-img-code 
2021-06-27 05:44:22,467 - BasePage - INFO - Had type ' 1234 ' in inputBox
2021-06-27 05:44:22,483 - BasePage - INFO - Had find the element ' µÇÂ¼ ' seccessful by id via value:  login-btn 
2021-06-27 05:44:22,488 - BasePage - INFO - The element ' µÇÂ¼ ' was clicked.
2021-06-27 05:44:22,519 - BasePage - INFO - Current page title is µÇÂ¼
2021-06-27 05:44:22,523 - BasePage - INFO - Current page title is µÇÂ¼
2021-06-27 05:44:22,526 - BasePage - INFO - Current page title is µÇÂ¼
2021-06-27 05:44:22,530 - BasePage - INFO - Current page title is µÇÂ¼
2021-06-27 05:44:22,533 - BasePage - INFO - Current page title is µÇÂ¼
2021-06-27 05:44:22,537 - BasePage - INFO - Current page title is µÇÂ¼
2021-06-27 05:44:22,542 - BasePage - INFO - Current page title is µÇÂ¼
2021-06-27 05:44:22,545 - BasePage - INFO - Current page title is µÇÂ¼
2021-06-27 05:44:22,549 - BasePage - INFO - Current page title is µÇÂ¼
2021-06-27 05:44:22,553 - BasePage - INFO - Current page title is µÇÂ¼
2021-06-27 05:44:22,557 - BasePage - INFO - Current page title is µÇÂ¼
2021-06-27 05:44:22,561 - BasePage - INFO - Current page title is µÇÂ¼
2021-06-27 05:44:22,564 - BasePage - INFO - Current page title is µÇÂ¼
2021-06-27 05:44:22,567 - BasePage - INFO - Current page title is µÇÂ¼
2021-06-27 05:44:22,572 - BasePage - INFO - Current page title is µÇÂ¼
2021-06-27 05:44:22,575 - BasePage - INFO - Current page title is µÇÂ¼
2021-06-27 05:44:22,579 - BasePage - INFO - Current page title is µÇÂ¼
2021-06-27 05:44:22,583 - BasePage - INFO - Current page title is µÇÂ¼
2021-06-27 05:44:22,588 - BasePage - INFO - Current page title is µÇÂ¼
2021-06-27 05:44:22,592 - BasePage - INFO - Current page title is µÇÂ¼
2021-06-27 05:44:22,597 - BasePage - INFO - Current page title is µÇÂ¼
2021-06-27 05:44:22,602 - BasePage - INFO - Current page title is µÇÂ¼
2021-06-27 05:44:22,607 - BasePage - INFO - Current page title is µÇÂ¼
2021-06-27 05:44:22,611 - BasePage - INFO - Current page title is µÇÂ¼
2021-06-27 05:44:22,616 - BasePage - INFO - Current page title is µÇÂ¼
2021-06-27 05:44:22,621 - BasePage - INFO - Current page title is µÇÂ¼
2021-06-27 05:44:22,624 - BasePage - INFO - Current page title is µÇÂ¼
2021-06-27 05:44:22,628 - BasePage - INFO - Current page title is µÇÂ¼
2021-06-27 05:44:22,633 - BasePage - INFO - Current page title is µÇÂ¼
2021-06-27 05:44:22,637 - BasePage - INFO - Current page title is µÇÂ¼
2021-06-27 05:44:22,643 - BasePage - INFO - Current page title is µÇÂ¼
2021-06-27 05:44:22,647 - BasePage - INFO - Current page title is µÇÂ¼
2021-06-27 05:44:22,652 - BasePage - INFO - Current page title is µÇÂ¼
2021-06-27 05:44:22,656 - BasePage - INFO - Current page title is µÇÂ¼
2021-06-27 05:44:22,660 - BasePage - INFO - Current page title is µÇÂ¼
2021-06-27 05:44:22,663 - BasePage - INFO - Current page title is µÇÂ¼
2021-06-27 05:44:22,667 - BasePage - INFO - Current page title is µÇÂ¼
2021-06-27 05:44:22,672 - BasePage - INFO - Current page title is µÇÂ¼
2021-06-27 05:44:22,676 - BasePage - INFO - Current page title is µÇÂ¼
2021-06-27 05:44:22,679 - BasePage - INFO - Current page title is µÇÂ¼
2021-06-27 05:44:22,683 - BasePage - INFO - Current page title is µÇÂ¼
2021-06-27 05:44:22,687 - BasePage - INFO - Current page title is µÇÂ¼
2021-06-27 05:44:22,691 - BasePage - INFO - Current page title is µÇÂ¼
2021-06-27 05:44:22,695 - BasePage - INFO - Current page title is µÇÂ¼
2021-06-27 05:44:22,699 - BasePage - INFO - Current page title is µÇÂ¼
2021-06-27 05:44:22,702 - BasePage - INFO - Current page title is µÇÂ¼
2021-06-27 05:44:22,705 - BasePage - INFO - Current page title is µÇÂ¼
2021-06-27 05:44:22,709 - BasePage - INFO - Current page title is µÇÂ¼
2021-06-27 05:44:22,712 - BasePage - INFO - Current page title is µÇÂ¼
2021-06-27 05:44:22,715 - BasePage - INFO - Current page title is µÇÂ¼
2021-06-27 05:44:22,719 - BasePage - INFO - Current page title is µÇÂ¼
2021-06-27 05:44:22,723 - BasePage - INFO - Current page title is µÇÂ¼
2021-06-27 05:44:22,726 - BasePage - INFO - Current page title is µÇÂ¼
2021-06-27 05:44:22,730 - BasePage - INFO - Current page title is µÇÂ¼
2021-06-27 05:44:22,733 - BasePage - INFO - Current page title is µÇÂ¼
2021-06-27 05:44:22,737 - BasePage - INFO - Current page title is µÇÂ¼
2021-06-27 05:44:22,741 - BasePage - INFO - Current page title is µÇÂ¼
2021-06-27 05:44:22,744 - BasePage - INFO - Current page title is µÇÂ¼
2021-06-27 05:44:22,747 - BasePage - INFO - Current page title is µÇÂ¼
2021-06-27 05:44:22,751 - BasePage - INFO - Current page title is µÇÂ¼
2021-06-27 05:44:22,754 - BasePage - INFO - Current page title is µÇÂ¼
2021-06-27 05:44:22,757 - BasePage - INFO - Current page title is µÇÂ¼
2021-06-27 05:44:22,760 - BasePage - INFO - Current page title is µÇÂ¼
2021-06-27 05:44:22,764 - BasePage - INFO - Current page title is µÇÂ¼
2021-06-27 05:44:22,768 - BasePage - INFO - Current page title is µÇÂ¼
2021-06-27 05:44:22,772 - BasePage - INFO - Current page title is µÇÂ¼
2021-06-27 05:44:22,776 - BasePage - INFO - Current page title is µÇÂ¼
2021-06-27 05:44:22,779 - BasePage - INFO - Current page title is µÇÂ¼
2021-06-27 05:44:22,783 - BasePage - INFO - Current page title is µÇÂ¼
2021-06-27 05:44:22,787 - BasePage - INFO - Current page title is µÇÂ¼
2021-06-27 05:44:22,790 - BasePage - INFO - Current page title is µÇÂ¼
2021-06-27 05:44:22,794 - BasePage - INFO - Current page title is µÇÂ¼
2021-06-27 05:44:22,798 - BasePage - INFO - Current page title is µÇÂ¼
2021-06-27 05:44:22,801 - BasePage - INFO - Current page title is µÇÂ¼
2021-06-27 05:44:22,805 - BasePage - INFO - Current page title is µÇÂ¼
2021-06-27 05:44:22,808 - BasePage - INFO - Current page title is µÇÂ¼
2021-06-27 05:44:22,811 - BasePage - INFO - Current page title is µÇÂ¼
2021-06-27 05:44:22,814 - BasePage - INFO - Current page title is µÇÂ¼
2021-06-27 05:44:22,818 - BasePage - INFO - Current page title is µÇÂ¼
2021-06-27 05:44:22,822 - BasePage - INFO - Current page title is µÇÂ¼
2021-06-27 05:44:22,826 - BasePage - INFO - Current page title is µÇÂ¼
2021-06-27 05:44:22,829 - BasePage - INFO - Current page title is µÇÂ¼
2021-06-27 05:44:22,833 - BasePage - INFO - Current page title is µÇÂ¼
2021-06-27 05:44:22,837 - BasePage - INFO - Current page title is µÇÂ¼
2021-06-27 05:44:22,840 - BasePage - INFO - Current page title is µÇÂ¼
2021-06-27 05:44:22,844 - BasePage - INFO - Current page title is µÇÂ¼
2021-06-27 05:44:22,847 - BasePage - INFO - Current page title is µÇÂ¼
2021-06-27 05:44:22,851 - BasePage - INFO - Current page title is µÇÂ¼
2021-06-27 05:44:22,854 - BasePage - INFO - Current page title is µÇÂ¼
2021-06-27 05:44:22,857 - BasePage - INFO - Current page title is µÇÂ¼
2021-06-27 05:44:22,861 - BasePage - INFO - Current page title is µÇÂ¼
2021-06-27 05:44:22,864 - BasePage - INFO - Current page title is µÇÂ¼
2021-06-27 05:44:22,868 - BasePage - INFO - Current page title is µÇÂ¼
2021-06-27 05:44:22,871 - BasePage - INFO - Current page title is µÇÂ¼
2021-06-27 05:44:22,875 - BasePage - INFO - Current page title is µÇÂ¼
2021-06-27 05:44:22,878 - BasePage - INFO - Current page title is µÇÂ¼
2021-06-27 05:44:22,882 - BasePage - INFO - Current page title is µÇÂ¼
2021-06-27 05:44:22,886 - BasePage - INFO - Current page title is µÇÂ¼
2021-06-27 05:44:22,890 - BasePage - INFO - Current page title is µÇÂ¼
2021-06-27 05:44:22,893 - BasePage - INFO - Current page title is µÇÂ¼
2021-06-27 05:44:22,897 - BasePage - INFO - Current page title is µÇÂ¼
2021-06-27 05:44:22,900 - BasePage - INFO - Current page title is µÇÂ¼
2021-06-27 05:44:22,905 - BasePage - INFO - Current page title is µÇÂ¼
2021-06-27 05:44:22,908 - BasePage - INFO - Current page title is µÇÂ¼
2021-06-27 05:44:22,911 - BasePage - INFO - Current page title is µÇÂ¼
2021-06-27 05:44:22,916 - BasePage - INFO - Current page title is µÇÂ¼
2021-06-27 05:44:22,919 - BasePage - INFO - Current page title is µÇÂ¼
2021-06-27 05:44:22,924 - BasePage - INFO - Current page title is µÇÂ¼
2021-06-27 05:44:22,927 - BasePage - INFO - Current page title is µÇÂ¼
2021-06-27 05:44:22,931 - BasePage - INFO - Current page title is µÇÂ¼
2021-06-27 05:44:22,936 - BasePage - INFO - Current page title is µÇÂ¼
2021-06-27 05:44:22,939 - BasePage - INFO - Current page title is µÇÂ¼
2021-06-27 05:44:22,944 - BasePage - INFO - Current page title is µÇÂ¼
2021-06-27 05:44:22,947 - BasePage - INFO - Current page title is µÇÂ¼
2021-06-27 05:44:22,951 - BasePage - INFO - Current page title is µÇÂ¼
2021-06-27 05:44:22,955 - BasePage - INFO - Current page title is µÇÂ¼
2021-06-27 05:44:22,959 - BasePage - INFO - Current page title is µÇÂ¼
2021-06-27 05:44:22,964 - BasePage - INFO - Current page title is µÇÂ¼
2021-06-27 05:44:22,968 - BasePage - INFO - Current page title is µÇÂ¼
2021-06-27 05:44:22,972 - BasePage - INFO - Current page title is µÇÂ¼
2021-06-27 05:44:22,976 - BasePage - INFO - Current page title is µÇÂ¼
2021-06-27 05:44:22,980 - BasePage - INFO - Current page title is µÇÂ¼
2021-06-27 05:44:22,983 - BasePage - INFO - Current page title is µÇÂ¼
2021-06-27 05:44:22,988 - BasePage - INFO - Current page title is µÇÂ¼
2021-06-27 05:44:22,992 - BasePage - INFO - Current page title is µÇÂ¼
2021-06-27 05:44:22,996 - BasePage - INFO - Current page title is µÇÂ¼
2021-06-27 05:44:23,000 - BasePage - INFO - Current page title is µÇÂ¼
2021-06-27 05:44:23,004 - BasePage - INFO - Current page title is µÇÂ¼
2021-06-27 05:44:23,008 - BasePage - INFO - Current page title is µÇÂ¼
2021-06-27 05:44:23,012 - BasePage - INFO - Current page title is µÇÂ¼
2021-06-27 05:44:23,016 - BasePage - INFO - Current page title is µÇÂ¼
2021-06-27 05:44:23,020 - BasePage - INFO - Current page title is µÇÂ¼
2021-06-27 05:44:23,024 - BasePage - INFO - Current page title is µÇÂ¼
2021-06-27 05:44:23,028 - BasePage - INFO - Current page title is µÇÂ¼
2021-06-27 05:44:23,032 - BasePage - INFO - Current page title is µÇÂ¼
2021-06-27 05:44:23,036 - BasePage - INFO - Current page title is µÇÂ¼
2021-06-27 05:44:23,040 - BasePage - INFO - Current page title is µÇÂ¼
2021-06-27 05:44:23,044 - BasePage - INFO - Current page title is µÇÂ¼
2021-06-27 05:44:23,048 - BasePage - INFO - Current page title is µÇÂ¼
2021-06-27 05:44:23,051 - BasePage - INFO - Current page title is µÇÂ¼
2021-06-27 05:44:23,056 - BasePage - INFO - Current page title is µÇÂ¼
2021-06-27 05:44:23,059 - BasePage - INFO - Current page title is µÇÂ¼
2021-06-27 05:44:23,063 - BasePage - INFO - Current page title is µÇÂ¼
2021-06-27 05:44:23,066 - BasePage - INFO - Current page title is µÇÂ¼
2021-06-27 05:44:23,070 - BasePage - INFO - Current page title is µÇÂ¼
2021-06-27 05:44:23,074 - BasePage - INFO - Current page title is µÇÂ¼
2021-06-27 05:44:23,077 - BasePage - INFO - Current page title is µÇÂ¼
2021-06-27 05:44:23,080 - BasePage - INFO - Current page title is µÇÂ¼
2021-06-27 05:44:23,083 - BasePage - INFO - Current page title is µÇÂ¼
2021-06-27 05:44:23,088 - BasePage - INFO - Current page title is µÇÂ¼
2021-06-27 05:44:23,091 - BasePage - INFO - Current page title is µÇÂ¼
2021-06-27 05:44:23,094 - BasePage - INFO - Current page title is µÇÂ¼
2021-06-27 05:44:23,098 - BasePage - INFO - Current page title is µÇÂ¼
2021-06-27 05:44:23,101 - BasePage - INFO - Current page title is µÇÂ¼
2021-06-27 05:44:23,105 - BasePage - INFO - Current page title is µÇÂ¼
2021-06-27 05:44:23,108 - BasePage - INFO - Current page title is µÇÂ¼
2021-06-27 05:44:23,112 - BasePage - INFO - Current page title is µÇÂ¼
2021-06-27 05:44:23,115 - BasePage - INFO - Current page title is µÇÂ¼
2021-06-27 05:44:23,119 - BasePage - INFO - Current page title is µÇÂ¼
2021-06-27 05:44:23,122 - BasePage - INFO - Current page title is µÇÂ¼
2021-06-27 05:44:23,125 - BasePage - INFO - Current page title is µÇÂ¼
2021-06-27 05:44:23,129 - BasePage - INFO - Current page title is µÇÂ¼
2021-06-27 05:44:23,132 - BasePage - INFO - Current page title is µÇÂ¼
2021-06-27 05:44:23,135 - BasePage - INFO - Current page title is µÇÂ¼
2021-06-27 05:44:23,139 - BasePage - INFO - Current page title is µÇÂ¼
2021-06-27 05:44:23,143 - BasePage - INFO - Current page title is µÇÂ¼
2021-06-27 05:44:23,147 - BasePage - INFO - Current page title is µÇÂ¼
2021-06-27 05:44:23,150 - BasePage - INFO - Current page title is µÇÂ¼
2021-06-27 05:44:23,154 - BasePage - INFO - Current page title is µÇÂ¼
2021-06-27 05:44:23,158 - BasePage - INFO - Current page title is µÇÂ¼
2021-06-27 05:44:23,161 - BasePage - INFO - Current page title is µÇÂ¼
2021-06-27 05:44:23,165 - BasePage - INFO - Current page title is µÇÂ¼
2021-06-27 05:44:23,168 - BasePage - INFO - Current page title is µÇÂ¼
2021-06-27 05:44:23,171 - BasePage - INFO - Current page title is µÇÂ¼
2021-06-27 05:44:23,174 - BasePage - INFO - Current page title is µÇÂ¼
2021-06-27 05:44:23,178 - BasePage - INFO - Current page title is µÇÂ¼
2021-06-27 05:44:23,182 - BasePage - INFO - Current page title is µÇÂ¼
2021-06-27 05:44:23,186 - BasePage - INFO - Current page title is µÇÂ¼
2021-06-27 05:44:23,190 - BasePage - INFO - Current page title is µÇÂ¼
2021-06-27 05:44:23,194 - BasePage - INFO - Current page title is µÇÂ¼
2021-06-27 05:44:23,197 - BasePage - INFO - Current page title is µÇÂ¼
2021-06-27 05:44:23,201 - BasePage - INFO - Current page title is µÇÂ¼
2021-06-27 05:44:23,205 - BasePage - INFO - Current page title is µÇÂ¼
2021-06-27 05:44:23,208 - BasePage - INFO - Current page title is µÇÂ¼
2021-06-27 05:44:23,212 - BasePage - INFO - Current page title is µÇÂ¼
2021-06-27 05:44:23,216 - BasePage - INFO - Current page title is µÇÂ¼
2021-06-27 05:44:23,219 - BasePage - INFO - Current page title is µÇÂ¼
2021-06-27 05:44:23,223 - BasePage - INFO - Current page title is µÇÂ¼
2021-06-27 05:44:23,228 - BasePage - INFO - Current page title is µÇÂ¼
2021-06-27 05:44:23,231 - BasePage - INFO - Current page title is µÇÂ¼
2021-06-27 05:44:23,235 - BasePage - INFO - Current page title is µÇÂ¼
2021-06-27 05:44:23,239 - BasePage - INFO - Current page title is µÇÂ¼
2021-06-27 05:44:23,243 - BasePage - INFO - Current page title is µÇÂ¼
2021-06-27 05:44:23,246 - BasePage - INFO - Current page title is µÇÂ¼
2021-06-27 05:44:23,250 - BasePage - INFO - Current page title is µÇÂ¼
2021-06-27 05:44:23,254 - BasePage - INFO - Current page title is µÇÂ¼
2021-06-27 05:44:23,258 - BasePage - INFO - Current page title is µÇÂ¼
2021-06-27 05:44:23,261 - BasePage - INFO - Current page title is µÇÂ¼
2021-06-27 05:44:23,265 - BasePage - INFO - Current page title is µÇÂ¼
2021-06-27 05:44:23,269 - BasePage - INFO - Current page title is µÇÂ¼
2021-06-27 05:44:23,273 - BasePage - INFO - Current page title is µÇÂ¼
2021-06-27 05:44:23,276 - BasePage - INFO - Current page title is µÇÂ¼
2021-06-27 05:44:23,279 - BasePage - INFO - Current page title is µÇÂ¼
2021-06-27 05:44:23,282 - BasePage - INFO - Current page title is µÇÂ¼
2021-06-27 05:44:23,286 - BasePage - INFO - Current page title is µÇÂ¼
2021-06-27 05:44:23,289 - BasePage - INFO - Current page title is µÇÂ¼
2021-06-27 05:44:23,292 - BasePage - INFO - Current page title is µÇÂ¼
2021-06-27 05:44:23,296 - BasePage - INFO - Current page title is µÇÂ¼
2021-06-27 05:44:23,299 - BasePage - INFO - Current page title is µÇÂ¼
2021-06-27 05:44:23,302 - BasePage - INFO - Current page title is µÇÂ¼
2021-06-27 05:44:23,306 - BasePage - INFO - Current page title is µÇÂ¼
2021-06-27 05:44:23,309 - BasePage - INFO - Current page title is µÇÂ¼
2021-06-27 05:44:23,312 - BasePage - INFO - Current page title is µÇÂ¼
2021-06-27 05:44:23,315 - BasePage - INFO - Current page title is µÇÂ¼
2021-06-27 05:44:23,318 - BasePage - INFO - Current page title is µÇÂ¼
2021-06-27 05:44:23,322 - BasePage - INFO - Current page title is µÇÂ¼
2021-06-27 05:44:23,325 - BasePage - INFO - Current page title is µÇÂ¼
2021-06-27 05:44:23,328 - BasePage - INFO - Current page title is µÇÂ¼
2021-06-27 05:44:23,331 - BasePage - INFO - Current page title is µÇÂ¼
2021-06-27 05:44:23,334 - BasePage - INFO - Current page title is µÇÂ¼
2021-06-27 05:44:23,338 - BasePage - INFO - Current page title is µÇÂ¼
2021-06-27 05:44:23,341 - BasePage - INFO - Current page title is µÇÂ¼
2021-06-27 05:44:23,344 - BasePage - INFO - Current page title is µÇÂ¼
2021-06-27 05:44:23,348 - BasePage - INFO - Current page title is µÇÂ¼
2021-06-27 05:44:23,351 - BasePage - INFO - Current page title is µÇÂ¼
2021-06-27 05:44:23,354 - BasePage - INFO - Current page title is µÇÂ¼
2021-06-27 05:44:23,357 - BasePage - INFO - Current page title is µÇÂ¼
2021-06-27 05:44:23,361 - BasePage - INFO - Current page title is µÇÂ¼
2021-06-27 05:44:23,364 - BasePage - INFO - Current page title is µÇÂ¼
2021-06-27 05:44:23,367 - BasePage - INFO - Current page title is µÇÂ¼
2021-06-27 05:44:23,370 - BasePage - INFO - Current page title is µÇÂ¼
2021-06-27 05:44:23,374 - BasePage - INFO - Current page title is µÇÂ¼
2021-06-27 05:44:23,377 - BasePage - INFO - Current page title is µÇÂ¼
2021-06-27 05:44:23,380 - BasePage - INFO - Current page title is µÇÂ¼
2021-06-27 05:44:23,383 - BasePage - INFO - Current page title is µÇÂ¼
2021-06-27 05:44:23,387 - BasePage - INFO - Current page title is µÇÂ¼
2021-06-27 05:44:23,390 - BasePage - INFO - Current page title is µÇÂ¼
2021-06-27 05:44:23,393 - BasePage - INFO - Current page title is µÇÂ¼
2021-06-27 05:44:23,397 - BasePage - INFO - Current page title is µÇÂ¼
2021-06-27 05:44:23,400 - BasePage - INFO - Current page title is µÇÂ¼
2021-06-27 05:44:23,403 - BasePage - INFO - Current page title is µÇÂ¼
2021-06-27 05:44:23,407 - BasePage - INFO - Current page title is µÇÂ¼
2021-06-27 05:44:23,410 - BasePage - INFO - Current page title is µÇÂ¼
2021-06-27 05:44:23,414 - BasePage - INFO - Current page title is µÇÂ¼
2021-06-27 05:44:23,418 - BasePage - INFO - Current page title is µÇÂ¼
2021-06-27 05:44:23,421 - BasePage - INFO - Current page title is µÇÂ¼
2021-06-27 05:44:23,425 - BasePage - INFO - Current page title is µÇÂ¼
2021-06-27 05:44:23,429 - BasePage - INFO - Current page title is µÇÂ¼
2021-06-27 05:44:23,433 - BasePage - INFO - Current page title is µÇÂ¼
2021-06-27 05:44:23,436 - BasePage - INFO - Current page title is µÇÂ¼
2021-06-27 05:44:23,440 - BasePage - INFO - Current page title is µÇÂ¼
2021-06-27 05:44:23,444 - BasePage - INFO - Current page title is µÇÂ¼
2021-06-27 05:44:23,447 - BasePage - INFO - Current page title is µÇÂ¼
2021-06-27 05:44:23,451 - BasePage - INFO - Current page title is µÇÂ¼
2021-06-27 05:44:23,455 - BasePage - INFO - Current page title is µÇÂ¼
2021-06-27 05:44:23,460 - BasePage - INFO - Current page title is µÇÂ¼
2021-06-27 05:44:23,463 - BasePage - INFO - Current page title is µÇÂ¼
2021-06-27 05:44:23,467 - BasePage - INFO - Current page title is µÇÂ¼
2021-06-27 05:44:23,471 - BasePage - INFO - Current page title is µÇÂ¼
2021-06-27 05:44:23,474 - BasePage - INFO - Current page title is µÇÂ¼
2021-06-27 05:44:23,478 - BasePage - INFO - Current page title is µÇÂ¼
2021-06-27 05:44:23,482 - BasePage - INFO - Current page title is µÇÂ¼
2021-06-27 05:44:23,486 - BasePage - INFO - Current page title is µÇÂ¼
2021-06-27 05:44:23,490 - BasePage - INFO - Current page title is µÇÂ¼
2021-06-27 05:44:23,494 - BasePage - INFO - Current page title is µÇÂ¼
2021-06-27 05:44:23,498 - BasePage - INFO - Current page title is µÇÂ¼
2021-06-27 05:44:23,501 - BasePage - INFO - Current page title is µÇÂ¼
2021-06-27 05:44:23,505 - BasePage - INFO - Current page title is µÇÂ¼
2021-06-27 05:44:23,509 - BasePage - INFO - Current page title is µÇÂ¼
2021-06-27 05:44:23,513 - BasePage - INFO - Current page title is µÇÂ¼
2021-06-27 05:44:23,516 - BasePage - INFO - Current page title is µÇÂ¼
2021-06-27 05:44:23,520 - BasePage - INFO - Current page title is µÇÂ¼
2021-06-27 05:44:23,524 - BasePage - INFO - Current page title is µÇÂ¼
2021-06-27 05:44:23,528 - BasePage - INFO - Current page title is µÇÂ¼
2021-06-27 05:44:23,531 - BasePage - INFO - Current page title is µÇÂ¼
2021-06-27 05:44:23,535 - BasePage - INFO - Current page title is µÇÂ¼
2021-06-27 05:44:23,539 - BasePage - INFO - Current page title is µÇÂ¼
2021-06-27 05:44:23,543 - BasePage - INFO - Current page title is µÇÂ¼
2021-06-27 05:44:23,546 - BasePage - INFO - Current page title is µÇÂ¼
2021-06-27 05:44:23,550 - BasePage - INFO - Current page title is µÇÂ¼
2021-06-27 05:44:23,554 - BasePage - INFO - Current page title is µÇÂ¼
2021-06-27 05:44:23,558 - BasePage - INFO - Current page title is µÇÂ¼
2021-06-27 05:44:23,561 - BasePage - INFO - Current page title is µÇÂ¼
2021-06-27 05:44:23,565 - BasePage - INFO - Current page title is µÇÂ¼
2021-06-27 05:44:23,569 - BasePage - INFO - Current page title is µÇÂ¼
2021-06-27 05:44:23,573 - BasePage - INFO - Current page title is µÇÂ¼
2021-06-27 05:44:23,577 - BasePage - INFO - Current page title is µÇÂ¼
2021-06-27 05:44:23,579 - BasePage - INFO - Current page title is µÇÂ¼
2021-06-27 05:44:23,583 - BasePage - INFO - Current page title is µÇÂ¼
2021-06-27 05:44:23,587 - BasePage - INFO - Current page title is µÇÂ¼
2021-06-27 05:44:23,591 - BasePage - INFO - Current page title is µÇÂ¼
2021-06-27 05:44:23,595 - BasePage - INFO - Current page title is µÇÂ¼
2021-06-27 05:44:23,598 - BasePage - INFO - Current page title is µÇÂ¼
2021-06-27 05:44:23,602 - BasePage - INFO - Current page title is µÇÂ¼
2021-06-27 05:44:23,606 - BasePage - INFO - Current page title is µÇÂ¼
2021-06-27 05:44:23,610 - BasePage - INFO - Current page title is µÇÂ¼
2021-06-27 05:44:23,613 - BasePage - INFO - Current page title is µÇÂ¼
2021-06-27 05:44:23,617 - BasePage - INFO - Current page title is µÇÂ¼
2021-06-27 05:44:23,621 - BasePage - INFO - Current page title is µÇÂ¼
2021-06-27 05:44:23,625 - BasePage - INFO - Current page title is µÇÂ¼
2021-06-27 05:44:23,628 - BasePage - INFO - Current page title is µÇÂ¼
2021-06-27 05:44:23,632 - BasePage - INFO - Current page title is µÇÂ¼
2021-06-27 05:44:23,636 - BasePage - INFO - Current page title is µÇÂ¼
2021-06-27 05:44:23,640 - BasePage - INFO - Current page title is µÇÂ¼
2021-06-27 05:44:23,643 - BasePage - INFO - Current page title is µÇÂ¼
2021-06-27 05:44:23,647 - BasePage - INFO - Current page title is µÇÂ¼
2021-06-27 05:44:23,651 - BasePage - INFO - Current page title is µÇÂ¼
2021-06-27 05:44:23,655 - BasePage - INFO - Current page title is µÇÂ¼
2021-06-27 05:44:23,658 - BasePage - INFO - Current page title is µÇÂ¼
2021-06-27 05:44:23,662 - BasePage - INFO - Current page title is µÇÂ¼
2021-06-27 05:44:23,666 - BasePage - INFO - Current page title is µÇÂ¼
2021-06-27 05:44:23,669 - BasePage - INFO - Current page title is µÇÂ¼
2021-06-27 05:44:23,673 - BasePage - INFO - Current page title is µÇÂ¼
2021-06-27 05:44:23,677 - BasePage - INFO - Current page title is µÇÂ¼
2021-06-27 05:44:23,680 - BasePage - INFO - Current page title is µÇÂ¼
2021-06-27 05:44:23,684 - BasePage - INFO - Current page title is µÇÂ¼
2021-06-27 05:44:23,688 - BasePage - INFO - Current page title is µÇÂ¼
2021-06-27 05:44:23,692 - BasePage - INFO - Current page title is µÇÂ¼
2021-06-27 05:44:23,695 - BasePage - INFO - Current page title is µÇÂ¼
2021-06-27 05:44:23,699 - BasePage - INFO - Current page title is µÇÂ¼
2021-06-27 05:44:23,702 - BasePage - INFO - Current page title is µÇÂ¼
2021-06-27 05:44:23,706 - BasePage - INFO - Current page title is µÇÂ¼
2021-06-27 05:44:23,710 - BasePage - INFO - Current page title is µÇÂ¼
2021-06-27 05:44:23,713 - BasePage - INFO - Current page title is µÇÂ¼
2021-06-27 05:44:23,717 - BasePage - INFO - Current page title is µÇÂ¼
2021-06-27 05:44:23,720 - BasePage - INFO - Current page title is µÇÂ¼
2021-06-27 05:44:23,724 - BasePage - INFO - Current page title is µÇÂ¼
2021-06-27 05:44:23,727 - BasePage - INFO - Current page title is µÇÂ¼
2021-06-27 05:44:23,731 - BasePage - INFO - Current page title is µÇÂ¼
2021-06-27 05:44:23,734 - BasePage - INFO - Current page title is µÇÂ¼
2021-06-27 05:44:23,739 - BasePage - INFO - Current page title is µÇÂ¼
2021-06-27 05:44:23,743 - BasePage - INFO - Current page title is µÇÂ¼
2021-06-27 05:44:23,746 - BasePage - INFO - Current page title is µÇÂ¼
2021-06-27 05:44:23,750 - BasePage - INFO - Current page title is µÇÂ¼
2021-06-27 05:44:23,754 - BasePage - INFO - Current page title is µÇÂ¼
2021-06-27 05:44:23,757 - BasePage - INFO - Current page title is µÇÂ¼
2021-06-27 05:44:23,761 - BasePage - INFO - Current page title is µÇÂ¼
2021-06-27 05:44:23,764 - BasePage - INFO - Current page title is µÇÂ¼
2021-06-27 05:44:23,767 - BasePage - INFO - Current page title is µÇÂ¼
2021-06-27 05:44:23,771 - BasePage - INFO - Current page title is µÇÂ¼
2021-06-27 05:44:23,775 - BasePage - INFO - Current page title is µÇÂ¼
2021-06-27 05:44:23,778 - BasePage - INFO - Current page title is µÇÂ¼
2021-06-27 05:44:23,782 - BasePage - INFO - Current page title is µÇÂ¼
2021-06-27 05:44:23,785 - BasePage - INFO - Current page title is µÇÂ¼
2021-06-27 05:44:23,789 - BasePage - INFO - Current page title is µÇÂ¼
2021-06-27 05:44:23,793 - BasePage - INFO - Current page title is µÇÂ¼
2021-06-27 05:44:23,796 - BasePage - INFO - Current page title is µÇÂ¼
2021-06-27 05:44:23,799 - BasePage - INFO - Current page title is µÇÂ¼
2021-06-27 05:44:23,803 - BasePage - INFO - Current page title is µÇÂ¼
2021-06-27 05:44:23,807 - BasePage - INFO - Current page title is µÇÂ¼
2021-06-27 05:44:23,810 - BasePage - INFO - Current page title is µÇÂ¼
2021-06-27 05:44:23,813 - BasePage - INFO - Current page title is µÇÂ¼
2021-06-27 05:44:23,817 - BasePage - INFO - Current page title is µÇÂ¼
2021-06-27 05:44:23,821 - BasePage - INFO - Current page title is µÇÂ¼
2021-06-27 05:44:23,824 - BasePage - INFO - Current page title is µÇÂ¼
2021-06-27 05:44:23,827 - BasePage - INFO - Current page title is µÇÂ¼
2021-06-27 05:44:23,830 - BasePage - INFO - Current page title is µÇÂ¼
2021-06-27 05:44:23,834 - BasePage - INFO - Current page title is µÇÂ¼
2021-06-27 05:44:23,837 - BasePage - INFO - Current page title is µÇÂ¼
2021-06-27 05:44:23,841 - BasePage - INFO - Current page title is µÇÂ¼
2021-06-27 05:44:23,844 - BasePage - INFO - Current page title is µÇÂ¼
2021-06-27 05:44:23,848 - BasePage - INFO - Current page title is µÇÂ¼
2021-06-27 05:44:23,852 - BasePage - INFO - Current page title is µÇÂ¼
2021-06-27 05:44:23,856 - BasePage - INFO - Current page title is µÇÂ¼
2021-06-27 05:44:23,859 - BasePage - INFO - Current page title is µÇÂ¼
2021-06-27 05:44:23,862 - BasePage - INFO - Current page title is µÇÂ¼
2021-06-27 05:44:23,866 - BasePage - INFO - Current page title is µÇÂ¼
2021-06-27 05:44:23,869 - BasePage - INFO - Current page title is µÇÂ¼
2021-06-27 05:44:23,872 - BasePage - INFO - Current page title is µÇÂ¼
2021-06-27 05:44:23,875 - BasePage - INFO - Current page title is µÇÂ¼
2021-06-27 05:44:23,878 - BasePage - INFO - Current page title is µÇÂ¼
2021-06-27 05:44:23,881 - BasePage - INFO - Current page title is µÇÂ¼
2021-06-27 05:44:23,885 - BasePage - INFO - Current page title is µÇÂ¼
2021-06-27 05:44:23,888 - BasePage - INFO - Current page title is µÇÂ¼
2021-06-27 05:44:23,891 - BasePage - INFO - Current page title is µÇÂ¼
2021-06-27 05:44:23,894 - BasePage - INFO - Current page title is µÇÂ¼
2021-06-27 05:44:23,897 - BasePage - INFO - Current page title is µÇÂ¼
2021-06-27 05:44:23,901 - BasePage - INFO - Current page title is µÇÂ¼
2021-06-27 05:44:23,904 - BasePage - INFO - Current page title is µÇÂ¼
2021-06-27 05:44:23,908 - BasePage - INFO - Current page title is µÇÂ¼
2021-06-27 05:44:23,911 - BasePage - INFO - Current page title is µÇÂ¼
2021-06-27 05:44:23,914 - BasePage - INFO - Current page title is µÇÂ¼
2021-06-27 05:44:23,918 - BasePage - INFO - Current page title is µÇÂ¼
2021-06-27 05:44:23,921 - BasePage - INFO - Current page title is µÇÂ¼
2021-06-27 05:44:23,924 - BasePage - INFO - Current page title is µÇÂ¼
2021-06-27 05:44:23,928 - BasePage - INFO - Current page title is µÇÂ¼
2021-06-27 05:44:23,931 - BasePage - INFO - Current page title is µÇÂ¼
2021-06-27 05:44:23,934 - BasePage - INFO - Current page title is µÇÂ¼
2021-06-27 05:44:23,937 - BasePage - INFO - Current page title is µÇÂ¼
2021-06-27 05:44:23,941 - BasePage - INFO - Current page title is µÇÂ¼
2021-06-27 05:44:23,944 - BasePage - INFO - Current page title is µÇÂ¼
2021-06-27 05:44:23,947 - BasePage - INFO - Current page title is µÇÂ¼
2021-06-27 05:44:23,950 - BasePage - INFO - Current page title is µÇÂ¼
2021-06-27 05:44:23,953 - BasePage - INFO - Current page title is µÇÂ¼
2021-06-27 05:44:23,956 - BasePage - INFO - Current page title is µÇÂ¼
2021-06-27 05:44:23,961 - BasePage - INFO - Current page title is µÇÂ¼
2021-06-27 05:44:23,963 - BasePage - INFO - Current page title is µÇÂ¼
2021-06-27 05:44:23,966 - BasePage - INFO - Current page title is µÇÂ¼
2021-06-27 05:44:23,970 - BasePage - INFO - Current page title is µÇÂ¼
2021-06-27 05:44:23,973 - BasePage - INFO - Current page title is µÇÂ¼
2021-06-27 05:44:23,977 - BasePage - INFO - Current page title is µÇÂ¼
2021-06-27 05:44:23,980 - BasePage - INFO - Current page title is µÇÂ¼
2021-06-27 05:44:23,983 - BasePage - INFO - Current page title is µÇÂ¼
2021-06-27 05:44:23,987 - BasePage - INFO - Current page title is µÇÂ¼
2021-06-27 05:44:23,990 - BasePage - INFO - Current page title is µÇÂ¼
2021-06-27 05:44:23,994 - BasePage - INFO - Current page title is µÇÂ¼
2021-06-27 05:44:23,998 - BasePage - INFO - Current page title is µÇÂ¼
2021-06-27 05:44:24,001 - BasePage - INFO - Current page title is µÇÂ¼
2021-06-27 05:44:24,005 - BasePage - INFO - Current page title is µÇÂ¼
2021-06-27 05:44:24,008 - BasePage - INFO - Current page title is µÇÂ¼
2021-06-27 05:44:24,011 - BasePage - INFO - Current page title is µÇÂ¼
2021-06-27 05:44:24,015 - BasePage - INFO - Current page title is µÇÂ¼
2021-06-27 05:44:24,018 - BasePage - INFO - Current page title is µÇÂ¼
2021-06-27 05:44:24,022 - BasePage - INFO - Current page title is µÇÂ¼
2021-06-27 05:44:24,025 - BasePage - INFO - Current page title is µÇÂ¼
2021-06-27 05:44:24,029 - BasePage - INFO - Current page title is µÇÂ¼
2021-06-27 05:44:24,032 - BasePage - INFO - Current page title is µÇÂ¼
2021-06-27 05:44:24,036 - BasePage - INFO - Current page title is µÇÂ¼
2021-06-27 05:44:24,040 - BasePage - INFO - Current page title is µÇÂ¼
2021-06-27 05:44:24,043 - BasePage - INFO - Current page title is µÇÂ¼
2021-06-27 05:44:24,047 - BasePage - INFO - Current page title is µÇÂ¼
2021-06-27 05:44:24,050 - BasePage - INFO - Current page title is µÇÂ¼
2021-06-27 05:44:24,054 - BasePage - INFO - Current page title is µÇÂ¼
2021-06-27 05:44:24,057 - BasePage - INFO - Current page title is µÇÂ¼
2021-06-27 05:44:24,060 - BasePage - INFO - Current page title is µÇÂ¼
2021-06-27 05:44:24,064 - BasePage - INFO - Current page title is µÇÂ¼
2021-06-27 05:44:24,067 - BasePage - INFO - Current page title is µÇÂ¼
2021-06-27 05:44:24,071 - BasePage - INFO - Current page title is µÇÂ¼
2021-06-27 05:44:24,074 - BasePage - INFO - Current page title is µÇÂ¼
2021-06-27 05:44:24,077 - BasePage - INFO - Current page title is µÇÂ¼
2021-06-27 05:44:24,080 - BasePage - INFO - Current page title is µÇÂ¼
2021-06-27 05:44:24,083 - BasePage - INFO - Current page title is µÇÂ¼
2021-06-27 05:44:24,087 - BasePage - INFO - Current page title is µÇÂ¼
2021-06-27 05:44:24,090 - BasePage - INFO - Current page title is µÇÂ¼
2021-06-27 05:44:24,093 - BasePage - INFO - Current page title is µÇÂ¼
2021-06-27 05:44:24,096 - BasePage - INFO - Current page title is µÇÂ¼
2021-06-27 05:44:24,100 - BasePage - INFO - Current page title is µÇÂ¼
2021-06-27 05:44:24,103 - BasePage - INFO - Current page title is µÇÂ¼
2021-06-27 05:44:24,106 - BasePage - INFO - Current page title is µÇÂ¼
2021-06-27 05:44:24,109 - BasePage - INFO - Current page title is µÇÂ¼
2021-06-27 05:44:24,112 - BasePage - INFO - Current page title is µÇÂ¼
2021-06-27 05:44:24,116 - BasePage - INFO - Current page title is µÇÂ¼
2021-06-27 05:44:24,119 - BasePage - INFO - Current page title is µÇÂ¼
2021-06-27 05:44:24,122 - BasePage - INFO - Current page title is µÇÂ¼
2021-06-27 05:44:24,126 - BasePage - INFO - Current page title is µÇÂ¼
2021-06-27 05:44:24,129 - BasePage - INFO - Current page title is µÇÂ¼
2021-06-27 05:44:24,132 - BasePage - INFO - Current page title is µÇÂ¼
2021-06-27 05:44:24,135 - BasePage - INFO - Current page title is µÇÂ¼
2021-06-27 05:44:24,139 - BasePage - INFO - Current page title is µÇÂ¼
2021-06-27 05:44:24,142 - BasePage - INFO - Current page title is µÇÂ¼
2021-06-27 05:44:24,145 - BasePage - INFO - Current page title is µÇÂ¼
2021-06-27 05:44:24,148 - BasePage - INFO - Current page title is µÇÂ¼
2021-06-27 05:44:24,152 - BasePage - INFO - Current page title is µÇÂ¼
2021-06-27 05:44:24,155 - BasePage - INFO - Current page title is µÇÂ¼
2021-06-27 05:44:24,158 - BasePage - INFO - Current page title is µÇÂ¼
2021-06-27 05:44:24,161 - BasePage - INFO - Current page title is µÇÂ¼
2021-06-27 05:44:24,165 - BasePage - INFO - Current page title is µÇÂ¼
2021-06-27 05:44:24,168 - BasePage - INFO - Current page title is µÇÂ¼
2021-06-27 05:44:24,171 - BasePage - INFO - Current page title is µÇÂ¼
2021-06-27 05:44:24,173 - BasePage - INFO - Current page title is µÇÂ¼
2021-06-27 05:44:24,176 - BasePage - INFO - Current page title is µÇÂ¼
2021-06-27 05:44:24,180 - BasePage - INFO - Current page title is µÇÂ¼
2021-06-27 05:44:24,183 - BasePage - INFO - Current page title is µÇÂ¼
2021-06-27 05:44:24,187 - BasePage - INFO - Current page title is µÇÂ¼
2021-06-27 05:44:24,191 - BasePage - INFO - Current page title is µÇÂ¼
2021-06-27 05:44:24,195 - BasePage - INFO - Current page title is µÇÂ¼
2021-06-27 05:44:24,198 - BasePage - INFO - Current page title is µÇÂ¼
2021-06-27 05:44:24,202 - BasePage - INFO - Current page title is µÇÂ¼
2021-06-27 05:44:24,205 - BasePage - INFO - Current page title is µÇÂ¼
2021-06-27 05:44:24,209 - BasePage - INFO - Current page title is µÇÂ¼
2021-06-27 05:44:24,213 - BasePage - INFO - Current page title is µÇÂ¼
2021-06-27 05:44:24,216 - BasePage - INFO - Current page title is µÇÂ¼
2021-06-27 05:44:24,219 - BasePage - INFO - Current page title is µÇÂ¼
2021-06-27 05:44:24,223 - BasePage - INFO - Current page title is µÇÂ¼
2021-06-27 05:44:24,227 - BasePage - INFO - Current page title is µÇÂ¼
2021-06-27 05:44:24,230 - BasePage - INFO - Current page title is µÇÂ¼
2021-06-27 05:44:24,233 - BasePage - INFO - Current page title is µÇÂ¼
2021-06-27 05:44:24,237 - BasePage - INFO - Current page title is µÇÂ¼
2021-06-27 05:44:24,240 - BasePage - INFO - Current page title is µÇÂ¼
2021-06-27 05:44:24,243 - BasePage - INFO - Current page title is µÇÂ¼
2021-06-27 05:44:24,247 - BasePage - INFO - Current page title is µÇÂ¼
2021-06-27 05:44:24,250 - BasePage - INFO - Current page title is µÇÂ¼
2021-06-27 05:44:24,254 - BasePage - INFO - Current page title is µÇÂ¼
2021-06-27 05:44:24,258 - BasePage - INFO - Current page title is µÇÂ¼
2021-06-27 05:44:24,261 - BasePage - INFO - Current page title is µÇÂ¼
2021-06-27 05:44:24,265 - BasePage - INFO - Current page title is µÇÂ¼
2021-06-27 05:44:24,268 - BasePage - INFO - Current page title is µÇÂ¼
2021-06-27 05:44:24,272 - BasePage - INFO - Current page title is µÇÂ¼
2021-06-27 05:44:24,275 - BasePage - INFO - Current page title is µÇÂ¼
2021-06-27 05:44:24,279 - BasePage - INFO - Current page title is µÇÂ¼
2021-06-27 05:44:24,282 - BasePage - INFO - Current page title is µÇÂ¼
2021-06-27 05:44:24,286 - BasePage - INFO - Current page title is µÇÂ¼
2021-06-27 05:44:24,290 - BasePage - INFO - Current page title is µÇÂ¼
2021-06-27 05:44:24,293 - BasePage - INFO - Current page title is µÇÂ¼
2021-06-27 05:44:24,296 - BasePage - INFO - Current page title is µÇÂ¼
2021-06-27 05:44:24,299 - BasePage - INFO - Current page title is µÇÂ¼
2021-06-27 05:44:24,303 - BasePage - INFO - Current page title is µÇÂ¼
2021-06-27 05:44:24,306 - BasePage - INFO - Current page title is µÇÂ¼
2021-06-27 05:44:24,310 - BasePage - INFO - Current page title is µÇÂ¼
2021-06-27 05:44:24,313 - BasePage - INFO - Current page title is µÇÂ¼
2021-06-27 05:44:40,086 - BrowserEngine - INFO - You had select Chrome browser.
2021-06-27 05:44:40,086 - BrowserEngine - INFO - The test server url is: https://bjjj.zhongchebaolian.com/cgsadm
2021-06-27 05:44:41,148 - BrowserEngine - INFO - Starting Chrome browser
2021-06-27 05:44:42,689 - BrowserEngine - INFO - Open url: https://bjjj.zhongchebaolian.com/cgsadm 
2021-06-27 05:44:42,972 - BrowserEngine - INFO - Maximize the current window. 
2021-06-27 05:44:42,989 - BasePage - INFO - Had find the element '  ' seccessful by id via value:  username 
2021-06-27 05:44:43,040 - BasePage - INFO - Had type ' 17600352198 ' in inputBox
2021-06-27 05:44:43,056 - BasePage - INFO - Had find the element '  ' seccessful by id via value:  password 
2021-06-27 05:44:43,103 - BasePage - INFO - Had type ' a12345678 ' in inputBox
2021-06-27 05:44:43,119 - BasePage - INFO - Had find the element '  ' seccessful by id via value:  account-img-code 
2021-06-27 05:44:43,162 - BasePage - INFO - Had type ' 1234 ' in inputBox
2021-06-27 05:44:43,177 - BasePage - INFO - Had find the element ' µÇÂ¼ ' seccessful by id via value:  login-btn 
2021-06-27 05:44:43,182 - BasePage - INFO - The element ' µÇÂ¼ ' was clicked.
2021-06-27 05:44:43,212 - BasePage - INFO - Current page title is µÇÂ¼
2021-06-27 05:44:48,214 - BasePage - INFO - Sleep for 5 seconds
2021-06-27 05:44:48,223 - BasePage - INFO - Had find the element ' µÇÂ¼ ' seccessful by id via value:  login-btn 
2021-06-27 05:44:48,227 - BasePage - INFO - The element ' µÇÂ¼ ' was clicked.
2021-06-27 05:44:48,241 - BasePage - INFO - Current page title is µÇÂ¼
2021-06-27 05:44:53,244 - BasePage - INFO - Sleep for 5 seconds
2021-06-27 05:44:53,259 - BasePage - INFO - Had find the element ' µÇÂ¼ ' seccessful by id via value:  login-btn 
2021-06-27 05:44:53,264 - BasePage - INFO - The element ' µÇÂ¼ ' was clicked.
2021-06-27 05:44:53,284 - BasePage - INFO - Current page title is µÇÂ¼
2021-06-27 05:44:58,288 - BasePage - INFO - Sleep for 5 seconds
2021-06-27 05:44:58,296 - BasePage - INFO - Had find the element ' µÇÂ¼ ' seccessful by id via value:  login-btn 
2021-06-27 05:44:58,300 - BasePage - INFO - The element ' µÇÂ¼ ' was clicked.
2021-06-27 05:44:58,315 - BasePage - INFO - Current page title is µÇÂ¼
2021-06-27 05:45:03,317 - BasePage - INFO - Sleep for 5 seconds
2021-06-27 05:45:03,326 - BasePage - INFO - Had find the element ' µÇÂ¼ ' seccessful by id via value:  login-btn 
2021-06-27 05:45:03,330 - BasePage - INFO - The element ' µÇÂ¼ ' was clicked.
2021-06-27 05:45:03,343 - BasePage - INFO - Current page title is µÇÂ¼
