2021-06-27 04:34:07,260 - BrowserEngine - INFO - You had select Chrome browser.
2021-06-27 04:34:07,260 - BrowserEngine - INFO - The test server url is: https://bjjj.zhongchebaolian.com/cgsadm
2021-06-27 04:34:08,344 - BrowserEngine - INFO - Starting Chrome browser
2021-06-27 04:34:10,034 - BrowserEngine - INFO - Open url: https://bjjj.zhongchebaolian.com/cgsadm 
2021-06-27 04:34:10,362 - BrowserEngine - INFO - Maximize the current window. 
2021-06-27 04:34:10,373 - BasePage - INFO - 1
2021-06-27 04:34:10,383 - BasePage - INFO - Had find the element '  ' seccessful by id via value:  username 
2021-06-27 04:34:10,463 - BasePage - INFO - Had type ' 17600352198 ' in inputBox
2021-06-27 04:34:10,471 - BasePage - INFO - 1
2021-06-27 04:34:10,481 - BasePage - INFO - Had find the element '  ' seccessful by id via value:  password 
2021-06-27 04:34:10,550 - BasePage - INFO - Had type ' a12345678 ' in inputBox
2021-06-27 04:34:10,560 - BasePage - INFO - 1
2021-06-27 04:34:10,568 - BasePage - INFO - Had find the element '  ' seccessful by id via value:  account-img-code 
2021-06-27 04:34:10,626 - BasePage - INFO - Had type ' 1234 ' in inputBox
2021-06-27 04:34:10,627 - BasePage - INFO - wait for 5 seconds.
2021-06-27 04:34:10,634 - BasePage - INFO - 1
2021-06-27 04:34:10,643 - BasePage - INFO - Had find the element ' µÇÂ¼ ' seccessful by id via value:  login-btn 
2021-06-27 04:34:10,651 - BasePage - INFO - The element ' µÇÂ¼ ' was clicked.
2021-06-27 04:34:10,699 - BasePage - INFO - 1
2021-06-27 04:34:10,707 - BasePage - INFO - Had find the element '  ' seccessful by id via value:  login-error-box 
2021-06-27 04:34:10,718 - BasePage - INFO - wait for 1 seconds.
2021-06-27 04:34:10,729 - BasePage - INFO - 1
2021-06-27 04:34:10,738 - BasePage - INFO - Had find the element '  ' seccessful by id via value:  imgCode 
