2021-06-27 04:43:49,978 - BrowserEngine - INFO - You had select Chrome browser.
2021-06-27 04:43:49,979 - BrowserEngine - INFO - The test server url is: https://bjjj.zhongchebaolian.com/cgsadm
2021-06-27 04:43:51,073 - BrowserEngine - INFO - Starting Chrome browser
2021-06-27 04:43:52,725 - BrowserEngine - INFO - Open url: https://bjjj.zhongchebaolian.com/cgsadm 
2021-06-27 04:43:53,041 - BrowserEngine - INFO - Maximize the current window. 
2021-06-27 04:43:53,053 - BasePage - INFO - 1
2021-06-27 04:43:53,063 - BasePage - INFO - Had find the element '  ' seccessful by id via value:  username 
2021-06-27 04:43:53,143 - BasePage - INFO - Had type ' 17600352198 ' in inputBox
2021-06-27 04:43:53,154 - BasePage - INFO - 1
2021-06-27 04:43:53,164 - BasePage - INFO - Had find the element '  ' seccessful by id via value:  password 
2021-06-27 04:43:53,270 - BasePage - INFO - Had type ' a12345678 ' in inputBox
2021-06-27 04:43:53,280 - BasePage - INFO - 1
2021-06-27 04:43:53,290 - BasePage - INFO - Had find the element '  ' seccessful by id via value:  account-img-code 
2021-06-27 04:43:53,351 - BasePage - INFO - Had type ' 1234 ' in inputBox
2021-06-27 04:43:53,353 - BasePage - INFO - wait for 5 seconds.
2021-06-27 04:43:53,360 - BasePage - INFO - 1
2021-06-27 04:43:53,374 - BasePage - INFO - Had find the element ' µÇÂ¼ ' seccessful by id via value:  login-btn 
2021-06-27 04:43:53,378 - BasePage - INFO - The element ' µÇÂ¼ ' was clicked.
2021-06-27 04:44:03,423 - BasePage - INFO - 1
2021-06-27 04:44:03,433 - BasePage - INFO - Had find the element ' µÇÂ¼ ' seccessful by id via value:  login-btn 
2021-06-27 04:44:03,439 - BasePage - INFO - The element ' µÇÂ¼ ' was clicked.
2021-06-27 04:44:13,470 - BasePage - INFO - 1
2021-06-27 04:44:13,476 - BasePage - INFO - Had find the element ' µÇÂ¼ ' seccessful by id via value:  login-btn 
2021-06-27 04:44:13,479 - BasePage - INFO - The element ' µÇÂ¼ ' was clicked.
2021-06-27 04:44:23,501 - BasePage - INFO - 1
2021-06-27 04:44:23,506 - BasePage - INFO - Had find the element ' µÇÂ¼ ' seccessful by id via value:  login-btn 
2021-06-27 04:44:23,512 - BasePage - INFO - The element ' µÇÂ¼ ' was clicked.
