2021-06-27 04:36:50,250 - BrowserEngine - INFO - You had select Chrome browser.
2021-06-27 04:36:50,252 - BrowserEngine - INFO - The test server url is: https://bjjj.zhongchebaolian.com/cgsadm
2021-06-27 04:36:51,353 - BrowserEngine - INFO - Starting Chrome browser
2021-06-27 04:36:53,403 - BrowserEngine - INFO - Open url: https://bjjj.zhongchebaolian.com/cgsadm 
2021-06-27 04:36:53,787 - BrowserEngine - INFO - Maximize the current window. 
2021-06-27 04:36:53,796 - BasePage - INFO - 1
2021-06-27 04:36:53,805 - BasePage - INFO - Had find the element '  ' seccessful by id via value:  username 
2021-06-27 04:36:53,884 - BasePage - INFO - Had type ' 17600352198 ' in inputBox
2021-06-27 04:36:53,891 - BasePage - INFO - 1
2021-06-27 04:36:53,903 - BasePage - INFO - Had find the element '  ' seccessful by id via value:  password 
2021-06-27 04:36:54,023 - BasePage - INFO - Had type ' a12345678 ' in inputBox
2021-06-27 04:36:54,036 - BasePage - INFO - 1
2021-06-27 04:36:54,046 - BasePage - INFO - Had find the element '  ' seccessful by id via value:  account-img-code 
2021-06-27 04:36:54,125 - BasePage - INFO - Had type ' 1234 ' in inputBox
2021-06-27 04:36:54,125 - BasePage - INFO - wait for 5 seconds.
2021-06-27 04:36:54,136 - BasePage - INFO - 1
2021-06-27 04:36:54,144 - BasePage - INFO - Had find the element ' µÇÂ¼ ' seccessful by id via value:  login-btn 
2021-06-27 04:36:54,150 - BasePage - INFO - The element ' µÇÂ¼ ' was clicked.
2021-06-27 04:36:54,192 - BasePage - INFO - 1
2021-06-27 04:36:54,201 - BasePage - INFO - Had find the element '  ' seccessful by id via value:  login-error-box 
2021-06-27 04:37:04,209 - BasePage - INFO - wait for 5 seconds.
2021-06-27 04:37:04,220 - BasePage - INFO - 1
2021-06-27 04:37:04,228 - BasePage - INFO - Had find the element '  ' seccessful by id via value:  account-img-code 
2021-06-27 04:37:04,277 - BasePage - INFO - Had type ' 1234 ' in inputBox
2021-06-27 04:37:04,286 - BasePage - INFO - 1
2021-06-27 04:37:04,294 - BasePage - INFO - Had find the element ' µÇÂ¼ ' seccessful by id via value:  login-btn 
2021-06-27 04:37:04,301 - BasePage - INFO - The element ' µÇÂ¼ ' was clicked.
2021-06-27 04:37:14,327 - BasePage - INFO - wait for 5 seconds.
2021-06-27 04:37:14,331 - BasePage - INFO - 1
2021-06-27 04:37:14,339 - BasePage - INFO - Had find the element '  ' seccessful by id via value:  account-img-code 
2021-06-27 04:37:14,386 - BasePage - INFO - Had type ' 1234 ' in inputBox
2021-06-27 04:37:14,390 - BasePage - INFO - 1
2021-06-27 04:37:14,394 - BasePage - INFO - Had find the element ' µÇÂ¼ ' seccessful by id via value:  login-btn 
2021-06-27 04:37:14,401 - BasePage - INFO - The element ' µÇÂ¼ ' was clicked.
2021-06-27 04:37:24,420 - BasePage - INFO - wait for 5 seconds.
2021-06-27 04:37:29,439 - BasePage - ERROR - NoSuchElementException: Message: no such element: Unable to locate element: {"method":"css selector","selector":"[id="account-img-code"]"}
  (Session info: chrome=91.0.4472.114)

2021-06-27 04:37:29,582 - BasePage - INFO - Had take screenshot and save to folder : /screenshots
