2021-06-27 05:52:03,377 - BrowserEngine - INFO - You had select Chrome browser.
2021-06-27 05:52:03,377 - BrowserEngine - INFO - The test server url is: https://bjjj.zhongchebaolian.com/cgsadm
2021-06-27 05:52:04,443 - BrowserEngine - INFO - Starting Chrome browser
2021-06-27 05:52:06,089 - BrowserEngine - INFO - Open url: https://bjjj.zhongchebaolian.com/cgsadm 
2021-06-27 05:52:06,390 - BrowserEngine - INFO - Maximize the current window. 
2021-06-27 05:52:06,407 - BasePage - INFO - Had find the element '  ' seccessful by id via value:  username 
2021-06-27 05:52:06,469 - BasePage - INFO - Had type ' 17600352198 ' in inputBox
2021-06-27 05:52:06,484 - BasePage - INFO - Had find the element '  ' seccessful by id via value:  password 
2021-06-27 05:52:06,545 - BasePage - INFO - Had type ' a12345678 ' in inputBox
2021-06-27 05:52:06,560 - BasePage - INFO - Had find the element '  ' seccessful by id via value:  account-img-code 
2021-06-27 05:52:06,610 - BasePage - INFO - Had type ' 1234 ' in inputBox
2021-06-27 05:52:06,625 - BasePage - INFO - Had find the element ' µÇÂ¼ ' seccessful by id via value:  login-btn 
2021-06-27 05:52:06,629 - BasePage - INFO - The element ' µÇÂ¼ ' was clicked.
2021-06-27 05:52:06,659 - BasePage - INFO - Current page title is µÇÂ¼
2021-06-27 05:52:11,661 - BasePage - INFO - Sleep for 5 seconds
2021-06-27 05:52:11,670 - BasePage - INFO - Had find the element ' µÇÂ¼ ' seccessful by id via value:  login-btn 
2021-06-27 05:52:11,675 - BasePage - INFO - The element ' µÇÂ¼ ' was clicked.
2021-06-27 05:52:11,692 - BasePage - INFO - Current page title is µÇÂ¼
2021-06-27 05:52:16,695 - BasePage - INFO - Sleep for 5 seconds
2021-06-27 05:52:16,711 - BasePage - INFO - Had find the element ' µÇÂ¼ ' seccessful by id via value:  login-btn 
2021-06-27 05:52:16,716 - BasePage - INFO - The element ' µÇÂ¼ ' was clicked.
2021-06-27 05:52:16,740 - BasePage - INFO - Current page title is µÇÂ¼
2021-06-27 05:52:21,743 - BasePage - INFO - Sleep for 5 seconds
2021-06-27 05:52:21,750 - BasePage - INFO - Had find the element ' µÇÂ¼ ' seccessful by id via value:  login-btn 
2021-06-27 05:52:21,755 - BasePage - INFO - The element ' µÇÂ¼ ' was clicked.
2021-06-27 05:52:21,774 - BasePage - INFO - Current page title is µÇÂ¼
2021-06-27 05:52:26,777 - BasePage - INFO - Sleep for 5 seconds
2021-06-27 05:52:26,785 - BasePage - INFO - Had find the element ' µÇÂ¼ ' seccessful by id via value:  login-btn 
2021-06-27 05:52:26,789 - BasePage - INFO - The element ' µÇÂ¼ ' was clicked.
2021-06-27 05:52:26,806 - BasePage - INFO - Current page title is µÇÂ¼
2021-06-27 05:52:31,809 - BasePage - INFO - Sleep for 5 seconds
2021-06-27 05:52:31,819 - BasePage - INFO - Had find the element ' µÇÂ¼ ' seccessful by id via value:  login-btn 
2021-06-27 05:52:31,823 - BasePage - INFO - The element ' µÇÂ¼ ' was clicked.
2021-06-27 05:52:31,838 - BasePage - INFO - Current page title is µÇÂ¼
2021-06-27 05:52:36,840 - BasePage - INFO - Sleep for 5 seconds
2021-06-27 05:52:36,848 - BasePage - INFO - Had find the element ' µÇÂ¼ ' seccessful by id via value:  login-btn 
2021-06-27 05:52:36,852 - BasePage - INFO - The element ' µÇÂ¼ ' was clicked.
2021-06-27 05:52:36,866 - BasePage - INFO - Current page title is µÇÂ¼
2021-06-27 05:52:41,868 - BasePage - INFO - Sleep for 5 seconds
2021-06-27 05:52:41,876 - BasePage - ERROR - NoSuchElementException: Message: no such element: Unable to locate element: {"method":"css selector","selector":"[id="login-btn"]"}
  (Session info: chrome=91.0.4472.114)

2021-06-27 05:52:42,000 - BasePage - INFO - Had take screenshot and save to folder : /screenshots
2021-06-27 05:52:57,341 - BrowserEngine - INFO - You had select Chrome browser.
2021-06-27 05:52:57,341 - BrowserEngine - INFO - The test server url is: https://bjjj.zhongchebaolian.com/cgsadm
2021-06-27 05:52:58,376 - BrowserEngine - INFO - Starting Chrome browser
2021-06-27 05:53:00,016 - BrowserEngine - INFO - Open url: https://bjjj.zhongchebaolian.com/cgsadm 
2021-06-27 05:53:00,307 - BrowserEngine - INFO - Maximize the current window. 
2021-06-27 05:53:00,324 - BasePage - INFO - Had find the element '  ' seccessful by id via value:  username 
2021-06-27 05:53:00,387 - BasePage - INFO - Had type ' 17600352198 ' in inputBox
2021-06-27 05:53:00,402 - BasePage - INFO - Had find the element '  ' seccessful by id via value:  password 
2021-06-27 05:53:00,477 - BasePage - INFO - Had type ' a12345678 ' in inputBox
2021-06-27 05:53:00,492 - BasePage - INFO - Had find the element '  ' seccessful by id via value:  account-img-code 
2021-06-27 05:53:00,543 - BasePage - INFO - Had type ' 1234 ' in inputBox
2021-06-27 05:53:00,559 - BasePage - INFO - Had find the element ' µÇÂ¼ ' seccessful by id via value:  login-btn 
2021-06-27 05:53:00,564 - BasePage - INFO - The element ' µÇÂ¼ ' was clicked.
2021-06-27 05:53:00,595 - BasePage - INFO - Current page title is µÇÂ¼
2021-06-27 05:53:05,598 - BasePage - INFO - Sleep for 5 seconds
2021-06-27 05:53:05,607 - BasePage - INFO - Had find the element ' µÇÂ¼ ' seccessful by id via value:  login-btn 
2021-06-27 05:53:05,611 - BasePage - INFO - The element ' µÇÂ¼ ' was clicked.
2021-06-27 05:53:05,626 - BasePage - INFO - Current page title is µÇÂ¼
2021-06-27 05:53:10,629 - BasePage - INFO - Sleep for 5 seconds
2021-06-27 05:53:10,644 - BasePage - INFO - Had find the element ' µÇÂ¼ ' seccessful by id via value:  login-btn 
2021-06-27 05:53:10,649 - BasePage - INFO - The element ' µÇÂ¼ ' was clicked.
2021-06-27 05:53:10,674 - BasePage - INFO - Current page title is µÇÂ¼
2021-06-27 05:53:15,678 - BasePage - INFO - Sleep for 5 seconds
2021-06-27 05:53:15,686 - BasePage - INFO - Had find the element ' µÇÂ¼ ' seccessful by id via value:  login-btn 
2021-06-27 05:53:15,690 - BasePage - INFO - The element ' µÇÂ¼ ' was clicked.
2021-06-27 05:53:15,706 - BasePage - INFO - Current page title is µÇÂ¼
2021-06-27 05:53:20,709 - BasePage - INFO - Sleep for 5 seconds
2021-06-27 05:53:20,718 - BasePage - INFO - Had find the element ' µÇÂ¼ ' seccessful by id via value:  login-btn 
2021-06-27 05:53:20,722 - BasePage - INFO - The element ' µÇÂ¼ ' was clicked.
2021-06-27 05:53:20,739 - BasePage - INFO - Current page title is µÇÂ¼
2021-06-27 05:53:25,743 - BasePage - INFO - Sleep for 5 seconds
2021-06-27 05:53:25,751 - BasePage - INFO - Had find the element ' µÇÂ¼ ' seccessful by id via value:  login-btn 
2021-06-27 05:53:25,755 - BasePage - INFO - The element ' µÇÂ¼ ' was clicked.
2021-06-27 05:53:25,771 - BasePage - INFO - Current page title is µÇÂ¼
2021-06-27 05:53:30,773 - BasePage - INFO - Sleep for 5 seconds
2021-06-27 05:53:30,782 - BasePage - INFO - Had find the element ' µÇÂ¼ ' seccessful by id via value:  login-btn 
2021-06-27 05:53:30,785 - BasePage - INFO - The element ' µÇÂ¼ ' was clicked.
2021-06-27 05:53:30,800 - BasePage - INFO - Current page title is µÇÂ¼
2021-06-27 05:53:35,803 - BasePage - INFO - Sleep for 5 seconds
2021-06-27 05:53:35,812 - BasePage - ERROR - NoSuchElementException: Message: no such element: Unable to locate element: {"method":"css selector","selector":"[id="login-btn"]"}
  (Session info: chrome=91.0.4472.114)

2021-06-27 05:53:35,933 - BasePage - INFO - Had take screenshot and save to folder : /screenshots
2021-06-27 05:53:35,936 - BasePage - INFO - Current page title is Ê×Ò³ - ³µ¹ÜËù¹ÜÀíÏµÍ³
