2021-06-27 04:25:36,048 - BrowserEngine - INFO - You had select Chrome browser.
2021-06-27 04:25:36,049 - BrowserEngine - INFO - The test server url is: https://bjjj.zhongchebaolian.com/cgsadm
2021-06-27 04:25:37,171 - BrowserEngine - INFO - Starting Chrome browser
2021-06-27 04:25:38,799 - BrowserEngine - INFO - Open url: https://bjjj.zhongchebaolian.com/cgsadm 
2021-06-27 04:25:39,113 - BrowserEngine - INFO - Maximize the current window. 
2021-06-27 04:25:39,124 - BasePage - INFO - 1
2021-06-27 04:25:39,131 - BasePage - INFO - Had find the element '  ' seccessful by id via value:  username 
2021-06-27 04:25:39,207 - BasePage - INFO - Had type ' 17600352198 ' in inputBox
2021-06-27 04:25:39,215 - BasePage - INFO - 1
2021-06-27 04:25:39,225 - BasePage - INFO - Had find the element '  ' seccessful by id via value:  password 
2021-06-27 04:25:39,313 - BasePage - INFO - Had type ' a123456789 ' in inputBox
2021-06-27 04:25:39,321 - BasePage - INFO - 1
2021-06-27 04:25:39,329 - BasePage - INFO - Had find the element '  ' seccessful by id via value:  account-img-code 
2021-06-27 04:25:39,388 - BasePage - INFO - Had type ' 1234 ' in inputBox
2021-06-27 04:25:39,396 - BasePage - INFO - 1
2021-06-27 04:25:39,410 - BasePage - INFO - Had find the element ' 登录 ' seccessful by id via value:  login-btn 
2021-06-27 04:25:39,415 - BasePage - INFO - The element ' 登录 ' was clicked.
2021-06-27 04:25:39,457 - BasePage - INFO - 1
2021-06-27 04:25:39,471 - BasePage - INFO - Had find the element ' 图形验证码有误，请重新输入 ' seccessful by id via value:  login-error-box 
2021-06-27 04:25:39,479 - BasePage - INFO - wait for 1 seconds.
2021-06-27 04:25:39,480 - BasePage - INFO - wait for 1 seconds.
2021-06-27 04:25:39,481 - BasePage - INFO - wait for 1 seconds.
2021-06-27 04:25:39,482 - BasePage - INFO - wait for 1 seconds.
2021-06-27 04:25:39,482 - BasePage - INFO - wait for 1 seconds.
2021-06-27 04:25:39,483 - BasePage - INFO - wait for 1 seconds.
2021-06-27 04:25:39,485 - BasePage - INFO - wait for 1 seconds.
2021-06-27 04:25:39,486 - BasePage - INFO - wait for 1 seconds.
2021-06-27 04:25:39,487 - BasePage - INFO - wait for 1 seconds.
2021-06-27 04:25:39,488 - BasePage - INFO - wait for 1 seconds.
2021-06-27 04:25:39,489 - BasePage - INFO - wait for 1 seconds.
2021-06-27 04:25:39,490 - BasePage - INFO - wait for 1 seconds.
2021-06-27 04:25:39,491 - BasePage - INFO - wait for 1 seconds.
2021-06-27 04:25:39,492 - BasePage - INFO - wait for 1 seconds.
2021-06-27 04:25:39,492 - BasePage - INFO - wait for 1 seconds.
2021-06-27 04:25:39,494 - BasePage - INFO - wait for 1 seconds.
2021-06-27 04:25:39,495 - BasePage - INFO - wait for 1 seconds.
2021-06-27 04:25:39,495 - BasePage - INFO - wait for 1 seconds.
2021-06-27 04:25:39,496 - BasePage - INFO - wait for 1 seconds.
2021-06-27 04:25:39,497 - BasePage - INFO - wait for 1 seconds.
2021-06-27 04:25:39,498 - BasePage - INFO - wait for 1 seconds.
2021-06-27 04:25:39,498 - BasePage - INFO - wait for 1 seconds.
2021-06-27 04:25:39,499 - BasePage - INFO - wait for 1 seconds.
2021-06-27 04:25:39,502 - BasePage - INFO - wait for 1 seconds.
2021-06-27 04:25:39,503 - BasePage - INFO - wait for 1 seconds.
2021-06-27 04:25:39,504 - BasePage - INFO - wait for 1 seconds.
2021-06-27 04:25:39,504 - BasePage - INFO - wait for 1 seconds.
2021-06-27 04:25:39,505 - BasePage - INFO - wait for 1 seconds.
2021-06-27 04:25:39,506 - BasePage - INFO - wait for 1 seconds.
2021-06-27 04:25:39,507 - BasePage - INFO - wait for 1 seconds.
2021-06-27 04:25:39,508 - BasePage - INFO - wait for 1 seconds.
2021-06-27 04:25:39,509 - BasePage - INFO - wait for 1 seconds.
2021-06-27 04:25:39,509 - BasePage - INFO - wait for 1 seconds.
2021-06-27 04:25:39,510 - BasePage - INFO - wait for 1 seconds.
2021-06-27 04:25:39,511 - BasePage - INFO - wait for 1 seconds.
2021-06-27 04:25:39,512 - BasePage - INFO - wait for 1 seconds.
2021-06-27 04:25:39,512 - BasePage - INFO - wait for 1 seconds.
2021-06-27 04:25:39,513 - BasePage - INFO - wait for 1 seconds.
2021-06-27 04:25:39,514 - BasePage - INFO - wait for 1 seconds.
2021-06-27 04:25:39,515 - BasePage - INFO - wait for 1 seconds.
2021-06-27 04:25:39,515 - BasePage - INFO - wait for 1 seconds.
2021-06-27 04:25:39,516 - BasePage - INFO - wait for 1 seconds.
2021-06-27 04:25:39,517 - BasePage - INFO - wait for 1 seconds.
2021-06-27 04:25:39,519 - BasePage - INFO - wait for 1 seconds.
2021-06-27 04:25:39,520 - BasePage - INFO - wait for 1 seconds.
2021-06-27 04:25:39,520 - BasePage - INFO - wait for 1 seconds.
2021-06-27 04:25:39,521 - BasePage - INFO - wait for 1 seconds.
2021-06-27 04:25:39,522 - BasePage - INFO - wait for 1 seconds.
2021-06-27 04:25:39,523 - BasePage - INFO - wait for 1 seconds.
2021-06-27 04:25:39,523 - BasePage - INFO - wait for 1 seconds.
2021-06-27 04:25:39,524 - BasePage - INFO - wait for 1 seconds.
2021-06-27 04:25:39,525 - BasePage - INFO - wait for 1 seconds.
2021-06-27 04:25:39,526 - BasePage - INFO - wait for 1 seconds.
2021-06-27 04:25:39,527 - BasePage - INFO - wait for 1 seconds.
2021-06-27 04:25:39,528 - BasePage - INFO - wait for 1 seconds.
2021-06-27 04:25:39,529 - BasePage - INFO - wait for 1 seconds.
2021-06-27 04:25:39,530 - BasePage - INFO - wait for 1 seconds.
2021-06-27 04:25:39,530 - BasePage - INFO - wait for 1 seconds.
2021-06-27 04:25:39,531 - BasePage - INFO - wait for 1 seconds.
2021-06-27 04:25:39,532 - BasePage - INFO - wait for 1 seconds.
2021-06-27 04:25:39,533 - BasePage - INFO - wait for 1 seconds.
2021-06-27 04:25:39,533 - BasePage - INFO - wait for 1 seconds.
2021-06-27 04:25:39,536 - BasePage - INFO - wait for 1 seconds.
2021-06-27 04:25:39,537 - BasePage - INFO - wait for 1 seconds.
2021-06-27 04:25:39,537 - BasePage - INFO - wait for 1 seconds.
2021-06-27 04:25:39,538 - BasePage - INFO - wait for 1 seconds.
2021-06-27 04:25:39,539 - BasePage - INFO - wait for 1 seconds.
2021-06-27 04:25:39,540 - BasePage - INFO - wait for 1 seconds.
2021-06-27 04:25:39,541 - BasePage - INFO - wait for 1 seconds.
2021-06-27 04:25:39,542 - BasePage - INFO - wait for 1 seconds.
2021-06-27 04:25:39,542 - BasePage - INFO - wait for 1 seconds.
2021-06-27 04:25:39,543 - BasePage - INFO - wait for 1 seconds.
2021-06-27 04:25:39,544 - BasePage - INFO - wait for 1 seconds.
2021-06-27 04:25:39,545 - BasePage - INFO - wait for 1 seconds.
2021-06-27 04:25:39,546 - BasePage - INFO - wait for 1 seconds.
2021-06-27 04:25:39,546 - BasePage - INFO - wait for 1 seconds.
2021-06-27 04:25:39,547 - BasePage - INFO - wait for 1 seconds.
2021-06-27 04:25:39,548 - BasePage - INFO - wait for 1 seconds.
2021-06-27 04:25:39,549 - BasePage - INFO - wait for 1 seconds.
2021-06-27 04:25:39,550 - BasePage - INFO - wait for 1 seconds.
2021-06-27 04:25:39,552 - BasePage - INFO - wait for 1 seconds.
2021-06-27 04:25:39,553 - BasePage - INFO - wait for 1 seconds.
2021-06-27 04:25:39,554 - BasePage - INFO - wait for 1 seconds.
2021-06-27 04:25:39,554 - BasePage - INFO - wait for 1 seconds.
2021-06-27 04:25:39,555 - BasePage - INFO - wait for 1 seconds.
2021-06-27 04:25:39,556 - BasePage - INFO - wait for 1 seconds.
2021-06-27 04:25:39,556 - BasePage - INFO - wait for 1 seconds.
2021-06-27 04:25:39,557 - BasePage - INFO - wait for 1 seconds.
2021-06-27 04:25:39,558 - BasePage - INFO - wait for 1 seconds.
2021-06-27 04:25:39,559 - BasePage - INFO - wait for 1 seconds.
2021-06-27 04:25:39,560 - BasePage - INFO - wait for 1 seconds.
2021-06-27 04:25:39,561 - BasePage - INFO - wait for 1 seconds.
2021-06-27 04:25:39,562 - BasePage - INFO - wait for 1 seconds.
2021-06-27 04:25:39,563 - BasePage - INFO - wait for 1 seconds.
2021-06-27 04:25:39,563 - BasePage - INFO - wait for 1 seconds.
2021-06-27 04:25:39,564 - BasePage - INFO - wait for 1 seconds.
2021-06-27 04:25:39,565 - BasePage - INFO - wait for 1 seconds.
2021-06-27 04:25:39,566 - BasePage - INFO - wait for 1 seconds.
2021-06-27 04:25:39,567 - BasePage - INFO - wait for 1 seconds.
2021-06-27 04:25:39,569 - BasePage - INFO - wait for 1 seconds.
