2021-06-27 05:19:08,590 - BrowserEngine - INFO - You had select Chrome browser.
2021-06-27 05:19:08,590 - BrowserEngine - INFO - The test server url is: https://bjjj.zhongchebaolian.com/cgsadm
2021-06-27 05:19:09,715 - BrowserEngine - INFO - Starting Chrome browser
2021-06-27 05:19:11,183 - BrowserEngine - INFO - Open url: https://bjjj.zhongchebaolian.com/cgsadm 
2021-06-27 05:19:11,558 - BrowserEngine - INFO - Maximize the current window. 
2021-06-27 05:19:11,575 - BasePage - INFO - Had find the element '  ' seccessful by id via value:  username 
2021-06-27 05:19:11,639 - BasePage - INFO - Had type ' 17600352198 ' in inputBox
2021-06-27 05:19:11,654 - BasePage - INFO - Had find the element '  ' seccessful by id via value:  password 
2021-06-27 05:19:11,727 - BasePage - INFO - Had type ' a12345678 ' in inputBox
2021-06-27 05:19:11,741 - BasePage - INFO - Had find the element '  ' seccessful by id via value:  account-img-code 
2021-06-27 05:19:11,792 - BasePage - INFO - Had type ' 1234 ' in inputBox
2021-06-27 05:19:11,808 - BasePage - INFO - Had find the element ' µÇÂ¼ ' seccessful by id via value:  login-btn 
2021-06-27 05:19:11,814 - BasePage - INFO - The element ' µÇÂ¼ ' was clicked.
2021-06-27 05:19:11,849 - BasePage - INFO - Current page title is µÇÂ¼
2021-06-27 05:19:16,851 - BasePage - INFO - Sleep for 5 seconds
2021-06-27 05:19:16,860 - BasePage - INFO - Had find the element ' µÇÂ¼ ' seccessful by id via value:  login-btn 
2021-06-27 05:19:16,864 - BasePage - INFO - The element ' µÇÂ¼ ' was clicked.
2021-06-27 05:19:21,877 - BasePage - INFO - Sleep for 5 seconds
2021-06-27 05:19:21,893 - BasePage - INFO - Had find the element ' µÇÂ¼ ' seccessful by id via value:  login-btn 
2021-06-27 05:19:21,898 - BasePage - INFO - The element ' µÇÂ¼ ' was clicked.
2021-06-27 05:19:26,918 - BasePage - INFO - Sleep for 5 seconds
2021-06-27 05:19:26,928 - BasePage - INFO - Had find the element ' µÇÂ¼ ' seccessful by id via value:  login-btn 
2021-06-27 05:19:26,932 - BasePage - INFO - The element ' µÇÂ¼ ' was clicked.
2021-06-27 05:19:31,945 - BasePage - INFO - Sleep for 5 seconds
2021-06-27 05:19:31,954 - BasePage - INFO - Had find the element ' µÇÂ¼ ' seccessful by id via value:  login-btn 
2021-06-27 05:19:31,960 - BasePage - INFO - The element ' µÇÂ¼ ' was clicked.
2021-06-27 05:19:36,976 - BasePage - INFO - Sleep for 5 seconds
2021-06-27 05:19:36,986 - BasePage - INFO - Had find the element ' µÇÂ¼ ' seccessful by id via value:  login-btn 
2021-06-27 05:19:36,991 - BasePage - INFO - The element ' µÇÂ¼ ' was clicked.
2021-06-27 05:19:42,006 - BasePage - INFO - Sleep for 5 seconds
2021-06-27 05:19:42,015 - BasePage - ERROR - NoSuchElementException: Message: no such element: Unable to locate element: {"method":"css selector","selector":"[id="login-btn"]"}
  (Session info: chrome=91.0.4472.114)

2021-06-27 05:19:42,146 - BasePage - INFO - Had take screenshot and save to folder : /screenshots
