2021-06-27 04:54:25,274 - BrowserEngine - INFO - You had select Chrome browser.
2021-06-27 04:54:25,274 - BrowserEngine - INFO - The test server url is: https://bjjj.zhongchebaolian.com/cgsadm
2021-06-27 04:54:26,351 - BrowserEngine - INFO - Starting Chrome browser
2021-06-27 04:54:28,063 - BrowserEngine - INFO - Open url: https://bjjj.zhongchebaolian.com/cgsadm 
2021-06-27 04:54:28,340 - BrowserEngine - INFO - Maximize the current window. 
2021-06-27 04:54:28,358 - BasePage - INFO - Had find the element '  ' seccessful by id via value:  username 
2021-06-27 04:54:28,422 - BasePage - INFO - Had type ' 17600352198 ' in inputBox
2021-06-27 04:54:28,437 - BasePage - INFO - Had find the element '  ' seccessful by id via value:  password 
2021-06-27 04:54:28,513 - BasePage - INFO - Had type ' a12345678 ' in inputBox
2021-06-27 04:54:28,528 - BasePage - INFO - Had find the element '  ' seccessful by id via value:  account-img-code 
2021-06-27 04:54:28,578 - BasePage - INFO - Had type ' 1234 ' in inputBox
2021-06-27 04:54:28,593 - BasePage - INFO - Had find the element ' µÇÂ¼ ' seccessful by id via value:  login-btn 
2021-06-27 04:54:28,599 - BasePage - INFO - The element ' µÇÂ¼ ' was clicked.
2021-06-27 04:54:33,628 - BasePage - INFO - Sleep for 5 seconds
2021-06-27 04:54:33,638 - BasePage - INFO - Had find the element ' µÇÂ¼ ' seccessful by id via value:  login-btn 
2021-06-27 04:54:33,642 - BasePage - INFO - The element ' µÇÂ¼ ' was clicked.
2021-06-27 04:54:38,655 - BasePage - INFO - Sleep for 5 seconds
2021-06-27 04:54:38,674 - BasePage - INFO - Had find the element ' µÇÂ¼ ' seccessful by id via value:  login-btn 
2021-06-27 04:54:38,679 - BasePage - INFO - The element ' µÇÂ¼ ' was clicked.
2021-06-27 04:54:43,699 - BasePage - INFO - Sleep for 5 seconds
2021-06-27 04:54:43,709 - BasePage - INFO - Had find the element ' µÇÂ¼ ' seccessful by id via value:  login-btn 
2021-06-27 04:54:43,713 - BasePage - INFO - The element ' µÇÂ¼ ' was clicked.
2021-06-27 04:54:48,727 - BasePage - INFO - Sleep for 5 seconds
2021-06-27 04:54:48,736 - BasePage - ERROR - NoSuchElementException: Message: no such element: Unable to locate element: {"method":"css selector","selector":"[id="login-btn"]"}
  (Session info: chrome=91.0.4472.114)

2021-06-27 04:54:48,872 - BasePage - INFO - Had take screenshot and save to folder : /screenshots
