2021-06-27 05:41:10,442 - BrowserEngine - INFO - You had select Chrome browser.
2021-06-27 05:41:10,442 - BrowserEngine - INFO - The test server url is: https://bjjj.zhongchebaolian.com/cgsadm
2021-06-27 05:41:11,519 - BrowserEngine - INFO - Starting Chrome browser
2021-06-27 05:41:13,275 - BrowserEngine - INFO - Open url: https://bjjj.zhongchebaolian.com/cgsadm 
2021-06-27 05:41:13,622 - BrowserEngine - INFO - Maximize the current window. 
2021-06-27 05:41:13,639 - BasePage - INFO - Had find the element '  ' seccessful by id via value:  username 
2021-06-27 05:41:13,691 - BasePage - INFO - Had type ' 17600352198 ' in inputBox
2021-06-27 05:41:13,708 - BasePage - INFO - Had find the element '  ' seccessful by id via value:  password 
2021-06-27 05:41:13,755 - BasePage - INFO - Had type ' a12345678 ' in inputBox
2021-06-27 05:41:13,771 - BasePage - INFO - Had find the element '  ' seccessful by id via value:  account-img-code 
2021-06-27 05:41:13,814 - BasePage - INFO - Had type ' 1234 ' in inputBox
2021-06-27 05:41:13,830 - BasePage - INFO - Had find the element ' µÇÂ¼ ' seccessful by id via value:  login-btn 
2021-06-27 05:41:13,835 - BasePage - INFO - The element ' µÇÂ¼ ' was clicked.
2021-06-27 05:41:13,864 - BasePage - INFO - Current page title is µÇÂ¼
2021-06-27 05:41:13,868 - BasePage - INFO - Current page title is µÇÂ¼
2021-06-27 05:41:13,871 - BasePage - INFO - Current page title is µÇÂ¼
2021-06-27 05:41:13,877 - BasePage - INFO - Current page title is µÇÂ¼
2021-06-27 05:41:13,881 - BasePage - INFO - Current page title is µÇÂ¼
2021-06-27 05:41:13,886 - BasePage - INFO - Current page title is µÇÂ¼
2021-06-27 05:41:13,889 - BasePage - INFO - Current page title is µÇÂ¼
2021-06-27 05:41:13,894 - BasePage - INFO - Current page title is µÇÂ¼
2021-06-27 05:41:13,898 - BasePage - INFO - Current page title is µÇÂ¼
2021-06-27 05:41:13,903 - BasePage - INFO - Current page title is µÇÂ¼
2021-06-27 05:41:13,907 - BasePage - INFO - Current page title is µÇÂ¼
2021-06-27 05:41:13,912 - BasePage - INFO - Current page title is µÇÂ¼
2021-06-27 05:41:13,916 - BasePage - INFO - Current page title is µÇÂ¼
2021-06-27 05:41:13,920 - BasePage - INFO - Current page title is µÇÂ¼
2021-06-27 05:41:13,924 - BasePage - INFO - Current page title is µÇÂ¼
2021-06-27 05:41:13,929 - BasePage - INFO - Current page title is µÇÂ¼
2021-06-27 05:41:13,933 - BasePage - INFO - Current page title is µÇÂ¼
2021-06-27 05:41:13,937 - BasePage - INFO - Current page title is µÇÂ¼
2021-06-27 05:41:13,942 - BasePage - INFO - Current page title is µÇÂ¼
2021-06-27 05:41:13,947 - BasePage - INFO - Current page title is µÇÂ¼
2021-06-27 05:41:13,951 - BasePage - INFO - Current page title is µÇÂ¼
2021-06-27 05:41:13,955 - BasePage - INFO - Current page title is µÇÂ¼
2021-06-27 05:41:13,959 - BasePage - INFO - Current page title is µÇÂ¼
2021-06-27 05:41:13,964 - BasePage - INFO - Current page title is µÇÂ¼
2021-06-27 05:41:13,968 - BasePage - INFO - Current page title is µÇÂ¼
2021-06-27 05:41:13,972 - BasePage - INFO - Current page title is µÇÂ¼
2021-06-27 05:41:13,977 - BasePage - INFO - Current page title is µÇÂ¼
2021-06-27 05:41:13,980 - BasePage - INFO - Current page title is µÇÂ¼
2021-06-27 05:41:13,984 - BasePage - INFO - Current page title is µÇÂ¼
2021-06-27 05:41:13,988 - BasePage - INFO - Current page title is µÇÂ¼
2021-06-27 05:41:13,993 - BasePage - INFO - Current page title is µÇÂ¼
2021-06-27 05:41:13,996 - BasePage - INFO - Current page title is µÇÂ¼
2021-06-27 05:41:14,000 - BasePage - INFO - Current page title is µÇÂ¼
2021-06-27 05:41:14,005 - BasePage - INFO - Current page title is µÇÂ¼
2021-06-27 05:41:14,008 - BasePage - INFO - Current page title is µÇÂ¼
2021-06-27 05:41:14,011 - BasePage - INFO - Current page title is µÇÂ¼
2021-06-27 05:41:14,015 - BasePage - INFO - Current page title is µÇÂ¼
2021-06-27 05:41:14,018 - BasePage - INFO - Current page title is µÇÂ¼
2021-06-27 05:41:14,021 - BasePage - INFO - Current page title is µÇÂ¼
2021-06-27 05:41:14,024 - BasePage - INFO - Current page title is µÇÂ¼
2021-06-27 05:41:14,027 - BasePage - INFO - Current page title is µÇÂ¼
2021-06-27 05:41:14,030 - BasePage - INFO - Current page title is µÇÂ¼
2021-06-27 05:41:14,034 - BasePage - INFO - Current page title is µÇÂ¼
2021-06-27 05:41:14,037 - BasePage - INFO - Current page title is µÇÂ¼
2021-06-27 05:41:14,040 - BasePage - INFO - Current page title is µÇÂ¼
2021-06-27 05:41:14,044 - BasePage - INFO - Current page title is µÇÂ¼
2021-06-27 05:41:14,048 - BasePage - INFO - Current page title is µÇÂ¼
2021-06-27 05:41:14,051 - BasePage - INFO - Current page title is µÇÂ¼
2021-06-27 05:41:14,056 - BasePage - INFO - Current page title is µÇÂ¼
2021-06-27 05:41:14,060 - BasePage - INFO - Current page title is µÇÂ¼
2021-06-27 05:41:14,064 - BasePage - INFO - Current page title is µÇÂ¼
2021-06-27 05:41:14,068 - BasePage - INFO - Current page title is µÇÂ¼
2021-06-27 05:41:14,071 - BasePage - INFO - Current page title is µÇÂ¼
2021-06-27 05:41:14,074 - BasePage - INFO - Current page title is µÇÂ¼
2021-06-27 05:41:14,078 - BasePage - INFO - Current page title is µÇÂ¼
2021-06-27 05:41:14,082 - BasePage - INFO - Current page title is µÇÂ¼
2021-06-27 05:41:14,085 - BasePage - INFO - Current page title is µÇÂ¼
2021-06-27 05:41:14,089 - BasePage - INFO - Current page title is µÇÂ¼
2021-06-27 05:41:14,093 - BasePage - INFO - Current page title is µÇÂ¼
2021-06-27 05:41:14,097 - BasePage - INFO - Current page title is µÇÂ¼
2021-06-27 05:41:14,101 - BasePage - INFO - Current page title is µÇÂ¼
2021-06-27 05:41:14,105 - BasePage - INFO - Current page title is µÇÂ¼
2021-06-27 05:41:14,109 - BasePage - INFO - Current page title is µÇÂ¼
2021-06-27 05:41:14,114 - BasePage - INFO - Current page title is µÇÂ¼
2021-06-27 05:41:14,118 - BasePage - INFO - Current page title is µÇÂ¼
2021-06-27 05:41:14,121 - BasePage - INFO - Current page title is µÇÂ¼
2021-06-27 05:41:14,124 - BasePage - INFO - Current page title is µÇÂ¼
2021-06-27 05:41:14,128 - BasePage - INFO - Current page title is µÇÂ¼
2021-06-27 05:41:14,131 - BasePage - INFO - Current page title is µÇÂ¼
2021-06-27 05:41:14,135 - BasePage - INFO - Current page title is µÇÂ¼
2021-06-27 05:41:14,138 - BasePage - INFO - Current page title is µÇÂ¼
2021-06-27 05:41:14,141 - BasePage - INFO - Current page title is µÇÂ¼
2021-06-27 05:41:14,145 - BasePage - INFO - Current page title is µÇÂ¼
2021-06-27 05:41:14,149 - BasePage - INFO - Current page title is µÇÂ¼
2021-06-27 05:41:14,152 - BasePage - INFO - Current page title is µÇÂ¼
2021-06-27 05:41:14,156 - BasePage - INFO - Current page title is µÇÂ¼
2021-06-27 05:41:14,159 - BasePage - INFO - Current page title is µÇÂ¼
2021-06-27 05:41:14,162 - BasePage - INFO - Current page title is µÇÂ¼
2021-06-27 05:41:14,166 - BasePage - INFO - Current page title is µÇÂ¼
2021-06-27 05:41:14,168 - BasePage - INFO - Current page title is µÇÂ¼
2021-06-27 05:41:14,171 - BasePage - INFO - Current page title is µÇÂ¼
2021-06-27 05:41:14,174 - BasePage - INFO - Current page title is µÇÂ¼
2021-06-27 05:41:14,178 - BasePage - INFO - Current page title is µÇÂ¼
2021-06-27 05:41:14,182 - BasePage - INFO - Current page title is µÇÂ¼
2021-06-27 05:41:14,185 - BasePage - INFO - Current page title is µÇÂ¼
2021-06-27 05:41:14,189 - BasePage - INFO - Current page title is µÇÂ¼
2021-06-27 05:41:14,193 - BasePage - INFO - Current page title is µÇÂ¼
2021-06-27 05:41:14,196 - BasePage - INFO - Current page title is µÇÂ¼
2021-06-27 05:41:14,200 - BasePage - INFO - Current page title is µÇÂ¼
2021-06-27 05:41:14,203 - BasePage - INFO - Current page title is µÇÂ¼
2021-06-27 05:41:14,206 - BasePage - INFO - Current page title is µÇÂ¼
2021-06-27 05:41:14,210 - BasePage - INFO - Current page title is µÇÂ¼
2021-06-27 05:41:14,214 - BasePage - INFO - Current page title is µÇÂ¼
2021-06-27 05:41:14,217 - BasePage - INFO - Current page title is µÇÂ¼
2021-06-27 05:41:14,221 - BasePage - INFO - Current page title is µÇÂ¼
2021-06-27 05:41:14,225 - BasePage - INFO - Current page title is µÇÂ¼
2021-06-27 05:41:14,228 - BasePage - INFO - Current page title is µÇÂ¼
2021-06-27 05:41:14,231 - BasePage - INFO - Current page title is µÇÂ¼
2021-06-27 05:41:14,235 - BasePage - INFO - Current page title is µÇÂ¼
2021-06-27 05:41:14,238 - BasePage - INFO - Current page title is µÇÂ¼
2021-06-27 05:41:14,242 - BasePage - INFO - Current page title is µÇÂ¼
2021-06-27 05:41:14,245 - BasePage - INFO - Current page title is µÇÂ¼
2021-06-27 05:41:14,249 - BasePage - INFO - Current page title is µÇÂ¼
2021-06-27 05:41:14,253 - BasePage - INFO - Current page title is µÇÂ¼
2021-06-27 05:41:14,256 - BasePage - INFO - Current page title is µÇÂ¼
2021-06-27 05:41:14,259 - BasePage - INFO - Current page title is µÇÂ¼
2021-06-27 05:41:14,262 - BasePage - INFO - Current page title is µÇÂ¼
2021-06-27 05:41:14,266 - BasePage - INFO - Current page title is µÇÂ¼
2021-06-27 05:41:14,269 - BasePage - INFO - Current page title is µÇÂ¼
2021-06-27 05:41:14,272 - BasePage - INFO - Current page title is µÇÂ¼
2021-06-27 05:41:14,276 - BasePage - INFO - Current page title is µÇÂ¼
2021-06-27 05:41:14,280 - BasePage - INFO - Current page title is µÇÂ¼
2021-06-27 05:41:14,284 - BasePage - INFO - Current page title is µÇÂ¼
2021-06-27 05:41:14,287 - BasePage - INFO - Current page title is µÇÂ¼
2021-06-27 05:41:14,291 - BasePage - INFO - Current page title is µÇÂ¼
2021-06-27 05:41:14,294 - BasePage - INFO - Current page title is µÇÂ¼
2021-06-27 05:41:14,297 - BasePage - INFO - Current page title is µÇÂ¼
2021-06-27 05:41:14,301 - BasePage - INFO - Current page title is µÇÂ¼
2021-06-27 05:41:14,304 - BasePage - INFO - Current page title is µÇÂ¼
2021-06-27 05:41:14,307 - BasePage - INFO - Current page title is µÇÂ¼
2021-06-27 05:41:14,311 - BasePage - INFO - Current page title is µÇÂ¼
2021-06-27 05:41:14,315 - BasePage - INFO - Current page title is µÇÂ¼
2021-06-27 05:41:14,318 - BasePage - INFO - Current page title is µÇÂ¼
2021-06-27 05:41:14,321 - BasePage - INFO - Current page title is µÇÂ¼
2021-06-27 05:41:14,324 - BasePage - INFO - Current page title is µÇÂ¼
2021-06-27 05:41:14,328 - BasePage - INFO - Current page title is µÇÂ¼
2021-06-27 05:41:14,331 - BasePage - INFO - Current page title is µÇÂ¼
2021-06-27 05:41:14,335 - BasePage - INFO - Current page title is µÇÂ¼
2021-06-27 05:41:14,338 - BasePage - INFO - Current page title is µÇÂ¼
2021-06-27 05:41:14,341 - BasePage - INFO - Current page title is µÇÂ¼
2021-06-27 05:41:14,344 - BasePage - INFO - Current page title is µÇÂ¼
2021-06-27 05:41:14,348 - BasePage - INFO - Current page title is µÇÂ¼
2021-06-27 05:41:14,351 - BasePage - INFO - Current page title is µÇÂ¼
2021-06-27 05:41:14,354 - BasePage - INFO - Current page title is µÇÂ¼
2021-06-27 05:41:14,358 - BasePage - INFO - Current page title is µÇÂ¼
2021-06-27 05:41:14,362 - BasePage - INFO - Current page title is µÇÂ¼
2021-06-27 05:41:14,365 - BasePage - INFO - Current page title is µÇÂ¼
2021-06-27 05:41:14,369 - BasePage - INFO - Current page title is µÇÂ¼
2021-06-27 05:41:14,373 - BasePage - INFO - Current page title is µÇÂ¼
2021-06-27 05:41:14,377 - BasePage - INFO - Current page title is µÇÂ¼
2021-06-27 05:41:14,381 - BasePage - INFO - Current page title is µÇÂ¼
2021-06-27 05:41:14,385 - BasePage - INFO - Current page title is µÇÂ¼
2021-06-27 05:41:14,389 - BasePage - INFO - Current page title is µÇÂ¼
2021-06-27 05:41:14,392 - BasePage - INFO - Current page title is µÇÂ¼
2021-06-27 05:41:14,396 - BasePage - INFO - Current page title is µÇÂ¼
2021-06-27 05:41:14,399 - BasePage - INFO - Current page title is µÇÂ¼
2021-06-27 05:41:14,402 - BasePage - INFO - Current page title is µÇÂ¼
2021-06-27 05:41:14,405 - BasePage - INFO - Current page title is µÇÂ¼
2021-06-27 05:41:14,408 - BasePage - INFO - Current page title is µÇÂ¼
2021-06-27 05:41:14,412 - BasePage - INFO - Current page title is µÇÂ¼
2021-06-27 05:41:14,415 - BasePage - INFO - Current page title is µÇÂ¼
2021-06-27 05:41:14,418 - BasePage - INFO - Current page title is µÇÂ¼
2021-06-27 05:41:14,422 - BasePage - INFO - Current page title is µÇÂ¼
2021-06-27 05:41:14,425 - BasePage - INFO - Current page title is µÇÂ¼
2021-06-27 05:41:14,429 - BasePage - INFO - Current page title is µÇÂ¼
2021-06-27 05:41:14,432 - BasePage - INFO - Current page title is µÇÂ¼
2021-06-27 05:41:14,436 - BasePage - INFO - Current page title is µÇÂ¼
2021-06-27 05:41:14,439 - BasePage - INFO - Current page title is µÇÂ¼
2021-06-27 05:41:14,442 - BasePage - INFO - Current page title is µÇÂ¼
2021-06-27 05:41:14,446 - BasePage - INFO - Current page title is µÇÂ¼
2021-06-27 05:41:14,449 - BasePage - INFO - Current page title is µÇÂ¼
2021-06-27 05:41:14,452 - BasePage - INFO - Current page title is µÇÂ¼
2021-06-27 05:41:14,455 - BasePage - INFO - Current page title is µÇÂ¼
2021-06-27 05:41:14,459 - BasePage - INFO - Current page title is µÇÂ¼
2021-06-27 05:41:14,463 - BasePage - INFO - Current page title is µÇÂ¼
2021-06-27 05:41:14,466 - BasePage - INFO - Current page title is µÇÂ¼
2021-06-27 05:41:14,469 - BasePage - INFO - Current page title is µÇÂ¼
2021-06-27 05:41:14,472 - BasePage - INFO - Current page title is µÇÂ¼
2021-06-27 05:41:14,476 - BasePage - INFO - Current page title is µÇÂ¼
2021-06-27 05:41:14,479 - BasePage - INFO - Current page title is µÇÂ¼
2021-06-27 05:41:14,482 - BasePage - INFO - Current page title is µÇÂ¼
2021-06-27 05:41:14,485 - BasePage - INFO - Current page title is µÇÂ¼
2021-06-27 05:41:14,489 - BasePage - INFO - Current page title is µÇÂ¼
2021-06-27 05:41:14,492 - BasePage - INFO - Current page title is µÇÂ¼
2021-06-27 05:41:14,496 - BasePage - INFO - Current page title is µÇÂ¼
2021-06-27 05:41:14,499 - BasePage - INFO - Current page title is µÇÂ¼
2021-06-27 05:41:14,502 - BasePage - INFO - Current page title is µÇÂ¼
2021-06-27 05:41:14,506 - BasePage - INFO - Current page title is µÇÂ¼
2021-06-27 05:41:14,509 - BasePage - INFO - Current page title is µÇÂ¼
2021-06-27 05:41:14,513 - BasePage - INFO - Current page title is µÇÂ¼
2021-06-27 05:41:14,516 - BasePage - INFO - Current page title is µÇÂ¼
2021-06-27 05:41:14,519 - BasePage - INFO - Current page title is µÇÂ¼
2021-06-27 05:41:14,523 - BasePage - INFO - Current page title is µÇÂ¼
2021-06-27 05:41:14,527 - BasePage - INFO - Current page title is µÇÂ¼
2021-06-27 05:41:14,530 - BasePage - INFO - Current page title is µÇÂ¼
2021-06-27 05:41:14,534 - BasePage - INFO - Current page title is µÇÂ¼
2021-06-27 05:41:14,538 - BasePage - INFO - Current page title is µÇÂ¼
2021-06-27 05:41:14,542 - BasePage - INFO - Current page title is µÇÂ¼
2021-06-27 05:41:14,546 - BasePage - INFO - Current page title is µÇÂ¼
2021-06-27 05:41:14,550 - BasePage - INFO - Current page title is µÇÂ¼
2021-06-27 05:41:14,553 - BasePage - INFO - Current page title is µÇÂ¼
2021-06-27 05:41:14,557 - BasePage - INFO - Current page title is µÇÂ¼
2021-06-27 05:41:14,560 - BasePage - INFO - Current page title is µÇÂ¼
2021-06-27 05:41:14,564 - BasePage - INFO - Current page title is µÇÂ¼
2021-06-27 05:41:14,567 - BasePage - INFO - Current page title is µÇÂ¼
2021-06-27 05:41:14,571 - BasePage - INFO - Current page title is µÇÂ¼
2021-06-27 05:41:14,574 - BasePage - INFO - Current page title is µÇÂ¼
2021-06-27 05:41:14,578 - BasePage - INFO - Current page title is µÇÂ¼
2021-06-27 05:41:14,581 - BasePage - INFO - Current page title is µÇÂ¼
2021-06-27 05:41:14,584 - BasePage - INFO - Current page title is µÇÂ¼
2021-06-27 05:41:14,587 - BasePage - INFO - Current page title is µÇÂ¼
2021-06-27 05:41:14,590 - BasePage - INFO - Current page title is µÇÂ¼
2021-06-27 05:41:14,594 - BasePage - INFO - Current page title is µÇÂ¼
2021-06-27 05:41:14,597 - BasePage - INFO - Current page title is µÇÂ¼
2021-06-27 05:41:14,600 - BasePage - INFO - Current page title is µÇÂ¼
2021-06-27 05:41:14,603 - BasePage - INFO - Current page title is µÇÂ¼
2021-06-27 05:41:14,606 - BasePage - INFO - Current page title is µÇÂ¼
2021-06-27 05:41:14,610 - BasePage - INFO - Current page title is µÇÂ¼
2021-06-27 05:41:14,613 - BasePage - INFO - Current page title is µÇÂ¼
2021-06-27 05:41:14,617 - BasePage - INFO - Current page title is µÇÂ¼
2021-06-27 05:41:14,620 - BasePage - INFO - Current page title is µÇÂ¼
2021-06-27 05:41:14,623 - BasePage - INFO - Current page title is µÇÂ¼
2021-06-27 05:41:14,627 - BasePage - INFO - Current page title is µÇÂ¼
2021-06-27 05:41:14,630 - BasePage - INFO - Current page title is µÇÂ¼
2021-06-27 05:41:14,634 - BasePage - INFO - Current page title is µÇÂ¼
2021-06-27 05:41:14,637 - BasePage - INFO - Current page title is µÇÂ¼
2021-06-27 05:41:14,640 - BasePage - INFO - Current page title is µÇÂ¼
2021-06-27 05:41:14,643 - BasePage - INFO - Current page title is µÇÂ¼
2021-06-27 05:41:14,646 - BasePage - INFO - Current page title is µÇÂ¼
2021-06-27 05:41:14,650 - BasePage - INFO - Current page title is µÇÂ¼
2021-06-27 05:41:14,653 - BasePage - INFO - Current page title is µÇÂ¼
2021-06-27 05:41:14,656 - BasePage - INFO - Current page title is µÇÂ¼
2021-06-27 05:41:14,660 - BasePage - INFO - Current page title is µÇÂ¼
2021-06-27 05:41:14,664 - BasePage - INFO - Current page title is µÇÂ¼
2021-06-27 05:41:14,667 - BasePage - INFO - Current page title is µÇÂ¼
2021-06-27 05:41:14,670 - BasePage - INFO - Current page title is µÇÂ¼
2021-06-27 05:41:14,674 - BasePage - INFO - Current page title is µÇÂ¼
2021-06-27 05:41:14,679 - BasePage - INFO - Current page title is µÇÂ¼
2021-06-27 05:41:14,683 - BasePage - INFO - Current page title is µÇÂ¼
2021-06-27 05:41:14,686 - BasePage - INFO - Current page title is µÇÂ¼
2021-06-27 05:41:14,690 - BasePage - INFO - Current page title is µÇÂ¼
2021-06-27 05:41:14,694 - BasePage - INFO - Current page title is µÇÂ¼
2021-06-27 05:41:14,698 - BasePage - INFO - Current page title is µÇÂ¼
2021-06-27 05:41:14,702 - BasePage - INFO - Current page title is µÇÂ¼
2021-06-27 05:41:14,706 - BasePage - INFO - Current page title is µÇÂ¼
2021-06-27 05:41:14,710 - BasePage - INFO - Current page title is µÇÂ¼
2021-06-27 05:41:14,714 - BasePage - INFO - Current page title is µÇÂ¼
2021-06-27 05:41:14,718 - BasePage - INFO - Current page title is µÇÂ¼
2021-06-27 05:41:14,722 - BasePage - INFO - Current page title is µÇÂ¼
2021-06-27 05:41:14,726 - BasePage - INFO - Current page title is µÇÂ¼
2021-06-27 05:41:14,730 - BasePage - INFO - Current page title is µÇÂ¼
2021-06-27 05:41:14,734 - BasePage - INFO - Current page title is µÇÂ¼
2021-06-27 05:41:14,738 - BasePage - INFO - Current page title is µÇÂ¼
2021-06-27 05:41:14,742 - BasePage - INFO - Current page title is µÇÂ¼
2021-06-27 05:41:14,746 - BasePage - INFO - Current page title is µÇÂ¼
2021-06-27 05:41:14,750 - BasePage - INFO - Current page title is µÇÂ¼
2021-06-27 05:41:14,754 - BasePage - INFO - Current page title is µÇÂ¼
2021-06-27 05:41:14,757 - BasePage - INFO - Current page title is µÇÂ¼
2021-06-27 05:41:14,762 - BasePage - INFO - Current page title is µÇÂ¼
2021-06-27 05:41:14,766 - BasePage - INFO - Current page title is µÇÂ¼
2021-06-27 05:41:14,770 - BasePage - INFO - Current page title is µÇÂ¼
2021-06-27 05:41:14,774 - BasePage - INFO - Current page title is µÇÂ¼
2021-06-27 05:41:14,779 - BasePage - INFO - Current page title is µÇÂ¼
2021-06-27 05:41:14,783 - BasePage - INFO - Current page title is µÇÂ¼
2021-06-27 05:41:14,787 - BasePage - INFO - Current page title is µÇÂ¼
2021-06-27 05:41:14,791 - BasePage - INFO - Current page title is µÇÂ¼
2021-06-27 05:41:14,795 - BasePage - INFO - Current page title is µÇÂ¼
2021-06-27 05:41:14,799 - BasePage - INFO - Current page title is µÇÂ¼
2021-06-27 05:41:14,804 - BasePage - INFO - Current page title is µÇÂ¼
2021-06-27 05:41:14,807 - BasePage - INFO - Current page title is µÇÂ¼
2021-06-27 05:41:14,812 - BasePage - INFO - Current page title is µÇÂ¼
2021-06-27 05:41:14,816 - BasePage - INFO - Current page title is µÇÂ¼
2021-06-27 05:41:14,820 - BasePage - INFO - Current page title is µÇÂ¼
2021-06-27 05:41:14,824 - BasePage - INFO - Current page title is µÇÂ¼
2021-06-27 05:41:14,828 - BasePage - INFO - Current page title is µÇÂ¼
2021-06-27 05:41:14,832 - BasePage - INFO - Current page title is µÇÂ¼
2021-06-27 05:41:14,835 - BasePage - INFO - Current page title is µÇÂ¼
2021-06-27 05:41:14,839 - BasePage - INFO - Current page title is µÇÂ¼
2021-06-27 05:41:14,843 - BasePage - INFO - Current page title is µÇÂ¼
2021-06-27 05:41:14,847 - BasePage - INFO - Current page title is µÇÂ¼
2021-06-27 05:41:14,850 - BasePage - INFO - Current page title is µÇÂ¼
2021-06-27 05:41:14,854 - BasePage - INFO - Current page title is µÇÂ¼
2021-06-27 05:41:14,858 - BasePage - INFO - Current page title is µÇÂ¼
2021-06-27 05:41:14,862 - BasePage - INFO - Current page title is µÇÂ¼
2021-06-27 05:41:14,866 - BasePage - INFO - Current page title is µÇÂ¼
2021-06-27 05:41:14,870 - BasePage - INFO - Current page title is µÇÂ¼
2021-06-27 05:41:14,874 - BasePage - INFO - Current page title is µÇÂ¼
2021-06-27 05:41:14,878 - BasePage - INFO - Current page title is µÇÂ¼
2021-06-27 05:41:14,882 - BasePage - INFO - Current page title is µÇÂ¼
2021-06-27 05:41:14,887 - BasePage - INFO - Current page title is µÇÂ¼
2021-06-27 05:41:14,891 - BasePage - INFO - Current page title is µÇÂ¼
2021-06-27 05:41:14,895 - BasePage - INFO - Current page title is µÇÂ¼
2021-06-27 05:41:14,900 - BasePage - INFO - Current page title is µÇÂ¼
2021-06-27 05:41:14,904 - BasePage - INFO - Current page title is µÇÂ¼
2021-06-27 05:41:14,907 - BasePage - INFO - Current page title is µÇÂ¼
2021-06-27 05:41:14,912 - BasePage - INFO - Current page title is µÇÂ¼
2021-06-27 05:41:14,916 - BasePage - INFO - Current page title is µÇÂ¼
2021-06-27 05:41:14,919 - BasePage - INFO - Current page title is µÇÂ¼
2021-06-27 05:41:14,923 - BasePage - INFO - Current page title is µÇÂ¼
2021-06-27 05:41:14,927 - BasePage - INFO - Current page title is µÇÂ¼
2021-06-27 05:41:14,931 - BasePage - INFO - Current page title is µÇÂ¼
2021-06-27 05:41:14,935 - BasePage - INFO - Current page title is µÇÂ¼
2021-06-27 05:41:14,939 - BasePage - INFO - Current page title is µÇÂ¼
2021-06-27 05:41:14,943 - BasePage - INFO - Current page title is µÇÂ¼
2021-06-27 05:41:14,947 - BasePage - INFO - Current page title is µÇÂ¼
2021-06-27 05:41:14,951 - BasePage - INFO - Current page title is µÇÂ¼
2021-06-27 05:41:14,954 - BasePage - INFO - Current page title is µÇÂ¼
2021-06-27 05:41:14,958 - BasePage - INFO - Current page title is µÇÂ¼
2021-06-27 05:41:14,962 - BasePage - INFO - Current page title is µÇÂ¼
2021-06-27 05:41:14,966 - BasePage - INFO - Current page title is µÇÂ¼
2021-06-27 05:41:14,970 - BasePage - INFO - Current page title is µÇÂ¼
2021-06-27 05:41:14,974 - BasePage - INFO - Current page title is µÇÂ¼
2021-06-27 05:41:14,978 - BasePage - INFO - Current page title is µÇÂ¼
2021-06-27 05:41:14,982 - BasePage - INFO - Current page title is µÇÂ¼
2021-06-27 05:41:14,986 - BasePage - INFO - Current page title is µÇÂ¼
2021-06-27 05:41:14,990 - BasePage - INFO - Current page title is µÇÂ¼
2021-06-27 05:41:14,994 - BasePage - INFO - Current page title is µÇÂ¼
2021-06-27 05:41:14,998 - BasePage - INFO - Current page title is µÇÂ¼
2021-06-27 05:41:15,001 - BasePage - INFO - Current page title is µÇÂ¼
2021-06-27 05:41:15,005 - BasePage - INFO - Current page title is µÇÂ¼
2021-06-27 05:41:15,009 - BasePage - INFO - Current page title is µÇÂ¼
2021-06-27 05:41:15,012 - BasePage - INFO - Current page title is µÇÂ¼
2021-06-27 05:41:15,016 - BasePage - INFO - Current page title is µÇÂ¼
2021-06-27 05:41:15,019 - BasePage - INFO - Current page title is µÇÂ¼
2021-06-27 05:41:15,024 - BasePage - INFO - Current page title is µÇÂ¼
2021-06-27 05:41:15,028 - BasePage - INFO - Current page title is µÇÂ¼
2021-06-27 05:41:15,032 - BasePage - INFO - Current page title is µÇÂ¼
2021-06-27 05:41:15,037 - BasePage - INFO - Current page title is µÇÂ¼
2021-06-27 05:41:15,040 - BasePage - INFO - Current page title is µÇÂ¼
2021-06-27 05:41:15,044 - BasePage - INFO - Current page title is µÇÂ¼
2021-06-27 05:41:15,048 - BasePage - INFO - Current page title is µÇÂ¼
2021-06-27 05:41:15,053 - BasePage - INFO - Current page title is µÇÂ¼
2021-06-27 05:41:15,058 - BasePage - INFO - Current page title is µÇÂ¼
2021-06-27 05:41:15,062 - BasePage - INFO - Current page title is µÇÂ¼
2021-06-27 05:41:15,066 - BasePage - INFO - Current page title is µÇÂ¼
2021-06-27 05:41:15,070 - BasePage - INFO - Current page title is µÇÂ¼
2021-06-27 05:41:15,074 - BasePage - INFO - Current page title is µÇÂ¼
2021-06-27 05:41:15,078 - BasePage - INFO - Current page title is µÇÂ¼
2021-06-27 05:41:15,081 - BasePage - INFO - Current page title is µÇÂ¼
2021-06-27 05:41:15,085 - BasePage - INFO - Current page title is µÇÂ¼
2021-06-27 05:41:15,089 - BasePage - INFO - Current page title is µÇÂ¼
2021-06-27 05:41:15,092 - BasePage - INFO - Current page title is µÇÂ¼
2021-06-27 05:41:15,096 - BasePage - INFO - Current page title is µÇÂ¼
2021-06-27 05:41:15,099 - BasePage - INFO - Current page title is µÇÂ¼
2021-06-27 05:41:15,103 - BasePage - INFO - Current page title is µÇÂ¼
2021-06-27 05:41:15,107 - BasePage - INFO - Current page title is µÇÂ¼
2021-06-27 05:41:15,110 - BasePage - INFO - Current page title is µÇÂ¼
2021-06-27 05:41:15,114 - BasePage - INFO - Current page title is µÇÂ¼
2021-06-27 05:41:15,119 - BasePage - INFO - Current page title is µÇÂ¼
2021-06-27 05:41:15,122 - BasePage - INFO - Current page title is µÇÂ¼
2021-06-27 05:41:15,126 - BasePage - INFO - Current page title is µÇÂ¼
2021-06-27 05:41:15,130 - BasePage - INFO - Current page title is µÇÂ¼
2021-06-27 05:41:15,134 - BasePage - INFO - Current page title is µÇÂ¼
2021-06-27 05:41:15,137 - BasePage - INFO - Current page title is µÇÂ¼
2021-06-27 05:41:15,140 - BasePage - INFO - Current page title is µÇÂ¼
2021-06-27 05:41:15,144 - BasePage - INFO - Current page title is µÇÂ¼
2021-06-27 05:41:15,148 - BasePage - INFO - Current page title is µÇÂ¼
2021-06-27 05:41:15,151 - BasePage - INFO - Current page title is µÇÂ¼
2021-06-27 05:41:15,155 - BasePage - INFO - Current page title is µÇÂ¼
2021-06-27 05:41:15,158 - BasePage - INFO - Current page title is µÇÂ¼
2021-06-27 05:41:15,162 - BasePage - INFO - Current page title is µÇÂ¼
2021-06-27 05:41:15,166 - BasePage - INFO - Current page title is µÇÂ¼
2021-06-27 05:41:15,169 - BasePage - INFO - Current page title is µÇÂ¼
2021-06-27 05:41:15,173 - BasePage - INFO - Current page title is µÇÂ¼
2021-06-27 05:41:15,177 - BasePage - INFO - Current page title is µÇÂ¼
2021-06-27 05:41:15,180 - BasePage - INFO - Current page title is µÇÂ¼
2021-06-27 05:41:15,184 - BasePage - INFO - Current page title is µÇÂ¼
2021-06-27 05:41:15,187 - BasePage - INFO - Current page title is µÇÂ¼
2021-06-27 05:41:15,191 - BasePage - INFO - Current page title is µÇÂ¼
2021-06-27 05:41:15,195 - BasePage - INFO - Current page title is µÇÂ¼
2021-06-27 05:41:15,198 - BasePage - INFO - Current page title is µÇÂ¼
2021-06-27 05:41:15,201 - BasePage - INFO - Current page title is µÇÂ¼
2021-06-27 05:41:15,204 - BasePage - INFO - Current page title is µÇÂ¼
2021-06-27 05:41:15,208 - BasePage - INFO - Current page title is µÇÂ¼
2021-06-27 05:41:15,212 - BasePage - INFO - Current page title is µÇÂ¼
2021-06-27 05:41:15,215 - BasePage - INFO - Current page title is µÇÂ¼
2021-06-27 05:41:15,218 - BasePage - INFO - Current page title is µÇÂ¼
2021-06-27 05:41:15,221 - BasePage - INFO - Current page title is µÇÂ¼
2021-06-27 05:41:15,225 - BasePage - INFO - Current page title is µÇÂ¼
2021-06-27 05:41:15,229 - BasePage - INFO - Current page title is µÇÂ¼
2021-06-27 05:41:15,232 - BasePage - INFO - Current page title is µÇÂ¼
2021-06-27 05:41:15,235 - BasePage - INFO - Current page title is µÇÂ¼
2021-06-27 05:41:15,238 - BasePage - INFO - Current page title is µÇÂ¼
2021-06-27 05:41:15,242 - BasePage - INFO - Current page title is µÇÂ¼
2021-06-27 05:41:15,246 - BasePage - INFO - Current page title is µÇÂ¼
2021-06-27 05:41:15,249 - BasePage - INFO - Current page title is µÇÂ¼
2021-06-27 05:41:15,252 - BasePage - INFO - Current page title is µÇÂ¼
2021-06-27 05:41:15,255 - BasePage - INFO - Current page title is µÇÂ¼
2021-06-27 05:41:15,258 - BasePage - INFO - Current page title is µÇÂ¼
2021-06-27 05:41:15,263 - BasePage - INFO - Current page title is µÇÂ¼
2021-06-27 05:41:15,266 - BasePage - INFO - Current page title is µÇÂ¼
2021-06-27 05:41:15,269 - BasePage - INFO - Current page title is µÇÂ¼
2021-06-27 05:41:15,273 - BasePage - INFO - Current page title is µÇÂ¼
2021-06-27 05:41:15,277 - BasePage - INFO - Current page title is µÇÂ¼
2021-06-27 05:41:15,280 - BasePage - INFO - Current page title is µÇÂ¼
2021-06-27 05:41:15,284 - BasePage - INFO - Current page title is µÇÂ¼
2021-06-27 05:41:15,287 - BasePage - INFO - Current page title is µÇÂ¼
2021-06-27 05:41:15,291 - BasePage - INFO - Current page title is µÇÂ¼
2021-06-27 05:41:15,295 - BasePage - INFO - Current page title is µÇÂ¼
2021-06-27 05:41:15,298 - BasePage - INFO - Current page title is µÇÂ¼
2021-06-27 05:41:15,302 - BasePage - INFO - Current page title is µÇÂ¼
2021-06-27 05:41:15,305 - BasePage - INFO - Current page title is µÇÂ¼
2021-06-27 05:41:15,309 - BasePage - INFO - Current page title is µÇÂ¼
2021-06-27 05:41:15,313 - BasePage - INFO - Current page title is µÇÂ¼
2021-06-27 05:41:15,316 - BasePage - INFO - Current page title is µÇÂ¼
2021-06-27 05:41:15,320 - BasePage - INFO - Current page title is µÇÂ¼
2021-06-27 05:41:15,323 - BasePage - INFO - Current page title is µÇÂ¼
2021-06-27 05:41:15,326 - BasePage - INFO - Current page title is µÇÂ¼
2021-06-27 05:41:15,330 - BasePage - INFO - Current page title is µÇÂ¼
2021-06-27 05:41:15,333 - BasePage - INFO - Current page title is µÇÂ¼
2021-06-27 05:41:15,336 - BasePage - INFO - Current page title is µÇÂ¼
2021-06-27 05:41:15,340 - BasePage - INFO - Current page title is µÇÂ¼
2021-06-27 05:41:15,343 - BasePage - INFO - Current page title is µÇÂ¼
2021-06-27 05:41:15,346 - BasePage - INFO - Current page title is µÇÂ¼
2021-06-27 05:41:15,350 - BasePage - INFO - Current page title is µÇÂ¼
2021-06-27 05:41:15,353 - BasePage - INFO - Current page title is µÇÂ¼
2021-06-27 05:41:15,356 - BasePage - INFO - Current page title is µÇÂ¼
2021-06-27 05:41:15,360 - BasePage - INFO - Current page title is µÇÂ¼
2021-06-27 05:41:15,363 - BasePage - INFO - Current page title is µÇÂ¼
2021-06-27 05:41:15,367 - BasePage - INFO - Current page title is µÇÂ¼
2021-06-27 05:41:15,370 - BasePage - INFO - Current page title is µÇÂ¼
2021-06-27 05:41:15,373 - BasePage - INFO - Current page title is µÇÂ¼
2021-06-27 05:41:15,376 - BasePage - INFO - Current page title is µÇÂ¼
2021-06-27 05:41:15,380 - BasePage - INFO - Current page title is µÇÂ¼
2021-06-27 05:41:15,383 - BasePage - INFO - Current page title is µÇÂ¼
2021-06-27 05:41:15,386 - BasePage - INFO - Current page title is µÇÂ¼
2021-06-27 05:41:15,389 - BasePage - INFO - Current page title is µÇÂ¼
2021-06-27 05:41:15,392 - BasePage - INFO - Current page title is µÇÂ¼
2021-06-27 05:41:15,395 - BasePage - INFO - Current page title is µÇÂ¼
2021-06-27 05:41:15,398 - BasePage - INFO - Current page title is µÇÂ¼
2021-06-27 05:41:15,402 - BasePage - INFO - Current page title is µÇÂ¼
2021-06-27 05:41:15,405 - BasePage - INFO - Current page title is µÇÂ¼
2021-06-27 05:41:15,408 - BasePage - INFO - Current page title is µÇÂ¼
2021-06-27 05:41:15,411 - BasePage - INFO - Current page title is µÇÂ¼
2021-06-27 05:41:15,415 - BasePage - INFO - Current page title is µÇÂ¼
2021-06-27 05:41:15,418 - BasePage - INFO - Current page title is µÇÂ¼
2021-06-27 05:41:15,422 - BasePage - INFO - Current page title is µÇÂ¼
2021-06-27 05:41:15,426 - BasePage - INFO - Current page title is µÇÂ¼
2021-06-27 05:41:15,429 - BasePage - INFO - Current page title is µÇÂ¼
2021-06-27 05:41:15,433 - BasePage - INFO - Current page title is µÇÂ¼
2021-06-27 05:41:15,436 - BasePage - INFO - Current page title is µÇÂ¼
2021-06-27 05:41:15,439 - BasePage - INFO - Current page title is µÇÂ¼
2021-06-27 05:41:15,443 - BasePage - INFO - Current page title is µÇÂ¼
2021-06-27 05:41:15,446 - BasePage - INFO - Current page title is µÇÂ¼
2021-06-27 05:41:15,450 - BasePage - INFO - Current page title is µÇÂ¼
2021-06-27 05:41:15,453 - BasePage - INFO - Current page title is µÇÂ¼
2021-06-27 05:41:15,456 - BasePage - INFO - Current page title is µÇÂ¼
2021-06-27 05:41:15,459 - BasePage - INFO - Current page title is µÇÂ¼
2021-06-27 05:41:15,463 - BasePage - INFO - Current page title is µÇÂ¼
2021-06-27 05:41:15,466 - BasePage - INFO - Current page title is µÇÂ¼
2021-06-27 05:41:15,469 - BasePage - INFO - Current page title is µÇÂ¼
2021-06-27 05:41:15,472 - BasePage - INFO - Current page title is µÇÂ¼
2021-06-27 05:41:15,475 - BasePage - INFO - Current page title is µÇÂ¼
2021-06-27 05:41:15,478 - BasePage - INFO - Current page title is µÇÂ¼
2021-06-27 05:41:15,481 - BasePage - INFO - Current page title is µÇÂ¼
2021-06-27 05:41:15,485 - BasePage - INFO - Current page title is µÇÂ¼
2021-06-27 05:41:15,488 - BasePage - INFO - Current page title is µÇÂ¼
2021-06-27 05:41:15,491 - BasePage - INFO - Current page title is µÇÂ¼
2021-06-27 05:41:15,494 - BasePage - INFO - Current page title is µÇÂ¼
2021-06-27 05:41:15,497 - BasePage - INFO - Current page title is µÇÂ¼
2021-06-27 05:41:15,500 - BasePage - INFO - Current page title is µÇÂ¼
2021-06-27 05:41:15,503 - BasePage - INFO - Current page title is µÇÂ¼
2021-06-27 05:41:15,507 - BasePage - INFO - Current page title is µÇÂ¼
2021-06-27 05:41:15,510 - BasePage - INFO - Current page title is µÇÂ¼
2021-06-27 05:41:15,513 - BasePage - INFO - Current page title is µÇÂ¼
2021-06-27 05:41:15,516 - BasePage - INFO - Current page title is µÇÂ¼
2021-06-27 05:41:15,520 - BasePage - INFO - Current page title is µÇÂ¼
2021-06-27 05:41:15,523 - BasePage - INFO - Current page title is µÇÂ¼
2021-06-27 05:41:15,526 - BasePage - INFO - Current page title is µÇÂ¼
2021-06-27 05:41:15,529 - BasePage - INFO - Current page title is µÇÂ¼
2021-06-27 05:41:15,533 - BasePage - INFO - Current page title is µÇÂ¼
2021-06-27 05:41:15,536 - BasePage - INFO - Current page title is µÇÂ¼
2021-06-27 05:41:15,539 - BasePage - INFO - Current page title is µÇÂ¼
2021-06-27 05:41:15,542 - BasePage - INFO - Current page title is µÇÂ¼
2021-06-27 05:41:15,545 - BasePage - INFO - Current page title is µÇÂ¼
2021-06-27 05:41:15,548 - BasePage - INFO - Current page title is µÇÂ¼
2021-06-27 05:41:15,551 - BasePage - INFO - Current page title is µÇÂ¼
2021-06-27 05:41:15,555 - BasePage - INFO - Current page title is µÇÂ¼
2021-06-27 05:41:15,558 - BasePage - INFO - Current page title is µÇÂ¼
2021-06-27 05:41:15,561 - BasePage - INFO - Current page title is µÇÂ¼
2021-06-27 05:41:15,564 - BasePage - INFO - Current page title is µÇÂ¼
2021-06-27 05:41:15,568 - BasePage - INFO - Current page title is µÇÂ¼
2021-06-27 05:41:15,571 - BasePage - INFO - Current page title is µÇÂ¼
2021-06-27 05:41:15,574 - BasePage - INFO - Current page title is µÇÂ¼
2021-06-27 05:41:15,577 - BasePage - INFO - Current page title is µÇÂ¼
2021-06-27 05:41:15,580 - BasePage - INFO - Current page title is µÇÂ¼
2021-06-27 05:41:15,584 - BasePage - INFO - Current page title is µÇÂ¼
2021-06-27 05:41:15,587 - BasePage - INFO - Current page title is µÇÂ¼
2021-06-27 05:41:15,590 - BasePage - INFO - Current page title is µÇÂ¼
2021-06-27 05:41:15,593 - BasePage - INFO - Current page title is µÇÂ¼
2021-06-27 05:41:15,596 - BasePage - INFO - Current page title is µÇÂ¼
2021-06-27 05:41:15,600 - BasePage - INFO - Current page title is µÇÂ¼
2021-06-27 05:41:15,603 - BasePage - INFO - Current page title is µÇÂ¼
2021-06-27 05:41:15,606 - BasePage - INFO - Current page title is µÇÂ¼
2021-06-27 05:41:15,610 - BasePage - INFO - Current page title is µÇÂ¼
2021-06-27 05:41:15,613 - BasePage - INFO - Current page title is µÇÂ¼
2021-06-27 05:41:15,616 - BasePage - INFO - Current page title is µÇÂ¼
2021-06-27 05:41:15,619 - BasePage - INFO - Current page title is µÇÂ¼
2021-06-27 05:41:15,622 - BasePage - INFO - Current page title is µÇÂ¼
2021-06-27 05:41:15,625 - BasePage - INFO - Current page title is µÇÂ¼
2021-06-27 05:41:15,629 - BasePage - INFO - Current page title is µÇÂ¼
2021-06-27 05:41:15,632 - BasePage - INFO - Current page title is µÇÂ¼
2021-06-27 05:41:15,635 - BasePage - INFO - Current page title is µÇÂ¼
2021-06-27 05:41:15,638 - BasePage - INFO - Current page title is µÇÂ¼
2021-06-27 05:41:15,641 - BasePage - INFO - Current page title is µÇÂ¼
2021-06-27 05:41:15,644 - BasePage - INFO - Current page title is µÇÂ¼
2021-06-27 05:41:15,647 - BasePage - INFO - Current page title is µÇÂ¼
2021-06-27 05:41:15,650 - BasePage - INFO - Current page title is µÇÂ¼
2021-06-27 05:41:15,653 - BasePage - INFO - Current page title is µÇÂ¼
2021-06-27 05:41:15,657 - BasePage - INFO - Current page title is µÇÂ¼
2021-06-27 05:41:15,660 - BasePage - INFO - Current page title is µÇÂ¼
2021-06-27 05:41:15,663 - BasePage - INFO - Current page title is µÇÂ¼
2021-06-27 05:41:15,666 - BasePage - INFO - Current page title is µÇÂ¼
2021-06-27 05:41:15,669 - BasePage - INFO - Current page title is µÇÂ¼
2021-06-27 05:41:15,672 - BasePage - INFO - Current page title is µÇÂ¼
2021-06-27 05:41:15,675 - BasePage - INFO - Current page title is µÇÂ¼
2021-06-27 05:41:15,678 - BasePage - INFO - Current page title is µÇÂ¼
2021-06-27 05:41:15,682 - BasePage - INFO - Current page title is µÇÂ¼
2021-06-27 05:41:15,685 - BasePage - INFO - Current page title is µÇÂ¼
2021-06-27 05:41:15,688 - BasePage - INFO - Current page title is µÇÂ¼
2021-06-27 05:41:15,691 - BasePage - INFO - Current page title is µÇÂ¼
2021-06-27 05:41:15,694 - BasePage - INFO - Current page title is µÇÂ¼
2021-06-27 05:41:15,697 - BasePage - INFO - Current page title is µÇÂ¼
2021-06-27 05:41:15,700 - BasePage - INFO - Current page title is µÇÂ¼
2021-06-27 05:41:15,703 - BasePage - INFO - Current page title is µÇÂ¼
2021-06-27 05:41:15,706 - BasePage - INFO - Current page title is µÇÂ¼
2021-06-27 05:41:15,710 - BasePage - INFO - Current page title is µÇÂ¼
2021-06-27 05:41:15,713 - BasePage - INFO - Current page title is µÇÂ¼
2021-06-27 05:41:15,716 - BasePage - INFO - Current page title is µÇÂ¼
2021-06-27 05:41:15,719 - BasePage - INFO - Current page title is µÇÂ¼
2021-06-27 05:41:15,722 - BasePage - INFO - Current page title is µÇÂ¼
2021-06-27 05:41:15,726 - BasePage - INFO - Current page title is µÇÂ¼
2021-06-27 05:41:15,729 - BasePage - INFO - Current page title is µÇÂ¼
2021-06-27 05:41:15,732 - BasePage - INFO - Current page title is µÇÂ¼
2021-06-27 05:41:15,735 - BasePage - INFO - Current page title is µÇÂ¼
2021-06-27 05:41:15,738 - BasePage - INFO - Current page title is µÇÂ¼
2021-06-27 05:41:15,742 - BasePage - INFO - Current page title is µÇÂ¼
2021-06-27 05:41:15,745 - BasePage - INFO - Current page title is µÇÂ¼
2021-06-27 05:41:15,748 - BasePage - INFO - Current page title is µÇÂ¼
2021-06-27 05:41:15,751 - BasePage - INFO - Current page title is µÇÂ¼
2021-06-27 05:41:15,754 - BasePage - INFO - Current page title is µÇÂ¼
2021-06-27 05:41:15,757 - BasePage - INFO - Current page title is µÇÂ¼
2021-06-27 05:41:15,761 - BasePage - INFO - Current page title is µÇÂ¼
2021-06-27 05:41:15,764 - BasePage - INFO - Current page title is µÇÂ¼
2021-06-27 05:41:15,766 - BasePage - INFO - Current page title is µÇÂ¼
2021-06-27 05:41:15,769 - BasePage - INFO - Current page title is µÇÂ¼
2021-06-27 05:41:15,772 - BasePage - INFO - Current page title is µÇÂ¼
2021-06-27 05:41:15,776 - BasePage - INFO - Current page title is µÇÂ¼
2021-06-27 05:41:15,779 - BasePage - INFO - Current page title is µÇÂ¼
2021-06-27 05:41:15,782 - BasePage - INFO - Current page title is µÇÂ¼
2021-06-27 05:41:15,785 - BasePage - INFO - Current page title is µÇÂ¼
2021-06-27 05:41:15,788 - BasePage - INFO - Current page title is µÇÂ¼
2021-06-27 05:41:15,791 - BasePage - INFO - Current page title is µÇÂ¼
2021-06-27 05:41:15,795 - BasePage - INFO - Current page title is µÇÂ¼
2021-06-27 05:41:15,798 - BasePage - INFO - Current page title is µÇÂ¼
2021-06-27 05:41:15,801 - BasePage - INFO - Current page title is µÇÂ¼
2021-06-27 05:41:15,805 - BasePage - INFO - Current page title is µÇÂ¼
2021-06-27 05:41:15,808 - BasePage - INFO - Current page title is µÇÂ¼
2021-06-27 05:41:15,811 - BasePage - INFO - Current page title is µÇÂ¼
2021-06-27 05:41:15,814 - BasePage - INFO - Current page title is µÇÂ¼
2021-06-27 05:41:15,819 - BasePage - INFO - Current page title is µÇÂ¼
2021-06-27 05:41:15,823 - BasePage - INFO - Current page title is µÇÂ¼
2021-06-27 05:41:15,826 - BasePage - INFO - Current page title is µÇÂ¼
2021-06-27 05:41:15,829 - BasePage - INFO - Current page title is µÇÂ¼
2021-06-27 05:41:15,832 - BasePage - INFO - Current page title is µÇÂ¼
2021-06-27 05:41:15,836 - BasePage - INFO - Current page title is µÇÂ¼
2021-06-27 05:41:15,839 - BasePage - INFO - Current page title is µÇÂ¼
2021-06-27 05:41:15,842 - BasePage - INFO - Current page title is µÇÂ¼
2021-06-27 05:41:15,846 - BasePage - INFO - Current page title is µÇÂ¼
2021-06-27 05:41:15,849 - BasePage - INFO - Current page title is µÇÂ¼
2021-06-27 05:41:15,852 - BasePage - INFO - Current page title is µÇÂ¼
2021-06-27 05:41:15,856 - BasePage - INFO - Current page title is µÇÂ¼
2021-06-27 05:41:15,859 - BasePage - INFO - Current page title is µÇÂ¼
2021-06-27 05:41:15,862 - BasePage - INFO - Current page title is µÇÂ¼
2021-06-27 05:41:15,865 - BasePage - INFO - Current page title is µÇÂ¼
2021-06-27 05:41:15,868 - BasePage - INFO - Current page title is µÇÂ¼
2021-06-27 05:41:15,871 - BasePage - INFO - Current page title is µÇÂ¼
2021-06-27 05:41:15,874 - BasePage - INFO - Current page title is µÇÂ¼
2021-06-27 05:41:15,878 - BasePage - INFO - Current page title is µÇÂ¼
2021-06-27 05:41:15,881 - BasePage - INFO - Current page title is µÇÂ¼
2021-06-27 05:41:15,884 - BasePage - INFO - Current page title is µÇÂ¼
2021-06-27 05:41:15,887 - BasePage - INFO - Current page title is µÇÂ¼
2021-06-27 05:41:15,890 - BasePage - INFO - Current page title is µÇÂ¼
2021-06-27 05:41:15,893 - BasePage - INFO - Current page title is µÇÂ¼
2021-06-27 05:41:15,896 - BasePage - INFO - Current page title is µÇÂ¼
2021-06-27 05:41:15,899 - BasePage - INFO - Current page title is µÇÂ¼
2021-06-27 05:41:15,902 - BasePage - INFO - Current page title is µÇÂ¼
2021-06-27 05:41:15,905 - BasePage - INFO - Current page title is µÇÂ¼
2021-06-27 05:41:15,908 - BasePage - INFO - Current page title is µÇÂ¼
2021-06-27 05:41:15,912 - BasePage - INFO - Current page title is µÇÂ¼
2021-06-27 05:41:15,916 - BasePage - INFO - Current page title is µÇÂ¼
2021-06-27 05:41:15,920 - BasePage - INFO - Current page title is µÇÂ¼
2021-06-27 05:41:15,924 - BasePage - INFO - Current page title is µÇÂ¼
2021-06-27 05:41:15,928 - BasePage - INFO - Current page title is µÇÂ¼
2021-06-27 05:41:15,931 - BasePage - INFO - Current page title is µÇÂ¼
2021-06-27 05:41:15,934 - BasePage - INFO - Current page title is µÇÂ¼
2021-06-27 05:41:15,938 - BasePage - INFO - Current page title is µÇÂ¼
2021-06-27 05:41:15,941 - BasePage - INFO - Current page title is µÇÂ¼
2021-06-27 05:41:15,945 - BasePage - INFO - Current page title is µÇÂ¼
2021-06-27 05:41:15,948 - BasePage - INFO - Current page title is µÇÂ¼
2021-06-27 05:41:15,951 - BasePage - INFO - Current page title is µÇÂ¼
2021-06-27 05:41:15,955 - BasePage - INFO - Current page title is µÇÂ¼
2021-06-27 05:41:15,958 - BasePage - INFO - Current page title is µÇÂ¼
2021-06-27 05:41:15,961 - BasePage - INFO - Current page title is µÇÂ¼
2021-06-27 05:41:15,964 - BasePage - INFO - Current page title is µÇÂ¼
2021-06-27 05:41:15,967 - BasePage - INFO - Current page title is µÇÂ¼
2021-06-27 05:41:15,970 - BasePage - INFO - Current page title is µÇÂ¼
2021-06-27 05:41:15,974 - BasePage - INFO - Current page title is µÇÂ¼
2021-06-27 05:41:15,977 - BasePage - INFO - Current page title is µÇÂ¼
2021-06-27 05:41:15,980 - BasePage - INFO - Current page title is µÇÂ¼
2021-06-27 05:41:15,983 - BasePage - INFO - Current page title is µÇÂ¼
2021-06-27 05:41:15,987 - BasePage - INFO - Current page title is µÇÂ¼
2021-06-27 05:41:15,990 - BasePage - INFO - Current page title is µÇÂ¼
2021-06-27 05:41:15,993 - BasePage - INFO - Current page title is µÇÂ¼
2021-06-27 05:41:15,997 - BasePage - INFO - Current page title is µÇÂ¼
2021-06-27 05:41:16,000 - BasePage - INFO - Current page title is µÇÂ¼
2021-06-27 05:41:16,003 - BasePage - INFO - Current page title is µÇÂ¼
2021-06-27 05:41:16,006 - BasePage - INFO - Current page title is µÇÂ¼
2021-06-27 05:41:16,009 - BasePage - INFO - Current page title is µÇÂ¼
2021-06-27 05:41:16,013 - BasePage - INFO - Current page title is µÇÂ¼
2021-06-27 05:41:16,016 - BasePage - INFO - Current page title is µÇÂ¼
2021-06-27 05:41:16,019 - BasePage - INFO - Current page title is µÇÂ¼
2021-06-27 05:41:16,022 - BasePage - INFO - Current page title is µÇÂ¼
2021-06-27 05:41:16,025 - BasePage - INFO - Current page title is µÇÂ¼
2021-06-27 05:41:16,029 - BasePage - INFO - Current page title is µÇÂ¼
2021-06-27 05:41:16,032 - BasePage - INFO - Current page title is µÇÂ¼
2021-06-27 05:41:16,035 - BasePage - INFO - Current page title is µÇÂ¼
2021-06-27 05:41:16,038 - BasePage - INFO - Current page title is µÇÂ¼
2021-06-27 05:41:16,041 - BasePage - INFO - Current page title is µÇÂ¼
2021-06-27 05:41:16,044 - BasePage - INFO - Current page title is µÇÂ¼
2021-06-27 05:41:16,047 - BasePage - INFO - Current page title is µÇÂ¼
2021-06-27 05:41:16,051 - BasePage - INFO - Current page title is µÇÂ¼
2021-06-27 05:41:16,054 - BasePage - INFO - Current page title is µÇÂ¼
2021-06-27 05:41:16,057 - BasePage - INFO - Current page title is µÇÂ¼
2021-06-27 05:41:16,060 - BasePage - INFO - Current page title is µÇÂ¼
2021-06-27 05:41:16,063 - BasePage - INFO - Current page title is µÇÂ¼
2021-06-27 05:41:16,066 - BasePage - INFO - Current page title is µÇÂ¼
2021-06-27 05:41:16,069 - BasePage - INFO - Current page title is µÇÂ¼
2021-06-27 05:41:16,072 - BasePage - INFO - Current page title is µÇÂ¼
2021-06-27 05:41:16,075 - BasePage - INFO - Current page title is µÇÂ¼
2021-06-27 05:41:16,079 - BasePage - INFO - Current page title is µÇÂ¼
2021-06-27 05:41:16,082 - BasePage - INFO - Current page title is µÇÂ¼
2021-06-27 05:41:16,085 - BasePage - INFO - Current page title is µÇÂ¼
2021-06-27 05:41:16,088 - BasePage - INFO - Current page title is µÇÂ¼
2021-06-27 05:41:16,091 - BasePage - INFO - Current page title is µÇÂ¼
2021-06-27 05:41:16,094 - BasePage - INFO - Current page title is µÇÂ¼
2021-06-27 05:41:16,097 - BasePage - INFO - Current page title is µÇÂ¼
2021-06-27 05:41:16,100 - BasePage - INFO - Current page title is µÇÂ¼
2021-06-27 05:41:16,103 - BasePage - INFO - Current page title is µÇÂ¼
2021-06-27 05:41:16,107 - BasePage - INFO - Current page title is µÇÂ¼
2021-06-27 05:41:16,110 - BasePage - INFO - Current page title is µÇÂ¼
2021-06-27 05:41:16,113 - BasePage - INFO - Current page title is µÇÂ¼
2021-06-27 05:41:16,116 - BasePage - INFO - Current page title is µÇÂ¼
2021-06-27 05:41:16,120 - BasePage - INFO - Current page title is µÇÂ¼
2021-06-27 05:41:16,123 - BasePage - INFO - Current page title is µÇÂ¼
2021-06-27 05:41:16,126 - BasePage - INFO - Current page title is µÇÂ¼
2021-06-27 05:41:16,129 - BasePage - INFO - Current page title is µÇÂ¼
2021-06-27 05:41:16,132 - BasePage - INFO - Current page title is µÇÂ¼
2021-06-27 05:41:16,136 - BasePage - INFO - Current page title is µÇÂ¼
2021-06-27 05:41:16,139 - BasePage - INFO - Current page title is µÇÂ¼
2021-06-27 05:41:16,142 - BasePage - INFO - Current page title is µÇÂ¼
2021-06-27 05:41:16,145 - BasePage - INFO - Current page title is µÇÂ¼
2021-06-27 05:41:16,148 - BasePage - INFO - Current page title is µÇÂ¼
2021-06-27 05:41:16,152 - BasePage - INFO - Current page title is µÇÂ¼
2021-06-27 05:41:16,155 - BasePage - INFO - Current page title is µÇÂ¼
2021-06-27 05:41:16,158 - BasePage - INFO - Current page title is µÇÂ¼
2021-06-27 05:41:16,162 - BasePage - INFO - Current page title is µÇÂ¼
2021-06-27 05:41:16,165 - BasePage - INFO - Current page title is µÇÂ¼
2021-06-27 05:41:16,168 - BasePage - INFO - Current page title is µÇÂ¼
2021-06-27 05:41:16,171 - BasePage - INFO - Current page title is µÇÂ¼
2021-06-27 05:41:16,174 - BasePage - INFO - Current page title is µÇÂ¼
2021-06-27 05:41:16,178 - BasePage - INFO - Current page title is µÇÂ¼
2021-06-27 05:41:16,181 - BasePage - INFO - Current page title is µÇÂ¼
2021-06-27 05:41:16,184 - BasePage - INFO - Current page title is µÇÂ¼
2021-06-27 05:41:16,187 - BasePage - INFO - Current page title is µÇÂ¼
2021-06-27 05:41:16,190 - BasePage - INFO - Current page title is µÇÂ¼
2021-06-27 05:41:16,194 - BasePage - INFO - Current page title is µÇÂ¼
2021-06-27 05:41:16,197 - BasePage - INFO - Current page title is µÇÂ¼
2021-06-27 05:41:16,200 - BasePage - INFO - Current page title is µÇÂ¼
2021-06-27 05:41:16,203 - BasePage - INFO - Current page title is µÇÂ¼
2021-06-27 05:41:16,206 - BasePage - INFO - Current page title is µÇÂ¼
2021-06-27 05:41:16,209 - BasePage - INFO - Current page title is µÇÂ¼
2021-06-27 05:41:16,213 - BasePage - INFO - Current page title is µÇÂ¼
2021-06-27 05:41:16,216 - BasePage - INFO - Current page title is µÇÂ¼
2021-06-27 05:41:16,219 - BasePage - INFO - Current page title is µÇÂ¼
2021-06-27 05:41:16,222 - BasePage - INFO - Current page title is µÇÂ¼
2021-06-27 05:41:16,225 - BasePage - INFO - Current page title is µÇÂ¼
2021-06-27 05:41:16,229 - BasePage - INFO - Current page title is µÇÂ¼
2021-06-27 05:41:16,232 - BasePage - INFO - Current page title is µÇÂ¼
2021-06-27 05:41:16,235 - BasePage - INFO - Current page title is µÇÂ¼
2021-06-27 05:41:16,238 - BasePage - INFO - Current page title is µÇÂ¼
2021-06-27 05:41:16,241 - BasePage - INFO - Current page title is µÇÂ¼
2021-06-27 05:41:16,245 - BasePage - INFO - Current page title is µÇÂ¼
2021-06-27 05:41:16,248 - BasePage - INFO - Current page title is µÇÂ¼
2021-06-27 05:41:16,251 - BasePage - INFO - Current page title is µÇÂ¼
2021-06-27 05:41:16,254 - BasePage - INFO - Current page title is µÇÂ¼
2021-06-27 05:41:16,257 - BasePage - INFO - Current page title is µÇÂ¼
2021-06-27 05:41:16,260 - BasePage - INFO - Current page title is µÇÂ¼
2021-06-27 05:41:16,263 - BasePage - INFO - Current page title is µÇÂ¼
2021-06-27 05:41:16,266 - BasePage - INFO - Current page title is µÇÂ¼
2021-06-27 05:41:16,269 - BasePage - INFO - Current page title is µÇÂ¼
2021-06-27 05:41:16,273 - BasePage - INFO - Current page title is µÇÂ¼
2021-06-27 05:41:16,276 - BasePage - INFO - Current page title is µÇÂ¼
2021-06-27 05:41:16,279 - BasePage - INFO - Current page title is µÇÂ¼
2021-06-27 05:41:16,282 - BasePage - INFO - Current page title is µÇÂ¼
2021-06-27 05:41:16,285 - BasePage - INFO - Current page title is µÇÂ¼
2021-06-27 05:41:16,288 - BasePage - INFO - Current page title is µÇÂ¼
2021-06-27 05:41:16,291 - BasePage - INFO - Current page title is µÇÂ¼
2021-06-27 05:41:16,295 - BasePage - INFO - Current page title is µÇÂ¼
2021-06-27 05:41:16,298 - BasePage - INFO - Current page title is µÇÂ¼
2021-06-27 05:41:16,301 - BasePage - INFO - Current page title is µÇÂ¼
2021-06-27 05:41:16,304 - BasePage - INFO - Current page title is µÇÂ¼
2021-06-27 05:41:16,307 - BasePage - INFO - Current page title is µÇÂ¼
2021-06-27 05:41:16,310 - BasePage - INFO - Current page title is µÇÂ¼
2021-06-27 05:41:16,313 - BasePage - INFO - Current page title is µÇÂ¼
2021-06-27 05:41:16,317 - BasePage - INFO - Current page title is µÇÂ¼
2021-06-27 05:41:16,320 - BasePage - INFO - Current page title is µÇÂ¼
2021-06-27 05:41:16,323 - BasePage - INFO - Current page title is µÇÂ¼
2021-06-27 05:41:16,327 - BasePage - INFO - Current page title is µÇÂ¼
2021-06-27 05:41:16,330 - BasePage - INFO - Current page title is µÇÂ¼
2021-06-27 05:41:16,333 - BasePage - INFO - Current page title is µÇÂ¼
2021-06-27 05:41:16,335 - BasePage - INFO - Current page title is µÇÂ¼
2021-06-27 05:41:16,338 - BasePage - INFO - Current page title is µÇÂ¼
2021-06-27 05:41:16,341 - BasePage - INFO - Current page title is µÇÂ¼
2021-06-27 05:41:16,345 - BasePage - INFO - Current page title is µÇÂ¼
2021-06-27 05:41:16,348 - BasePage - INFO - Current page title is µÇÂ¼
2021-06-27 05:41:16,351 - BasePage - INFO - Current page title is µÇÂ¼
2021-06-27 05:41:16,354 - BasePage - INFO - Current page title is µÇÂ¼
2021-06-27 05:41:16,357 - BasePage - INFO - Current page title is µÇÂ¼
2021-06-27 05:41:16,361 - BasePage - INFO - Current page title is µÇÂ¼
2021-06-27 05:41:16,364 - BasePage - INFO - Current page title is µÇÂ¼
2021-06-27 05:41:16,367 - BasePage - INFO - Current page title is µÇÂ¼
2021-06-27 05:41:16,370 - BasePage - INFO - Current page title is µÇÂ¼
2021-06-27 05:41:16,373 - BasePage - INFO - Current page title is µÇÂ¼
2021-06-27 05:41:16,376 - BasePage - INFO - Current page title is µÇÂ¼
2021-06-27 05:41:16,380 - BasePage - INFO - Current page title is µÇÂ¼
2021-06-27 05:41:16,383 - BasePage - INFO - Current page title is µÇÂ¼
2021-06-27 05:41:16,386 - BasePage - INFO - Current page title is µÇÂ¼
2021-06-27 05:41:16,389 - BasePage - INFO - Current page title is µÇÂ¼
2021-06-27 05:41:16,393 - BasePage - INFO - Current page title is µÇÂ¼
2021-06-27 05:41:16,397 - BasePage - INFO - Current page title is µÇÂ¼
2021-06-27 05:41:16,400 - BasePage - INFO - Current page title is µÇÂ¼
2021-06-27 05:41:16,403 - BasePage - INFO - Current page title is µÇÂ¼
2021-06-27 05:41:16,406 - BasePage - INFO - Current page title is µÇÂ¼
2021-06-27 05:41:16,410 - BasePage - INFO - Current page title is µÇÂ¼
2021-06-27 05:41:16,413 - BasePage - INFO - Current page title is µÇÂ¼
2021-06-27 05:41:16,416 - BasePage - INFO - Current page title is µÇÂ¼
2021-06-27 05:41:16,420 - BasePage - INFO - Current page title is µÇÂ¼
2021-06-27 05:41:16,423 - BasePage - INFO - Current page title is µÇÂ¼
2021-06-27 05:41:16,426 - BasePage - INFO - Current page title is µÇÂ¼
2021-06-27 05:41:16,430 - BasePage - INFO - Current page title is µÇÂ¼
2021-06-27 05:41:16,433 - BasePage - INFO - Current page title is µÇÂ¼
2021-06-27 05:41:16,436 - BasePage - INFO - Current page title is µÇÂ¼
2021-06-27 05:41:16,439 - BasePage - INFO - Current page title is µÇÂ¼
2021-06-27 05:41:16,442 - BasePage - INFO - Current page title is µÇÂ¼
2021-06-27 05:41:16,446 - BasePage - INFO - Current page title is µÇÂ¼
2021-06-27 05:41:16,449 - BasePage - INFO - Current page title is µÇÂ¼
2021-06-27 05:41:16,452 - BasePage - INFO - Current page title is µÇÂ¼
2021-06-27 05:41:16,455 - BasePage - INFO - Current page title is µÇÂ¼
2021-06-27 05:41:16,458 - BasePage - INFO - Current page title is µÇÂ¼
2021-06-27 05:41:16,461 - BasePage - INFO - Current page title is µÇÂ¼
2021-06-27 05:41:16,464 - BasePage - INFO - Current page title is µÇÂ¼
2021-06-27 05:41:16,467 - BasePage - INFO - Current page title is µÇÂ¼
2021-06-27 05:41:16,470 - BasePage - INFO - Current page title is µÇÂ¼
2021-06-27 05:41:16,473 - BasePage - INFO - Current page title is µÇÂ¼
2021-06-27 05:41:16,477 - BasePage - INFO - Current page title is µÇÂ¼
2021-06-27 05:41:16,481 - BasePage - INFO - Current page title is µÇÂ¼
2021-06-27 05:41:16,484 - BasePage - INFO - Current page title is µÇÂ¼
2021-06-27 05:41:16,487 - BasePage - INFO - Current page title is µÇÂ¼
2021-06-27 05:41:16,490 - BasePage - INFO - Current page title is µÇÂ¼
2021-06-27 05:41:16,494 - BasePage - INFO - Current page title is µÇÂ¼
2021-06-27 05:41:16,497 - BasePage - INFO - Current page title is µÇÂ¼
2021-06-27 05:41:16,500 - BasePage - INFO - Current page title is µÇÂ¼
2021-06-27 05:41:16,503 - BasePage - INFO - Current page title is µÇÂ¼
2021-06-27 05:41:16,506 - BasePage - INFO - Current page title is µÇÂ¼
2021-06-27 05:41:16,509 - BasePage - INFO - Current page title is µÇÂ¼
2021-06-27 05:41:16,513 - BasePage - INFO - Current page title is µÇÂ¼
2021-06-27 05:41:16,516 - BasePage - INFO - Current page title is µÇÂ¼
2021-06-27 05:41:16,519 - BasePage - INFO - Current page title is µÇÂ¼
2021-06-27 05:41:16,522 - BasePage - INFO - Current page title is µÇÂ¼
2021-06-27 05:41:16,526 - BasePage - INFO - Current page title is µÇÂ¼
2021-06-27 05:41:16,529 - BasePage - INFO - Current page title is µÇÂ¼
