2021-06-27 05:29:31,723 - BrowserEngine - INFO - You had select Chrome browser.
2021-06-27 05:29:31,723 - BrowserEngine - INFO - The test server url is: https://bjjj.zhongchebaolian.com/cgsadm
2021-06-27 05:29:32,766 - BrowserEngine - INFO - Starting Chrome browser
2021-06-27 05:29:34,444 - BrowserEngine - INFO - Open url: https://bjjj.zhongchebaolian.com/cgsadm 
2021-06-27 05:29:34,788 - BrowserEngine - INFO - Maximize the current window. 
2021-06-27 05:29:34,807 - BasePage - INFO - Had find the element '  ' seccessful by id via value:  username 
2021-06-27 05:29:34,889 - BasePage - INFO - Had type ' 17600352198 ' in inputBox
2021-06-27 05:29:34,908 - BasePage - INFO - Had find the element '  ' seccessful by id via value:  password 
2021-06-27 05:29:34,972 - BasePage - INFO - Had type ' a12345678 ' in inputBox
2021-06-27 05:29:34,991 - BasePage - INFO - Had find the element '  ' seccessful by id via value:  account-img-code 
2021-06-27 05:29:35,042 - BasePage - INFO - Had type ' 1234 ' in inputBox
2021-06-27 05:29:35,059 - BasePage - INFO - Had find the element ' µÇÂ¼ ' seccessful by id via value:  login-btn 
2021-06-27 05:29:35,065 - BasePage - INFO - The element ' µÇÂ¼ ' was clicked.
2021-06-27 05:29:35,099 - BasePage - INFO - Current page title is µÇÂ¼
2021-06-27 05:29:40,101 - BasePage - INFO - Sleep for 5 seconds
2021-06-27 05:29:40,110 - BasePage - INFO - Had find the element ' µÇÂ¼ ' seccessful by id via value:  login-btn 
2021-06-27 05:29:40,116 - BasePage - INFO - The element ' µÇÂ¼ ' was clicked.
2021-06-27 05:29:40,129 - BasePage - INFO - Current page title is µÇÂ¼
2021-06-27 05:29:40,132 - BasePage - INFO - Current page title is µÇÂ¼
2021-06-27 05:29:40,136 - BasePage - INFO - Current page title is µÇÂ¼
2021-06-27 05:29:45,137 - BasePage - INFO - Sleep for 5 seconds
2021-06-27 05:29:45,153 - BasePage - INFO - Had find the element ' µÇÂ¼ ' seccessful by id via value:  login-btn 
2021-06-27 05:29:45,158 - BasePage - INFO - The element ' µÇÂ¼ ' was clicked.
2021-06-27 05:29:45,183 - BasePage - INFO - Current page title is µÇÂ¼
2021-06-27 05:29:45,186 - BasePage - INFO - Current page title is µÇÂ¼
2021-06-27 05:29:45,189 - BasePage - INFO - Current page title is µÇÂ¼
2021-06-27 05:29:50,192 - BasePage - INFO - Sleep for 5 seconds
2021-06-27 05:29:50,201 - BasePage - ERROR - NoSuchElementException: Message: no such element: Unable to locate element: {"method":"css selector","selector":"[id="login-btn"]"}
  (Session info: chrome=91.0.4472.114)

2021-06-27 05:29:50,337 - BasePage - INFO - Had take screenshot and save to folder : /screenshots
