2021-06-27 05:37:49,523 - BrowserEngine - INFO - You had select Chrome browser.
2021-06-27 05:37:49,524 - BrowserEngine - INFO - The test server url is: https://bjjj.zhongchebaolian.com/cgsadm
2021-06-27 05:37:50,599 - BrowserEngine - INFO - Starting Chrome browser
2021-06-27 05:37:52,478 - BrowserEngine - INFO - Open url: https://bjjj.zhongchebaolian.com/cgsadm 
2021-06-27 05:37:52,773 - BrowserEngine - INFO - Maximize the current window. 
2021-06-27 05:37:52,790 - BasePage - INFO - Had find the element '  ' seccessful by id via value:  username 
2021-06-27 05:37:52,882 - BasePage - INFO - Had type ' 17600352198 ' in inputBox
2021-06-27 05:37:52,896 - BasePage - INFO - Had find the element '  ' seccessful by id via value:  password 
2021-06-27 05:37:52,960 - BasePage - INFO - Had type ' a12345678 ' in inputBox
2021-06-27 05:37:52,975 - BasePage - INFO - Had find the element '  ' seccessful by id via value:  account-img-code 
2021-06-27 05:37:53,032 - BasePage - INFO - Had type ' 1234 ' in inputBox
2021-06-27 05:37:53,053 - BasePage - INFO - Had find the element ' µÇÂ¼ ' seccessful by id via value:  login-btn 
2021-06-27 05:37:53,057 - BasePage - INFO - The element ' µÇÂ¼ ' was clicked.
2021-06-27 05:37:53,087 - BasePage - INFO - Current page title is µÇÂ¼
2021-06-27 05:37:53,091 - BasePage - INFO - Current page title is µÇÂ¼
2021-06-27 05:37:53,095 - BasePage - INFO - Current page title is µÇÂ¼
2021-06-27 05:37:53,100 - BasePage - INFO - Current page title is µÇÂ¼
2021-06-27 05:37:53,105 - BasePage - INFO - Current page title is µÇÂ¼
2021-06-27 05:37:53,109 - BasePage - INFO - Current page title is µÇÂ¼
2021-06-27 05:37:53,114 - BasePage - INFO - Current page title is µÇÂ¼
2021-06-27 05:37:53,118 - BasePage - INFO - Current page title is µÇÂ¼
2021-06-27 05:37:53,122 - BasePage - INFO - Current page title is µÇÂ¼
2021-06-27 05:37:53,127 - BasePage - INFO - Current page title is µÇÂ¼
2021-06-27 05:37:53,132 - BasePage - INFO - Current page title is µÇÂ¼
2021-06-27 05:37:53,137 - BasePage - INFO - Current page title is µÇÂ¼
2021-06-27 05:37:53,141 - BasePage - INFO - Current page title is µÇÂ¼
2021-06-27 05:37:53,145 - BasePage - INFO - Current page title is µÇÂ¼
2021-06-27 05:37:53,149 - BasePage - INFO - Current page title is µÇÂ¼
2021-06-27 05:37:53,154 - BasePage - INFO - Current page title is µÇÂ¼
2021-06-27 05:37:53,158 - BasePage - INFO - Current page title is µÇÂ¼
2021-06-27 05:37:53,163 - BasePage - INFO - Current page title is µÇÂ¼
2021-06-27 05:37:53,167 - BasePage - INFO - Current page title is µÇÂ¼
2021-06-27 05:37:53,177 - BasePage - INFO - Current page title is µÇÂ¼
2021-06-27 05:37:53,188 - BasePage - INFO - Current page title is µÇÂ¼
2021-06-27 05:37:53,195 - BasePage - INFO - Current page title is µÇÂ¼
2021-06-27 05:37:53,203 - BasePage - INFO - Current page title is µÇÂ¼
2021-06-27 05:37:53,209 - BasePage - INFO - Current page title is µÇÂ¼
2021-06-27 05:37:53,213 - BasePage - INFO - Current page title is µÇÂ¼
2021-06-27 05:37:53,218 - BasePage - INFO - Current page title is µÇÂ¼
2021-06-27 05:37:53,221 - BasePage - INFO - Current page title is µÇÂ¼
2021-06-27 05:37:53,225 - BasePage - INFO - Current page title is µÇÂ¼
2021-06-27 05:37:53,228 - BasePage - INFO - Current page title is µÇÂ¼
2021-06-27 05:37:53,232 - BasePage - INFO - Current page title is µÇÂ¼
2021-06-27 05:37:53,236 - BasePage - INFO - Current page title is µÇÂ¼
2021-06-27 05:37:53,239 - BasePage - INFO - Current page title is µÇÂ¼
2021-06-27 05:37:53,244 - BasePage - INFO - Current page title is µÇÂ¼
2021-06-27 05:37:53,248 - BasePage - INFO - Current page title is µÇÂ¼
2021-06-27 05:37:53,252 - BasePage - INFO - Current page title is µÇÂ¼
2021-06-27 05:37:53,256 - BasePage - INFO - Current page title is µÇÂ¼
2021-06-27 05:37:53,260 - BasePage - INFO - Current page title is µÇÂ¼
2021-06-27 05:37:53,263 - BasePage - INFO - Current page title is µÇÂ¼
2021-06-27 05:37:53,266 - BasePage - INFO - Current page title is µÇÂ¼
2021-06-27 05:37:53,270 - BasePage - INFO - Current page title is µÇÂ¼
2021-06-27 05:37:53,273 - BasePage - INFO - Current page title is µÇÂ¼
2021-06-27 05:37:53,278 - BasePage - INFO - Current page title is µÇÂ¼
2021-06-27 05:37:53,281 - BasePage - INFO - Current page title is µÇÂ¼
2021-06-27 05:37:53,284 - BasePage - INFO - Current page title is µÇÂ¼
2021-06-27 05:37:53,288 - BasePage - INFO - Current page title is µÇÂ¼
2021-06-27 05:37:53,292 - BasePage - INFO - Current page title is µÇÂ¼
2021-06-27 05:37:53,295 - BasePage - INFO - Current page title is µÇÂ¼
2021-06-27 05:37:53,298 - BasePage - INFO - Current page title is µÇÂ¼
2021-06-27 05:37:53,302 - BasePage - INFO - Current page title is µÇÂ¼
2021-06-27 05:37:53,305 - BasePage - INFO - Current page title is µÇÂ¼
2021-06-27 05:37:53,308 - BasePage - INFO - Current page title is µÇÂ¼
2021-06-27 05:37:53,312 - BasePage - INFO - Current page title is µÇÂ¼
2021-06-27 05:37:53,316 - BasePage - INFO - Current page title is µÇÂ¼
2021-06-27 05:37:53,320 - BasePage - INFO - Current page title is µÇÂ¼
2021-06-27 05:37:53,324 - BasePage - INFO - Current page title is µÇÂ¼
2021-06-27 05:37:53,327 - BasePage - INFO - Current page title is µÇÂ¼
2021-06-27 05:37:53,330 - BasePage - INFO - Current page title is µÇÂ¼
2021-06-27 05:37:53,335 - BasePage - INFO - Current page title is µÇÂ¼
2021-06-27 05:37:53,338 - BasePage - INFO - Current page title is µÇÂ¼
2021-06-27 05:37:53,342 - BasePage - INFO - Current page title is µÇÂ¼
2021-06-27 05:37:53,346 - BasePage - INFO - Current page title is µÇÂ¼
2021-06-27 05:37:53,349 - BasePage - INFO - Current page title is µÇÂ¼
2021-06-27 05:37:53,352 - BasePage - INFO - Current page title is µÇÂ¼
2021-06-27 05:37:53,355 - BasePage - INFO - Current page title is µÇÂ¼
2021-06-27 05:37:53,359 - BasePage - INFO - Current page title is µÇÂ¼
2021-06-27 05:37:53,362 - BasePage - INFO - Current page title is µÇÂ¼
2021-06-27 05:37:53,366 - BasePage - INFO - Current page title is µÇÂ¼
2021-06-27 05:37:53,370 - BasePage - INFO - Current page title is µÇÂ¼
2021-06-27 05:37:53,374 - BasePage - INFO - Current page title is µÇÂ¼
2021-06-27 05:37:53,378 - BasePage - INFO - Current page title is µÇÂ¼
2021-06-27 05:37:53,382 - BasePage - INFO - Current page title is µÇÂ¼
2021-06-27 05:37:53,386 - BasePage - INFO - Current page title is µÇÂ¼
2021-06-27 05:37:53,389 - BasePage - INFO - Current page title is µÇÂ¼
2021-06-27 05:37:53,392 - BasePage - INFO - Current page title is µÇÂ¼
2021-06-27 05:37:53,395 - BasePage - INFO - Current page title is µÇÂ¼
2021-06-27 05:37:53,399 - BasePage - INFO - Current page title is µÇÂ¼
2021-06-27 05:37:53,402 - BasePage - INFO - Current page title is µÇÂ¼
2021-06-27 05:37:53,405 - BasePage - INFO - Current page title is µÇÂ¼
2021-06-27 05:37:53,409 - BasePage - INFO - Current page title is µÇÂ¼
2021-06-27 05:37:53,413 - BasePage - INFO - Current page title is µÇÂ¼
2021-06-27 05:37:53,417 - BasePage - INFO - Current page title is µÇÂ¼
2021-06-27 05:37:53,420 - BasePage - INFO - Current page title is µÇÂ¼
2021-06-27 05:37:53,423 - BasePage - INFO - Current page title is µÇÂ¼
2021-06-27 05:37:53,427 - BasePage - INFO - Current page title is µÇÂ¼
2021-06-27 05:37:53,430 - BasePage - INFO - Current page title is µÇÂ¼
2021-06-27 05:37:53,434 - BasePage - INFO - Current page title is µÇÂ¼
2021-06-27 05:37:53,437 - BasePage - INFO - Current page title is µÇÂ¼
2021-06-27 05:37:53,440 - BasePage - INFO - Current page title is µÇÂ¼
2021-06-27 05:37:53,444 - BasePage - INFO - Current page title is µÇÂ¼
2021-06-27 05:37:53,447 - BasePage - INFO - Current page title is µÇÂ¼
2021-06-27 05:37:53,450 - BasePage - INFO - Current page title is µÇÂ¼
2021-06-27 05:37:53,453 - BasePage - INFO - Current page title is µÇÂ¼
2021-06-27 05:37:53,457 - BasePage - INFO - Current page title is µÇÂ¼
2021-06-27 05:37:53,460 - BasePage - INFO - Current page title is µÇÂ¼
2021-06-27 05:37:53,463 - BasePage - INFO - Current page title is µÇÂ¼
2021-06-27 05:37:53,467 - BasePage - INFO - Current page title is µÇÂ¼
2021-06-27 05:37:53,470 - BasePage - INFO - Current page title is µÇÂ¼
2021-06-27 05:37:53,473 - BasePage - INFO - Current page title is µÇÂ¼
2021-06-27 05:37:53,477 - BasePage - INFO - Current page title is µÇÂ¼
2021-06-27 05:37:53,480 - BasePage - INFO - Current page title is µÇÂ¼
2021-06-27 05:37:53,484 - BasePage - INFO - Current page title is µÇÂ¼
2021-06-27 05:37:53,489 - BasePage - INFO - Current page title is µÇÂ¼
2021-06-27 05:37:53,494 - BasePage - INFO - Current page title is µÇÂ¼
2021-06-27 05:37:53,498 - BasePage - INFO - Current page title is µÇÂ¼
2021-06-27 05:37:53,503 - BasePage - INFO - Current page title is µÇÂ¼
2021-06-27 05:37:53,508 - BasePage - INFO - Current page title is µÇÂ¼
2021-06-27 05:37:53,512 - BasePage - INFO - Current page title is µÇÂ¼
2021-06-27 05:37:53,516 - BasePage - INFO - Current page title is µÇÂ¼
2021-06-27 05:37:53,520 - BasePage - INFO - Current page title is µÇÂ¼
2021-06-27 05:37:53,524 - BasePage - INFO - Current page title is µÇÂ¼
2021-06-27 05:37:53,528 - BasePage - INFO - Current page title is µÇÂ¼
2021-06-27 05:37:53,533 - BasePage - INFO - Current page title is µÇÂ¼
2021-06-27 05:37:53,538 - BasePage - INFO - Current page title is µÇÂ¼
2021-06-27 05:37:53,543 - BasePage - INFO - Current page title is µÇÂ¼
2021-06-27 05:37:53,549 - BasePage - INFO - Current page title is µÇÂ¼
2021-06-27 05:37:53,555 - BasePage - INFO - Current page title is µÇÂ¼
2021-06-27 05:37:53,559 - BasePage - INFO - Current page title is µÇÂ¼
2021-06-27 05:37:53,563 - BasePage - INFO - Current page title is µÇÂ¼
2021-06-27 05:37:53,567 - BasePage - INFO - Current page title is µÇÂ¼
2021-06-27 05:37:53,572 - BasePage - INFO - Current page title is µÇÂ¼
2021-06-27 05:37:53,577 - BasePage - INFO - Current page title is µÇÂ¼
2021-06-27 05:37:53,580 - BasePage - INFO - Current page title is µÇÂ¼
2021-06-27 05:37:53,584 - BasePage - INFO - Current page title is µÇÂ¼
2021-06-27 05:37:53,588 - BasePage - INFO - Current page title is µÇÂ¼
2021-06-27 05:37:53,592 - BasePage - INFO - Current page title is µÇÂ¼
2021-06-27 05:37:53,595 - BasePage - INFO - Current page title is µÇÂ¼
2021-06-27 05:37:53,599 - BasePage - INFO - Current page title is µÇÂ¼
2021-06-27 05:37:53,602 - BasePage - INFO - Current page title is µÇÂ¼
2021-06-27 05:37:53,606 - BasePage - INFO - Current page title is µÇÂ¼
2021-06-27 05:37:53,609 - BasePage - INFO - Current page title is µÇÂ¼
2021-06-27 05:37:53,612 - BasePage - INFO - Current page title is µÇÂ¼
2021-06-27 05:37:53,616 - BasePage - INFO - Current page title is µÇÂ¼
2021-06-27 05:37:53,619 - BasePage - INFO - Current page title is µÇÂ¼
2021-06-27 05:37:53,622 - BasePage - INFO - Current page title is µÇÂ¼
2021-06-27 05:37:53,625 - BasePage - INFO - Current page title is µÇÂ¼
2021-06-27 05:37:53,629 - BasePage - INFO - Current page title is µÇÂ¼
2021-06-27 05:37:53,632 - BasePage - INFO - Current page title is µÇÂ¼
2021-06-27 05:37:53,636 - BasePage - INFO - Current page title is µÇÂ¼
2021-06-27 05:37:53,639 - BasePage - INFO - Current page title is µÇÂ¼
2021-06-27 05:37:53,644 - BasePage - INFO - Current page title is µÇÂ¼
2021-06-27 05:37:53,648 - BasePage - INFO - Current page title is µÇÂ¼
2021-06-27 05:37:53,651 - BasePage - INFO - Current page title is µÇÂ¼
2021-06-27 05:37:53,655 - BasePage - INFO - Current page title is µÇÂ¼
2021-06-27 05:37:53,657 - BasePage - INFO - Current page title is µÇÂ¼
2021-06-27 05:37:53,660 - BasePage - INFO - Current page title is µÇÂ¼
2021-06-27 05:37:53,664 - BasePage - INFO - Current page title is µÇÂ¼
2021-06-27 05:37:53,668 - BasePage - INFO - Current page title is µÇÂ¼
2021-06-27 05:37:53,671 - BasePage - INFO - Current page title is µÇÂ¼
2021-06-27 05:37:53,675 - BasePage - INFO - Current page title is µÇÂ¼
2021-06-27 05:37:53,678 - BasePage - INFO - Current page title is µÇÂ¼
2021-06-27 05:37:53,682 - BasePage - INFO - Current page title is µÇÂ¼
2021-06-27 05:37:53,686 - BasePage - INFO - Current page title is µÇÂ¼
2021-06-27 05:37:53,691 - BasePage - INFO - Current page title is µÇÂ¼
2021-06-27 05:37:53,695 - BasePage - INFO - Current page title is µÇÂ¼
2021-06-27 05:37:53,699 - BasePage - INFO - Current page title is µÇÂ¼
2021-06-27 05:37:53,703 - BasePage - INFO - Current page title is µÇÂ¼
2021-06-27 05:37:53,707 - BasePage - INFO - Current page title is µÇÂ¼
2021-06-27 05:37:53,710 - BasePage - INFO - Current page title is µÇÂ¼
2021-06-27 05:37:53,714 - BasePage - INFO - Current page title is µÇÂ¼
2021-06-27 05:37:53,718 - BasePage - INFO - Current page title is µÇÂ¼
2021-06-27 05:37:53,721 - BasePage - INFO - Current page title is µÇÂ¼
2021-06-27 05:37:53,725 - BasePage - INFO - Current page title is µÇÂ¼
2021-06-27 05:37:53,728 - BasePage - INFO - Current page title is µÇÂ¼
2021-06-27 05:37:53,731 - BasePage - INFO - Current page title is µÇÂ¼
2021-06-27 05:37:53,735 - BasePage - INFO - Current page title is µÇÂ¼
2021-06-27 05:37:53,739 - BasePage - INFO - Current page title is µÇÂ¼
2021-06-27 05:37:53,743 - BasePage - INFO - Current page title is µÇÂ¼
2021-06-27 05:37:53,746 - BasePage - INFO - Current page title is µÇÂ¼
2021-06-27 05:37:53,749 - BasePage - INFO - Current page title is µÇÂ¼
2021-06-27 05:37:53,753 - BasePage - INFO - Current page title is µÇÂ¼
2021-06-27 05:37:53,756 - BasePage - INFO - Current page title is µÇÂ¼
2021-06-27 05:37:53,760 - BasePage - INFO - Current page title is µÇÂ¼
2021-06-27 05:37:53,763 - BasePage - INFO - Current page title is µÇÂ¼
2021-06-27 05:37:53,767 - BasePage - INFO - Current page title is µÇÂ¼
2021-06-27 05:37:53,771 - BasePage - INFO - Current page title is µÇÂ¼
2021-06-27 05:37:53,774 - BasePage - INFO - Current page title is µÇÂ¼
2021-06-27 05:37:53,778 - BasePage - INFO - Current page title is µÇÂ¼
2021-06-27 05:37:53,781 - BasePage - INFO - Current page title is µÇÂ¼
2021-06-27 05:37:53,785 - BasePage - INFO - Current page title is µÇÂ¼
2021-06-27 05:37:53,788 - BasePage - INFO - Current page title is µÇÂ¼
2021-06-27 05:37:53,791 - BasePage - INFO - Current page title is µÇÂ¼
2021-06-27 05:37:53,795 - BasePage - INFO - Current page title is µÇÂ¼
2021-06-27 05:37:53,798 - BasePage - INFO - Current page title is µÇÂ¼
2021-06-27 05:37:53,803 - BasePage - INFO - Current page title is µÇÂ¼
2021-06-27 05:37:53,807 - BasePage - INFO - Current page title is µÇÂ¼
2021-06-27 05:37:53,810 - BasePage - INFO - Current page title is µÇÂ¼
2021-06-27 05:37:53,813 - BasePage - INFO - Current page title is µÇÂ¼
2021-06-27 05:37:53,817 - BasePage - INFO - Current page title is µÇÂ¼
2021-06-27 05:37:53,820 - BasePage - INFO - Current page title is µÇÂ¼
2021-06-27 05:37:53,823 - BasePage - INFO - Current page title is µÇÂ¼
2021-06-27 05:37:53,826 - BasePage - INFO - Current page title is µÇÂ¼
2021-06-27 05:37:53,830 - BasePage - INFO - Current page title is µÇÂ¼
2021-06-27 05:37:53,833 - BasePage - INFO - Current page title is µÇÂ¼
2021-06-27 05:37:53,837 - BasePage - INFO - Current page title is µÇÂ¼
2021-06-27 05:37:53,856 - BasePage - INFO - Current page title is µÇÂ¼
2021-06-27 05:37:53,862 - BasePage - INFO - Current page title is µÇÂ¼
2021-06-27 05:37:53,867 - BasePage - INFO - Current page title is µÇÂ¼
2021-06-27 05:37:53,872 - BasePage - INFO - Current page title is µÇÂ¼
2021-06-27 05:37:53,876 - BasePage - INFO - Current page title is µÇÂ¼
2021-06-27 05:37:53,879 - BasePage - INFO - Current page title is µÇÂ¼
2021-06-27 05:37:53,884 - BasePage - INFO - Current page title is µÇÂ¼
2021-06-27 05:37:53,888 - BasePage - INFO - Current page title is µÇÂ¼
2021-06-27 05:37:53,892 - BasePage - INFO - Current page title is µÇÂ¼
2021-06-27 05:37:53,895 - BasePage - INFO - Current page title is µÇÂ¼
2021-06-27 05:37:53,899 - BasePage - INFO - Current page title is µÇÂ¼
2021-06-27 05:37:53,903 - BasePage - INFO - Current page title is µÇÂ¼
2021-06-27 05:37:53,906 - BasePage - INFO - Current page title is µÇÂ¼
2021-06-27 05:37:53,909 - BasePage - INFO - Current page title is µÇÂ¼
2021-06-27 05:37:53,913 - BasePage - INFO - Current page title is µÇÂ¼
2021-06-27 05:37:53,917 - BasePage - INFO - Current page title is µÇÂ¼
2021-06-27 05:37:53,920 - BasePage - INFO - Current page title is µÇÂ¼
2021-06-27 05:37:53,923 - BasePage - INFO - Current page title is µÇÂ¼
2021-06-27 05:37:53,927 - BasePage - INFO - Current page title is µÇÂ¼
2021-06-27 05:37:53,930 - BasePage - INFO - Current page title is µÇÂ¼
2021-06-27 05:37:53,934 - BasePage - INFO - Current page title is µÇÂ¼
2021-06-27 05:37:53,938 - BasePage - INFO - Current page title is µÇÂ¼
2021-06-27 05:37:53,941 - BasePage - INFO - Current page title is µÇÂ¼
2021-06-27 05:37:53,945 - BasePage - INFO - Current page title is µÇÂ¼
2021-06-27 05:37:53,948 - BasePage - INFO - Current page title is µÇÂ¼
2021-06-27 05:37:53,952 - BasePage - INFO - Current page title is µÇÂ¼
2021-06-27 05:37:53,955 - BasePage - INFO - Current page title is µÇÂ¼
2021-06-27 05:37:53,959 - BasePage - INFO - Current page title is µÇÂ¼
2021-06-27 05:37:53,962 - BasePage - INFO - Current page title is µÇÂ¼
2021-06-27 05:37:53,965 - BasePage - INFO - Current page title is µÇÂ¼
2021-06-27 05:37:53,969 - BasePage - INFO - Current page title is µÇÂ¼
2021-06-27 05:37:53,973 - BasePage - INFO - Current page title is µÇÂ¼
2021-06-27 05:37:53,977 - BasePage - INFO - Current page title is µÇÂ¼
2021-06-27 05:37:53,980 - BasePage - INFO - Current page title is µÇÂ¼
2021-06-27 05:37:53,983 - BasePage - INFO - Current page title is µÇÂ¼
2021-06-27 05:37:53,987 - BasePage - INFO - Current page title is µÇÂ¼
2021-06-27 05:37:53,990 - BasePage - INFO - Current page title is µÇÂ¼
2021-06-27 05:37:53,994 - BasePage - INFO - Current page title is µÇÂ¼
2021-06-27 05:37:53,997 - BasePage - INFO - Current page title is µÇÂ¼
2021-06-27 05:37:54,001 - BasePage - INFO - Current page title is µÇÂ¼
2021-06-27 05:37:54,004 - BasePage - INFO - Current page title is µÇÂ¼
2021-06-27 05:37:54,008 - BasePage - INFO - Current page title is µÇÂ¼
2021-06-27 05:37:54,011 - BasePage - INFO - Current page title is µÇÂ¼
2021-06-27 05:37:54,015 - BasePage - INFO - Current page title is µÇÂ¼
2021-06-27 05:37:54,019 - BasePage - INFO - Current page title is µÇÂ¼
2021-06-27 05:37:54,022 - BasePage - INFO - Current page title is µÇÂ¼
2021-06-27 05:37:54,027 - BasePage - INFO - Current page title is µÇÂ¼
2021-06-27 05:37:54,030 - BasePage - INFO - Current page title is µÇÂ¼
2021-06-27 05:37:54,033 - BasePage - INFO - Current page title is µÇÂ¼
2021-06-27 05:37:54,037 - BasePage - INFO - Current page title is µÇÂ¼
2021-06-27 05:37:54,041 - BasePage - INFO - Current page title is µÇÂ¼
2021-06-27 05:37:54,044 - BasePage - INFO - Current page title is µÇÂ¼
2021-06-27 05:37:54,048 - BasePage - INFO - Current page title is µÇÂ¼
2021-06-27 05:37:54,052 - BasePage - INFO - Current page title is µÇÂ¼
2021-06-27 05:37:54,056 - BasePage - INFO - Current page title is µÇÂ¼
2021-06-27 05:37:54,059 - BasePage - INFO - Current page title is µÇÂ¼
2021-06-27 05:37:54,063 - BasePage - INFO - Current page title is µÇÂ¼
2021-06-27 05:37:54,066 - BasePage - INFO - Current page title is µÇÂ¼
2021-06-27 05:37:54,070 - BasePage - INFO - Current page title is µÇÂ¼
2021-06-27 05:37:54,074 - BasePage - INFO - Current page title is µÇÂ¼
2021-06-27 05:37:54,077 - BasePage - INFO - Current page title is µÇÂ¼
2021-06-27 05:37:54,081 - BasePage - INFO - Current page title is µÇÂ¼
2021-06-27 05:37:54,085 - BasePage - INFO - Current page title is µÇÂ¼
2021-06-27 05:37:54,089 - BasePage - INFO - Current page title is µÇÂ¼
2021-06-27 05:37:54,093 - BasePage - INFO - Current page title is µÇÂ¼
2021-06-27 05:37:54,097 - BasePage - INFO - Current page title is µÇÂ¼
2021-06-27 05:37:54,102 - BasePage - INFO - Current page title is µÇÂ¼
2021-06-27 05:37:54,106 - BasePage - INFO - Current page title is µÇÂ¼
2021-06-27 05:37:54,109 - BasePage - INFO - Current page title is µÇÂ¼
2021-06-27 05:37:54,112 - BasePage - INFO - Current page title is µÇÂ¼
2021-06-27 05:37:54,117 - BasePage - INFO - Current page title is µÇÂ¼
2021-06-27 05:37:54,120 - BasePage - INFO - Current page title is µÇÂ¼
2021-06-27 05:37:54,125 - BasePage - INFO - Current page title is µÇÂ¼
2021-06-27 05:37:54,128 - BasePage - INFO - Current page title is µÇÂ¼
2021-06-27 05:37:54,132 - BasePage - INFO - Current page title is µÇÂ¼
2021-06-27 05:37:54,136 - BasePage - INFO - Current page title is µÇÂ¼
2021-06-27 05:37:54,140 - BasePage - INFO - Current page title is µÇÂ¼
2021-06-27 05:37:54,143 - BasePage - INFO - Current page title is µÇÂ¼
2021-06-27 05:37:54,147 - BasePage - INFO - Current page title is µÇÂ¼
2021-06-27 05:37:54,152 - BasePage - INFO - Current page title is µÇÂ¼
2021-06-27 05:37:54,156 - BasePage - INFO - Current page title is µÇÂ¼
2021-06-27 05:37:54,161 - BasePage - INFO - Current page title is µÇÂ¼
2021-06-27 05:37:54,166 - BasePage - INFO - Current page title is µÇÂ¼
2021-06-27 05:37:54,178 - BasePage - INFO - Current page title is µÇÂ¼
2021-06-27 05:37:54,193 - BasePage - INFO - Current page title is µÇÂ¼
2021-06-27 05:37:54,201 - BasePage - INFO - Current page title is µÇÂ¼
2021-06-27 05:37:54,208 - BasePage - INFO - Current page title is µÇÂ¼
2021-06-27 05:37:54,213 - BasePage - INFO - Current page title is µÇÂ¼
2021-06-27 05:37:54,219 - BasePage - INFO - Current page title is µÇÂ¼
2021-06-27 05:37:54,230 - BasePage - INFO - Current page title is µÇÂ¼
2021-06-27 05:37:54,240 - BasePage - INFO - Current page title is µÇÂ¼
2021-06-27 05:37:54,247 - BasePage - INFO - Current page title is µÇÂ¼
2021-06-27 05:37:54,254 - BasePage - INFO - Current page title is µÇÂ¼
2021-06-27 05:37:54,259 - BasePage - INFO - Current page title is µÇÂ¼
2021-06-27 05:37:54,263 - BasePage - INFO - Current page title is µÇÂ¼
2021-06-27 05:37:54,268 - BasePage - INFO - Current page title is µÇÂ¼
2021-06-27 05:37:54,274 - BasePage - INFO - Current page title is µÇÂ¼
2021-06-27 05:37:54,277 - BasePage - INFO - Current page title is µÇÂ¼
2021-06-27 05:37:54,281 - BasePage - INFO - Current page title is µÇÂ¼
2021-06-27 05:37:54,285 - BasePage - INFO - Current page title is µÇÂ¼
2021-06-27 05:37:54,290 - BasePage - INFO - Current page title is µÇÂ¼
2021-06-27 05:37:54,294 - BasePage - INFO - Current page title is µÇÂ¼
2021-06-27 05:37:54,298 - BasePage - INFO - Current page title is µÇÂ¼
2021-06-27 05:37:54,302 - BasePage - INFO - Current page title is µÇÂ¼
2021-06-27 05:37:54,305 - BasePage - INFO - Current page title is µÇÂ¼
2021-06-27 05:37:54,309 - BasePage - INFO - Current page title is µÇÂ¼
2021-06-27 05:37:54,312 - BasePage - INFO - Current page title is µÇÂ¼
2021-06-27 05:37:54,315 - BasePage - INFO - Current page title is µÇÂ¼
2021-06-27 05:37:54,319 - BasePage - INFO - Current page title is µÇÂ¼
2021-06-27 05:37:54,332 - BasePage - INFO - Current page title is µÇÂ¼
2021-06-27 05:37:54,341 - BasePage - INFO - Current page title is µÇÂ¼
2021-06-27 05:37:54,345 - BasePage - INFO - Current page title is µÇÂ¼
2021-06-27 05:37:54,349 - BasePage - INFO - Current page title is µÇÂ¼
2021-06-27 05:37:54,353 - BasePage - INFO - Current page title is µÇÂ¼
2021-06-27 05:37:54,358 - BasePage - INFO - Current page title is µÇÂ¼
2021-06-27 05:37:54,361 - BasePage - INFO - Current page title is µÇÂ¼
2021-06-27 05:37:54,365 - BasePage - INFO - Current page title is µÇÂ¼
2021-06-27 05:37:54,369 - BasePage - INFO - Current page title is µÇÂ¼
2021-06-27 05:37:54,372 - BasePage - INFO - Current page title is µÇÂ¼
2021-06-27 05:37:54,376 - BasePage - INFO - Current page title is µÇÂ¼
2021-06-27 05:37:54,380 - BasePage - INFO - Current page title is µÇÂ¼
2021-06-27 05:37:54,385 - BasePage - INFO - Current page title is µÇÂ¼
2021-06-27 05:37:54,388 - BasePage - INFO - Current page title is µÇÂ¼
2021-06-27 05:37:54,392 - BasePage - INFO - Current page title is µÇÂ¼
2021-06-27 05:37:54,396 - BasePage - INFO - Current page title is µÇÂ¼
2021-06-27 05:37:54,400 - BasePage - INFO - Current page title is µÇÂ¼
2021-06-27 05:37:54,403 - BasePage - INFO - Current page title is µÇÂ¼
2021-06-27 05:37:54,407 - BasePage - INFO - Current page title is µÇÂ¼
2021-06-27 05:37:54,410 - BasePage - INFO - Current page title is µÇÂ¼
2021-06-27 05:37:54,414 - BasePage - INFO - Current page title is µÇÂ¼
2021-06-27 05:37:54,418 - BasePage - INFO - Current page title is µÇÂ¼
2021-06-27 05:37:54,422 - BasePage - INFO - Current page title is µÇÂ¼
2021-06-27 05:37:54,425 - BasePage - INFO - Current page title is µÇÂ¼
2021-06-27 05:37:54,429 - BasePage - INFO - Current page title is µÇÂ¼
2021-06-27 05:37:54,432 - BasePage - INFO - Current page title is µÇÂ¼
2021-06-27 05:37:54,436 - BasePage - INFO - Current page title is µÇÂ¼
2021-06-27 05:37:54,440 - BasePage - INFO - Current page title is µÇÂ¼
2021-06-27 05:37:54,444 - BasePage - INFO - Current page title is µÇÂ¼
2021-06-27 05:37:54,448 - BasePage - INFO - Current page title is µÇÂ¼
2021-06-27 05:37:54,452 - BasePage - INFO - Current page title is µÇÂ¼
2021-06-27 05:37:54,456 - BasePage - INFO - Current page title is µÇÂ¼
2021-06-27 05:37:54,459 - BasePage - INFO - Current page title is µÇÂ¼
2021-06-27 05:37:54,463 - BasePage - INFO - Current page title is µÇÂ¼
2021-06-27 05:37:54,467 - BasePage - INFO - Current page title is µÇÂ¼
2021-06-27 05:37:54,471 - BasePage - INFO - Current page title is µÇÂ¼
2021-06-27 05:37:54,474 - BasePage - INFO - Current page title is µÇÂ¼
2021-06-27 05:37:54,478 - BasePage - INFO - Current page title is µÇÂ¼
2021-06-27 05:37:54,483 - BasePage - INFO - Current page title is µÇÂ¼
2021-06-27 05:37:54,486 - BasePage - INFO - Current page title is µÇÂ¼
2021-06-27 05:37:54,491 - BasePage - INFO - Current page title is µÇÂ¼
2021-06-27 05:37:54,495 - BasePage - INFO - Current page title is µÇÂ¼
2021-06-27 05:37:54,499 - BasePage - INFO - Current page title is µÇÂ¼
2021-06-27 05:37:54,503 - BasePage - INFO - Current page title is µÇÂ¼
2021-06-27 05:37:54,507 - BasePage - INFO - Current page title is µÇÂ¼
2021-06-27 05:37:54,511 - BasePage - INFO - Current page title is µÇÂ¼
2021-06-27 05:37:54,515 - BasePage - INFO - Current page title is µÇÂ¼
2021-06-27 05:37:54,519 - BasePage - INFO - Current page title is µÇÂ¼
2021-06-27 05:37:54,522 - BasePage - INFO - Current page title is µÇÂ¼
2021-06-27 05:37:54,526 - BasePage - INFO - Current page title is µÇÂ¼
2021-06-27 05:37:54,540 - BasePage - INFO - Current page title is µÇÂ¼
2021-06-27 05:37:54,545 - BasePage - INFO - Current page title is µÇÂ¼
2021-06-27 05:37:54,549 - BasePage - INFO - Current page title is µÇÂ¼
2021-06-27 05:37:54,556 - BasePage - INFO - Current page title is µÇÂ¼
2021-06-27 05:37:54,561 - BasePage - INFO - Current page title is µÇÂ¼
2021-06-27 05:37:54,565 - BasePage - INFO - Current page title is µÇÂ¼
2021-06-27 05:37:54,569 - BasePage - INFO - Current page title is µÇÂ¼
2021-06-27 05:37:54,572 - BasePage - INFO - Current page title is µÇÂ¼
2021-06-27 05:37:54,575 - BasePage - INFO - Current page title is µÇÂ¼
2021-06-27 05:37:54,578 - BasePage - INFO - Current page title is µÇÂ¼
2021-06-27 05:37:54,582 - BasePage - INFO - Current page title is µÇÂ¼
2021-06-27 05:37:54,586 - BasePage - INFO - Current page title is µÇÂ¼
2021-06-27 05:37:54,589 - BasePage - INFO - Current page title is µÇÂ¼
2021-06-27 05:37:54,592 - BasePage - INFO - Current page title is µÇÂ¼
2021-06-27 05:37:54,595 - BasePage - INFO - Current page title is µÇÂ¼
2021-06-27 05:37:54,599 - BasePage - INFO - Current page title is µÇÂ¼
2021-06-27 05:37:54,602 - BasePage - INFO - Current page title is µÇÂ¼
2021-06-27 05:37:54,606 - BasePage - INFO - Current page title is µÇÂ¼
2021-06-27 05:37:54,609 - BasePage - INFO - Current page title is µÇÂ¼
2021-06-27 05:37:54,612 - BasePage - INFO - Current page title is µÇÂ¼
2021-06-27 05:37:54,616 - BasePage - INFO - Current page title is µÇÂ¼
2021-06-27 05:37:54,623 - BasePage - INFO - Current page title is µÇÂ¼
2021-06-27 05:37:54,629 - BasePage - INFO - Current page title is µÇÂ¼
2021-06-27 05:37:54,635 - BasePage - INFO - Current page title is µÇÂ¼
2021-06-27 05:37:54,640 - BasePage - INFO - Current page title is µÇÂ¼
2021-06-27 05:37:54,645 - BasePage - INFO - Current page title is µÇÂ¼
2021-06-27 05:37:54,649 - BasePage - INFO - Current page title is µÇÂ¼
2021-06-27 05:37:54,653 - BasePage - INFO - Current page title is µÇÂ¼
2021-06-27 05:37:54,657 - BasePage - INFO - Current page title is µÇÂ¼
2021-06-27 05:37:54,661 - BasePage - INFO - Current page title is µÇÂ¼
2021-06-27 05:37:54,665 - BasePage - INFO - Current page title is µÇÂ¼
2021-06-27 05:37:54,668 - BasePage - INFO - Current page title is µÇÂ¼
2021-06-27 05:37:54,672 - BasePage - INFO - Current page title is µÇÂ¼
2021-06-27 05:37:54,675 - BasePage - INFO - Current page title is µÇÂ¼
2021-06-27 05:37:54,679 - BasePage - INFO - Current page title is µÇÂ¼
2021-06-27 05:37:54,682 - BasePage - INFO - Current page title is µÇÂ¼
2021-06-27 05:37:54,687 - BasePage - INFO - Current page title is µÇÂ¼
2021-06-27 05:37:54,690 - BasePage - INFO - Current page title is µÇÂ¼
2021-06-27 05:37:54,695 - BasePage - INFO - Current page title is µÇÂ¼
2021-06-27 05:37:54,698 - BasePage - INFO - Current page title is µÇÂ¼
2021-06-27 05:37:54,702 - BasePage - INFO - Current page title is µÇÂ¼
2021-06-27 05:37:54,706 - BasePage - INFO - Current page title is µÇÂ¼
2021-06-27 05:37:54,709 - BasePage - INFO - Current page title is µÇÂ¼
2021-06-27 05:37:54,713 - BasePage - INFO - Current page title is µÇÂ¼
2021-06-27 05:37:54,717 - BasePage - INFO - Current page title is µÇÂ¼
2021-06-27 05:37:54,721 - BasePage - INFO - Current page title is µÇÂ¼
2021-06-27 05:37:54,724 - BasePage - INFO - Current page title is µÇÂ¼
2021-06-27 05:37:54,728 - BasePage - INFO - Current page title is µÇÂ¼
2021-06-27 05:37:54,732 - BasePage - INFO - Current page title is µÇÂ¼
2021-06-27 05:37:54,736 - BasePage - INFO - Current page title is µÇÂ¼
2021-06-27 05:37:54,740 - BasePage - INFO - Current page title is µÇÂ¼
2021-06-27 05:37:54,744 - BasePage - INFO - Current page title is µÇÂ¼
2021-06-27 05:37:54,747 - BasePage - INFO - Current page title is µÇÂ¼
2021-06-27 05:37:54,751 - BasePage - INFO - Current page title is µÇÂ¼
2021-06-27 05:37:54,755 - BasePage - INFO - Current page title is µÇÂ¼
2021-06-27 05:37:54,759 - BasePage - INFO - Current page title is µÇÂ¼
2021-06-27 05:37:54,763 - BasePage - INFO - Current page title is µÇÂ¼
2021-06-27 05:37:54,766 - BasePage - INFO - Current page title is µÇÂ¼
2021-06-27 05:37:54,770 - BasePage - INFO - Current page title is µÇÂ¼
2021-06-27 05:37:54,773 - BasePage - INFO - Current page title is µÇÂ¼
2021-06-27 05:37:54,776 - BasePage - INFO - Current page title is µÇÂ¼
2021-06-27 05:37:54,780 - BasePage - INFO - Current page title is µÇÂ¼
2021-06-27 05:37:54,783 - BasePage - INFO - Current page title is µÇÂ¼
2021-06-27 05:37:54,787 - BasePage - INFO - Current page title is µÇÂ¼
2021-06-27 05:37:54,790 - BasePage - INFO - Current page title is µÇÂ¼
2021-06-27 05:37:54,793 - BasePage - INFO - Current page title is µÇÂ¼
2021-06-27 05:37:54,797 - BasePage - INFO - Current page title is µÇÂ¼
2021-06-27 05:37:54,800 - BasePage - INFO - Current page title is µÇÂ¼
2021-06-27 05:37:54,804 - BasePage - INFO - Current page title is µÇÂ¼
2021-06-27 05:37:54,808 - BasePage - INFO - Current page title is µÇÂ¼
2021-06-27 05:37:54,811 - BasePage - INFO - Current page title is µÇÂ¼
2021-06-27 05:37:54,814 - BasePage - INFO - Current page title is µÇÂ¼
2021-06-27 05:37:54,818 - BasePage - INFO - Current page title is µÇÂ¼
2021-06-27 05:37:54,822 - BasePage - INFO - Current page title is µÇÂ¼
2021-06-27 05:37:54,825 - BasePage - INFO - Current page title is µÇÂ¼
2021-06-27 05:37:54,828 - BasePage - INFO - Current page title is µÇÂ¼
2021-06-27 05:37:54,831 - BasePage - INFO - Current page title is µÇÂ¼
2021-06-27 05:37:54,835 - BasePage - INFO - Current page title is µÇÂ¼
2021-06-27 05:37:54,839 - BasePage - INFO - Current page title is µÇÂ¼
2021-06-27 05:37:54,842 - BasePage - INFO - Current page title is µÇÂ¼
2021-06-27 05:37:54,846 - BasePage - INFO - Current page title is µÇÂ¼
2021-06-27 05:37:54,849 - BasePage - INFO - Current page title is µÇÂ¼
2021-06-27 05:37:54,853 - BasePage - INFO - Current page title is µÇÂ¼
2021-06-27 05:37:54,856 - BasePage - INFO - Current page title is µÇÂ¼
2021-06-27 05:37:54,860 - BasePage - INFO - Current page title is µÇÂ¼
2021-06-27 05:37:54,863 - BasePage - INFO - Current page title is µÇÂ¼
2021-06-27 05:37:54,867 - BasePage - INFO - Current page title is µÇÂ¼
2021-06-27 05:37:54,871 - BasePage - INFO - Current page title is µÇÂ¼
2021-06-27 05:37:54,874 - BasePage - INFO - Current page title is µÇÂ¼
2021-06-27 05:37:54,877 - BasePage - INFO - Current page title is µÇÂ¼
2021-06-27 05:37:54,881 - BasePage - INFO - Current page title is µÇÂ¼
2021-06-27 05:37:54,885 - BasePage - INFO - Current page title is µÇÂ¼
2021-06-27 05:37:54,889 - BasePage - INFO - Current page title is µÇÂ¼
2021-06-27 05:37:54,893 - BasePage - INFO - Current page title is µÇÂ¼
2021-06-27 05:37:54,896 - BasePage - INFO - Current page title is µÇÂ¼
2021-06-27 05:37:54,900 - BasePage - INFO - Current page title is µÇÂ¼
2021-06-27 05:37:54,904 - BasePage - INFO - Current page title is µÇÂ¼
2021-06-27 05:37:54,907 - BasePage - INFO - Current page title is µÇÂ¼
2021-06-27 05:37:54,910 - BasePage - INFO - Current page title is µÇÂ¼
2021-06-27 05:37:54,914 - BasePage - INFO - Current page title is µÇÂ¼
2021-06-27 05:37:54,917 - BasePage - INFO - Current page title is µÇÂ¼
2021-06-27 05:37:54,921 - BasePage - INFO - Current page title is µÇÂ¼
2021-06-27 05:37:54,924 - BasePage - INFO - Current page title is µÇÂ¼
2021-06-27 05:37:54,928 - BasePage - INFO - Current page title is µÇÂ¼
2021-06-27 05:37:54,932 - BasePage - INFO - Current page title is µÇÂ¼
2021-06-27 05:37:54,936 - BasePage - INFO - Current page title is µÇÂ¼
2021-06-27 05:37:54,939 - BasePage - INFO - Current page title is µÇÂ¼
2021-06-27 05:37:54,943 - BasePage - INFO - Current page title is µÇÂ¼
2021-06-27 05:37:54,946 - BasePage - INFO - Current page title is µÇÂ¼
2021-06-27 05:37:54,950 - BasePage - INFO - Current page title is µÇÂ¼
2021-06-27 05:37:54,954 - BasePage - INFO - Current page title is µÇÂ¼
2021-06-27 05:37:54,957 - BasePage - INFO - Current page title is µÇÂ¼
2021-06-27 05:37:54,961 - BasePage - INFO - Current page title is µÇÂ¼
2021-06-27 05:37:54,964 - BasePage - INFO - Current page title is µÇÂ¼
2021-06-27 05:37:54,968 - BasePage - INFO - Current page title is µÇÂ¼
2021-06-27 05:37:54,971 - BasePage - INFO - Current page title is µÇÂ¼
2021-06-27 05:37:54,974 - BasePage - INFO - Current page title is µÇÂ¼
2021-06-27 05:37:54,977 - BasePage - INFO - Current page title is µÇÂ¼
2021-06-27 05:37:54,981 - BasePage - INFO - Current page title is µÇÂ¼
2021-06-27 05:37:54,984 - BasePage - INFO - Current page title is µÇÂ¼
2021-06-27 05:37:54,988 - BasePage - INFO - Current page title is µÇÂ¼
2021-06-27 05:37:54,992 - BasePage - INFO - Current page title is µÇÂ¼
2021-06-27 05:37:54,995 - BasePage - INFO - Current page title is µÇÂ¼
2021-06-27 05:37:54,999 - BasePage - INFO - Current page title is µÇÂ¼
2021-06-27 05:37:55,003 - BasePage - INFO - Current page title is µÇÂ¼
2021-06-27 05:37:55,006 - BasePage - INFO - Current page title is µÇÂ¼
2021-06-27 05:37:55,010 - BasePage - INFO - Current page title is µÇÂ¼
2021-06-27 05:37:55,014 - BasePage - INFO - Current page title is µÇÂ¼
2021-06-27 05:37:55,018 - BasePage - INFO - Current page title is µÇÂ¼
2021-06-27 05:37:55,021 - BasePage - INFO - Current page title is µÇÂ¼
2021-06-27 05:37:55,025 - BasePage - INFO - Current page title is µÇÂ¼
2021-06-27 05:37:55,028 - BasePage - INFO - Current page title is µÇÂ¼
2021-06-27 05:37:55,032 - BasePage - INFO - Current page title is µÇÂ¼
2021-06-27 05:37:55,036 - BasePage - INFO - Current page title is µÇÂ¼
2021-06-27 05:37:55,039 - BasePage - INFO - Current page title is µÇÂ¼
2021-06-27 05:37:55,043 - BasePage - INFO - Current page title is µÇÂ¼
2021-06-27 05:37:55,046 - BasePage - INFO - Current page title is µÇÂ¼
2021-06-27 05:37:55,050 - BasePage - INFO - Current page title is µÇÂ¼
2021-06-27 05:37:55,054 - BasePage - INFO - Current page title is µÇÂ¼
2021-06-27 05:37:55,057 - BasePage - INFO - Current page title is µÇÂ¼
2021-06-27 05:37:55,061 - BasePage - INFO - Current page title is µÇÂ¼
2021-06-27 05:37:55,064 - BasePage - INFO - Current page title is µÇÂ¼
2021-06-27 05:37:55,068 - BasePage - INFO - Current page title is µÇÂ¼
2021-06-27 05:37:55,071 - BasePage - INFO - Current page title is µÇÂ¼
2021-06-27 05:37:55,075 - BasePage - INFO - Current page title is µÇÂ¼
2021-06-27 05:37:55,079 - BasePage - INFO - Current page title is µÇÂ¼
2021-06-27 05:37:55,083 - BasePage - INFO - Current page title is µÇÂ¼
2021-06-27 05:37:55,087 - BasePage - INFO - Current page title is µÇÂ¼
2021-06-27 05:37:55,090 - BasePage - INFO - Current page title is µÇÂ¼
2021-06-27 05:37:55,093 - BasePage - INFO - Current page title is µÇÂ¼
2021-06-27 05:37:55,097 - BasePage - INFO - Current page title is µÇÂ¼
2021-06-27 05:37:55,100 - BasePage - INFO - Current page title is µÇÂ¼
2021-06-27 05:37:55,104 - BasePage - INFO - Current page title is µÇÂ¼
2021-06-27 05:37:55,107 - BasePage - INFO - Current page title is µÇÂ¼
2021-06-27 05:37:55,111 - BasePage - INFO - Current page title is µÇÂ¼
2021-06-27 05:37:55,114 - BasePage - INFO - Current page title is µÇÂ¼
2021-06-27 05:37:55,118 - BasePage - INFO - Current page title is µÇÂ¼
2021-06-27 05:37:55,121 - BasePage - INFO - Current page title is µÇÂ¼
2021-06-27 05:37:55,124 - BasePage - INFO - Current page title is µÇÂ¼
2021-06-27 05:37:55,128 - BasePage - INFO - Current page title is µÇÂ¼
2021-06-27 05:37:55,132 - BasePage - INFO - Current page title is µÇÂ¼
2021-06-27 05:37:55,135 - BasePage - INFO - Current page title is µÇÂ¼
2021-06-27 05:37:55,139 - BasePage - INFO - Current page title is µÇÂ¼
2021-06-27 05:37:55,142 - BasePage - INFO - Current page title is µÇÂ¼
2021-06-27 05:37:55,145 - BasePage - INFO - Current page title is µÇÂ¼
2021-06-27 05:37:55,148 - BasePage - INFO - Current page title is µÇÂ¼
2021-06-27 05:37:55,152 - BasePage - INFO - Current page title is µÇÂ¼
2021-06-27 05:37:55,156 - BasePage - INFO - Current page title is µÇÂ¼
2021-06-27 05:37:55,159 - BasePage - INFO - Current page title is µÇÂ¼
2021-06-27 05:37:55,163 - BasePage - INFO - Current page title is µÇÂ¼
2021-06-27 05:37:55,166 - BasePage - INFO - Current page title is µÇÂ¼
2021-06-27 05:37:55,170 - BasePage - INFO - Current page title is µÇÂ¼
2021-06-27 05:37:55,173 - BasePage - INFO - Current page title is µÇÂ¼
2021-06-27 05:37:55,176 - BasePage - INFO - Current page title is µÇÂ¼
2021-06-27 05:37:55,179 - BasePage - INFO - Current page title is µÇÂ¼
2021-06-27 05:37:55,182 - BasePage - INFO - Current page title is µÇÂ¼
2021-06-27 05:37:55,185 - BasePage - INFO - Current page title is µÇÂ¼
2021-06-27 05:37:55,189 - BasePage - INFO - Current page title is µÇÂ¼
2021-06-27 05:37:55,192 - BasePage - INFO - Current page title is µÇÂ¼
2021-06-27 05:37:55,195 - BasePage - INFO - Current page title is µÇÂ¼
2021-06-27 05:37:55,198 - BasePage - INFO - Current page title is µÇÂ¼
2021-06-27 05:37:55,201 - BasePage - INFO - Current page title is µÇÂ¼
2021-06-27 05:37:55,205 - BasePage - INFO - Current page title is µÇÂ¼
2021-06-27 05:37:55,208 - BasePage - INFO - Current page title is µÇÂ¼
2021-06-27 05:37:55,211 - BasePage - INFO - Current page title is µÇÂ¼
2021-06-27 05:37:55,215 - BasePage - INFO - Current page title is µÇÂ¼
2021-06-27 05:37:55,218 - BasePage - INFO - Current page title is µÇÂ¼
2021-06-27 05:37:55,221 - BasePage - INFO - Current page title is µÇÂ¼
2021-06-27 05:37:55,225 - BasePage - INFO - Current page title is µÇÂ¼
2021-06-27 05:37:55,228 - BasePage - INFO - Current page title is µÇÂ¼
2021-06-27 05:37:55,231 - BasePage - INFO - Current page title is µÇÂ¼
2021-06-27 05:37:55,234 - BasePage - INFO - Current page title is µÇÂ¼
2021-06-27 05:37:55,237 - BasePage - INFO - Current page title is µÇÂ¼
2021-06-27 05:37:55,241 - BasePage - INFO - Current page title is µÇÂ¼
2021-06-27 05:37:55,244 - BasePage - INFO - Current page title is µÇÂ¼
2021-06-27 05:37:55,247 - BasePage - INFO - Current page title is µÇÂ¼
2021-06-27 05:37:55,250 - BasePage - INFO - Current page title is µÇÂ¼
2021-06-27 05:37:55,254 - BasePage - INFO - Current page title is µÇÂ¼
2021-06-27 05:37:55,257 - BasePage - INFO - Current page title is µÇÂ¼
2021-06-27 05:37:55,260 - BasePage - INFO - Current page title is µÇÂ¼
2021-06-27 05:37:55,263 - BasePage - INFO - Current page title is µÇÂ¼
2021-06-27 05:37:55,266 - BasePage - INFO - Current page title is µÇÂ¼
2021-06-27 05:37:55,270 - BasePage - INFO - Current page title is µÇÂ¼
2021-06-27 05:37:55,273 - BasePage - INFO - Current page title is µÇÂ¼
2021-06-27 05:37:55,276 - BasePage - INFO - Current page title is µÇÂ¼
2021-06-27 05:37:55,280 - BasePage - INFO - Current page title is µÇÂ¼
2021-06-27 05:37:55,283 - BasePage - INFO - Current page title is µÇÂ¼
2021-06-27 05:37:55,286 - BasePage - INFO - Current page title is µÇÂ¼
2021-06-27 05:37:55,290 - BasePage - INFO - Current page title is µÇÂ¼
2021-06-27 05:37:55,293 - BasePage - INFO - Current page title is µÇÂ¼
2021-06-27 05:37:55,296 - BasePage - INFO - Current page title is µÇÂ¼
2021-06-27 05:37:55,300 - BasePage - INFO - Current page title is µÇÂ¼
2021-06-27 05:37:55,304 - BasePage - INFO - Current page title is µÇÂ¼
2021-06-27 05:37:55,307 - BasePage - INFO - Current page title is µÇÂ¼
2021-06-27 05:37:55,310 - BasePage - INFO - Current page title is µÇÂ¼
2021-06-27 05:37:55,314 - BasePage - INFO - Current page title is µÇÂ¼
2021-06-27 05:37:55,318 - BasePage - INFO - Current page title is µÇÂ¼
2021-06-27 05:37:55,322 - BasePage - INFO - Current page title is µÇÂ¼
2021-06-27 05:37:55,325 - BasePage - INFO - Current page title is µÇÂ¼
2021-06-27 05:37:55,329 - BasePage - INFO - Current page title is µÇÂ¼
2021-06-27 05:37:55,333 - BasePage - INFO - Current page title is µÇÂ¼
2021-06-27 05:37:55,336 - BasePage - INFO - Current page title is µÇÂ¼
2021-06-27 05:37:55,340 - BasePage - INFO - Current page title is µÇÂ¼
2021-06-27 05:37:55,343 - BasePage - INFO - Current page title is µÇÂ¼
2021-06-27 05:37:55,346 - BasePage - INFO - Current page title is µÇÂ¼
2021-06-27 05:37:55,350 - BasePage - INFO - Current page title is µÇÂ¼
2021-06-27 05:37:55,353 - BasePage - INFO - Current page title is µÇÂ¼
2021-06-27 05:37:55,356 - BasePage - INFO - Current page title is µÇÂ¼
2021-06-27 05:37:55,359 - BasePage - INFO - Current page title is µÇÂ¼
2021-06-27 05:37:55,362 - BasePage - INFO - Current page title is µÇÂ¼
2021-06-27 05:37:55,366 - BasePage - INFO - Current page title is µÇÂ¼
2021-06-27 05:37:55,369 - BasePage - INFO - Current page title is µÇÂ¼
2021-06-27 05:37:55,373 - BasePage - INFO - Current page title is µÇÂ¼
2021-06-27 05:37:55,376 - BasePage - INFO - Current page title is µÇÂ¼
2021-06-27 05:37:55,379 - BasePage - INFO - Current page title is µÇÂ¼
2021-06-27 05:37:55,382 - BasePage - INFO - Current page title is µÇÂ¼
2021-06-27 05:37:55,386 - BasePage - INFO - Current page title is µÇÂ¼
2021-06-27 05:37:55,389 - BasePage - INFO - Current page title is µÇÂ¼
2021-06-27 05:37:55,392 - BasePage - INFO - Current page title is µÇÂ¼
2021-06-27 05:37:55,395 - BasePage - INFO - Current page title is µÇÂ¼
2021-06-27 05:37:55,398 - BasePage - INFO - Current page title is µÇÂ¼
2021-06-27 05:37:55,402 - BasePage - INFO - Current page title is µÇÂ¼
2021-06-27 05:37:55,405 - BasePage - INFO - Current page title is µÇÂ¼
2021-06-27 05:37:55,408 - BasePage - INFO - Current page title is µÇÂ¼
2021-06-27 05:37:55,412 - BasePage - INFO - Current page title is µÇÂ¼
2021-06-27 05:37:55,416 - BasePage - INFO - Current page title is µÇÂ¼
2021-06-27 05:37:55,419 - BasePage - INFO - Current page title is µÇÂ¼
2021-06-27 05:37:55,422 - BasePage - INFO - Current page title is µÇÂ¼
2021-06-27 05:37:55,425 - BasePage - INFO - Current page title is µÇÂ¼
2021-06-27 05:37:55,429 - BasePage - INFO - Current page title is µÇÂ¼
2021-06-27 05:37:55,432 - BasePage - INFO - Current page title is µÇÂ¼
2021-06-27 05:37:55,436 - BasePage - INFO - Current page title is µÇÂ¼
2021-06-27 05:37:55,439 - BasePage - INFO - Current page title is µÇÂ¼
2021-06-27 05:37:55,441 - BasePage - INFO - Current page title is µÇÂ¼
2021-06-27 05:37:55,444 - BasePage - INFO - Current page title is µÇÂ¼
2021-06-27 05:37:55,447 - BasePage - INFO - Current page title is µÇÂ¼
2021-06-27 05:37:55,451 - BasePage - INFO - Current page title is µÇÂ¼
2021-06-27 05:37:55,454 - BasePage - INFO - Current page title is µÇÂ¼
2021-06-27 05:37:55,457 - BasePage - INFO - Current page title is µÇÂ¼
2021-06-27 05:37:55,460 - BasePage - INFO - Current page title is µÇÂ¼
2021-06-27 05:37:55,463 - BasePage - INFO - Current page title is µÇÂ¼
2021-06-27 05:37:55,467 - BasePage - INFO - Current page title is µÇÂ¼
2021-06-27 05:37:55,470 - BasePage - INFO - Current page title is µÇÂ¼
2021-06-27 05:37:55,473 - BasePage - INFO - Current page title is µÇÂ¼
2021-06-27 05:37:55,476 - BasePage - INFO - Current page title is µÇÂ¼
2021-06-27 05:37:55,479 - BasePage - INFO - Current page title is µÇÂ¼
2021-06-27 05:37:55,483 - BasePage - INFO - Current page title is µÇÂ¼
2021-06-27 05:37:55,487 - BasePage - INFO - Current page title is µÇÂ¼
2021-06-27 05:37:55,490 - BasePage - INFO - Current page title is µÇÂ¼
2021-06-27 05:37:55,493 - BasePage - INFO - Current page title is µÇÂ¼
2021-06-27 05:37:55,497 - BasePage - INFO - Current page title is µÇÂ¼
2021-06-27 05:37:55,501 - BasePage - INFO - Current page title is µÇÂ¼
2021-06-27 05:37:55,504 - BasePage - INFO - Current page title is µÇÂ¼
2021-06-27 05:37:55,507 - BasePage - INFO - Current page title is µÇÂ¼
2021-06-27 05:37:55,510 - BasePage - INFO - Current page title is µÇÂ¼
2021-06-27 05:37:55,514 - BasePage - INFO - Current page title is µÇÂ¼
2021-06-27 05:37:55,517 - BasePage - INFO - Current page title is µÇÂ¼
2021-06-27 05:37:55,520 - BasePage - INFO - Current page title is µÇÂ¼
2021-06-27 05:37:55,524 - BasePage - INFO - Current page title is µÇÂ¼
2021-06-27 05:37:55,527 - BasePage - INFO - Current page title is µÇÂ¼
2021-06-27 05:37:55,530 - BasePage - INFO - Current page title is µÇÂ¼
2021-06-27 05:37:55,534 - BasePage - INFO - Current page title is µÇÂ¼
2021-06-27 05:37:55,538 - BasePage - INFO - Current page title is µÇÂ¼
