2021-06-27 05:31:09,974 - BrowserEngine - INFO - You had select Chrome browser.
2021-06-27 05:31:09,974 - BrowserEngine - INFO - The test server url is: https://bjjj.zhongchebaolian.com/cgsadm
2021-06-27 05:31:11,009 - BrowserEngine - INFO - Starting Chrome browser
2021-06-27 05:31:12,679 - BrowserEngine - INFO - Open url: https://bjjj.zhongchebaolian.com/cgsadm 
2021-06-27 05:31:13,030 - BrowserEngine - INFO - Maximize the current window. 
2021-06-27 05:31:13,047 - BasePage - INFO - Had find the element '  ' seccessful by id via value:  username 
2021-06-27 05:31:13,116 - BasePage - INFO - Had type ' 17600352198 ' in inputBox
2021-06-27 05:31:13,132 - BasePage - INFO - Had find the element '  ' seccessful by id via value:  password 
2021-06-27 05:31:13,206 - BasePage - INFO - Had type ' a12345678 ' in inputBox
2021-06-27 05:31:13,224 - BasePage - INFO - Had find the element '  ' seccessful by id via value:  account-img-code 
2021-06-27 05:31:13,282 - BasePage - INFO - Had type ' 1234 ' in inputBox
2021-06-27 05:31:13,298 - BasePage - INFO - Had find the element ' µÇÂ¼ ' seccessful by id via value:  login-btn 
2021-06-27 05:31:13,305 - BasePage - INFO - The element ' µÇÂ¼ ' was clicked.
2021-06-27 05:31:13,360 - BasePage - INFO - Current page title is µÇÂ¼
2021-06-27 05:31:18,363 - BasePage - INFO - Sleep for 5 seconds
2021-06-27 05:31:18,374 - BasePage - INFO - Had find the element ' µÇÂ¼ ' seccessful by id via value:  login-btn 
2021-06-27 05:31:18,378 - BasePage - INFO - The element ' µÇÂ¼ ' was clicked.
2021-06-27 05:31:18,392 - BasePage - INFO - Current page title is µÇÂ¼
2021-06-27 05:31:23,394 - BasePage - INFO - Sleep for 5 seconds
2021-06-27 05:31:23,411 - BasePage - INFO - Had find the element ' µÇÂ¼ ' seccessful by id via value:  login-btn 
2021-06-27 05:31:23,416 - BasePage - INFO - The element ' µÇÂ¼ ' was clicked.
2021-06-27 05:31:23,441 - BasePage - INFO - Current page title is µÇÂ¼
2021-06-27 05:31:28,444 - BasePage - INFO - Sleep for 5 seconds
2021-06-27 05:31:28,452 - BasePage - INFO - Had find the element ' µÇÂ¼ ' seccessful by id via value:  login-btn 
2021-06-27 05:31:28,456 - BasePage - INFO - The element ' µÇÂ¼ ' was clicked.
2021-06-27 05:31:28,475 - BasePage - INFO - Current page title is µÇÂ¼
2021-06-27 05:31:33,476 - BasePage - INFO - Sleep for 5 seconds
2021-06-27 05:31:33,485 - BasePage - ERROR - NoSuchElementException: Message: no such element: Unable to locate element: {"method":"css selector","selector":"[id="login-btn"]"}
  (Session info: chrome=91.0.4472.114)

2021-06-27 05:31:33,604 - BasePage - INFO - Had take screenshot and save to folder : /screenshots
