2021-06-27 05:45:10,083 - BrowserEngine - INFO - You had select Chrome browser.
2021-06-27 05:45:10,083 - BrowserEngine - INFO - The test server url is: https://bjjj.zhongchebaolian.com/cgsadm
2021-06-27 05:45:11,135 - BrowserEngine - INFO - Starting Chrome browser
2021-06-27 05:45:12,738 - BrowserEngine - INFO - Open url: https://bjjj.zhongchebaolian.com/cgsadm 
2021-06-27 05:45:13,037 - BrowserEngine - INFO - Maximize the current window. 
2021-06-27 05:45:13,054 - BasePage - INFO - Had find the element '  ' seccessful by id via value:  username 
2021-06-27 05:45:13,116 - BasePage - INFO - Had type ' 17600352198 ' in inputBox
2021-06-27 05:45:13,132 - BasePage - INFO - Had find the element '  ' seccessful by id via value:  password 
2021-06-27 05:45:13,204 - BasePage - INFO - Had type ' a12345678 ' in inputBox
2021-06-27 05:45:13,219 - BasePage - INFO - Had find the element '  ' seccessful by id via value:  account-img-code 
2021-06-27 05:45:13,268 - BasePage - INFO - Had type ' 1234 ' in inputBox
2021-06-27 05:45:13,283 - BasePage - INFO - Had find the element ' µÇÂ¼ ' seccessful by id via value:  login-btn 
2021-06-27 05:45:13,288 - BasePage - INFO - The element ' µÇÂ¼ ' was clicked.
2021-06-27 05:45:13,318 - BasePage - INFO - Current page title is µÇÂ¼
2021-06-27 05:45:18,321 - BasePage - INFO - Sleep for 5 seconds
2021-06-27 05:45:18,329 - BasePage - INFO - Had find the element ' µÇÂ¼ ' seccessful by id via value:  login-btn 
2021-06-27 05:45:18,334 - BasePage - INFO - The element ' µÇÂ¼ ' was clicked.
2021-06-27 05:45:18,347 - BasePage - INFO - Current page title is µÇÂ¼
2021-06-27 05:45:35,981 - BrowserEngine - INFO - You had select Chrome browser.
2021-06-27 05:45:35,982 - BrowserEngine - INFO - The test server url is: https://bjjj.zhongchebaolian.com/cgsadm
2021-06-27 05:45:37,055 - BrowserEngine - INFO - Starting Chrome browser
2021-06-27 05:45:38,562 - BrowserEngine - INFO - Open url: https://bjjj.zhongchebaolian.com/cgsadm 
2021-06-27 05:45:38,847 - BrowserEngine - INFO - Maximize the current window. 
2021-06-27 05:45:38,864 - BasePage - INFO - Had find the element '  ' seccessful by id via value:  username 
2021-06-27 05:45:38,940 - BasePage - INFO - Had type ' 17600352198 ' in inputBox
2021-06-27 05:45:38,956 - BasePage - INFO - Had find the element '  ' seccessful by id via value:  password 
2021-06-27 05:45:39,013 - BasePage - INFO - Had type ' a12345678 ' in inputBox
2021-06-27 05:45:39,030 - BasePage - INFO - Had find the element '  ' seccessful by id via value:  account-img-code 
2021-06-27 05:45:39,081 - BasePage - INFO - Had type ' 1234 ' in inputBox
2021-06-27 05:45:39,096 - BasePage - INFO - Had find the element ' µÇÂ¼ ' seccessful by id via value:  login-btn 
2021-06-27 05:45:39,100 - BasePage - INFO - The element ' µÇÂ¼ ' was clicked.
2021-06-27 05:45:39,130 - BasePage - INFO - Current page title is µÇÂ¼
2021-06-27 05:45:39,134 - BasePage - INFO - Current page title is µÇÂ¼
2021-06-27 05:45:39,137 - BasePage - INFO - Current page title is µÇÂ¼
2021-06-27 05:45:39,142 - BasePage - INFO - Current page title is µÇÂ¼
2021-06-27 05:45:39,145 - BasePage - INFO - Current page title is µÇÂ¼
2021-06-27 05:45:39,148 - BasePage - INFO - Current page title is µÇÂ¼
2021-06-27 05:45:39,152 - BasePage - INFO - Current page title is µÇÂ¼
2021-06-27 05:45:39,157 - BasePage - INFO - Current page title is µÇÂ¼
2021-06-27 05:45:39,162 - BasePage - INFO - Current page title is µÇÂ¼
2021-06-27 05:45:39,165 - BasePage - INFO - Current page title is µÇÂ¼
2021-06-27 05:45:39,169 - BasePage - INFO - Current page title is µÇÂ¼
2021-06-27 05:45:39,173 - BasePage - INFO - Current page title is µÇÂ¼
2021-06-27 05:45:39,177 - BasePage - INFO - Current page title is µÇÂ¼
2021-06-27 05:45:39,182 - BasePage - INFO - Current page title is µÇÂ¼
2021-06-27 05:45:39,186 - BasePage - INFO - Current page title is µÇÂ¼
2021-06-27 05:45:39,190 - BasePage - INFO - Current page title is µÇÂ¼
2021-06-27 05:45:39,195 - BasePage - INFO - Current page title is µÇÂ¼
2021-06-27 05:45:39,199 - BasePage - INFO - Current page title is µÇÂ¼
2021-06-27 05:45:39,203 - BasePage - INFO - Current page title is µÇÂ¼
2021-06-27 05:45:39,207 - BasePage - INFO - Current page title is µÇÂ¼
2021-06-27 05:45:39,212 - BasePage - INFO - Current page title is µÇÂ¼
2021-06-27 05:45:39,216 - BasePage - INFO - Current page title is µÇÂ¼
2021-06-27 05:45:39,221 - BasePage - INFO - Current page title is µÇÂ¼
2021-06-27 05:45:39,226 - BasePage - INFO - Current page title is µÇÂ¼
2021-06-27 05:45:39,230 - BasePage - INFO - Current page title is µÇÂ¼
2021-06-27 05:45:39,234 - BasePage - INFO - Current page title is µÇÂ¼
2021-06-27 05:45:39,238 - BasePage - INFO - Current page title is µÇÂ¼
2021-06-27 05:45:39,243 - BasePage - INFO - Current page title is µÇÂ¼
2021-06-27 05:45:39,246 - BasePage - INFO - Current page title is µÇÂ¼
2021-06-27 05:45:39,250 - BasePage - INFO - Current page title is µÇÂ¼
2021-06-27 05:45:39,254 - BasePage - INFO - Current page title is µÇÂ¼
2021-06-27 05:45:39,259 - BasePage - INFO - Current page title is µÇÂ¼
2021-06-27 05:45:39,263 - BasePage - INFO - Current page title is µÇÂ¼
2021-06-27 05:45:39,267 - BasePage - INFO - Current page title is µÇÂ¼
2021-06-27 05:45:39,273 - BasePage - INFO - Current page title is µÇÂ¼
2021-06-27 05:45:39,278 - BasePage - INFO - Current page title is µÇÂ¼
2021-06-27 05:45:39,282 - BasePage - INFO - Current page title is µÇÂ¼
2021-06-27 05:45:39,286 - BasePage - INFO - Current page title is µÇÂ¼
2021-06-27 05:45:39,290 - BasePage - INFO - Current page title is µÇÂ¼
2021-06-27 05:45:39,293 - BasePage - INFO - Current page title is µÇÂ¼
2021-06-27 05:45:39,296 - BasePage - INFO - Current page title is µÇÂ¼
2021-06-27 05:45:39,300 - BasePage - INFO - Current page title is µÇÂ¼
2021-06-27 05:45:39,304 - BasePage - INFO - Current page title is µÇÂ¼
2021-06-27 05:45:39,308 - BasePage - INFO - Current page title is µÇÂ¼
2021-06-27 05:45:39,311 - BasePage - INFO - Current page title is µÇÂ¼
2021-06-27 05:45:39,315 - BasePage - INFO - Current page title is µÇÂ¼
2021-06-27 05:45:39,318 - BasePage - INFO - Current page title is µÇÂ¼
2021-06-27 05:45:39,322 - BasePage - INFO - Current page title is µÇÂ¼
2021-06-27 05:45:39,325 - BasePage - INFO - Current page title is µÇÂ¼
2021-06-27 05:45:39,328 - BasePage - INFO - Current page title is µÇÂ¼
2021-06-27 05:45:39,332 - BasePage - INFO - Current page title is µÇÂ¼
2021-06-27 05:45:39,335 - BasePage - INFO - Current page title is µÇÂ¼
2021-06-27 05:45:39,339 - BasePage - INFO - Current page title is µÇÂ¼
2021-06-27 05:45:39,342 - BasePage - INFO - Current page title is µÇÂ¼
2021-06-27 05:45:39,345 - BasePage - INFO - Current page title is µÇÂ¼
2021-06-27 05:45:39,348 - BasePage - INFO - Current page title is µÇÂ¼
2021-06-27 05:45:39,352 - BasePage - INFO - Current page title is µÇÂ¼
2021-06-27 05:45:39,355 - BasePage - INFO - Current page title is µÇÂ¼
2021-06-27 05:45:39,358 - BasePage - INFO - Current page title is µÇÂ¼
2021-06-27 05:45:39,361 - BasePage - INFO - Current page title is µÇÂ¼
2021-06-27 05:45:39,365 - BasePage - INFO - Current page title is µÇÂ¼
2021-06-27 05:45:39,368 - BasePage - INFO - Current page title is µÇÂ¼
2021-06-27 05:45:39,372 - BasePage - INFO - Current page title is µÇÂ¼
2021-06-27 05:45:39,376 - BasePage - INFO - Current page title is µÇÂ¼
2021-06-27 05:45:39,379 - BasePage - INFO - Current page title is µÇÂ¼
2021-06-27 05:45:39,382 - BasePage - INFO - Current page title is µÇÂ¼
2021-06-27 05:45:39,385 - BasePage - INFO - Current page title is µÇÂ¼
2021-06-27 05:45:39,389 - BasePage - INFO - Current page title is µÇÂ¼
2021-06-27 05:45:39,393 - BasePage - INFO - Current page title is µÇÂ¼
2021-06-27 05:45:39,396 - BasePage - INFO - Current page title is µÇÂ¼
2021-06-27 05:45:39,399 - BasePage - INFO - Current page title is µÇÂ¼
2021-06-27 05:45:39,402 - BasePage - INFO - Current page title is µÇÂ¼
2021-06-27 05:45:39,406 - BasePage - INFO - Current page title is µÇÂ¼
2021-06-27 05:45:39,409 - BasePage - INFO - Current page title is µÇÂ¼
2021-06-27 05:45:39,413 - BasePage - INFO - Current page title is µÇÂ¼
2021-06-27 05:45:39,416 - BasePage - INFO - Current page title is µÇÂ¼
2021-06-27 05:45:39,419 - BasePage - INFO - Current page title is µÇÂ¼
2021-06-27 05:45:39,423 - BasePage - INFO - Current page title is µÇÂ¼
2021-06-27 05:45:39,427 - BasePage - INFO - Current page title is µÇÂ¼
2021-06-27 05:45:39,431 - BasePage - INFO - Current page title is µÇÂ¼
2021-06-27 05:45:39,435 - BasePage - INFO - Current page title is µÇÂ¼
2021-06-27 05:45:39,438 - BasePage - INFO - Current page title is µÇÂ¼
2021-06-27 05:45:39,442 - BasePage - INFO - Current page title is µÇÂ¼
2021-06-27 05:45:39,446 - BasePage - INFO - Current page title is µÇÂ¼
2021-06-27 05:45:39,449 - BasePage - INFO - Current page title is µÇÂ¼
2021-06-27 05:45:39,452 - BasePage - INFO - Current page title is µÇÂ¼
2021-06-27 05:45:39,456 - BasePage - INFO - Current page title is µÇÂ¼
2021-06-27 05:45:39,460 - BasePage - INFO - Current page title is µÇÂ¼
2021-06-27 05:45:39,464 - BasePage - INFO - Current page title is µÇÂ¼
2021-06-27 05:45:39,468 - BasePage - INFO - Current page title is µÇÂ¼
2021-06-27 05:45:39,472 - BasePage - INFO - Current page title is µÇÂ¼
2021-06-27 05:45:39,475 - BasePage - INFO - Current page title is µÇÂ¼
2021-06-27 05:45:39,478 - BasePage - INFO - Current page title is µÇÂ¼
2021-06-27 05:45:39,482 - BasePage - INFO - Current page title is µÇÂ¼
2021-06-27 05:45:39,485 - BasePage - INFO - Current page title is µÇÂ¼
2021-06-27 05:45:39,488 - BasePage - INFO - Current page title is µÇÂ¼
2021-06-27 05:45:39,492 - BasePage - INFO - Current page title is µÇÂ¼
2021-06-27 05:45:39,495 - BasePage - INFO - Current page title is µÇÂ¼
2021-06-27 05:45:39,499 - BasePage - INFO - Current page title is µÇÂ¼
2021-06-27 05:45:39,502 - BasePage - INFO - Current page title is µÇÂ¼
2021-06-27 05:45:39,506 - BasePage - INFO - Current page title is µÇÂ¼
2021-06-27 05:45:39,510 - BasePage - INFO - Current page title is µÇÂ¼
2021-06-27 05:45:39,513 - BasePage - INFO - Current page title is µÇÂ¼
2021-06-27 05:45:39,516 - BasePage - INFO - Current page title is µÇÂ¼
2021-06-27 05:45:39,520 - BasePage - INFO - Current page title is µÇÂ¼
2021-06-27 05:45:39,524 - BasePage - INFO - Current page title is µÇÂ¼
2021-06-27 05:45:39,527 - BasePage - INFO - Current page title is µÇÂ¼
2021-06-27 05:45:39,531 - BasePage - INFO - Current page title is µÇÂ¼
2021-06-27 05:45:39,534 - BasePage - INFO - Current page title is µÇÂ¼
2021-06-27 05:45:39,538 - BasePage - INFO - Current page title is µÇÂ¼
2021-06-27 05:45:39,542 - BasePage - INFO - Current page title is µÇÂ¼
2021-06-27 05:45:39,545 - BasePage - INFO - Current page title is µÇÂ¼
2021-06-27 05:45:39,549 - BasePage - INFO - Current page title is µÇÂ¼
2021-06-27 05:45:39,552 - BasePage - INFO - Current page title is µÇÂ¼
2021-06-27 05:45:39,557 - BasePage - INFO - Current page title is µÇÂ¼
2021-06-27 05:45:39,560 - BasePage - INFO - Current page title is µÇÂ¼
2021-06-27 05:45:39,563 - BasePage - INFO - Current page title is µÇÂ¼
2021-06-27 05:45:39,567 - BasePage - INFO - Current page title is µÇÂ¼
2021-06-27 05:45:39,570 - BasePage - INFO - Current page title is µÇÂ¼
2021-06-27 05:45:39,574 - BasePage - INFO - Current page title is µÇÂ¼
2021-06-27 05:45:39,577 - BasePage - INFO - Current page title is µÇÂ¼
2021-06-27 05:45:39,581 - BasePage - INFO - Current page title is µÇÂ¼
2021-06-27 05:45:39,585 - BasePage - INFO - Current page title is µÇÂ¼
2021-06-27 05:45:39,589 - BasePage - INFO - Current page title is µÇÂ¼
2021-06-27 05:45:39,593 - BasePage - INFO - Current page title is µÇÂ¼
2021-06-27 05:45:39,597 - BasePage - INFO - Current page title is µÇÂ¼
2021-06-27 05:45:39,601 - BasePage - INFO - Current page title is µÇÂ¼
2021-06-27 05:45:39,604 - BasePage - INFO - Current page title is µÇÂ¼
2021-06-27 05:45:39,607 - BasePage - INFO - Current page title is µÇÂ¼
2021-06-27 05:45:39,611 - BasePage - INFO - Current page title is µÇÂ¼
2021-06-27 05:45:39,615 - BasePage - INFO - Current page title is µÇÂ¼
2021-06-27 05:45:39,619 - BasePage - INFO - Current page title is µÇÂ¼
2021-06-27 05:45:39,623 - BasePage - INFO - Current page title is µÇÂ¼
2021-06-27 05:45:39,626 - BasePage - INFO - Current page title is µÇÂ¼
2021-06-27 05:45:39,629 - BasePage - INFO - Current page title is µÇÂ¼
2021-06-27 05:45:39,632 - BasePage - INFO - Current page title is µÇÂ¼
2021-06-27 05:45:39,636 - BasePage - INFO - Current page title is µÇÂ¼
2021-06-27 05:45:39,639 - BasePage - INFO - Current page title is µÇÂ¼
2021-06-27 05:45:39,643 - BasePage - INFO - Current page title is µÇÂ¼
2021-06-27 05:45:39,646 - BasePage - INFO - Current page title is µÇÂ¼
2021-06-27 05:45:39,649 - BasePage - INFO - Current page title is µÇÂ¼
2021-06-27 05:45:39,653 - BasePage - INFO - Current page title is µÇÂ¼
2021-06-27 05:45:39,656 - BasePage - INFO - Current page title is µÇÂ¼
2021-06-27 05:45:39,660 - BasePage - INFO - Current page title is µÇÂ¼
2021-06-27 05:45:39,674 - BasePage - INFO - Current page title is µÇÂ¼
2021-06-27 05:45:39,679 - BasePage - INFO - Current page title is µÇÂ¼
2021-06-27 05:45:39,682 - BasePage - INFO - Current page title is µÇÂ¼
2021-06-27 05:45:39,685 - BasePage - INFO - Current page title is µÇÂ¼
2021-06-27 05:45:39,688 - BasePage - INFO - Current page title is µÇÂ¼
2021-06-27 05:45:39,692 - BasePage - INFO - Current page title is µÇÂ¼
2021-06-27 05:45:39,695 - BasePage - INFO - Current page title is µÇÂ¼
2021-06-27 05:45:39,698 - BasePage - INFO - Current page title is µÇÂ¼
2021-06-27 05:45:39,701 - BasePage - INFO - Current page title is µÇÂ¼
2021-06-27 05:45:39,704 - BasePage - INFO - Current page title is µÇÂ¼
2021-06-27 05:45:39,708 - BasePage - INFO - Current page title is µÇÂ¼
2021-06-27 05:45:39,712 - BasePage - INFO - Current page title is µÇÂ¼
2021-06-27 05:45:39,715 - BasePage - INFO - Current page title is µÇÂ¼
2021-06-27 05:45:39,718 - BasePage - INFO - Current page title is µÇÂ¼
2021-06-27 05:45:39,722 - BasePage - INFO - Current page title is µÇÂ¼
2021-06-27 05:45:39,726 - BasePage - INFO - Current page title is µÇÂ¼
2021-06-27 05:45:39,729 - BasePage - INFO - Current page title is µÇÂ¼
2021-06-27 05:45:39,732 - BasePage - INFO - Current page title is µÇÂ¼
2021-06-27 05:45:39,735 - BasePage - INFO - Current page title is µÇÂ¼
2021-06-27 05:45:39,740 - BasePage - INFO - Current page title is µÇÂ¼
2021-06-27 05:45:39,743 - BasePage - INFO - Current page title is µÇÂ¼
2021-06-27 05:45:39,747 - BasePage - INFO - Current page title is µÇÂ¼
2021-06-27 05:45:39,751 - BasePage - INFO - Current page title is µÇÂ¼
2021-06-27 05:45:39,756 - BasePage - INFO - Current page title is µÇÂ¼
2021-06-27 05:45:39,764 - BasePage - INFO - Current page title is µÇÂ¼
2021-06-27 05:45:39,772 - BasePage - INFO - Current page title is µÇÂ¼
2021-06-27 05:45:39,778 - BasePage - INFO - Current page title is µÇÂ¼
2021-06-27 05:45:39,783 - BasePage - INFO - Current page title is µÇÂ¼
2021-06-27 05:45:39,787 - BasePage - INFO - Current page title is µÇÂ¼
2021-06-27 05:45:39,793 - BasePage - INFO - Current page title is µÇÂ¼
2021-06-27 05:45:39,799 - BasePage - INFO - Current page title is µÇÂ¼
2021-06-27 05:45:39,804 - BasePage - INFO - Current page title is µÇÂ¼
2021-06-27 05:45:39,810 - BasePage - INFO - Current page title is µÇÂ¼
2021-06-27 05:45:39,814 - BasePage - INFO - Current page title is µÇÂ¼
2021-06-27 05:45:39,817 - BasePage - INFO - Current page title is µÇÂ¼
2021-06-27 05:45:39,820 - BasePage - INFO - Current page title is µÇÂ¼
2021-06-27 05:45:39,824 - BasePage - INFO - Current page title is µÇÂ¼
2021-06-27 05:45:39,828 - BasePage - INFO - Current page title is µÇÂ¼
2021-06-27 05:45:39,831 - BasePage - INFO - Current page title is µÇÂ¼
2021-06-27 05:45:39,835 - BasePage - INFO - Current page title is µÇÂ¼
2021-06-27 05:45:39,839 - BasePage - INFO - Current page title is µÇÂ¼
2021-06-27 05:45:39,842 - BasePage - INFO - Current page title is µÇÂ¼
2021-06-27 05:45:39,846 - BasePage - INFO - Current page title is µÇÂ¼
2021-06-27 05:45:39,849 - BasePage - INFO - Current page title is µÇÂ¼
2021-06-27 05:45:39,853 - BasePage - INFO - Current page title is µÇÂ¼
2021-06-27 05:45:39,859 - BasePage - INFO - Current page title is µÇÂ¼
2021-06-27 05:45:39,867 - BasePage - INFO - Current page title is µÇÂ¼
2021-06-27 05:45:39,874 - BasePage - INFO - Current page title is µÇÂ¼
2021-06-27 05:45:39,879 - BasePage - INFO - Current page title is µÇÂ¼
2021-06-27 05:45:39,884 - BasePage - INFO - Current page title is µÇÂ¼
2021-06-27 05:45:39,888 - BasePage - INFO - Current page title is µÇÂ¼
2021-06-27 05:45:39,892 - BasePage - INFO - Current page title is µÇÂ¼
2021-06-27 05:45:39,895 - BasePage - INFO - Current page title is µÇÂ¼
2021-06-27 05:45:39,899 - BasePage - INFO - Current page title is µÇÂ¼
2021-06-27 05:45:39,902 - BasePage - INFO - Current page title is µÇÂ¼
2021-06-27 05:45:39,905 - BasePage - INFO - Current page title is µÇÂ¼
2021-06-27 05:45:39,908 - BasePage - INFO - Current page title is µÇÂ¼
2021-06-27 05:45:39,912 - BasePage - INFO - Current page title is µÇÂ¼
2021-06-27 05:45:39,915 - BasePage - INFO - Current page title is µÇÂ¼
2021-06-27 05:45:39,918 - BasePage - INFO - Current page title is µÇÂ¼
2021-06-27 05:45:39,922 - BasePage - INFO - Current page title is µÇÂ¼
2021-06-27 05:45:39,926 - BasePage - INFO - Current page title is µÇÂ¼
2021-06-27 05:45:39,930 - BasePage - INFO - Current page title is µÇÂ¼
2021-06-27 05:45:39,934 - BasePage - INFO - Current page title is µÇÂ¼
2021-06-27 05:45:39,938 - BasePage - INFO - Current page title is µÇÂ¼
2021-06-27 05:45:39,942 - BasePage - INFO - Current page title is µÇÂ¼
2021-06-27 05:45:39,945 - BasePage - INFO - Current page title is µÇÂ¼
2021-06-27 05:45:39,948 - BasePage - INFO - Current page title is µÇÂ¼
2021-06-27 05:45:39,952 - BasePage - INFO - Current page title is µÇÂ¼
2021-06-27 05:45:39,956 - BasePage - INFO - Current page title is µÇÂ¼
2021-06-27 05:45:39,959 - BasePage - INFO - Current page title is µÇÂ¼
2021-06-27 05:45:39,963 - BasePage - INFO - Current page title is µÇÂ¼
2021-06-27 05:45:39,966 - BasePage - INFO - Current page title is µÇÂ¼
2021-06-27 05:45:39,970 - BasePage - INFO - Current page title is µÇÂ¼
2021-06-27 05:45:39,974 - BasePage - INFO - Current page title is µÇÂ¼
2021-06-27 05:45:39,977 - BasePage - INFO - Current page title is µÇÂ¼
2021-06-27 05:45:39,980 - BasePage - INFO - Current page title is µÇÂ¼
2021-06-27 05:45:39,983 - BasePage - INFO - Current page title is µÇÂ¼
2021-06-27 05:45:39,986 - BasePage - INFO - Current page title is µÇÂ¼
2021-06-27 05:45:39,990 - BasePage - INFO - Current page title is µÇÂ¼
2021-06-27 05:45:39,994 - BasePage - INFO - Current page title is µÇÂ¼
2021-06-27 05:45:39,997 - BasePage - INFO - Current page title is µÇÂ¼
2021-06-27 05:45:40,001 - BasePage - INFO - Current page title is µÇÂ¼
2021-06-27 05:45:40,004 - BasePage - INFO - Current page title is µÇÂ¼
2021-06-27 05:45:40,008 - BasePage - INFO - Current page title is µÇÂ¼
2021-06-27 05:45:40,011 - BasePage - INFO - Current page title is µÇÂ¼
2021-06-27 05:45:40,014 - BasePage - INFO - Current page title is µÇÂ¼
2021-06-27 05:45:40,017 - BasePage - INFO - Current page title is µÇÂ¼
2021-06-27 05:45:40,020 - BasePage - INFO - Current page title is µÇÂ¼
2021-06-27 05:45:40,024 - BasePage - INFO - Current page title is µÇÂ¼
2021-06-27 05:45:40,028 - BasePage - INFO - Current page title is µÇÂ¼
2021-06-27 05:45:40,031 - BasePage - INFO - Current page title is µÇÂ¼
2021-06-27 05:45:40,034 - BasePage - INFO - Current page title is µÇÂ¼
2021-06-27 05:45:40,038 - BasePage - INFO - Current page title is µÇÂ¼
2021-06-27 05:45:40,042 - BasePage - INFO - Current page title is µÇÂ¼
2021-06-27 05:45:40,045 - BasePage - INFO - Current page title is µÇÂ¼
2021-06-27 05:45:40,048 - BasePage - INFO - Current page title is µÇÂ¼
2021-06-27 05:45:40,052 - BasePage - INFO - Current page title is µÇÂ¼
2021-06-27 05:45:40,055 - BasePage - INFO - Current page title is µÇÂ¼
2021-06-27 05:45:40,059 - BasePage - INFO - Current page title is µÇÂ¼
2021-06-27 05:45:40,062 - BasePage - INFO - Current page title is µÇÂ¼
2021-06-27 05:45:40,065 - BasePage - INFO - Current page title is µÇÂ¼
2021-06-27 05:45:40,069 - BasePage - INFO - Current page title is µÇÂ¼
2021-06-27 05:45:40,072 - BasePage - INFO - Current page title is µÇÂ¼
2021-06-27 05:45:40,076 - BasePage - INFO - Current page title is µÇÂ¼
2021-06-27 05:45:40,079 - BasePage - INFO - Current page title is µÇÂ¼
2021-06-27 05:45:40,082 - BasePage - INFO - Current page title is µÇÂ¼
2021-06-27 05:45:40,086 - BasePage - INFO - Current page title is µÇÂ¼
2021-06-27 05:45:40,089 - BasePage - INFO - Current page title is µÇÂ¼
2021-06-27 05:45:40,093 - BasePage - INFO - Current page title is µÇÂ¼
2021-06-27 05:45:40,096 - BasePage - INFO - Current page title is µÇÂ¼
2021-06-27 05:45:40,100 - BasePage - INFO - Current page title is µÇÂ¼
2021-06-27 05:45:40,104 - BasePage - INFO - Current page title is µÇÂ¼
2021-06-27 05:45:40,107 - BasePage - INFO - Current page title is µÇÂ¼
2021-06-27 05:45:40,111 - BasePage - INFO - Current page title is µÇÂ¼
2021-06-27 05:45:40,115 - BasePage - INFO - Current page title is µÇÂ¼
2021-06-27 05:45:40,118 - BasePage - INFO - Current page title is µÇÂ¼
2021-06-27 05:45:40,121 - BasePage - INFO - Current page title is µÇÂ¼
2021-06-27 05:45:40,125 - BasePage - INFO - Current page title is µÇÂ¼
2021-06-27 05:45:40,128 - BasePage - INFO - Current page title is µÇÂ¼
2021-06-27 05:45:40,131 - BasePage - INFO - Current page title is µÇÂ¼
2021-06-27 05:45:40,134 - BasePage - INFO - Current page title is µÇÂ¼
2021-06-27 05:45:40,138 - BasePage - INFO - Current page title is µÇÂ¼
2021-06-27 05:45:40,141 - BasePage - INFO - Current page title is µÇÂ¼
2021-06-27 05:45:40,144 - BasePage - INFO - Current page title is µÇÂ¼
2021-06-27 05:45:40,148 - BasePage - INFO - Current page title is µÇÂ¼
2021-06-27 05:45:40,151 - BasePage - INFO - Current page title is µÇÂ¼
2021-06-27 05:45:40,155 - BasePage - INFO - Current page title is µÇÂ¼
2021-06-27 05:45:40,158 - BasePage - INFO - Current page title is µÇÂ¼
2021-06-27 05:45:40,161 - BasePage - INFO - Current page title is µÇÂ¼
2021-06-27 05:45:40,165 - BasePage - INFO - Current page title is µÇÂ¼
2021-06-27 05:45:40,169 - BasePage - INFO - Current page title is µÇÂ¼
2021-06-27 05:45:40,172 - BasePage - INFO - Current page title is µÇÂ¼
2021-06-27 05:45:40,176 - BasePage - INFO - Current page title is µÇÂ¼
2021-06-27 05:45:40,179 - BasePage - INFO - Current page title is µÇÂ¼
2021-06-27 05:45:40,182 - BasePage - INFO - Current page title is µÇÂ¼
2021-06-27 05:45:40,185 - BasePage - INFO - Current page title is µÇÂ¼
2021-06-27 05:45:40,189 - BasePage - INFO - Current page title is µÇÂ¼
2021-06-27 05:45:40,193 - BasePage - INFO - Current page title is µÇÂ¼
2021-06-27 05:45:40,197 - BasePage - INFO - Current page title is µÇÂ¼
2021-06-27 05:45:40,201 - BasePage - INFO - Current page title is µÇÂ¼
2021-06-27 05:45:40,205 - BasePage - INFO - Current page title is µÇÂ¼
2021-06-27 05:45:40,208 - BasePage - INFO - Current page title is µÇÂ¼
2021-06-27 05:45:40,212 - BasePage - INFO - Current page title is µÇÂ¼
2021-06-27 05:45:40,215 - BasePage - INFO - Current page title is µÇÂ¼
2021-06-27 05:45:40,218 - BasePage - INFO - Current page title is µÇÂ¼
2021-06-27 05:45:40,222 - BasePage - INFO - Current page title is µÇÂ¼
2021-06-27 05:45:40,225 - BasePage - INFO - Current page title is µÇÂ¼
2021-06-27 05:45:40,228 - BasePage - INFO - Current page title is µÇÂ¼
2021-06-27 05:45:40,231 - BasePage - INFO - Current page title is µÇÂ¼
2021-06-27 05:45:40,235 - BasePage - INFO - Current page title is µÇÂ¼
2021-06-27 05:45:40,238 - BasePage - INFO - Current page title is µÇÂ¼
2021-06-27 05:45:40,242 - BasePage - INFO - Current page title is µÇÂ¼
2021-06-27 05:45:40,245 - BasePage - INFO - Current page title is µÇÂ¼
2021-06-27 05:45:40,248 - BasePage - INFO - Current page title is µÇÂ¼
2021-06-27 05:45:40,251 - BasePage - INFO - Current page title is µÇÂ¼
2021-06-27 05:45:40,254 - BasePage - INFO - Current page title is µÇÂ¼
2021-06-27 05:45:40,258 - BasePage - INFO - Current page title is µÇÂ¼
2021-06-27 05:45:40,261 - BasePage - INFO - Current page title is µÇÂ¼
2021-06-27 05:45:40,264 - BasePage - INFO - Current page title is µÇÂ¼
2021-06-27 05:45:40,267 - BasePage - INFO - Current page title is µÇÂ¼
2021-06-27 05:45:40,270 - BasePage - INFO - Current page title is µÇÂ¼
2021-06-27 05:45:40,274 - BasePage - INFO - Current page title is µÇÂ¼
2021-06-27 05:45:40,277 - BasePage - INFO - Current page title is µÇÂ¼
2021-06-27 05:45:40,280 - BasePage - INFO - Current page title is µÇÂ¼
2021-06-27 05:45:40,283 - BasePage - INFO - Current page title is µÇÂ¼
2021-06-27 05:45:40,286 - BasePage - INFO - Current page title is µÇÂ¼
2021-06-27 05:45:40,290 - BasePage - INFO - Current page title is µÇÂ¼
2021-06-27 05:45:40,293 - BasePage - INFO - Current page title is µÇÂ¼
2021-06-27 05:45:40,296 - BasePage - INFO - Current page title is µÇÂ¼
2021-06-27 05:45:40,299 - BasePage - INFO - Current page title is µÇÂ¼
2021-06-27 05:45:40,303 - BasePage - INFO - Current page title is µÇÂ¼
2021-06-27 05:45:40,307 - BasePage - INFO - Current page title is µÇÂ¼
2021-06-27 05:45:40,310 - BasePage - INFO - Current page title is µÇÂ¼
2021-06-27 05:45:40,313 - BasePage - INFO - Current page title is µÇÂ¼
2021-06-27 05:45:40,317 - BasePage - INFO - Current page title is µÇÂ¼
2021-06-27 05:45:40,320 - BasePage - INFO - Current page title is µÇÂ¼
2021-06-27 05:45:40,324 - BasePage - INFO - Current page title is µÇÂ¼
2021-06-27 05:45:40,327 - BasePage - INFO - Current page title is µÇÂ¼
2021-06-27 05:45:40,330 - BasePage - INFO - Current page title is µÇÂ¼
2021-06-27 05:45:40,333 - BasePage - INFO - Current page title is µÇÂ¼
2021-06-27 05:45:40,336 - BasePage - INFO - Current page title is µÇÂ¼
2021-06-27 05:45:40,340 - BasePage - INFO - Current page title is µÇÂ¼
2021-06-27 05:45:40,343 - BasePage - INFO - Current page title is µÇÂ¼
2021-06-27 05:45:40,347 - BasePage - INFO - Current page title is µÇÂ¼
2021-06-27 05:45:40,350 - BasePage - INFO - Current page title is µÇÂ¼
2021-06-27 05:45:40,354 - BasePage - INFO - Current page title is µÇÂ¼
2021-06-27 05:45:40,358 - BasePage - INFO - Current page title is µÇÂ¼
2021-06-27 05:45:40,362 - BasePage - INFO - Current page title is µÇÂ¼
2021-06-27 05:45:40,366 - BasePage - INFO - Current page title is µÇÂ¼
2021-06-27 05:45:40,370 - BasePage - INFO - Current page title is µÇÂ¼
2021-06-27 05:45:40,374 - BasePage - INFO - Current page title is µÇÂ¼
2021-06-27 05:45:40,378 - BasePage - INFO - Current page title is µÇÂ¼
2021-06-27 05:45:40,383 - BasePage - INFO - Current page title is µÇÂ¼
2021-06-27 05:45:40,387 - BasePage - INFO - Current page title is µÇÂ¼
2021-06-27 05:45:40,390 - BasePage - INFO - Current page title is µÇÂ¼
2021-06-27 05:45:40,394 - BasePage - INFO - Current page title is µÇÂ¼
2021-06-27 05:45:40,397 - BasePage - INFO - Current page title is µÇÂ¼
2021-06-27 05:45:40,401 - BasePage - INFO - Current page title is µÇÂ¼
2021-06-27 05:45:40,404 - BasePage - INFO - Current page title is µÇÂ¼
2021-06-27 05:45:40,408 - BasePage - INFO - Current page title is µÇÂ¼
2021-06-27 05:45:40,411 - BasePage - INFO - Current page title is µÇÂ¼
2021-06-27 05:45:40,415 - BasePage - INFO - Current page title is µÇÂ¼
2021-06-27 05:45:40,419 - BasePage - INFO - Current page title is µÇÂ¼
2021-06-27 05:45:40,422 - BasePage - INFO - Current page title is µÇÂ¼
2021-06-27 05:45:40,426 - BasePage - INFO - Current page title is µÇÂ¼
2021-06-27 05:45:40,430 - BasePage - INFO - Current page title is µÇÂ¼
2021-06-27 05:45:40,434 - BasePage - INFO - Current page title is µÇÂ¼
2021-06-27 05:45:40,437 - BasePage - INFO - Current page title is µÇÂ¼
2021-06-27 05:45:40,441 - BasePage - INFO - Current page title is µÇÂ¼
2021-06-27 05:45:40,446 - BasePage - INFO - Current page title is µÇÂ¼
2021-06-27 05:45:40,450 - BasePage - INFO - Current page title is µÇÂ¼
2021-06-27 05:45:40,454 - BasePage - INFO - Current page title is µÇÂ¼
2021-06-27 05:45:40,458 - BasePage - INFO - Current page title is µÇÂ¼
2021-06-27 05:45:40,462 - BasePage - INFO - Current page title is µÇÂ¼
2021-06-27 05:45:40,466 - BasePage - INFO - Current page title is µÇÂ¼
2021-06-27 05:45:40,469 - BasePage - INFO - Current page title is µÇÂ¼
2021-06-27 05:45:40,472 - BasePage - INFO - Current page title is µÇÂ¼
2021-06-27 05:45:40,476 - BasePage - INFO - Current page title is µÇÂ¼
2021-06-27 05:45:40,479 - BasePage - INFO - Current page title is µÇÂ¼
2021-06-27 05:45:40,483 - BasePage - INFO - Current page title is µÇÂ¼
2021-06-27 05:45:40,487 - BasePage - INFO - Current page title is µÇÂ¼
2021-06-27 05:45:40,490 - BasePage - INFO - Current page title is µÇÂ¼
2021-06-27 05:45:40,493 - BasePage - INFO - Current page title is µÇÂ¼
2021-06-27 05:45:40,496 - BasePage - INFO - Current page title is µÇÂ¼
2021-06-27 05:45:40,500 - BasePage - INFO - Current page title is µÇÂ¼
2021-06-27 05:45:40,504 - BasePage - INFO - Current page title is µÇÂ¼
2021-06-27 05:45:40,508 - BasePage - INFO - Current page title is µÇÂ¼
2021-06-27 05:45:40,512 - BasePage - INFO - Current page title is µÇÂ¼
2021-06-27 05:45:40,515 - BasePage - INFO - Current page title is µÇÂ¼
2021-06-27 05:45:40,518 - BasePage - INFO - Current page title is µÇÂ¼
2021-06-27 05:45:40,522 - BasePage - INFO - Current page title is µÇÂ¼
2021-06-27 05:45:40,526 - BasePage - INFO - Current page title is µÇÂ¼
2021-06-27 05:45:40,529 - BasePage - INFO - Current page title is µÇÂ¼
2021-06-27 05:45:40,532 - BasePage - INFO - Current page title is µÇÂ¼
2021-06-27 05:45:40,535 - BasePage - INFO - Current page title is µÇÂ¼
2021-06-27 05:45:40,539 - BasePage - INFO - Current page title is µÇÂ¼
2021-06-27 05:45:40,542 - BasePage - INFO - Current page title is µÇÂ¼
2021-06-27 05:45:40,545 - BasePage - INFO - Current page title is µÇÂ¼
2021-06-27 05:45:40,548 - BasePage - INFO - Current page title is µÇÂ¼
2021-06-27 05:45:40,551 - BasePage - INFO - Current page title is µÇÂ¼
2021-06-27 05:45:40,556 - BasePage - INFO - Current page title is µÇÂ¼
2021-06-27 05:45:40,559 - BasePage - INFO - Current page title is µÇÂ¼
2021-06-27 05:45:40,562 - BasePage - INFO - Current page title is µÇÂ¼
2021-06-27 05:45:40,565 - BasePage - INFO - Current page title is µÇÂ¼
2021-06-27 05:45:40,569 - BasePage - INFO - Current page title is µÇÂ¼
2021-06-27 05:45:40,572 - BasePage - INFO - Current page title is µÇÂ¼
2021-06-27 05:45:40,575 - BasePage - INFO - Current page title is µÇÂ¼
2021-06-27 05:45:40,578 - BasePage - INFO - Current page title is µÇÂ¼
2021-06-27 05:45:40,582 - BasePage - INFO - Current page title is µÇÂ¼
2021-06-27 05:45:40,585 - BasePage - INFO - Current page title is µÇÂ¼
2021-06-27 05:45:40,588 - BasePage - INFO - Current page title is µÇÂ¼
2021-06-27 05:45:40,592 - BasePage - INFO - Current page title is µÇÂ¼
2021-06-27 05:45:40,595 - BasePage - INFO - Current page title is µÇÂ¼
2021-06-27 05:45:40,598 - BasePage - INFO - Current page title is µÇÂ¼
2021-06-27 05:45:40,601 - BasePage - INFO - Current page title is µÇÂ¼
2021-06-27 05:45:40,605 - BasePage - INFO - Current page title is µÇÂ¼
2021-06-27 05:45:40,609 - BasePage - INFO - Current page title is µÇÂ¼
2021-06-27 05:45:40,612 - BasePage - INFO - Current page title is µÇÂ¼
2021-06-27 05:45:40,616 - BasePage - INFO - Current page title is µÇÂ¼
2021-06-27 05:45:40,620 - BasePage - INFO - Current page title is µÇÂ¼
2021-06-27 05:45:40,624 - BasePage - INFO - Current page title is µÇÂ¼
2021-06-27 05:45:40,628 - BasePage - INFO - Current page title is µÇÂ¼
2021-06-27 05:45:40,631 - BasePage - INFO - Current page title is µÇÂ¼
2021-06-27 05:45:40,635 - BasePage - INFO - Current page title is µÇÂ¼
2021-06-27 05:45:40,639 - BasePage - INFO - Current page title is µÇÂ¼
2021-06-27 05:45:40,642 - BasePage - INFO - Current page title is µÇÂ¼
2021-06-27 05:45:40,646 - BasePage - INFO - Current page title is µÇÂ¼
2021-06-27 05:45:40,650 - BasePage - INFO - Current page title is µÇÂ¼
2021-06-27 05:45:40,654 - BasePage - INFO - Current page title is µÇÂ¼
2021-06-27 05:45:40,658 - BasePage - INFO - Current page title is µÇÂ¼
2021-06-27 05:45:40,662 - BasePage - INFO - Current page title is µÇÂ¼
2021-06-27 05:45:40,666 - BasePage - INFO - Current page title is µÇÂ¼
2021-06-27 05:45:40,669 - BasePage - INFO - Current page title is µÇÂ¼
2021-06-27 05:45:40,673 - BasePage - INFO - Current page title is µÇÂ¼
2021-06-27 05:45:40,677 - BasePage - INFO - Current page title is µÇÂ¼
2021-06-27 05:45:40,680 - BasePage - INFO - Current page title is µÇÂ¼
2021-06-27 05:45:40,684 - BasePage - INFO - Current page title is µÇÂ¼
2021-06-27 05:45:40,688 - BasePage - INFO - Current page title is µÇÂ¼
2021-06-27 05:45:40,692 - BasePage - INFO - Current page title is µÇÂ¼
2021-06-27 05:45:40,696 - BasePage - INFO - Current page title is µÇÂ¼
2021-06-27 05:45:40,700 - BasePage - INFO - Current page title is µÇÂ¼
2021-06-27 05:45:40,706 - BasePage - INFO - Current page title is µÇÂ¼
2021-06-27 05:45:40,712 - BasePage - INFO - Current page title is µÇÂ¼
2021-06-27 05:45:40,718 - BasePage - INFO - Current page title is µÇÂ¼
2021-06-27 05:45:40,723 - BasePage - INFO - Current page title is µÇÂ¼
2021-06-27 05:45:40,727 - BasePage - INFO - Current page title is µÇÂ¼
2021-06-27 05:45:40,730 - BasePage - INFO - Current page title is µÇÂ¼
2021-06-27 05:45:40,734 - BasePage - INFO - Current page title is µÇÂ¼
2021-06-27 05:45:40,738 - BasePage - INFO - Current page title is µÇÂ¼
2021-06-27 05:45:40,744 - BasePage - INFO - Current page title is µÇÂ¼
2021-06-27 05:45:40,748 - BasePage - INFO - Current page title is µÇÂ¼
2021-06-27 05:45:40,751 - BasePage - INFO - Current page title is µÇÂ¼
2021-06-27 05:45:40,755 - BasePage - INFO - Current page title is µÇÂ¼
2021-06-27 05:45:40,759 - BasePage - INFO - Current page title is µÇÂ¼
2021-06-27 05:45:40,763 - BasePage - INFO - Current page title is µÇÂ¼
2021-06-27 05:45:40,767 - BasePage - INFO - Current page title is µÇÂ¼
2021-06-27 05:45:40,771 - BasePage - INFO - Current page title is µÇÂ¼
2021-06-27 05:45:40,775 - BasePage - INFO - Current page title is µÇÂ¼
2021-06-27 05:45:40,779 - BasePage - INFO - Current page title is µÇÂ¼
2021-06-27 05:45:40,783 - BasePage - INFO - Current page title is µÇÂ¼
2021-06-27 05:45:40,786 - BasePage - INFO - Current page title is µÇÂ¼
2021-06-27 05:45:40,790 - BasePage - INFO - Current page title is µÇÂ¼
2021-06-27 05:45:40,794 - BasePage - INFO - Current page title is µÇÂ¼
2021-06-27 05:45:40,798 - BasePage - INFO - Current page title is µÇÂ¼
2021-06-27 05:45:40,802 - BasePage - INFO - Current page title is µÇÂ¼
2021-06-27 05:45:40,807 - BasePage - INFO - Current page title is µÇÂ¼
2021-06-27 05:45:40,811 - BasePage - INFO - Current page title is µÇÂ¼
2021-06-27 05:45:40,814 - BasePage - INFO - Current page title is µÇÂ¼
2021-06-27 05:45:40,818 - BasePage - INFO - Current page title is µÇÂ¼
2021-06-27 05:45:40,822 - BasePage - INFO - Current page title is µÇÂ¼
2021-06-27 05:45:40,825 - BasePage - INFO - Current page title is µÇÂ¼
2021-06-27 05:45:40,829 - BasePage - INFO - Current page title is µÇÂ¼
2021-06-27 05:45:40,832 - BasePage - INFO - Current page title is µÇÂ¼
2021-06-27 05:45:40,836 - BasePage - INFO - Current page title is µÇÂ¼
2021-06-27 05:45:40,839 - BasePage - INFO - Current page title is µÇÂ¼
2021-06-27 05:45:40,843 - BasePage - INFO - Current page title is µÇÂ¼
2021-06-27 05:45:40,846 - BasePage - INFO - Current page title is µÇÂ¼
2021-06-27 05:45:40,849 - BasePage - INFO - Current page title is µÇÂ¼
2021-06-27 05:45:40,853 - BasePage - INFO - Current page title is µÇÂ¼
2021-06-27 05:45:40,857 - BasePage - INFO - Current page title is µÇÂ¼
2021-06-27 05:45:40,860 - BasePage - INFO - Current page title is µÇÂ¼
2021-06-27 05:45:40,864 - BasePage - INFO - Current page title is µÇÂ¼
2021-06-27 05:45:40,867 - BasePage - INFO - Current page title is µÇÂ¼
2021-06-27 05:45:40,870 - BasePage - INFO - Current page title is µÇÂ¼
2021-06-27 05:45:40,874 - BasePage - INFO - Current page title is µÇÂ¼
2021-06-27 05:45:40,877 - BasePage - INFO - Current page title is µÇÂ¼
2021-06-27 05:45:40,880 - BasePage - INFO - Current page title is µÇÂ¼
2021-06-27 05:45:40,884 - BasePage - INFO - Current page title is µÇÂ¼
2021-06-27 05:45:40,888 - BasePage - INFO - Current page title is µÇÂ¼
2021-06-27 05:45:40,892 - BasePage - INFO - Current page title is µÇÂ¼
2021-06-27 05:45:40,895 - BasePage - INFO - Current page title is µÇÂ¼
2021-06-27 05:45:40,899 - BasePage - INFO - Current page title is µÇÂ¼
2021-06-27 05:45:40,902 - BasePage - INFO - Current page title is µÇÂ¼
2021-06-27 05:45:40,906 - BasePage - INFO - Current page title is µÇÂ¼
2021-06-27 05:45:40,910 - BasePage - INFO - Current page title is µÇÂ¼
2021-06-27 05:45:40,913 - BasePage - INFO - Current page title is µÇÂ¼
2021-06-27 05:45:40,916 - BasePage - INFO - Current page title is µÇÂ¼
2021-06-27 05:45:40,920 - BasePage - INFO - Current page title is µÇÂ¼
2021-06-27 05:45:40,923 - BasePage - INFO - Current page title is µÇÂ¼
2021-06-27 05:45:40,927 - BasePage - INFO - Current page title is µÇÂ¼
2021-06-27 05:45:40,930 - BasePage - INFO - Current page title is µÇÂ¼
2021-06-27 05:45:40,933 - BasePage - INFO - Current page title is µÇÂ¼
2021-06-27 05:45:40,936 - BasePage - INFO - Current page title is µÇÂ¼
2021-06-27 05:45:40,940 - BasePage - INFO - Current page title is µÇÂ¼
2021-06-27 05:45:40,943 - BasePage - INFO - Current page title is µÇÂ¼
2021-06-27 05:45:40,947 - BasePage - INFO - Current page title is µÇÂ¼
2021-06-27 05:45:40,951 - BasePage - INFO - Current page title is µÇÂ¼
2021-06-27 05:45:40,954 - BasePage - INFO - Current page title is µÇÂ¼
2021-06-27 05:45:40,958 - BasePage - INFO - Current page title is µÇÂ¼
2021-06-27 05:45:40,962 - BasePage - INFO - Current page title is µÇÂ¼
2021-06-27 05:45:40,965 - BasePage - INFO - Current page title is µÇÂ¼
2021-06-27 05:45:40,969 - BasePage - INFO - Current page title is µÇÂ¼
2021-06-27 05:45:40,973 - BasePage - INFO - Current page title is µÇÂ¼
2021-06-27 05:45:40,977 - BasePage - INFO - Current page title is µÇÂ¼
2021-06-27 05:45:40,981 - BasePage - INFO - Current page title is µÇÂ¼
2021-06-27 05:45:40,984 - BasePage - INFO - Current page title is µÇÂ¼
2021-06-27 05:45:40,988 - BasePage - INFO - Current page title is µÇÂ¼
2021-06-27 05:45:40,992 - BasePage - INFO - Current page title is µÇÂ¼
2021-06-27 05:45:40,996 - BasePage - INFO - Current page title is µÇÂ¼
2021-06-27 05:45:40,999 - BasePage - INFO - Current page title is µÇÂ¼
2021-06-27 05:45:41,003 - BasePage - INFO - Current page title is µÇÂ¼
2021-06-27 05:45:41,007 - BasePage - INFO - Current page title is µÇÂ¼
2021-06-27 05:45:41,010 - BasePage - INFO - Current page title is µÇÂ¼
2021-06-27 05:45:41,014 - BasePage - INFO - Current page title is µÇÂ¼
2021-06-27 05:45:41,017 - BasePage - INFO - Current page title is µÇÂ¼
2021-06-27 05:45:41,020 - BasePage - INFO - Current page title is µÇÂ¼
2021-06-27 05:45:41,025 - BasePage - INFO - Current page title is µÇÂ¼
2021-06-27 05:45:41,029 - BasePage - INFO - Current page title is µÇÂ¼
2021-06-27 05:45:41,032 - BasePage - INFO - Current page title is µÇÂ¼
2021-06-27 05:45:41,036 - BasePage - INFO - Current page title is µÇÂ¼
2021-06-27 05:45:41,040 - BasePage - INFO - Current page title is µÇÂ¼
2021-06-27 05:45:41,043 - BasePage - INFO - Current page title is µÇÂ¼
2021-06-27 05:45:41,046 - BasePage - INFO - Current page title is µÇÂ¼
2021-06-27 05:45:41,050 - BasePage - INFO - Current page title is µÇÂ¼
2021-06-27 05:45:41,054 - BasePage - INFO - Current page title is µÇÂ¼
2021-06-27 05:45:41,058 - BasePage - INFO - Current page title is µÇÂ¼
2021-06-27 05:45:41,062 - BasePage - INFO - Current page title is µÇÂ¼
2021-06-27 05:45:41,065 - BasePage - INFO - Current page title is µÇÂ¼
2021-06-27 05:45:41,069 - BasePage - INFO - Current page title is µÇÂ¼
2021-06-27 05:45:41,072 - BasePage - INFO - Current page title is µÇÂ¼
2021-06-27 05:45:41,075 - BasePage - INFO - Current page title is µÇÂ¼
2021-06-27 05:45:41,079 - BasePage - INFO - Current page title is µÇÂ¼
2021-06-27 05:45:41,082 - BasePage - INFO - Current page title is µÇÂ¼
2021-06-27 05:45:41,085 - BasePage - INFO - Current page title is µÇÂ¼
2021-06-27 05:45:41,089 - BasePage - INFO - Current page title is µÇÂ¼
2021-06-27 05:45:41,093 - BasePage - INFO - Current page title is µÇÂ¼
2021-06-27 05:45:41,096 - BasePage - INFO - Current page title is µÇÂ¼
2021-06-27 05:45:41,099 - BasePage - INFO - Current page title is µÇÂ¼
2021-06-27 05:45:41,103 - BasePage - INFO - Current page title is µÇÂ¼
2021-06-27 05:45:41,106 - BasePage - INFO - Current page title is µÇÂ¼
2021-06-27 05:45:41,110 - BasePage - INFO - Current page title is µÇÂ¼
2021-06-27 05:45:41,113 - BasePage - INFO - Current page title is µÇÂ¼
2021-06-27 05:45:41,116 - BasePage - INFO - Current page title is µÇÂ¼
2021-06-27 05:45:41,119 - BasePage - INFO - Current page title is µÇÂ¼
2021-06-27 05:45:41,123 - BasePage - INFO - Current page title is µÇÂ¼
2021-06-27 05:45:41,126 - BasePage - INFO - Current page title is µÇÂ¼
2021-06-27 05:45:41,129 - BasePage - INFO - Current page title is µÇÂ¼
2021-06-27 05:45:41,132 - BasePage - INFO - Current page title is µÇÂ¼
2021-06-27 05:45:41,135 - BasePage - INFO - Current page title is µÇÂ¼
2021-06-27 05:45:41,138 - BasePage - INFO - Current page title is µÇÂ¼
2021-06-27 05:45:41,142 - BasePage - INFO - Current page title is µÇÂ¼
2021-06-27 05:45:41,145 - BasePage - INFO - Current page title is µÇÂ¼
2021-06-27 05:45:41,148 - BasePage - INFO - Current page title is µÇÂ¼
2021-06-27 05:45:41,151 - BasePage - INFO - Current page title is µÇÂ¼
2021-06-27 05:45:41,155 - BasePage - INFO - Current page title is µÇÂ¼
2021-06-27 05:45:41,158 - BasePage - INFO - Current page title is µÇÂ¼
2021-06-27 05:45:41,162 - BasePage - INFO - Current page title is µÇÂ¼
2021-06-27 05:45:41,165 - BasePage - INFO - Current page title is µÇÂ¼
2021-06-27 05:45:41,169 - BasePage - INFO - Current page title is µÇÂ¼
2021-06-27 05:45:41,173 - BasePage - INFO - Current page title is µÇÂ¼
2021-06-27 05:45:41,176 - BasePage - INFO - Current page title is µÇÂ¼
2021-06-27 05:45:41,180 - BasePage - INFO - Current page title is µÇÂ¼
2021-06-27 05:45:41,183 - BasePage - INFO - Current page title is µÇÂ¼
2021-06-27 05:45:41,186 - BasePage - INFO - Current page title is µÇÂ¼
2021-06-27 05:45:41,190 - BasePage - INFO - Current page title is µÇÂ¼
2021-06-27 05:45:41,193 - BasePage - INFO - Current page title is µÇÂ¼
2021-06-27 05:45:41,196 - BasePage - INFO - Current page title is µÇÂ¼
2021-06-27 05:45:41,199 - BasePage - INFO - Current page title is µÇÂ¼
2021-06-27 05:45:41,203 - BasePage - INFO - Current page title is µÇÂ¼
2021-06-27 05:45:41,206 - BasePage - INFO - Current page title is µÇÂ¼
2021-06-27 05:45:41,209 - BasePage - INFO - Current page title is µÇÂ¼
2021-06-27 05:45:41,213 - BasePage - INFO - Current page title is µÇÂ¼
2021-06-27 05:45:41,216 - BasePage - INFO - Current page title is µÇÂ¼
2021-06-27 05:45:41,219 - BasePage - INFO - Current page title is µÇÂ¼
2021-06-27 05:45:41,222 - BasePage - INFO - Current page title is µÇÂ¼
2021-06-27 05:45:41,226 - BasePage - INFO - Current page title is µÇÂ¼
2021-06-27 05:45:41,229 - BasePage - INFO - Current page title is µÇÂ¼
2021-06-27 05:45:41,232 - BasePage - INFO - Current page title is µÇÂ¼
2021-06-27 05:45:41,235 - BasePage - INFO - Current page title is µÇÂ¼
2021-06-27 05:45:41,238 - BasePage - INFO - Current page title is µÇÂ¼
2021-06-27 05:45:41,242 - BasePage - INFO - Current page title is µÇÂ¼
2021-06-27 05:45:41,245 - BasePage - INFO - Current page title is µÇÂ¼
2021-06-27 05:45:41,248 - BasePage - INFO - Current page title is µÇÂ¼
2021-06-27 05:45:41,252 - BasePage - INFO - Current page title is µÇÂ¼
2021-06-27 05:45:41,255 - BasePage - INFO - Current page title is µÇÂ¼
2021-06-27 05:45:41,258 - BasePage - INFO - Current page title is µÇÂ¼
2021-06-27 05:45:41,261 - BasePage - INFO - Current page title is µÇÂ¼
2021-06-27 05:45:41,265 - BasePage - INFO - Current page title is µÇÂ¼
2021-06-27 05:45:41,268 - BasePage - INFO - Current page title is µÇÂ¼
2021-06-27 05:45:41,271 - BasePage - INFO - Current page title is µÇÂ¼
2021-06-27 05:45:41,275 - BasePage - INFO - Current page title is µÇÂ¼
2021-06-27 05:45:41,278 - BasePage - INFO - Current page title is µÇÂ¼
2021-06-27 05:45:41,281 - BasePage - INFO - Current page title is µÇÂ¼
2021-06-27 05:45:41,284 - BasePage - INFO - Current page title is µÇÂ¼
2021-06-27 05:45:41,287 - BasePage - INFO - Current page title is µÇÂ¼
2021-06-27 05:45:41,290 - BasePage - INFO - Current page title is µÇÂ¼
2021-06-27 05:45:41,294 - BasePage - INFO - Current page title is µÇÂ¼
2021-06-27 05:45:41,297 - BasePage - INFO - Current page title is µÇÂ¼
2021-06-27 05:45:41,300 - BasePage - INFO - Current page title is µÇÂ¼
2021-06-27 05:45:41,303 - BasePage - INFO - Current page title is µÇÂ¼
2021-06-27 05:45:41,306 - BasePage - INFO - Current page title is µÇÂ¼
2021-06-27 05:45:41,309 - BasePage - INFO - Current page title is µÇÂ¼
2021-06-27 05:45:41,312 - BasePage - INFO - Current page title is µÇÂ¼
2021-06-27 05:45:41,315 - BasePage - INFO - Current page title is µÇÂ¼
2021-06-27 05:45:41,318 - BasePage - INFO - Current page title is µÇÂ¼
2021-06-27 05:45:41,322 - BasePage - INFO - Current page title is µÇÂ¼
2021-06-27 05:45:41,325 - BasePage - INFO - Current page title is µÇÂ¼
2021-06-27 05:45:41,328 - BasePage - INFO - Current page title is µÇÂ¼
2021-06-27 05:45:41,331 - BasePage - INFO - Current page title is µÇÂ¼
2021-06-27 05:45:41,334 - BasePage - INFO - Current page title is µÇÂ¼
2021-06-27 05:45:41,337 - BasePage - INFO - Current page title is µÇÂ¼
2021-06-27 05:45:41,340 - BasePage - INFO - Current page title is µÇÂ¼
2021-06-27 05:45:41,343 - BasePage - INFO - Current page title is µÇÂ¼
2021-06-27 05:45:41,347 - BasePage - INFO - Current page title is µÇÂ¼
2021-06-27 05:45:41,351 - BasePage - INFO - Current page title is µÇÂ¼
2021-06-27 05:45:41,354 - BasePage - INFO - Current page title is µÇÂ¼
2021-06-27 05:45:41,358 - BasePage - INFO - Current page title is µÇÂ¼
2021-06-27 05:45:41,361 - BasePage - INFO - Current page title is µÇÂ¼
2021-06-27 05:45:41,364 - BasePage - INFO - Current page title is µÇÂ¼
2021-06-27 05:45:41,368 - BasePage - INFO - Current page title is µÇÂ¼
2021-06-27 05:45:41,371 - BasePage - INFO - Current page title is µÇÂ¼
2021-06-27 05:45:41,375 - BasePage - INFO - Current page title is µÇÂ¼
2021-06-27 05:45:41,378 - BasePage - INFO - Current page title is µÇÂ¼
2021-06-27 05:45:41,381 - BasePage - INFO - Current page title is µÇÂ¼
2021-06-27 05:45:41,385 - BasePage - INFO - Current page title is µÇÂ¼
2021-06-27 05:45:41,388 - BasePage - INFO - Current page title is µÇÂ¼
2021-06-27 05:45:41,391 - BasePage - INFO - Current page title is µÇÂ¼
2021-06-27 05:45:41,394 - BasePage - INFO - Current page title is µÇÂ¼
2021-06-27 05:45:41,397 - BasePage - INFO - Current page title is µÇÂ¼
2021-06-27 05:45:41,401 - BasePage - INFO - Current page title is µÇÂ¼
