2021-06-27 05:36:07,421 - BrowserEngine - INFO - You had select Chrome browser.
2021-06-27 05:36:07,421 - BrowserEngine - INFO - The test server url is: https://bjjj.zhongchebaolian.com/cgsadm
2021-06-27 05:36:08,539 - BrowserEngine - INFO - Starting Chrome browser
2021-06-27 05:36:10,199 - BrowserEngine - INFO - Open url: https://bjjj.zhongchebaolian.com/cgsadm 
2021-06-27 05:36:10,521 - BrowserEngine - INFO - Maximize the current window. 
2021-06-27 05:36:10,549 - BasePage - INFO - Had find the element '  ' seccessful by id via value:  username 
2021-06-27 05:36:10,616 - BasePage - INFO - Had type ' 17600352198 ' in inputBox
2021-06-27 05:36:10,633 - BasePage - INFO - Had find the element '  ' seccessful by id via value:  password 
2021-06-27 05:36:10,700 - BasePage - INFO - Had type ' a12345678 ' in inputBox
2021-06-27 05:36:10,718 - BasePage - INFO - Had find the element '  ' seccessful by id via value:  account-img-code 
2021-06-27 05:36:10,765 - BasePage - INFO - Had type ' 1234 ' in inputBox
2021-06-27 05:36:10,783 - BasePage - INFO - Had find the element ' µÇÂ¼ ' seccessful by id via value:  login-btn 
2021-06-27 05:36:10,787 - BasePage - INFO - The element ' µÇÂ¼ ' was clicked.
2021-06-27 05:36:10,819 - BasePage - INFO - Current page title is µÇÂ¼
2021-06-27 05:36:10,824 - BasePage - INFO - Current page title is µÇÂ¼
2021-06-27 05:36:10,831 - BasePage - INFO - Current page title is µÇÂ¼
2021-06-27 05:36:10,836 - BasePage - INFO - Current page title is µÇÂ¼
2021-06-27 05:36:10,846 - BasePage - INFO - Current page title is µÇÂ¼
2021-06-27 05:36:10,850 - BasePage - INFO - Current page title is µÇÂ¼
2021-06-27 05:36:10,855 - BasePage - INFO - Current page title is µÇÂ¼
2021-06-27 05:36:10,859 - BasePage - INFO - Current page title is µÇÂ¼
2021-06-27 05:36:10,863 - BasePage - INFO - Current page title is µÇÂ¼
2021-06-27 05:36:10,871 - BasePage - INFO - Current page title is µÇÂ¼
2021-06-27 05:36:10,875 - BasePage - INFO - Current page title is µÇÂ¼
2021-06-27 05:36:10,879 - BasePage - INFO - Current page title is µÇÂ¼
2021-06-27 05:36:10,882 - BasePage - INFO - Current page title is µÇÂ¼
2021-06-27 05:36:10,887 - BasePage - INFO - Current page title is µÇÂ¼
2021-06-27 05:36:10,892 - BasePage - INFO - Current page title is µÇÂ¼
2021-06-27 05:36:10,895 - BasePage - INFO - Current page title is µÇÂ¼
2021-06-27 05:36:10,899 - BasePage - INFO - Current page title is µÇÂ¼
2021-06-27 05:36:10,907 - BasePage - INFO - Current page title is µÇÂ¼
2021-06-27 05:36:10,912 - BasePage - INFO - Current page title is µÇÂ¼
2021-06-27 05:36:10,916 - BasePage - INFO - Current page title is µÇÂ¼
2021-06-27 05:36:10,920 - BasePage - INFO - Current page title is µÇÂ¼
2021-06-27 05:36:10,924 - BasePage - INFO - Current page title is µÇÂ¼
2021-06-27 05:36:10,927 - BasePage - INFO - Current page title is µÇÂ¼
2021-06-27 05:36:10,936 - BasePage - INFO - Current page title is µÇÂ¼
2021-06-27 05:36:10,940 - BasePage - INFO - Current page title is µÇÂ¼
2021-06-27 05:36:10,943 - BasePage - INFO - Current page title is µÇÂ¼
2021-06-27 05:36:10,947 - BasePage - INFO - Current page title is µÇÂ¼
2021-06-27 05:36:10,951 - BasePage - INFO - Current page title is µÇÂ¼
2021-06-27 05:36:10,954 - BasePage - INFO - Current page title is µÇÂ¼
2021-06-27 05:36:10,960 - BasePage - INFO - Current page title is µÇÂ¼
2021-06-27 05:36:10,965 - BasePage - INFO - Current page title is µÇÂ¼
2021-06-27 05:36:10,969 - BasePage - INFO - Current page title is µÇÂ¼
2021-06-27 05:36:10,974 - BasePage - INFO - Current page title is µÇÂ¼
2021-06-27 05:36:10,979 - BasePage - INFO - Current page title is µÇÂ¼
2021-06-27 05:36:10,984 - BasePage - INFO - Current page title is µÇÂ¼
2021-06-27 05:36:10,989 - BasePage - INFO - Current page title is µÇÂ¼
2021-06-27 05:36:10,996 - BasePage - INFO - Current page title is µÇÂ¼
2021-06-27 05:36:11,000 - BasePage - INFO - Current page title is µÇÂ¼
2021-06-27 05:36:11,004 - BasePage - INFO - Current page title is µÇÂ¼
2021-06-27 05:36:11,009 - BasePage - INFO - Current page title is µÇÂ¼
2021-06-27 05:36:11,014 - BasePage - INFO - Current page title is µÇÂ¼
2021-06-27 05:36:11,019 - BasePage - INFO - Current page title is µÇÂ¼
2021-06-27 05:36:11,029 - BasePage - INFO - Current page title is µÇÂ¼
2021-06-27 05:36:11,033 - BasePage - INFO - Current page title is µÇÂ¼
2021-06-27 05:36:11,038 - BasePage - INFO - Current page title is µÇÂ¼
2021-06-27 05:36:11,043 - BasePage - INFO - Current page title is µÇÂ¼
2021-06-27 05:36:11,048 - BasePage - INFO - Current page title is µÇÂ¼
2021-06-27 05:36:11,052 - BasePage - INFO - Current page title is µÇÂ¼
2021-06-27 05:36:11,061 - BasePage - INFO - Current page title is µÇÂ¼
2021-06-27 05:36:11,067 - BasePage - INFO - Current page title is µÇÂ¼
2021-06-27 05:36:11,071 - BasePage - INFO - Current page title is µÇÂ¼
2021-06-27 05:36:11,075 - BasePage - INFO - Current page title is µÇÂ¼
2021-06-27 05:36:11,079 - BasePage - INFO - Current page title is µÇÂ¼
2021-06-27 05:36:11,083 - BasePage - INFO - Current page title is µÇÂ¼
2021-06-27 05:36:11,090 - BasePage - INFO - Current page title is µÇÂ¼
2021-06-27 05:36:11,095 - BasePage - INFO - Current page title is µÇÂ¼
2021-06-27 05:36:11,099 - BasePage - INFO - Current page title is µÇÂ¼
2021-06-27 05:36:11,105 - BasePage - INFO - Current page title is µÇÂ¼
2021-06-27 05:36:11,108 - BasePage - INFO - Current page title is µÇÂ¼
2021-06-27 05:36:11,112 - BasePage - INFO - Current page title is µÇÂ¼
2021-06-27 05:36:11,116 - BasePage - INFO - Current page title is µÇÂ¼
2021-06-27 05:36:11,123 - BasePage - INFO - Current page title is µÇÂ¼
2021-06-27 05:36:11,127 - BasePage - INFO - Current page title is µÇÂ¼
2021-06-27 05:36:11,132 - BasePage - INFO - Current page title is µÇÂ¼
2021-06-27 05:36:11,135 - BasePage - INFO - Current page title is µÇÂ¼
2021-06-27 05:36:11,139 - BasePage - INFO - Current page title is µÇÂ¼
2021-06-27 05:36:11,142 - BasePage - INFO - Current page title is µÇÂ¼
2021-06-27 05:36:11,146 - BasePage - INFO - Current page title is µÇÂ¼
2021-06-27 05:36:11,154 - BasePage - INFO - Current page title is µÇÂ¼
2021-06-27 05:36:11,157 - BasePage - INFO - Current page title is µÇÂ¼
2021-06-27 05:36:11,161 - BasePage - INFO - Current page title is µÇÂ¼
2021-06-27 05:36:11,166 - BasePage - INFO - Current page title is µÇÂ¼
2021-06-27 05:36:11,170 - BasePage - INFO - Current page title is µÇÂ¼
2021-06-27 05:36:11,173 - BasePage - INFO - Current page title is µÇÂ¼
2021-06-27 05:36:11,177 - BasePage - INFO - Current page title is µÇÂ¼
2021-06-27 05:36:11,185 - BasePage - INFO - Current page title is µÇÂ¼
2021-06-27 05:36:11,190 - BasePage - INFO - Current page title is µÇÂ¼
2021-06-27 05:36:11,194 - BasePage - INFO - Current page title is µÇÂ¼
2021-06-27 05:36:11,198 - BasePage - INFO - Current page title is µÇÂ¼
2021-06-27 05:36:11,201 - BasePage - INFO - Current page title is µÇÂ¼
2021-06-27 05:36:11,204 - BasePage - INFO - Current page title is µÇÂ¼
2021-06-27 05:36:11,210 - BasePage - INFO - Current page title is µÇÂ¼
2021-06-27 05:36:11,216 - BasePage - INFO - Current page title is µÇÂ¼
2021-06-27 05:36:11,220 - BasePage - INFO - Current page title is µÇÂ¼
2021-06-27 05:36:11,224 - BasePage - INFO - Current page title is µÇÂ¼
2021-06-27 05:36:11,228 - BasePage - INFO - Current page title is µÇÂ¼
2021-06-27 05:36:11,233 - BasePage - INFO - Current page title is µÇÂ¼
2021-06-27 05:36:11,237 - BasePage - INFO - Current page title is µÇÂ¼
2021-06-27 05:36:11,243 - BasePage - INFO - Current page title is µÇÂ¼
2021-06-27 05:36:11,250 - BasePage - INFO - Current page title is µÇÂ¼
2021-06-27 05:36:11,253 - BasePage - INFO - Current page title is µÇÂ¼
2021-06-27 05:36:11,257 - BasePage - INFO - Current page title is µÇÂ¼
2021-06-27 05:36:11,260 - BasePage - INFO - Current page title is µÇÂ¼
2021-06-27 05:36:11,263 - BasePage - INFO - Current page title is µÇÂ¼
2021-06-27 05:36:11,267 - BasePage - INFO - Current page title is µÇÂ¼
2021-06-27 05:36:11,271 - BasePage - INFO - Current page title is µÇÂ¼
2021-06-27 05:36:11,277 - BasePage - INFO - Current page title is µÇÂ¼
2021-06-27 05:36:11,281 - BasePage - INFO - Current page title is µÇÂ¼
2021-06-27 05:36:11,285 - BasePage - INFO - Current page title is µÇÂ¼
2021-06-27 05:36:11,289 - BasePage - INFO - Current page title is µÇÂ¼
2021-06-27 05:36:11,293 - BasePage - INFO - Current page title is µÇÂ¼
2021-06-27 05:36:11,296 - BasePage - INFO - Current page title is µÇÂ¼
2021-06-27 05:36:11,300 - BasePage - INFO - Current page title is µÇÂ¼
2021-06-27 05:36:11,304 - BasePage - INFO - Current page title is µÇÂ¼
2021-06-27 05:36:11,311 - BasePage - INFO - Current page title is µÇÂ¼
2021-06-27 05:36:11,327 - BasePage - INFO - Current page title is µÇÂ¼
2021-06-27 05:36:11,334 - BasePage - INFO - Current page title is µÇÂ¼
2021-06-27 05:36:11,343 - BasePage - INFO - Current page title is µÇÂ¼
2021-06-27 05:36:11,347 - BasePage - INFO - Current page title is µÇÂ¼
2021-06-27 05:36:11,352 - BasePage - INFO - Current page title is µÇÂ¼
2021-06-27 05:36:11,356 - BasePage - INFO - Current page title is µÇÂ¼
2021-06-27 05:36:11,359 - BasePage - INFO - Current page title is µÇÂ¼
2021-06-27 05:36:11,363 - BasePage - INFO - Current page title is µÇÂ¼
2021-06-27 05:36:11,367 - BasePage - INFO - Current page title is µÇÂ¼
2021-06-27 05:36:11,373 - BasePage - INFO - Current page title is µÇÂ¼
2021-06-27 05:36:11,376 - BasePage - INFO - Current page title is µÇÂ¼
2021-06-27 05:36:11,380 - BasePage - INFO - Current page title is µÇÂ¼
2021-06-27 05:36:11,384 - BasePage - INFO - Current page title is µÇÂ¼
2021-06-27 05:36:11,387 - BasePage - INFO - Current page title is µÇÂ¼
2021-06-27 05:36:11,390 - BasePage - INFO - Current page title is µÇÂ¼
2021-06-27 05:36:11,393 - BasePage - INFO - Current page title is µÇÂ¼
2021-06-27 05:36:11,397 - BasePage - INFO - Current page title is µÇÂ¼
2021-06-27 05:36:11,403 - BasePage - INFO - Current page title is µÇÂ¼
2021-06-27 05:36:11,407 - BasePage - INFO - Current page title is µÇÂ¼
2021-06-27 05:36:11,410 - BasePage - INFO - Current page title is µÇÂ¼
2021-06-27 05:36:11,414 - BasePage - INFO - Current page title is µÇÂ¼
2021-06-27 05:36:11,418 - BasePage - INFO - Current page title is µÇÂ¼
2021-06-27 05:36:11,422 - BasePage - INFO - Current page title is µÇÂ¼
2021-06-27 05:36:11,426 - BasePage - INFO - Current page title is µÇÂ¼
2021-06-27 05:36:11,433 - BasePage - INFO - Current page title is µÇÂ¼
2021-06-27 05:36:11,436 - BasePage - INFO - Current page title is µÇÂ¼
2021-06-27 05:36:11,440 - BasePage - INFO - Current page title is µÇÂ¼
2021-06-27 05:36:11,444 - BasePage - INFO - Current page title is µÇÂ¼
2021-06-27 05:36:11,448 - BasePage - INFO - Current page title is µÇÂ¼
2021-06-27 05:36:11,452 - BasePage - INFO - Current page title is µÇÂ¼
2021-06-27 05:36:11,455 - BasePage - INFO - Current page title is µÇÂ¼
2021-06-27 05:36:11,461 - BasePage - INFO - Current page title is µÇÂ¼
2021-06-27 05:36:11,466 - BasePage - INFO - Current page title is µÇÂ¼
2021-06-27 05:36:11,469 - BasePage - INFO - Current page title is µÇÂ¼
2021-06-27 05:36:11,472 - BasePage - INFO - Current page title is µÇÂ¼
2021-06-27 05:36:11,476 - BasePage - INFO - Current page title is µÇÂ¼
2021-06-27 05:36:11,479 - BasePage - INFO - Current page title is µÇÂ¼
2021-06-27 05:36:11,483 - BasePage - INFO - Current page title is µÇÂ¼
2021-06-27 05:36:11,486 - BasePage - INFO - Current page title is µÇÂ¼
2021-06-27 05:36:11,490 - BasePage - INFO - Current page title is µÇÂ¼
2021-06-27 05:36:11,498 - BasePage - INFO - Current page title is µÇÂ¼
2021-06-27 05:36:11,501 - BasePage - INFO - Current page title is µÇÂ¼
2021-06-27 05:36:11,506 - BasePage - INFO - Current page title is µÇÂ¼
2021-06-27 05:36:11,509 - BasePage - INFO - Current page title is µÇÂ¼
2021-06-27 05:36:11,513 - BasePage - INFO - Current page title is µÇÂ¼
2021-06-27 05:36:11,516 - BasePage - INFO - Current page title is µÇÂ¼
2021-06-27 05:36:11,519 - BasePage - INFO - Current page title is µÇÂ¼
2021-06-27 05:36:11,527 - BasePage - INFO - Current page title is µÇÂ¼
2021-06-27 05:36:11,532 - BasePage - INFO - Current page title is µÇÂ¼
2021-06-27 05:36:11,535 - BasePage - INFO - Current page title is µÇÂ¼
2021-06-27 05:36:11,540 - BasePage - INFO - Current page title is µÇÂ¼
2021-06-27 05:36:11,543 - BasePage - INFO - Current page title is µÇÂ¼
2021-06-27 05:36:11,547 - BasePage - INFO - Current page title is µÇÂ¼
2021-06-27 05:36:11,551 - BasePage - INFO - Current page title is µÇÂ¼
2021-06-27 05:36:11,555 - BasePage - INFO - Current page title is µÇÂ¼
2021-06-27 05:36:11,563 - BasePage - INFO - Current page title is µÇÂ¼
2021-06-27 05:36:11,566 - BasePage - INFO - Current page title is µÇÂ¼
2021-06-27 05:36:11,570 - BasePage - INFO - Current page title is µÇÂ¼
2021-06-27 05:36:11,573 - BasePage - INFO - Current page title is µÇÂ¼
2021-06-27 05:36:11,577 - BasePage - INFO - Current page title is µÇÂ¼
2021-06-27 05:36:11,580 - BasePage - INFO - Current page title is µÇÂ¼
2021-06-27 05:36:11,584 - BasePage - INFO - Current page title is µÇÂ¼
2021-06-27 05:36:11,591 - BasePage - INFO - Current page title is µÇÂ¼
2021-06-27 05:36:11,595 - BasePage - INFO - Current page title is µÇÂ¼
2021-06-27 05:36:11,600 - BasePage - INFO - Current page title is µÇÂ¼
2021-06-27 05:36:11,604 - BasePage - INFO - Current page title is µÇÂ¼
2021-06-27 05:36:11,608 - BasePage - INFO - Current page title is µÇÂ¼
2021-06-27 05:36:11,613 - BasePage - INFO - Current page title is µÇÂ¼
2021-06-27 05:36:11,625 - BasePage - INFO - Current page title is µÇÂ¼
2021-06-27 05:36:11,633 - BasePage - INFO - Current page title is µÇÂ¼
2021-06-27 05:36:11,638 - BasePage - INFO - Current page title is µÇÂ¼
2021-06-27 05:36:11,644 - BasePage - INFO - Current page title is µÇÂ¼
2021-06-27 05:36:11,656 - BasePage - INFO - Current page title is µÇÂ¼
2021-06-27 05:36:11,662 - BasePage - INFO - Current page title is µÇÂ¼
2021-06-27 05:36:11,669 - BasePage - INFO - Current page title is µÇÂ¼
2021-06-27 05:36:11,675 - BasePage - INFO - Current page title is µÇÂ¼
2021-06-27 05:36:11,684 - BasePage - INFO - Current page title is µÇÂ¼
2021-06-27 05:36:11,691 - BasePage - INFO - Current page title is µÇÂ¼
2021-06-27 05:36:11,699 - BasePage - INFO - Current page title is µÇÂ¼
2021-06-27 05:36:11,706 - BasePage - INFO - Current page title is µÇÂ¼
2021-06-27 05:36:11,718 - BasePage - INFO - Current page title is µÇÂ¼
2021-06-27 05:36:11,724 - BasePage - INFO - Current page title is µÇÂ¼
2021-06-27 05:36:11,731 - BasePage - INFO - Current page title is µÇÂ¼
2021-06-27 05:36:11,736 - BasePage - INFO - Current page title is µÇÂ¼
2021-06-27 05:36:11,743 - BasePage - INFO - Current page title is µÇÂ¼
2021-06-27 05:36:11,754 - BasePage - INFO - Current page title is µÇÂ¼
2021-06-27 05:36:11,761 - BasePage - INFO - Current page title is µÇÂ¼
2021-06-27 05:36:11,768 - BasePage - INFO - Current page title is µÇÂ¼
2021-06-27 05:36:11,780 - BasePage - INFO - Current page title is µÇÂ¼
2021-06-27 05:36:11,786 - BasePage - INFO - Current page title is µÇÂ¼
2021-06-27 05:36:11,791 - BasePage - INFO - Current page title is µÇÂ¼
2021-06-27 05:36:11,795 - BasePage - INFO - Current page title is µÇÂ¼
2021-06-27 05:36:11,801 - BasePage - INFO - Current page title is µÇÂ¼
2021-06-27 05:36:11,807 - BasePage - INFO - Current page title is µÇÂ¼
2021-06-27 05:36:11,811 - BasePage - INFO - Current page title is µÇÂ¼
2021-06-27 05:36:11,816 - BasePage - INFO - Current page title is µÇÂ¼
2021-06-27 05:36:11,821 - BasePage - INFO - Current page title is µÇÂ¼
2021-06-27 05:36:11,825 - BasePage - INFO - Current page title is µÇÂ¼
2021-06-27 05:36:11,830 - BasePage - INFO - Current page title is µÇÂ¼
2021-06-27 05:36:11,834 - BasePage - INFO - Current page title is µÇÂ¼
2021-06-27 05:36:11,842 - BasePage - INFO - Current page title is µÇÂ¼
2021-06-27 05:36:11,847 - BasePage - INFO - Current page title is µÇÂ¼
2021-06-27 05:36:11,852 - BasePage - INFO - Current page title is µÇÂ¼
2021-06-27 05:36:11,856 - BasePage - INFO - Current page title is µÇÂ¼
2021-06-27 05:36:11,861 - BasePage - INFO - Current page title is µÇÂ¼
2021-06-27 05:36:11,869 - BasePage - INFO - Current page title is µÇÂ¼
2021-06-27 05:36:11,875 - BasePage - INFO - Current page title is µÇÂ¼
2021-06-27 05:36:11,879 - BasePage - INFO - Current page title is µÇÂ¼
2021-06-27 05:36:11,884 - BasePage - INFO - Current page title is µÇÂ¼
2021-06-27 05:36:11,888 - BasePage - INFO - Current page title is µÇÂ¼
2021-06-27 05:36:11,891 - BasePage - INFO - Current page title is µÇÂ¼
2021-06-27 05:36:11,895 - BasePage - INFO - Current page title is µÇÂ¼
2021-06-27 05:36:11,899 - BasePage - INFO - Current page title is µÇÂ¼
2021-06-27 05:36:11,905 - BasePage - INFO - Current page title is µÇÂ¼
2021-06-27 05:36:11,909 - BasePage - INFO - Current page title is µÇÂ¼
2021-06-27 05:36:11,912 - BasePage - INFO - Current page title is µÇÂ¼
2021-06-27 05:36:11,916 - BasePage - INFO - Current page title is µÇÂ¼
2021-06-27 05:36:11,919 - BasePage - INFO - Current page title is µÇÂ¼
2021-06-27 05:36:11,922 - BasePage - INFO - Current page title is µÇÂ¼
2021-06-27 05:36:11,926 - BasePage - INFO - Current page title is µÇÂ¼
2021-06-27 05:36:11,929 - BasePage - INFO - Current page title is µÇÂ¼
2021-06-27 05:36:11,936 - BasePage - INFO - Current page title is µÇÂ¼
2021-06-27 05:36:11,940 - BasePage - INFO - Current page title is µÇÂ¼
2021-06-27 05:36:11,945 - BasePage - INFO - Current page title is µÇÂ¼
2021-06-27 05:36:11,948 - BasePage - INFO - Current page title is µÇÂ¼
2021-06-27 05:36:11,952 - BasePage - INFO - Current page title is µÇÂ¼
2021-06-27 05:36:11,955 - BasePage - INFO - Current page title is µÇÂ¼
2021-06-27 05:36:11,960 - BasePage - INFO - Current page title is µÇÂ¼
2021-06-27 05:36:11,965 - BasePage - INFO - Current page title is µÇÂ¼
2021-06-27 05:36:11,969 - BasePage - INFO - Current page title is µÇÂ¼
2021-06-27 05:36:11,972 - BasePage - INFO - Current page title is µÇÂ¼
2021-06-27 05:36:11,976 - BasePage - INFO - Current page title is µÇÂ¼
2021-06-27 05:36:11,979 - BasePage - INFO - Current page title is µÇÂ¼
2021-06-27 05:36:11,983 - BasePage - INFO - Current page title is µÇÂ¼
2021-06-27 05:36:11,986 - BasePage - INFO - Current page title is µÇÂ¼
2021-06-27 05:36:11,991 - BasePage - INFO - Current page title is µÇÂ¼
2021-06-27 05:36:11,997 - BasePage - INFO - Current page title is µÇÂ¼
2021-06-27 05:36:12,000 - BasePage - INFO - Current page title is µÇÂ¼
2021-06-27 05:36:12,004 - BasePage - INFO - Current page title is µÇÂ¼
2021-06-27 05:36:12,008 - BasePage - INFO - Current page title is µÇÂ¼
2021-06-27 05:36:12,012 - BasePage - INFO - Current page title is µÇÂ¼
2021-06-27 05:36:12,017 - BasePage - INFO - Current page title is µÇÂ¼
2021-06-27 05:36:12,021 - BasePage - INFO - Current page title is µÇÂ¼
2021-06-27 05:36:12,029 - BasePage - INFO - Current page title is µÇÂ¼
2021-06-27 05:36:12,037 - BasePage - INFO - Current page title is µÇÂ¼
2021-06-27 05:36:12,049 - BasePage - INFO - Current page title is µÇÂ¼
2021-06-27 05:36:12,065 - BasePage - INFO - Current page title is µÇÂ¼
2021-06-27 05:36:12,072 - BasePage - INFO - Current page title is µÇÂ¼
2021-06-27 05:36:12,082 - BasePage - INFO - Current page title is µÇÂ¼
2021-06-27 05:36:12,092 - BasePage - INFO - Current page title is µÇÂ¼
2021-06-27 05:36:12,101 - BasePage - INFO - Current page title is µÇÂ¼
2021-06-27 05:36:12,109 - BasePage - INFO - Current page title is µÇÂ¼
2021-06-27 05:36:12,125 - BasePage - INFO - Current page title is µÇÂ¼
2021-06-27 05:36:12,138 - BasePage - INFO - Current page title is µÇÂ¼
2021-06-27 05:36:12,172 - BasePage - INFO - Current page title is µÇÂ¼
2021-06-27 05:36:12,183 - BasePage - INFO - Current page title is µÇÂ¼
2021-06-27 05:36:12,189 - BasePage - INFO - Current page title is µÇÂ¼
2021-06-27 05:36:12,193 - BasePage - INFO - Current page title is µÇÂ¼
2021-06-27 05:36:12,198 - BasePage - INFO - Current page title is µÇÂ¼
2021-06-27 05:36:12,202 - BasePage - INFO - Current page title is µÇÂ¼
2021-06-27 05:36:12,206 - BasePage - INFO - Current page title is µÇÂ¼
2021-06-27 05:36:12,210 - BasePage - INFO - Current page title is µÇÂ¼
2021-06-27 05:36:12,219 - BasePage - INFO - Current page title is µÇÂ¼
2021-06-27 05:36:12,224 - BasePage - INFO - Current page title is µÇÂ¼
2021-06-27 05:36:12,228 - BasePage - INFO - Current page title is µÇÂ¼
2021-06-27 05:36:12,233 - BasePage - INFO - Current page title is µÇÂ¼
2021-06-27 05:36:12,237 - BasePage - INFO - Current page title is µÇÂ¼
2021-06-27 05:36:12,241 - BasePage - INFO - Current page title is µÇÂ¼
2021-06-27 05:36:12,251 - BasePage - INFO - Current page title is µÇÂ¼
2021-06-27 05:36:12,255 - BasePage - INFO - Current page title is µÇÂ¼
2021-06-27 05:36:12,259 - BasePage - INFO - Current page title is µÇÂ¼
2021-06-27 05:36:12,263 - BasePage - INFO - Current page title is µÇÂ¼
2021-06-27 05:36:12,267 - BasePage - INFO - Current page title is µÇÂ¼
2021-06-27 05:36:12,271 - BasePage - INFO - Current page title is µÇÂ¼
2021-06-27 05:36:12,280 - BasePage - INFO - Current page title is µÇÂ¼
2021-06-27 05:36:12,284 - BasePage - INFO - Current page title is µÇÂ¼
2021-06-27 05:36:12,290 - BasePage - INFO - Current page title is µÇÂ¼
2021-06-27 05:36:12,293 - BasePage - INFO - Current page title is µÇÂ¼
2021-06-27 05:36:12,299 - BasePage - INFO - Current page title is µÇÂ¼
2021-06-27 05:36:12,302 - BasePage - INFO - Current page title is µÇÂ¼
2021-06-27 05:36:12,311 - BasePage - INFO - Current page title is µÇÂ¼
2021-06-27 05:36:12,315 - BasePage - INFO - Current page title is µÇÂ¼
2021-06-27 05:36:12,320 - BasePage - INFO - Current page title is µÇÂ¼
2021-06-27 05:36:12,324 - BasePage - INFO - Current page title is µÇÂ¼
2021-06-27 05:36:12,328 - BasePage - INFO - Current page title is µÇÂ¼
2021-06-27 05:36:12,333 - BasePage - INFO - Current page title is µÇÂ¼
2021-06-27 05:36:12,340 - BasePage - INFO - Current page title is µÇÂ¼
2021-06-27 05:36:12,344 - BasePage - INFO - Current page title is µÇÂ¼
2021-06-27 05:36:12,349 - BasePage - INFO - Current page title is µÇÂ¼
2021-06-27 05:36:12,353 - BasePage - INFO - Current page title is µÇÂ¼
2021-06-27 05:36:12,357 - BasePage - INFO - Current page title is µÇÂ¼
2021-06-27 05:36:12,361 - BasePage - INFO - Current page title is µÇÂ¼
2021-06-27 05:36:12,387 - BasePage - INFO - Current page title is µÇÂ¼
2021-06-27 05:36:12,398 - BasePage - INFO - Current page title is µÇÂ¼
2021-06-27 05:36:12,406 - BasePage - INFO - Current page title is µÇÂ¼
2021-06-27 05:36:12,411 - BasePage - INFO - Current page title is µÇÂ¼
2021-06-27 05:36:12,418 - BasePage - INFO - Current page title is µÇÂ¼
2021-06-27 05:36:12,427 - BasePage - INFO - Current page title is µÇÂ¼
2021-06-27 05:36:12,461 - BasePage - INFO - Current page title is µÇÂ¼
2021-06-27 05:36:12,472 - BasePage - INFO - Current page title is µÇÂ¼
2021-06-27 05:36:12,479 - BasePage - INFO - Current page title is µÇÂ¼
2021-06-27 05:36:12,490 - BasePage - INFO - Current page title is µÇÂ¼
2021-06-27 05:36:12,494 - BasePage - INFO - Current page title is µÇÂ¼
2021-06-27 05:36:12,499 - BasePage - INFO - Current page title is µÇÂ¼
2021-06-27 05:36:12,504 - BasePage - INFO - Current page title is µÇÂ¼
2021-06-27 05:36:12,508 - BasePage - INFO - Current page title is µÇÂ¼
2021-06-27 05:36:12,513 - BasePage - INFO - Current page title is µÇÂ¼
2021-06-27 05:36:12,517 - BasePage - INFO - Current page title is µÇÂ¼
2021-06-27 05:36:12,521 - BasePage - INFO - Current page title is µÇÂ¼
2021-06-27 05:36:12,529 - BasePage - INFO - Current page title is µÇÂ¼
2021-06-27 05:36:12,533 - BasePage - INFO - Current page title is µÇÂ¼
2021-06-27 05:36:12,538 - BasePage - INFO - Current page title is µÇÂ¼
2021-06-27 05:36:12,542 - BasePage - INFO - Current page title is µÇÂ¼
2021-06-27 05:36:12,546 - BasePage - INFO - Current page title is µÇÂ¼
2021-06-27 05:36:12,550 - BasePage - INFO - Current page title is µÇÂ¼
2021-06-27 05:36:12,554 - BasePage - INFO - Current page title is µÇÂ¼
2021-06-27 05:36:12,560 - BasePage - INFO - Current page title is µÇÂ¼
2021-06-27 05:36:12,565 - BasePage - INFO - Current page title is µÇÂ¼
2021-06-27 05:36:12,569 - BasePage - INFO - Current page title is µÇÂ¼
2021-06-27 05:36:12,574 - BasePage - INFO - Current page title is µÇÂ¼
2021-06-27 05:36:12,578 - BasePage - INFO - Current page title is µÇÂ¼
2021-06-27 05:36:12,583 - BasePage - INFO - Current page title is µÇÂ¼
2021-06-27 05:36:12,589 - BasePage - INFO - Current page title is µÇÂ¼
2021-06-27 05:36:12,594 - BasePage - INFO - Current page title is µÇÂ¼
2021-06-27 05:36:12,598 - BasePage - INFO - Current page title is µÇÂ¼
2021-06-27 05:36:12,602 - BasePage - INFO - Current page title is µÇÂ¼
2021-06-27 05:36:12,606 - BasePage - INFO - Current page title is µÇÂ¼
2021-06-27 05:36:12,610 - BasePage - INFO - Current page title is µÇÂ¼
2021-06-27 05:36:12,614 - BasePage - INFO - Current page title is µÇÂ¼
2021-06-27 05:36:12,620 - BasePage - INFO - Current page title is µÇÂ¼
2021-06-27 05:36:12,625 - BasePage - INFO - Current page title is µÇÂ¼
2021-06-27 05:36:12,629 - BasePage - INFO - Current page title is µÇÂ¼
2021-06-27 05:36:12,634 - BasePage - INFO - Current page title is µÇÂ¼
2021-06-27 05:36:12,637 - BasePage - INFO - Current page title is µÇÂ¼
2021-06-27 05:36:12,641 - BasePage - INFO - Current page title is µÇÂ¼
2021-06-27 05:36:12,645 - BasePage - INFO - Current page title is µÇÂ¼
2021-06-27 05:36:12,652 - BasePage - INFO - Current page title is µÇÂ¼
2021-06-27 05:36:12,656 - BasePage - INFO - Current page title is µÇÂ¼
2021-06-27 05:36:12,660 - BasePage - INFO - Current page title is µÇÂ¼
2021-06-27 05:36:12,664 - BasePage - INFO - Current page title is µÇÂ¼
2021-06-27 05:36:12,667 - BasePage - INFO - Current page title is µÇÂ¼
2021-06-27 05:36:12,671 - BasePage - INFO - Current page title is µÇÂ¼
2021-06-27 05:36:12,674 - BasePage - INFO - Current page title is µÇÂ¼
2021-06-27 05:36:12,679 - BasePage - INFO - Current page title is µÇÂ¼
2021-06-27 05:36:12,684 - BasePage - INFO - Current page title is µÇÂ¼
2021-06-27 05:36:12,687 - BasePage - INFO - Current page title is µÇÂ¼
2021-06-27 05:36:12,690 - BasePage - INFO - Current page title is µÇÂ¼
2021-06-27 05:36:12,694 - BasePage - INFO - Current page title is µÇÂ¼
2021-06-27 05:36:12,698 - BasePage - INFO - Current page title is µÇÂ¼
2021-06-27 05:36:12,701 - BasePage - INFO - Current page title is µÇÂ¼
2021-06-27 05:36:12,704 - BasePage - INFO - Current page title is µÇÂ¼
2021-06-27 05:36:12,708 - BasePage - INFO - Current page title is µÇÂ¼
2021-06-27 05:36:12,714 - BasePage - INFO - Current page title is µÇÂ¼
2021-06-27 05:36:12,718 - BasePage - INFO - Current page title is µÇÂ¼
2021-06-27 05:36:12,721 - BasePage - INFO - Current page title is µÇÂ¼
2021-06-27 05:36:12,725 - BasePage - INFO - Current page title is µÇÂ¼
2021-06-27 05:36:12,728 - BasePage - INFO - Current page title is µÇÂ¼
2021-06-27 05:36:12,731 - BasePage - INFO - Current page title is µÇÂ¼
2021-06-27 05:36:12,735 - BasePage - INFO - Current page title is µÇÂ¼
2021-06-27 05:36:12,738 - BasePage - INFO - Current page title is µÇÂ¼
2021-06-27 05:36:12,744 - BasePage - INFO - Current page title is µÇÂ¼
2021-06-27 05:36:12,747 - BasePage - INFO - Current page title is µÇÂ¼
2021-06-27 05:36:12,750 - BasePage - INFO - Current page title is µÇÂ¼
2021-06-27 05:36:12,754 - BasePage - INFO - Current page title is µÇÂ¼
2021-06-27 05:36:12,758 - BasePage - INFO - Current page title is µÇÂ¼
2021-06-27 05:36:12,761 - BasePage - INFO - Current page title is µÇÂ¼
2021-06-27 05:36:12,765 - BasePage - INFO - Current page title is µÇÂ¼
2021-06-27 05:36:12,769 - BasePage - INFO - Current page title is µÇÂ¼
2021-06-27 05:36:12,775 - BasePage - INFO - Current page title is µÇÂ¼
2021-06-27 05:36:12,779 - BasePage - INFO - Current page title is µÇÂ¼
2021-06-27 05:36:12,782 - BasePage - INFO - Current page title is µÇÂ¼
2021-06-27 05:36:12,785 - BasePage - INFO - Current page title is µÇÂ¼
2021-06-27 05:36:12,789 - BasePage - INFO - Current page title is µÇÂ¼
2021-06-27 05:36:12,792 - BasePage - INFO - Current page title is µÇÂ¼
2021-06-27 05:36:12,796 - BasePage - INFO - Current page title is µÇÂ¼
2021-06-27 05:36:12,799 - BasePage - INFO - Current page title is µÇÂ¼
2021-06-27 05:36:12,802 - BasePage - INFO - Current page title is µÇÂ¼
2021-06-27 05:36:12,808 - BasePage - INFO - Current page title is µÇÂ¼
2021-06-27 05:36:12,811 - BasePage - INFO - Current page title is µÇÂ¼
2021-06-27 05:36:12,815 - BasePage - INFO - Current page title is µÇÂ¼
2021-06-27 05:36:12,819 - BasePage - INFO - Current page title is µÇÂ¼
2021-06-27 05:36:12,822 - BasePage - INFO - Current page title is µÇÂ¼
2021-06-27 05:36:12,826 - BasePage - INFO - Current page title is µÇÂ¼
2021-06-27 05:36:12,830 - BasePage - INFO - Current page title is µÇÂ¼
2021-06-27 05:36:12,834 - BasePage - INFO - Current page title is µÇÂ¼
2021-06-27 05:36:12,840 - BasePage - INFO - Current page title is µÇÂ¼
2021-06-27 05:36:12,843 - BasePage - INFO - Current page title is µÇÂ¼
2021-06-27 05:36:12,847 - BasePage - INFO - Current page title is µÇÂ¼
2021-06-27 05:36:12,851 - BasePage - INFO - Current page title is µÇÂ¼
2021-06-27 05:36:12,853 - BasePage - INFO - Current page title is µÇÂ¼
2021-06-27 05:36:12,856 - BasePage - INFO - Current page title is µÇÂ¼
2021-06-27 05:36:12,859 - BasePage - INFO - Current page title is µÇÂ¼
2021-06-27 05:36:12,863 - BasePage - INFO - Current page title is µÇÂ¼
2021-06-27 05:36:12,868 - BasePage - INFO - Current page title is µÇÂ¼
2021-06-27 05:36:12,871 - BasePage - INFO - Current page title is µÇÂ¼
2021-06-27 05:36:12,874 - BasePage - INFO - Current page title is µÇÂ¼
2021-06-27 05:36:12,877 - BasePage - INFO - Current page title is µÇÂ¼
2021-06-27 05:36:12,882 - BasePage - INFO - Current page title is µÇÂ¼
2021-06-27 05:36:12,885 - BasePage - INFO - Current page title is µÇÂ¼
2021-06-27 05:36:12,888 - BasePage - INFO - Current page title is µÇÂ¼
2021-06-27 05:36:12,891 - BasePage - INFO - Current page title is µÇÂ¼
2021-06-27 05:36:12,894 - BasePage - INFO - Current page title is µÇÂ¼
2021-06-27 05:36:12,900 - BasePage - INFO - Current page title is µÇÂ¼
2021-06-27 05:36:12,905 - BasePage - INFO - Current page title is µÇÂ¼
2021-06-27 05:36:12,908 - BasePage - INFO - Current page title is µÇÂ¼
2021-06-27 05:36:12,911 - BasePage - INFO - Current page title is µÇÂ¼
2021-06-27 05:36:12,915 - BasePage - INFO - Current page title is µÇÂ¼
2021-06-27 05:36:12,918 - BasePage - INFO - Current page title is µÇÂ¼
2021-06-27 05:36:12,922 - BasePage - INFO - Current page title is µÇÂ¼
2021-06-27 05:36:12,925 - BasePage - INFO - Current page title is µÇÂ¼
2021-06-27 05:36:12,928 - BasePage - INFO - Current page title is µÇÂ¼
2021-06-27 05:36:12,935 - BasePage - INFO - Current page title is µÇÂ¼
2021-06-27 05:36:12,938 - BasePage - INFO - Current page title is µÇÂ¼
2021-06-27 05:36:12,942 - BasePage - INFO - Current page title is µÇÂ¼
2021-06-27 05:36:12,946 - BasePage - INFO - Current page title is µÇÂ¼
2021-06-27 05:36:12,950 - BasePage - INFO - Current page title is µÇÂ¼
2021-06-27 05:36:12,953 - BasePage - INFO - Current page title is µÇÂ¼
2021-06-27 05:36:12,957 - BasePage - INFO - Current page title is µÇÂ¼
2021-06-27 05:36:12,963 - BasePage - INFO - Current page title is µÇÂ¼
2021-06-27 05:36:12,967 - BasePage - INFO - Current page title is µÇÂ¼
2021-06-27 05:36:12,971 - BasePage - INFO - Current page title is µÇÂ¼
2021-06-27 05:36:12,975 - BasePage - INFO - Current page title is µÇÂ¼
2021-06-27 05:36:12,980 - BasePage - INFO - Current page title is µÇÂ¼
2021-06-27 05:36:12,983 - BasePage - INFO - Current page title is µÇÂ¼
2021-06-27 05:36:12,987 - BasePage - INFO - Current page title is µÇÂ¼
2021-06-27 05:36:12,990 - BasePage - INFO - Current page title is µÇÂ¼
2021-06-27 05:36:12,996 - BasePage - INFO - Current page title is µÇÂ¼
2021-06-27 05:36:13,000 - BasePage - INFO - Current page title is µÇÂ¼
2021-06-27 05:36:13,004 - BasePage - INFO - Current page title is µÇÂ¼
2021-06-27 05:36:13,007 - BasePage - INFO - Current page title is µÇÂ¼
2021-06-27 05:36:13,010 - BasePage - INFO - Current page title is µÇÂ¼
2021-06-27 05:36:13,014 - BasePage - INFO - Current page title is µÇÂ¼
2021-06-27 05:36:13,017 - BasePage - INFO - Current page title is µÇÂ¼
2021-06-27 05:36:13,020 - BasePage - INFO - Current page title is µÇÂ¼
2021-06-27 05:36:13,026 - BasePage - INFO - Current page title is µÇÂ¼
2021-06-27 05:36:13,030 - BasePage - INFO - Current page title is µÇÂ¼
2021-06-27 05:36:13,033 - BasePage - INFO - Current page title is µÇÂ¼
2021-06-27 05:36:13,036 - BasePage - INFO - Current page title is µÇÂ¼
2021-06-27 05:36:13,040 - BasePage - INFO - Current page title is µÇÂ¼
2021-06-27 05:36:13,043 - BasePage - INFO - Current page title is µÇÂ¼
2021-06-27 05:36:13,047 - BasePage - INFO - Current page title is µÇÂ¼
2021-06-27 05:36:13,050 - BasePage - INFO - Current page title is µÇÂ¼
2021-06-27 05:36:13,053 - BasePage - INFO - Current page title is µÇÂ¼
2021-06-27 05:36:13,058 - BasePage - INFO - Current page title is µÇÂ¼
2021-06-27 05:36:13,062 - BasePage - INFO - Current page title is µÇÂ¼
2021-06-27 05:36:13,066 - BasePage - INFO - Current page title is µÇÂ¼
2021-06-27 05:36:13,070 - BasePage - INFO - Current page title is µÇÂ¼
2021-06-27 05:36:13,073 - BasePage - INFO - Current page title is µÇÂ¼
2021-06-27 05:36:13,076 - BasePage - INFO - Current page title is µÇÂ¼
2021-06-27 05:36:13,079 - BasePage - INFO - Current page title is µÇÂ¼
2021-06-27 05:36:13,082 - BasePage - INFO - Current page title is µÇÂ¼
2021-06-27 05:36:13,089 - BasePage - INFO - Current page title is µÇÂ¼
2021-06-27 05:36:13,092 - BasePage - INFO - Current page title is µÇÂ¼
2021-06-27 05:36:13,095 - BasePage - INFO - Current page title is µÇÂ¼
2021-06-27 05:36:13,099 - BasePage - INFO - Current page title is µÇÂ¼
2021-06-27 05:36:13,102 - BasePage - INFO - Current page title is µÇÂ¼
2021-06-27 05:36:13,105 - BasePage - INFO - Current page title is µÇÂ¼
2021-06-27 05:36:13,108 - BasePage - INFO - Current page title is µÇÂ¼
2021-06-27 05:36:13,111 - BasePage - INFO - Current page title is µÇÂ¼
2021-06-27 05:36:13,117 - BasePage - INFO - Current page title is µÇÂ¼
2021-06-27 05:36:13,122 - BasePage - INFO - Current page title is µÇÂ¼
2021-06-27 05:36:13,125 - BasePage - INFO - Current page title is µÇÂ¼
2021-06-27 05:36:13,128 - BasePage - INFO - Current page title is µÇÂ¼
2021-06-27 05:36:13,133 - BasePage - INFO - Current page title is µÇÂ¼
2021-06-27 05:36:13,136 - BasePage - INFO - Current page title is µÇÂ¼
2021-06-27 05:36:13,139 - BasePage - INFO - Current page title is µÇÂ¼
2021-06-27 05:36:13,142 - BasePage - INFO - Current page title is µÇÂ¼
2021-06-27 05:36:13,146 - BasePage - INFO - Current page title is µÇÂ¼
2021-06-27 05:36:13,152 - BasePage - INFO - Current page title is µÇÂ¼
2021-06-27 05:36:13,155 - BasePage - INFO - Current page title is µÇÂ¼
2021-06-27 05:36:13,159 - BasePage - INFO - Current page title is µÇÂ¼
2021-06-27 05:36:13,163 - BasePage - INFO - Current page title is µÇÂ¼
2021-06-27 05:36:13,167 - BasePage - INFO - Current page title is µÇÂ¼
2021-06-27 05:36:13,170 - BasePage - INFO - Current page title is µÇÂ¼
2021-06-27 05:36:13,173 - BasePage - INFO - Current page title is µÇÂ¼
2021-06-27 05:36:13,177 - BasePage - INFO - Current page title is µÇÂ¼
2021-06-27 05:36:13,183 - BasePage - INFO - Current page title is µÇÂ¼
2021-06-27 05:36:13,187 - BasePage - INFO - Current page title is µÇÂ¼
2021-06-27 05:36:13,190 - BasePage - INFO - Current page title is µÇÂ¼
2021-06-27 05:36:13,194 - BasePage - INFO - Current page title is µÇÂ¼
2021-06-27 05:36:13,197 - BasePage - INFO - Current page title is µÇÂ¼
2021-06-27 05:36:13,201 - BasePage - INFO - Current page title is µÇÂ¼
2021-06-27 05:36:13,204 - BasePage - INFO - Current page title is µÇÂ¼
2021-06-27 05:36:13,207 - BasePage - INFO - Current page title is µÇÂ¼
2021-06-27 05:36:13,215 - BasePage - INFO - Current page title is µÇÂ¼
2021-06-27 05:36:13,218 - BasePage - INFO - Current page title is µÇÂ¼
2021-06-27 05:36:13,221 - BasePage - INFO - Current page title is µÇÂ¼
2021-06-27 05:36:13,225 - BasePage - INFO - Current page title is µÇÂ¼
2021-06-27 05:36:13,229 - BasePage - INFO - Current page title is µÇÂ¼
2021-06-27 05:36:13,232 - BasePage - INFO - Current page title is µÇÂ¼
2021-06-27 05:36:13,236 - BasePage - INFO - Current page title is µÇÂ¼
2021-06-27 05:36:13,240 - BasePage - INFO - Current page title is µÇÂ¼
2021-06-27 05:36:13,245 - BasePage - INFO - Current page title is µÇÂ¼
2021-06-27 05:36:13,249 - BasePage - INFO - Current page title is µÇÂ¼
2021-06-27 05:36:13,252 - BasePage - INFO - Current page title is µÇÂ¼
2021-06-27 05:36:13,255 - BasePage - INFO - Current page title is µÇÂ¼
2021-06-27 05:36:13,259 - BasePage - INFO - Current page title is µÇÂ¼
2021-06-27 05:36:13,262 - BasePage - INFO - Current page title is µÇÂ¼
2021-06-27 05:36:13,266 - BasePage - INFO - Current page title is µÇÂ¼
2021-06-27 05:36:13,269 - BasePage - INFO - Current page title is µÇÂ¼
