2021-06-27 05:20:22,676 - BrowserEngine - INFO - You had select Chrome browser.
2021-06-27 05:20:22,676 - BrowserEngine - INFO - The test server url is: https://bjjj.zhongchebaolian.com/cgsadm
2021-06-27 05:20:23,804 - BrowserEngine - INFO - Starting Chrome browser
2021-06-27 05:20:26,063 - BrowserEngine - INFO - Open url: https://bjjj.zhongchebaolian.com/cgsadm 
2021-06-27 05:20:26,379 - BrowserEngine - INFO - Maximize the current window. 
2021-06-27 05:20:26,396 - BasePage - INFO - Had find the element '  ' seccessful by id via value:  username 
2021-06-27 05:20:26,458 - BasePage - INFO - Had type ' 17600352198 ' in inputBox
2021-06-27 05:20:26,473 - BasePage - INFO - Had find the element '  ' seccessful by id via value:  password 
2021-06-27 05:20:26,546 - BasePage - INFO - Had type ' a12345678 ' in inputBox
2021-06-27 05:20:26,561 - BasePage - INFO - Had find the element '  ' seccessful by id via value:  account-img-code 
2021-06-27 05:20:26,611 - BasePage - INFO - Had type ' 1234 ' in inputBox
2021-06-27 05:20:26,626 - BasePage - INFO - Had find the element ' µÇÂ¼ ' seccessful by id via value:  login-btn 
2021-06-27 05:20:26,631 - BasePage - INFO - The element ' µÇÂ¼ ' was clicked.
2021-06-27 05:20:26,661 - BasePage - INFO - Current page title is µÇÂ¼
2021-06-27 05:20:31,664 - BasePage - INFO - Sleep for 5 seconds
2021-06-27 05:20:31,673 - BasePage - INFO - Had find the element ' µÇÂ¼ ' seccessful by id via value:  login-btn 
2021-06-27 05:20:31,677 - BasePage - INFO - The element ' µÇÂ¼ ' was clicked.
2021-06-27 05:20:36,689 - BasePage - INFO - Sleep for 5 seconds
2021-06-27 05:20:36,705 - BasePage - INFO - Had find the element ' µÇÂ¼ ' seccessful by id via value:  login-btn 
2021-06-27 05:20:36,711 - BasePage - INFO - The element ' µÇÂ¼ ' was clicked.
2021-06-27 05:20:41,730 - BasePage - INFO - Sleep for 5 seconds
2021-06-27 05:20:41,739 - BasePage - INFO - Had find the element ' µÇÂ¼ ' seccessful by id via value:  login-btn 
2021-06-27 05:20:41,744 - BasePage - INFO - The element ' µÇÂ¼ ' was clicked.
2021-06-27 05:20:46,756 - BasePage - INFO - Sleep for 5 seconds
2021-06-27 05:20:46,765 - BasePage - INFO - Had find the element ' µÇÂ¼ ' seccessful by id via value:  login-btn 
2021-06-27 05:20:46,770 - BasePage - INFO - The element ' µÇÂ¼ ' was clicked.
