2021-06-27 05:46:16,919 - BrowserEngine - INFO - You had select Chrome browser.
2021-06-27 05:46:16,919 - BrowserEngine - INFO - The test server url is: https://bjjj.zhongchebaolian.com/cgsadm
2021-06-27 05:46:17,975 - BrowserEngine - INFO - Starting Chrome browser
2021-06-27 05:46:19,618 - BrowserEngine - INFO - Open url: https://bjjj.zhongchebaolian.com/cgsadm 
2021-06-27 05:46:19,928 - BrowserEngine - INFO - Maximize the current window. 
2021-06-27 05:46:19,946 - BasePage - INFO - Had find the element '  ' seccessful by id via value:  username 
2021-06-27 05:46:19,996 - BasePage - INFO - Had type ' 17600352198 ' in inputBox
2021-06-27 05:46:20,012 - BasePage - INFO - Had find the element '  ' seccessful by id via value:  password 
2021-06-27 05:46:20,060 - BasePage - INFO - Had type ' a12345678 ' in inputBox
2021-06-27 05:46:20,075 - BasePage - INFO - Had find the element '  ' seccessful by id via value:  account-img-code 
2021-06-27 05:46:20,118 - BasePage - INFO - Had type ' 1234 ' in inputBox
2021-06-27 05:46:20,133 - BasePage - INFO - Had find the element ' µÇÂ¼ ' seccessful by id via value:  login-btn 
2021-06-27 05:46:20,138 - BasePage - INFO - The element ' µÇÂ¼ ' was clicked.
2021-06-27 05:46:20,167 - BasePage - INFO - Current page title is µÇÂ¼
2021-06-27 05:46:20,171 - BasePage - INFO - Current page title is µÇÂ¼
2021-06-27 05:46:20,175 - BasePage - INFO - Current page title is µÇÂ¼
2021-06-27 05:46:20,180 - BasePage - INFO - Current page title is µÇÂ¼
2021-06-27 05:46:20,183 - BasePage - INFO - Current page title is µÇÂ¼
2021-06-27 05:46:20,187 - BasePage - INFO - Current page title is µÇÂ¼
2021-06-27 05:46:20,190 - BasePage - INFO - Current page title is µÇÂ¼
2021-06-27 05:46:20,195 - BasePage - INFO - Current page title is µÇÂ¼
2021-06-27 05:46:20,199 - BasePage - INFO - Current page title is µÇÂ¼
2021-06-27 05:46:20,201 - BasePage - INFO - Current page title is µÇÂ¼
2021-06-27 05:46:20,205 - BasePage - INFO - Current page title is µÇÂ¼
2021-06-27 05:46:20,210 - BasePage - INFO - Current page title is µÇÂ¼
2021-06-27 05:46:20,213 - BasePage - INFO - Current page title is µÇÂ¼
2021-06-27 05:46:20,218 - BasePage - INFO - Current page title is µÇÂ¼
2021-06-27 05:46:20,221 - BasePage - INFO - Current page title is µÇÂ¼
2021-06-27 05:46:20,225 - BasePage - INFO - Current page title is µÇÂ¼
2021-06-27 05:46:20,229 - BasePage - INFO - Current page title is µÇÂ¼
2021-06-27 05:46:20,233 - BasePage - INFO - Current page title is µÇÂ¼
2021-06-27 05:46:20,237 - BasePage - INFO - Current page title is µÇÂ¼
2021-06-27 05:46:20,241 - BasePage - INFO - Current page title is µÇÂ¼
2021-06-27 05:46:20,245 - BasePage - INFO - Current page title is µÇÂ¼
2021-06-27 05:46:20,249 - BasePage - INFO - Current page title is µÇÂ¼
2021-06-27 05:46:20,253 - BasePage - INFO - Current page title is µÇÂ¼
2021-06-27 05:46:20,258 - BasePage - INFO - Current page title is µÇÂ¼
2021-06-27 05:46:20,262 - BasePage - INFO - Current page title is µÇÂ¼
2021-06-27 05:46:20,267 - BasePage - INFO - Current page title is µÇÂ¼
2021-06-27 05:46:20,271 - BasePage - INFO - Current page title is µÇÂ¼
2021-06-27 05:46:20,275 - BasePage - INFO - Current page title is µÇÂ¼
2021-06-27 05:46:20,279 - BasePage - INFO - Current page title is µÇÂ¼
2021-06-27 05:46:20,284 - BasePage - INFO - Current page title is µÇÂ¼
2021-06-27 05:46:20,288 - BasePage - INFO - Current page title is µÇÂ¼
2021-06-27 05:46:20,292 - BasePage - INFO - Current page title is µÇÂ¼
2021-06-27 05:46:20,297 - BasePage - INFO - Current page title is µÇÂ¼
2021-06-27 05:46:20,301 - BasePage - INFO - Current page title is µÇÂ¼
2021-06-27 05:46:20,305 - BasePage - INFO - Current page title is µÇÂ¼
2021-06-27 05:46:20,309 - BasePage - INFO - Current page title is µÇÂ¼
2021-06-27 05:46:20,313 - BasePage - INFO - Current page title is µÇÂ¼
2021-06-27 05:46:20,317 - BasePage - INFO - Current page title is µÇÂ¼
2021-06-27 05:46:20,321 - BasePage - INFO - Current page title is µÇÂ¼
2021-06-27 05:46:20,325 - BasePage - INFO - Current page title is µÇÂ¼
2021-06-27 05:46:20,328 - BasePage - INFO - Current page title is µÇÂ¼
2021-06-27 05:46:20,332 - BasePage - INFO - Current page title is µÇÂ¼
2021-06-27 05:46:20,336 - BasePage - INFO - Current page title is µÇÂ¼
2021-06-27 05:46:20,340 - BasePage - INFO - Current page title is µÇÂ¼
2021-06-27 05:46:20,345 - BasePage - INFO - Current page title is µÇÂ¼
2021-06-27 05:46:20,350 - BasePage - INFO - Current page title is µÇÂ¼
2021-06-27 05:46:20,353 - BasePage - INFO - Current page title is µÇÂ¼
2021-06-27 05:46:20,357 - BasePage - INFO - Current page title is µÇÂ¼
2021-06-27 05:46:20,361 - BasePage - INFO - Current page title is µÇÂ¼
2021-06-27 05:46:20,364 - BasePage - INFO - Current page title is µÇÂ¼
2021-06-27 05:46:20,368 - BasePage - INFO - Current page title is µÇÂ¼
2021-06-27 05:46:20,371 - BasePage - INFO - Current page title is µÇÂ¼
2021-06-27 05:46:20,375 - BasePage - INFO - Current page title is µÇÂ¼
2021-06-27 05:46:20,378 - BasePage - INFO - Current page title is µÇÂ¼
2021-06-27 05:46:20,381 - BasePage - INFO - Current page title is µÇÂ¼
2021-06-27 05:46:20,385 - BasePage - INFO - Current page title is µÇÂ¼
2021-06-27 05:46:20,389 - BasePage - INFO - Current page title is µÇÂ¼
2021-06-27 05:46:20,393 - BasePage - INFO - Current page title is µÇÂ¼
2021-06-27 05:46:20,396 - BasePage - INFO - Current page title is µÇÂ¼
2021-06-27 05:46:20,401 - BasePage - INFO - Current page title is µÇÂ¼
2021-06-27 05:46:20,404 - BasePage - INFO - Current page title is µÇÂ¼
2021-06-27 05:46:20,408 - BasePage - INFO - Current page title is µÇÂ¼
2021-06-27 05:46:20,412 - BasePage - INFO - Current page title is µÇÂ¼
2021-06-27 05:46:20,416 - BasePage - INFO - Current page title is µÇÂ¼
2021-06-27 05:46:20,420 - BasePage - INFO - Current page title is µÇÂ¼
2021-06-27 05:46:20,424 - BasePage - INFO - Current page title is µÇÂ¼
2021-06-27 05:46:20,427 - BasePage - INFO - Current page title is µÇÂ¼
2021-06-27 05:46:20,431 - BasePage - INFO - Current page title is µÇÂ¼
2021-06-27 05:46:20,435 - BasePage - INFO - Current page title is µÇÂ¼
2021-06-27 05:46:20,439 - BasePage - INFO - Current page title is µÇÂ¼
2021-06-27 05:46:20,442 - BasePage - INFO - Current page title is µÇÂ¼
2021-06-27 05:46:20,446 - BasePage - INFO - Current page title is µÇÂ¼
2021-06-27 05:46:20,449 - BasePage - INFO - Current page title is µÇÂ¼
2021-06-27 05:46:20,453 - BasePage - INFO - Current page title is µÇÂ¼
2021-06-27 05:46:20,456 - BasePage - INFO - Current page title is µÇÂ¼
2021-06-27 05:46:20,461 - BasePage - INFO - Current page title is µÇÂ¼
2021-06-27 05:46:20,465 - BasePage - INFO - Current page title is µÇÂ¼
2021-06-27 05:46:20,468 - BasePage - INFO - Current page title is µÇÂ¼
2021-06-27 05:46:20,472 - BasePage - INFO - Current page title is µÇÂ¼
2021-06-27 05:46:20,475 - BasePage - INFO - Current page title is µÇÂ¼
2021-06-27 05:46:20,479 - BasePage - INFO - Current page title is µÇÂ¼
2021-06-27 05:46:20,482 - BasePage - INFO - Current page title is µÇÂ¼
2021-06-27 05:46:20,485 - BasePage - INFO - Current page title is µÇÂ¼
2021-06-27 05:46:20,489 - BasePage - INFO - Current page title is µÇÂ¼
2021-06-27 05:46:20,493 - BasePage - INFO - Current page title is µÇÂ¼
2021-06-27 05:46:20,497 - BasePage - INFO - Current page title is µÇÂ¼
2021-06-27 05:46:20,500 - BasePage - INFO - Current page title is µÇÂ¼
2021-06-27 05:46:20,504 - BasePage - INFO - Current page title is µÇÂ¼
2021-06-27 05:46:20,507 - BasePage - INFO - Current page title is µÇÂ¼
2021-06-27 05:46:20,511 - BasePage - INFO - Current page title is µÇÂ¼
2021-06-27 05:46:20,515 - BasePage - INFO - Current page title is µÇÂ¼
2021-06-27 05:46:20,518 - BasePage - INFO - Current page title is µÇÂ¼
2021-06-27 05:46:20,524 - BasePage - INFO - Current page title is µÇÂ¼
2021-06-27 05:46:20,528 - BasePage - INFO - Current page title is µÇÂ¼
2021-06-27 05:46:20,532 - BasePage - INFO - Current page title is µÇÂ¼
2021-06-27 05:46:20,536 - BasePage - INFO - Current page title is µÇÂ¼
2021-06-27 05:46:20,540 - BasePage - INFO - Current page title is µÇÂ¼
2021-06-27 05:46:20,543 - BasePage - INFO - Current page title is µÇÂ¼
2021-06-27 05:46:20,547 - BasePage - INFO - Current page title is µÇÂ¼
2021-06-27 05:46:20,550 - BasePage - INFO - Current page title is µÇÂ¼
2021-06-27 05:46:20,554 - BasePage - INFO - Current page title is µÇÂ¼
2021-06-27 05:46:20,558 - BasePage - INFO - Current page title is µÇÂ¼
2021-06-27 05:46:20,562 - BasePage - INFO - Current page title is µÇÂ¼
2021-06-27 05:46:20,566 - BasePage - INFO - Current page title is µÇÂ¼
2021-06-27 05:46:20,570 - BasePage - INFO - Current page title is µÇÂ¼
2021-06-27 05:46:20,574 - BasePage - INFO - Current page title is µÇÂ¼
2021-06-27 05:46:20,577 - BasePage - INFO - Current page title is µÇÂ¼
2021-06-27 05:46:20,581 - BasePage - INFO - Current page title is µÇÂ¼
2021-06-27 05:46:20,585 - BasePage - INFO - Current page title is µÇÂ¼
2021-06-27 05:46:20,588 - BasePage - INFO - Current page title is µÇÂ¼
2021-06-27 05:46:20,592 - BasePage - INFO - Current page title is µÇÂ¼
2021-06-27 05:46:20,595 - BasePage - INFO - Current page title is µÇÂ¼
2021-06-27 05:46:20,599 - BasePage - INFO - Current page title is µÇÂ¼
2021-06-27 05:46:20,602 - BasePage - INFO - Current page title is µÇÂ¼
2021-06-27 05:46:20,606 - BasePage - INFO - Current page title is µÇÂ¼
2021-06-27 05:46:20,610 - BasePage - INFO - Current page title is µÇÂ¼
2021-06-27 05:46:20,613 - BasePage - INFO - Current page title is µÇÂ¼
2021-06-27 05:46:20,617 - BasePage - INFO - Current page title is µÇÂ¼
2021-06-27 05:46:20,621 - BasePage - INFO - Current page title is µÇÂ¼
2021-06-27 05:46:20,625 - BasePage - INFO - Current page title is µÇÂ¼
2021-06-27 05:46:20,629 - BasePage - INFO - Current page title is µÇÂ¼
2021-06-27 05:46:20,633 - BasePage - INFO - Current page title is µÇÂ¼
2021-06-27 05:46:20,636 - BasePage - INFO - Current page title is µÇÂ¼
2021-06-27 05:46:20,640 - BasePage - INFO - Current page title is µÇÂ¼
2021-06-27 05:46:20,644 - BasePage - INFO - Current page title is µÇÂ¼
2021-06-27 05:46:20,648 - BasePage - INFO - Current page title is µÇÂ¼
2021-06-27 05:46:20,652 - BasePage - INFO - Current page title is µÇÂ¼
2021-06-27 05:46:20,656 - BasePage - INFO - Current page title is µÇÂ¼
2021-06-27 05:46:20,660 - BasePage - INFO - Current page title is µÇÂ¼
2021-06-27 05:46:20,663 - BasePage - INFO - Current page title is µÇÂ¼
2021-06-27 05:46:20,667 - BasePage - INFO - Current page title is µÇÂ¼
2021-06-27 05:46:20,671 - BasePage - INFO - Current page title is µÇÂ¼
2021-06-27 05:46:20,675 - BasePage - INFO - Current page title is µÇÂ¼
2021-06-27 05:46:20,678 - BasePage - INFO - Current page title is µÇÂ¼
2021-06-27 05:46:20,682 - BasePage - INFO - Current page title is µÇÂ¼
2021-06-27 05:46:20,685 - BasePage - INFO - Current page title is µÇÂ¼
2021-06-27 05:46:20,689 - BasePage - INFO - Current page title is µÇÂ¼
2021-06-27 05:46:20,693 - BasePage - INFO - Current page title is µÇÂ¼
2021-06-27 05:46:20,697 - BasePage - INFO - Current page title is µÇÂ¼
2021-06-27 05:46:20,700 - BasePage - INFO - Current page title is µÇÂ¼
2021-06-27 05:46:20,704 - BasePage - INFO - Current page title is µÇÂ¼
2021-06-27 05:46:20,708 - BasePage - INFO - Current page title is µÇÂ¼
2021-06-27 05:46:20,712 - BasePage - INFO - Current page title is µÇÂ¼
2021-06-27 05:46:20,716 - BasePage - INFO - Current page title is µÇÂ¼
2021-06-27 05:46:20,720 - BasePage - INFO - Current page title is µÇÂ¼
2021-06-27 05:46:20,723 - BasePage - INFO - Current page title is µÇÂ¼
2021-06-27 05:46:20,727 - BasePage - INFO - Current page title is µÇÂ¼
2021-06-27 05:46:20,731 - BasePage - INFO - Current page title is µÇÂ¼
2021-06-27 05:46:20,734 - BasePage - INFO - Current page title is µÇÂ¼
2021-06-27 05:46:20,737 - BasePage - INFO - Current page title is µÇÂ¼
2021-06-27 05:46:20,741 - BasePage - INFO - Current page title is µÇÂ¼
2021-06-27 05:46:20,744 - BasePage - INFO - Current page title is µÇÂ¼
2021-06-27 05:46:20,749 - BasePage - INFO - Current page title is µÇÂ¼
2021-06-27 05:46:20,752 - BasePage - INFO - Current page title is µÇÂ¼
2021-06-27 05:46:20,756 - BasePage - INFO - Current page title is µÇÂ¼
2021-06-27 05:46:20,761 - BasePage - INFO - Current page title is µÇÂ¼
2021-06-27 05:46:20,765 - BasePage - INFO - Current page title is µÇÂ¼
2021-06-27 05:46:20,769 - BasePage - INFO - Current page title is µÇÂ¼
2021-06-27 05:46:20,773 - BasePage - INFO - Current page title is µÇÂ¼
2021-06-27 05:46:20,778 - BasePage - INFO - Current page title is µÇÂ¼
2021-06-27 05:46:20,780 - BasePage - INFO - Current page title is µÇÂ¼
2021-06-27 05:46:20,784 - BasePage - INFO - Current page title is µÇÂ¼
2021-06-27 05:46:20,788 - BasePage - INFO - Current page title is µÇÂ¼
2021-06-27 05:46:20,792 - BasePage - INFO - Current page title is µÇÂ¼
2021-06-27 05:46:20,796 - BasePage - INFO - Current page title is µÇÂ¼
2021-06-27 05:46:20,799 - BasePage - INFO - Current page title is µÇÂ¼
2021-06-27 05:46:20,803 - BasePage - INFO - Current page title is µÇÂ¼
2021-06-27 05:46:20,807 - BasePage - INFO - Current page title is µÇÂ¼
2021-06-27 05:46:20,811 - BasePage - INFO - Current page title is µÇÂ¼
2021-06-27 05:46:20,815 - BasePage - INFO - Current page title is µÇÂ¼
2021-06-27 05:46:20,818 - BasePage - INFO - Current page title is µÇÂ¼
2021-06-27 05:46:20,822 - BasePage - INFO - Current page title is µÇÂ¼
2021-06-27 05:46:20,826 - BasePage - INFO - Current page title is µÇÂ¼
2021-06-27 05:46:20,830 - BasePage - INFO - Current page title is µÇÂ¼
2021-06-27 05:46:20,833 - BasePage - INFO - Current page title is µÇÂ¼
2021-06-27 05:46:20,837 - BasePage - INFO - Current page title is µÇÂ¼
2021-06-27 05:46:20,842 - BasePage - INFO - Current page title is µÇÂ¼
2021-06-27 05:46:20,846 - BasePage - INFO - Current page title is µÇÂ¼
2021-06-27 05:46:20,850 - BasePage - INFO - Current page title is µÇÂ¼
2021-06-27 05:46:20,855 - BasePage - INFO - Current page title is µÇÂ¼
2021-06-27 05:46:20,859 - BasePage - INFO - Current page title is µÇÂ¼
2021-06-27 05:46:20,863 - BasePage - INFO - Current page title is µÇÂ¼
2021-06-27 05:46:20,867 - BasePage - INFO - Current page title is µÇÂ¼
2021-06-27 05:46:20,871 - BasePage - INFO - Current page title is µÇÂ¼
2021-06-27 05:46:20,875 - BasePage - INFO - Current page title is µÇÂ¼
2021-06-27 05:46:20,880 - BasePage - INFO - Current page title is µÇÂ¼
2021-06-27 05:46:20,884 - BasePage - INFO - Current page title is µÇÂ¼
2021-06-27 05:46:20,888 - BasePage - INFO - Current page title is µÇÂ¼
2021-06-27 05:46:20,893 - BasePage - INFO - Current page title is µÇÂ¼
2021-06-27 05:46:20,896 - BasePage - INFO - Current page title is µÇÂ¼
2021-06-27 05:46:20,900 - BasePage - INFO - Current page title is µÇÂ¼
2021-06-27 05:46:20,904 - BasePage - INFO - Current page title is µÇÂ¼
2021-06-27 05:46:20,909 - BasePage - INFO - Current page title is µÇÂ¼
2021-06-27 05:46:20,912 - BasePage - INFO - Current page title is µÇÂ¼
2021-06-27 05:46:20,917 - BasePage - INFO - Current page title is µÇÂ¼
2021-06-27 05:46:20,921 - BasePage - INFO - Current page title is µÇÂ¼
2021-06-27 05:46:20,924 - BasePage - INFO - Current page title is µÇÂ¼
2021-06-27 05:46:20,928 - BasePage - INFO - Current page title is µÇÂ¼
2021-06-27 05:46:20,932 - BasePage - INFO - Current page title is µÇÂ¼
2021-06-27 05:46:20,935 - BasePage - INFO - Current page title is µÇÂ¼
2021-06-27 05:46:20,938 - BasePage - INFO - Current page title is µÇÂ¼
2021-06-27 05:46:20,942 - BasePage - INFO - Current page title is µÇÂ¼
2021-06-27 05:46:20,945 - BasePage - INFO - Current page title is µÇÂ¼
2021-06-27 05:46:20,949 - BasePage - INFO - Current page title is µÇÂ¼
2021-06-27 05:46:20,953 - BasePage - INFO - Current page title is µÇÂ¼
2021-06-27 05:46:20,957 - BasePage - INFO - Current page title is µÇÂ¼
2021-06-27 05:46:20,960 - BasePage - INFO - Current page title is µÇÂ¼
2021-06-27 05:46:20,963 - BasePage - INFO - Current page title is µÇÂ¼
2021-06-27 05:46:20,967 - BasePage - INFO - Current page title is µÇÂ¼
2021-06-27 05:46:20,970 - BasePage - INFO - Current page title is µÇÂ¼
2021-06-27 05:46:20,974 - BasePage - INFO - Current page title is µÇÂ¼
2021-06-27 05:46:20,978 - BasePage - INFO - Current page title is µÇÂ¼
2021-06-27 05:46:20,982 - BasePage - INFO - Current page title is µÇÂ¼
2021-06-27 05:46:20,985 - BasePage - INFO - Current page title is µÇÂ¼
2021-06-27 05:46:20,989 - BasePage - INFO - Current page title is µÇÂ¼
2021-06-27 05:46:20,993 - BasePage - INFO - Current page title is µÇÂ¼
2021-06-27 05:46:20,997 - BasePage - INFO - Current page title is µÇÂ¼
2021-06-27 05:46:21,000 - BasePage - INFO - Current page title is µÇÂ¼
2021-06-27 05:46:21,003 - BasePage - INFO - Current page title is µÇÂ¼
2021-06-27 05:46:21,007 - BasePage - INFO - Current page title is µÇÂ¼
2021-06-27 05:46:21,011 - BasePage - INFO - Current page title is µÇÂ¼
2021-06-27 05:46:21,014 - BasePage - INFO - Current page title is µÇÂ¼
2021-06-27 05:46:21,018 - BasePage - INFO - Current page title is µÇÂ¼
2021-06-27 05:46:21,021 - BasePage - INFO - Current page title is µÇÂ¼
2021-06-27 05:46:21,027 - BasePage - INFO - Current page title is µÇÂ¼
2021-06-27 05:46:21,030 - BasePage - INFO - Current page title is µÇÂ¼
2021-06-27 05:46:21,034 - BasePage - INFO - Current page title is µÇÂ¼
2021-06-27 05:46:21,038 - BasePage - INFO - Current page title is µÇÂ¼
2021-06-27 05:46:21,042 - BasePage - INFO - Current page title is µÇÂ¼
2021-06-27 05:46:21,046 - BasePage - INFO - Current page title is µÇÂ¼
2021-06-27 05:46:21,049 - BasePage - INFO - Current page title is µÇÂ¼
2021-06-27 05:46:21,053 - BasePage - INFO - Current page title is µÇÂ¼
2021-06-27 05:46:21,057 - BasePage - INFO - Current page title is µÇÂ¼
2021-06-27 05:46:21,062 - BasePage - INFO - Current page title is µÇÂ¼
2021-06-27 05:46:21,066 - BasePage - INFO - Current page title is µÇÂ¼
2021-06-27 05:46:21,070 - BasePage - INFO - Current page title is µÇÂ¼
2021-06-27 05:46:21,074 - BasePage - INFO - Current page title is µÇÂ¼
2021-06-27 05:46:21,078 - BasePage - INFO - Current page title is µÇÂ¼
2021-06-27 05:46:21,082 - BasePage - INFO - Current page title is µÇÂ¼
2021-06-27 05:46:21,086 - BasePage - INFO - Current page title is µÇÂ¼
2021-06-27 05:46:21,090 - BasePage - INFO - Current page title is µÇÂ¼
2021-06-27 05:46:21,094 - BasePage - INFO - Current page title is µÇÂ¼
2021-06-27 05:46:21,098 - BasePage - INFO - Current page title is µÇÂ¼
2021-06-27 05:46:21,102 - BasePage - INFO - Current page title is µÇÂ¼
2021-06-27 05:46:21,106 - BasePage - INFO - Current page title is µÇÂ¼
2021-06-27 05:46:21,110 - BasePage - INFO - Current page title is µÇÂ¼
2021-06-27 05:46:21,114 - BasePage - INFO - Current page title is µÇÂ¼
2021-06-27 05:46:21,118 - BasePage - INFO - Current page title is µÇÂ¼
2021-06-27 05:46:21,122 - BasePage - INFO - Current page title is µÇÂ¼
2021-06-27 05:46:21,126 - BasePage - INFO - Current page title is µÇÂ¼
2021-06-27 05:46:21,130 - BasePage - INFO - Current page title is µÇÂ¼
2021-06-27 05:46:21,134 - BasePage - INFO - Current page title is µÇÂ¼
2021-06-27 05:46:21,139 - BasePage - INFO - Current page title is µÇÂ¼
2021-06-27 05:46:21,143 - BasePage - INFO - Current page title is µÇÂ¼
2021-06-27 05:46:21,147 - BasePage - INFO - Current page title is µÇÂ¼
2021-06-27 05:46:21,151 - BasePage - INFO - Current page title is µÇÂ¼
2021-06-27 05:46:21,154 - BasePage - INFO - Current page title is µÇÂ¼
2021-06-27 05:46:21,158 - BasePage - INFO - Current page title is µÇÂ¼
2021-06-27 05:46:21,163 - BasePage - INFO - Current page title is µÇÂ¼
2021-06-27 05:46:21,167 - BasePage - INFO - Current page title is µÇÂ¼
2021-06-27 05:46:21,171 - BasePage - INFO - Current page title is µÇÂ¼
2021-06-27 05:46:21,176 - BasePage - INFO - Current page title is µÇÂ¼
2021-06-27 05:46:21,181 - BasePage - INFO - Current page title is µÇÂ¼
2021-06-27 05:46:21,185 - BasePage - INFO - Current page title is µÇÂ¼
2021-06-27 05:46:21,189 - BasePage - INFO - Current page title is µÇÂ¼
2021-06-27 05:46:21,193 - BasePage - INFO - Current page title is µÇÂ¼
2021-06-27 05:46:21,197 - BasePage - INFO - Current page title is µÇÂ¼
2021-06-27 05:46:21,201 - BasePage - INFO - Current page title is µÇÂ¼
2021-06-27 05:46:21,205 - BasePage - INFO - Current page title is µÇÂ¼
2021-06-27 05:46:21,209 - BasePage - INFO - Current page title is µÇÂ¼
2021-06-27 05:46:21,213 - BasePage - INFO - Current page title is µÇÂ¼
2021-06-27 05:46:21,217 - BasePage - INFO - Current page title is µÇÂ¼
2021-06-27 05:46:21,221 - BasePage - INFO - Current page title is µÇÂ¼
2021-06-27 05:46:21,226 - BasePage - INFO - Current page title is µÇÂ¼
2021-06-27 05:46:21,229 - BasePage - INFO - Current page title is µÇÂ¼
2021-06-27 05:46:21,234 - BasePage - INFO - Current page title is µÇÂ¼
2021-06-27 05:46:21,238 - BasePage - INFO - Current page title is µÇÂ¼
2021-06-27 05:46:21,249 - BasePage - INFO - Current page title is µÇÂ¼
2021-06-27 05:46:21,259 - BasePage - INFO - Current page title is µÇÂ¼
2021-06-27 05:46:21,265 - BasePage - INFO - Current page title is µÇÂ¼
2021-06-27 05:46:21,269 - BasePage - INFO - Current page title is µÇÂ¼
2021-06-27 05:46:21,272 - BasePage - INFO - Current page title is µÇÂ¼
2021-06-27 05:46:21,277 - BasePage - INFO - Current page title is µÇÂ¼
2021-06-27 05:46:21,281 - BasePage - INFO - Current page title is µÇÂ¼
2021-06-27 05:46:21,285 - BasePage - INFO - Current page title is µÇÂ¼
2021-06-27 05:46:21,288 - BasePage - INFO - Current page title is µÇÂ¼
2021-06-27 05:46:21,293 - BasePage - INFO - Current page title is µÇÂ¼
2021-06-27 05:46:21,296 - BasePage - INFO - Current page title is µÇÂ¼
2021-06-27 05:46:21,300 - BasePage - INFO - Current page title is µÇÂ¼
2021-06-27 05:46:21,304 - BasePage - INFO - Current page title is µÇÂ¼
2021-06-27 05:46:21,309 - BasePage - INFO - Current page title is µÇÂ¼
2021-06-27 05:46:21,313 - BasePage - INFO - Current page title is µÇÂ¼
2021-06-27 05:46:21,318 - BasePage - INFO - Current page title is µÇÂ¼
2021-06-27 05:46:21,322 - BasePage - INFO - Current page title is µÇÂ¼
2021-06-27 05:46:21,326 - BasePage - INFO - Current page title is µÇÂ¼
2021-06-27 05:46:21,330 - BasePage - INFO - Current page title is µÇÂ¼
2021-06-27 05:46:21,335 - BasePage - INFO - Current page title is µÇÂ¼
2021-06-27 05:46:21,338 - BasePage - INFO - Current page title is µÇÂ¼
2021-06-27 05:46:21,342 - BasePage - INFO - Current page title is µÇÂ¼
2021-06-27 05:46:21,346 - BasePage - INFO - Current page title is µÇÂ¼
2021-06-27 05:46:21,350 - BasePage - INFO - Current page title is µÇÂ¼
2021-06-27 05:46:21,354 - BasePage - INFO - Current page title is µÇÂ¼
2021-06-27 05:46:21,359 - BasePage - INFO - Current page title is µÇÂ¼
2021-06-27 05:46:21,362 - BasePage - INFO - Current page title is µÇÂ¼
2021-06-27 05:46:21,367 - BasePage - INFO - Current page title is µÇÂ¼
2021-06-27 05:46:21,371 - BasePage - INFO - Current page title is µÇÂ¼
2021-06-27 05:46:21,375 - BasePage - INFO - Current page title is µÇÂ¼
2021-06-27 05:46:21,379 - BasePage - INFO - Current page title is µÇÂ¼
2021-06-27 05:46:21,384 - BasePage - INFO - Current page title is µÇÂ¼
2021-06-27 05:46:21,387 - BasePage - INFO - Current page title is µÇÂ¼
2021-06-27 05:46:21,392 - BasePage - INFO - Current page title is µÇÂ¼
2021-06-27 05:46:21,396 - BasePage - INFO - Current page title is µÇÂ¼
2021-06-27 05:46:21,400 - BasePage - INFO - Current page title is µÇÂ¼
2021-06-27 05:46:21,404 - BasePage - INFO - Current page title is µÇÂ¼
2021-06-27 05:46:21,408 - BasePage - INFO - Current page title is µÇÂ¼
2021-06-27 05:46:21,412 - BasePage - INFO - Current page title is µÇÂ¼
2021-06-27 05:46:21,416 - BasePage - INFO - Current page title is µÇÂ¼
2021-06-27 05:46:21,421 - BasePage - INFO - Current page title is µÇÂ¼
2021-06-27 05:46:21,425 - BasePage - INFO - Current page title is µÇÂ¼
2021-06-27 05:46:21,429 - BasePage - INFO - Current page title is µÇÂ¼
2021-06-27 05:46:21,433 - BasePage - INFO - Current page title is µÇÂ¼
2021-06-27 05:46:21,437 - BasePage - INFO - Current page title is µÇÂ¼
2021-06-27 05:46:21,441 - BasePage - INFO - Current page title is µÇÂ¼
2021-06-27 05:46:21,445 - BasePage - INFO - Current page title is µÇÂ¼
2021-06-27 05:46:21,449 - BasePage - INFO - Current page title is µÇÂ¼
2021-06-27 05:46:21,452 - BasePage - INFO - Current page title is µÇÂ¼
2021-06-27 05:46:21,456 - BasePage - INFO - Current page title is µÇÂ¼
2021-06-27 05:46:21,459 - BasePage - INFO - Current page title is µÇÂ¼
2021-06-27 05:46:21,463 - BasePage - INFO - Current page title is µÇÂ¼
2021-06-27 05:46:21,467 - BasePage - INFO - Current page title is µÇÂ¼
2021-06-27 05:46:21,470 - BasePage - INFO - Current page title is µÇÂ¼
2021-06-27 05:46:21,474 - BasePage - INFO - Current page title is µÇÂ¼
2021-06-27 05:46:21,478 - BasePage - INFO - Current page title is µÇÂ¼
2021-06-27 05:46:21,481 - BasePage - INFO - Current page title is µÇÂ¼
2021-06-27 05:46:21,485 - BasePage - INFO - Current page title is µÇÂ¼
2021-06-27 05:46:21,488 - BasePage - INFO - Current page title is µÇÂ¼
2021-06-27 05:46:21,492 - BasePage - INFO - Current page title is µÇÂ¼
2021-06-27 05:46:21,496 - BasePage - INFO - Current page title is µÇÂ¼
2021-06-27 05:46:21,500 - BasePage - INFO - Current page title is µÇÂ¼
2021-06-27 05:46:21,503 - BasePage - INFO - Current page title is µÇÂ¼
2021-06-27 05:46:21,507 - BasePage - INFO - Current page title is µÇÂ¼
2021-06-27 05:46:21,511 - BasePage - INFO - Current page title is µÇÂ¼
2021-06-27 05:46:21,514 - BasePage - INFO - Current page title is µÇÂ¼
2021-06-27 05:46:21,518 - BasePage - INFO - Current page title is µÇÂ¼
2021-06-27 05:46:21,521 - BasePage - INFO - Current page title is µÇÂ¼
2021-06-27 05:46:21,525 - BasePage - INFO - Current page title is µÇÂ¼
2021-06-27 05:46:21,528 - BasePage - INFO - Current page title is µÇÂ¼
2021-06-27 05:46:21,531 - BasePage - INFO - Current page title is µÇÂ¼
2021-06-27 05:46:21,534 - BasePage - INFO - Current page title is µÇÂ¼
2021-06-27 05:46:21,538 - BasePage - INFO - Current page title is µÇÂ¼
2021-06-27 05:46:21,541 - BasePage - INFO - Current page title is µÇÂ¼
2021-06-27 05:46:21,545 - BasePage - INFO - Current page title is µÇÂ¼
2021-06-27 05:46:21,548 - BasePage - INFO - Current page title is µÇÂ¼
2021-06-27 05:46:21,551 - BasePage - INFO - Current page title is µÇÂ¼
2021-06-27 05:46:21,555 - BasePage - INFO - Current page title is µÇÂ¼
2021-06-27 05:46:21,559 - BasePage - INFO - Current page title is µÇÂ¼
2021-06-27 05:46:21,562 - BasePage - INFO - Current page title is µÇÂ¼
2021-06-27 05:46:21,565 - BasePage - INFO - Current page title is µÇÂ¼
2021-06-27 05:46:21,569 - BasePage - INFO - Current page title is µÇÂ¼
2021-06-27 05:46:21,573 - BasePage - INFO - Current page title is µÇÂ¼
2021-06-27 05:46:21,576 - BasePage - INFO - Current page title is µÇÂ¼
2021-06-27 05:46:21,579 - BasePage - INFO - Current page title is µÇÂ¼
2021-06-27 05:46:21,583 - BasePage - INFO - Current page title is µÇÂ¼
2021-06-27 05:46:21,586 - BasePage - INFO - Current page title is µÇÂ¼
2021-06-27 05:46:21,590 - BasePage - INFO - Current page title is µÇÂ¼
2021-06-27 05:46:21,593 - BasePage - INFO - Current page title is µÇÂ¼
2021-06-27 05:46:21,596 - BasePage - INFO - Current page title is µÇÂ¼
2021-06-27 05:46:21,600 - BasePage - INFO - Current page title is µÇÂ¼
2021-06-27 05:46:21,604 - BasePage - INFO - Current page title is µÇÂ¼
2021-06-27 05:46:21,607 - BasePage - INFO - Current page title is µÇÂ¼
2021-06-27 05:46:21,611 - BasePage - INFO - Current page title is µÇÂ¼
2021-06-27 05:46:21,614 - BasePage - INFO - Current page title is µÇÂ¼
2021-06-27 05:46:21,618 - BasePage - INFO - Current page title is µÇÂ¼
2021-06-27 05:46:21,621 - BasePage - INFO - Current page title is µÇÂ¼
2021-06-27 05:46:21,625 - BasePage - INFO - Current page title is µÇÂ¼
2021-06-27 05:46:21,628 - BasePage - INFO - Current page title is µÇÂ¼
2021-06-27 05:46:21,632 - BasePage - INFO - Current page title is µÇÂ¼
2021-06-27 05:46:21,636 - BasePage - INFO - Current page title is µÇÂ¼
2021-06-27 05:46:21,639 - BasePage - INFO - Current page title is µÇÂ¼
2021-06-27 05:46:21,642 - BasePage - INFO - Current page title is µÇÂ¼
2021-06-27 05:46:21,646 - BasePage - INFO - Current page title is µÇÂ¼
2021-06-27 05:46:21,649 - BasePage - INFO - Current page title is µÇÂ¼
2021-06-27 05:46:21,653 - BasePage - INFO - Current page title is µÇÂ¼
2021-06-27 05:46:21,656 - BasePage - INFO - Current page title is µÇÂ¼
2021-06-27 05:46:21,660 - BasePage - INFO - Current page title is µÇÂ¼
2021-06-27 05:46:21,663 - BasePage - INFO - Current page title is µÇÂ¼
2021-06-27 05:46:21,667 - BasePage - INFO - Current page title is µÇÂ¼
2021-06-27 05:46:21,670 - BasePage - INFO - Current page title is µÇÂ¼
2021-06-27 05:46:21,674 - BasePage - INFO - Current page title is µÇÂ¼
2021-06-27 05:46:21,677 - BasePage - INFO - Current page title is µÇÂ¼
2021-06-27 05:46:21,680 - BasePage - INFO - Current page title is µÇÂ¼
2021-06-27 05:46:21,684 - BasePage - INFO - Current page title is µÇÂ¼
2021-06-27 05:46:21,687 - BasePage - INFO - Current page title is µÇÂ¼
2021-06-27 05:46:21,691 - BasePage - INFO - Current page title is µÇÂ¼
2021-06-27 05:46:21,695 - BasePage - INFO - Current page title is µÇÂ¼
2021-06-27 05:46:21,699 - BasePage - INFO - Current page title is µÇÂ¼
2021-06-27 05:46:21,702 - BasePage - INFO - Current page title is µÇÂ¼
2021-06-27 05:46:21,706 - BasePage - INFO - Current page title is µÇÂ¼
2021-06-27 05:46:21,709 - BasePage - INFO - Current page title is µÇÂ¼
2021-06-27 05:46:21,713 - BasePage - INFO - Current page title is µÇÂ¼
2021-06-27 05:46:21,716 - BasePage - INFO - Current page title is µÇÂ¼
2021-06-27 05:46:21,719 - BasePage - INFO - Current page title is µÇÂ¼
2021-06-27 05:46:21,723 - BasePage - INFO - Current page title is µÇÂ¼
2021-06-27 05:46:21,726 - BasePage - INFO - Current page title is µÇÂ¼
2021-06-27 05:46:21,730 - BasePage - INFO - Current page title is µÇÂ¼
2021-06-27 05:46:21,732 - BasePage - INFO - Current page title is µÇÂ¼
2021-06-27 05:46:21,735 - BasePage - INFO - Current page title is µÇÂ¼
2021-06-27 05:46:21,738 - BasePage - INFO - Current page title is µÇÂ¼
2021-06-27 05:46:21,742 - BasePage - INFO - Current page title is µÇÂ¼
2021-06-27 05:46:21,746 - BasePage - INFO - Current page title is µÇÂ¼
2021-06-27 05:46:21,749 - BasePage - INFO - Current page title is µÇÂ¼
2021-06-27 05:46:21,752 - BasePage - INFO - Current page title is µÇÂ¼
2021-06-27 05:46:21,756 - BasePage - INFO - Current page title is µÇÂ¼
2021-06-27 05:46:21,759 - BasePage - INFO - Current page title is µÇÂ¼
2021-06-27 05:46:21,763 - BasePage - INFO - Current page title is µÇÂ¼
2021-06-27 05:46:21,766 - BasePage - INFO - Current page title is µÇÂ¼
2021-06-27 05:46:21,769 - BasePage - INFO - Current page title is µÇÂ¼
2021-06-27 05:46:21,772 - BasePage - INFO - Current page title is µÇÂ¼
2021-06-27 05:46:21,777 - BasePage - INFO - Current page title is µÇÂ¼
2021-06-27 05:46:21,780 - BasePage - INFO - Current page title is µÇÂ¼
2021-06-27 05:46:21,784 - BasePage - INFO - Current page title is µÇÂ¼
2021-06-27 05:46:21,787 - BasePage - INFO - Current page title is µÇÂ¼
2021-06-27 05:46:21,791 - BasePage - INFO - Current page title is µÇÂ¼
2021-06-27 05:46:21,794 - BasePage - INFO - Current page title is µÇÂ¼
2021-06-27 05:46:21,797 - BasePage - INFO - Current page title is µÇÂ¼
2021-06-27 05:46:21,801 - BasePage - INFO - Current page title is µÇÂ¼
2021-06-27 05:46:21,805 - BasePage - INFO - Current page title is µÇÂ¼
2021-06-27 05:46:21,808 - BasePage - INFO - Current page title is µÇÂ¼
2021-06-27 05:46:21,812 - BasePage - INFO - Current page title is µÇÂ¼
2021-06-27 05:46:21,816 - BasePage - INFO - Current page title is µÇÂ¼
2021-06-27 05:46:21,819 - BasePage - INFO - Current page title is µÇÂ¼
2021-06-27 05:46:21,823 - BasePage - INFO - Current page title is µÇÂ¼
2021-06-27 05:46:21,827 - BasePage - INFO - Current page title is µÇÂ¼
2021-06-27 05:46:21,830 - BasePage - INFO - Current page title is µÇÂ¼
2021-06-27 05:46:21,833 - BasePage - INFO - Current page title is µÇÂ¼
2021-06-27 05:46:21,837 - BasePage - INFO - Current page title is µÇÂ¼
2021-06-27 05:46:21,840 - BasePage - INFO - Current page title is µÇÂ¼
2021-06-27 05:46:21,844 - BasePage - INFO - Current page title is µÇÂ¼
2021-06-27 05:46:21,847 - BasePage - INFO - Current page title is µÇÂ¼
2021-06-27 05:46:21,851 - BasePage - INFO - Current page title is µÇÂ¼
2021-06-27 05:46:21,855 - BasePage - INFO - Current page title is µÇÂ¼
2021-06-27 05:46:21,859 - BasePage - INFO - Current page title is µÇÂ¼
2021-06-27 05:46:21,862 - BasePage - INFO - Current page title is µÇÂ¼
2021-06-27 05:46:21,867 - BasePage - INFO - Current page title is µÇÂ¼
2021-06-27 05:46:21,870 - BasePage - INFO - Current page title is µÇÂ¼
2021-06-27 05:46:21,874 - BasePage - INFO - Current page title is µÇÂ¼
2021-06-27 05:46:21,877 - BasePage - INFO - Current page title is µÇÂ¼
2021-06-27 05:46:21,881 - BasePage - INFO - Current page title is µÇÂ¼
2021-06-27 05:46:21,885 - BasePage - INFO - Current page title is µÇÂ¼
2021-06-27 05:46:21,888 - BasePage - INFO - Current page title is µÇÂ¼
2021-06-27 05:46:21,892 - BasePage - INFO - Current page title is µÇÂ¼
2021-06-27 05:46:21,896 - BasePage - INFO - Current page title is µÇÂ¼
2021-06-27 05:46:21,900 - BasePage - INFO - Current page title is µÇÂ¼
2021-06-27 05:46:21,904 - BasePage - INFO - Current page title is µÇÂ¼
2021-06-27 05:46:21,908 - BasePage - INFO - Current page title is µÇÂ¼
2021-06-27 05:46:21,912 - BasePage - INFO - Current page title is µÇÂ¼
2021-06-27 05:46:21,916 - BasePage - INFO - Current page title is µÇÂ¼
2021-06-27 05:46:21,920 - BasePage - INFO - Current page title is µÇÂ¼
2021-06-27 05:46:21,923 - BasePage - INFO - Current page title is µÇÂ¼
2021-06-27 05:46:21,927 - BasePage - INFO - Current page title is µÇÂ¼
2021-06-27 05:46:21,930 - BasePage - INFO - Current page title is µÇÂ¼
2021-06-27 05:46:21,934 - BasePage - INFO - Current page title is µÇÂ¼
2021-06-27 05:46:21,937 - BasePage - INFO - Current page title is µÇÂ¼
2021-06-27 05:46:21,941 - BasePage - INFO - Current page title is µÇÂ¼
2021-06-27 05:46:21,945 - BasePage - INFO - Current page title is µÇÂ¼
2021-06-27 05:46:21,949 - BasePage - INFO - Current page title is µÇÂ¼
2021-06-27 05:46:21,952 - BasePage - INFO - Current page title is µÇÂ¼
2021-06-27 05:46:21,956 - BasePage - INFO - Current page title is µÇÂ¼
2021-06-27 05:46:21,959 - BasePage - INFO - Current page title is µÇÂ¼
2021-06-27 05:46:21,963 - BasePage - INFO - Current page title is µÇÂ¼
2021-06-27 05:46:21,966 - BasePage - INFO - Current page title is µÇÂ¼
2021-06-27 05:46:21,970 - BasePage - INFO - Current page title is µÇÂ¼
2021-06-27 05:46:21,973 - BasePage - INFO - Current page title is µÇÂ¼
2021-06-27 05:46:21,977 - BasePage - INFO - Current page title is µÇÂ¼
2021-06-27 05:46:21,980 - BasePage - INFO - Current page title is µÇÂ¼
2021-06-27 05:46:21,984 - BasePage - INFO - Current page title is µÇÂ¼
2021-06-27 05:46:21,987 - BasePage - INFO - Current page title is µÇÂ¼
2021-06-27 05:46:21,991 - BasePage - INFO - Current page title is µÇÂ¼
2021-06-27 05:46:21,995 - BasePage - INFO - Current page title is µÇÂ¼
2021-06-27 05:46:21,998 - BasePage - INFO - Current page title is µÇÂ¼
2021-06-27 05:46:22,001 - BasePage - INFO - Current page title is µÇÂ¼
2021-06-27 05:46:22,004 - BasePage - INFO - Current page title is µÇÂ¼
2021-06-27 05:46:22,008 - BasePage - INFO - Current page title is µÇÂ¼
2021-06-27 05:46:22,011 - BasePage - INFO - Current page title is µÇÂ¼
2021-06-27 05:46:22,015 - BasePage - INFO - Current page title is µÇÂ¼
2021-06-27 05:46:22,020 - BasePage - INFO - Current page title is µÇÂ¼
2021-06-27 05:46:22,028 - BasePage - INFO - Current page title is µÇÂ¼
2021-06-27 05:46:22,032 - BasePage - INFO - Current page title is µÇÂ¼
2021-06-27 05:46:22,039 - BasePage - INFO - Current page title is µÇÂ¼
2021-06-27 05:46:22,043 - BasePage - INFO - Current page title is µÇÂ¼
2021-06-27 05:46:22,047 - BasePage - INFO - Current page title is µÇÂ¼
2021-06-27 05:46:22,050 - BasePage - INFO - Current page title is µÇÂ¼
2021-06-27 05:46:22,054 - BasePage - INFO - Current page title is µÇÂ¼
2021-06-27 05:46:22,058 - BasePage - INFO - Current page title is µÇÂ¼
2021-06-27 05:46:22,062 - BasePage - INFO - Current page title is µÇÂ¼
2021-06-27 05:46:22,066 - BasePage - INFO - Current page title is µÇÂ¼
2021-06-27 05:46:22,069 - BasePage - INFO - Current page title is µÇÂ¼
2021-06-27 05:46:22,073 - BasePage - INFO - Current page title is µÇÂ¼
2021-06-27 05:46:22,077 - BasePage - INFO - Current page title is µÇÂ¼
2021-06-27 05:46:22,080 - BasePage - INFO - Current page title is µÇÂ¼
2021-06-27 05:46:22,084 - BasePage - INFO - Current page title is µÇÂ¼
2021-06-27 05:46:22,088 - BasePage - INFO - Current page title is µÇÂ¼
2021-06-27 05:46:22,092 - BasePage - INFO - Current page title is µÇÂ¼
2021-06-27 05:46:22,096 - BasePage - INFO - Current page title is µÇÂ¼
2021-06-27 05:46:22,099 - BasePage - INFO - Current page title is µÇÂ¼
2021-06-27 05:46:22,103 - BasePage - INFO - Current page title is µÇÂ¼
2021-06-27 05:46:22,107 - BasePage - INFO - Current page title is µÇÂ¼
2021-06-27 05:46:22,110 - BasePage - INFO - Current page title is µÇÂ¼
2021-06-27 05:46:22,113 - BasePage - INFO - Current page title is µÇÂ¼
2021-06-27 05:46:22,117 - BasePage - INFO - Current page title is µÇÂ¼
2021-06-27 05:46:22,121 - BasePage - INFO - Current page title is µÇÂ¼
2021-06-27 05:46:22,125 - BasePage - INFO - Current page title is µÇÂ¼
2021-06-27 05:46:22,128 - BasePage - INFO - Current page title is µÇÂ¼
2021-06-27 05:46:22,132 - BasePage - INFO - Current page title is µÇÂ¼
2021-06-27 05:46:22,136 - BasePage - INFO - Current page title is µÇÂ¼
2021-06-27 05:46:22,139 - BasePage - INFO - Current page title is µÇÂ¼
2021-06-27 05:46:22,143 - BasePage - INFO - Current page title is µÇÂ¼
2021-06-27 05:46:22,147 - BasePage - INFO - Current page title is µÇÂ¼
2021-06-27 05:46:22,150 - BasePage - INFO - Current page title is µÇÂ¼
2021-06-27 05:46:22,153 - BasePage - INFO - Current page title is µÇÂ¼
2021-06-27 05:46:22,157 - BasePage - INFO - Current page title is µÇÂ¼
2021-06-27 05:46:22,160 - BasePage - INFO - Current page title is µÇÂ¼
2021-06-27 05:46:22,164 - BasePage - INFO - Current page title is µÇÂ¼
2021-06-27 05:46:22,167 - BasePage - INFO - Current page title is µÇÂ¼
2021-06-27 05:46:22,170 - BasePage - INFO - Current page title is µÇÂ¼
2021-06-27 05:46:22,174 - BasePage - INFO - Current page title is µÇÂ¼
2021-06-27 05:46:22,177 - BasePage - INFO - Current page title is µÇÂ¼
2021-06-27 05:46:22,181 - BasePage - INFO - Current page title is µÇÂ¼
2021-06-27 05:46:22,184 - BasePage - INFO - Current page title is µÇÂ¼
2021-06-27 05:46:22,187 - BasePage - INFO - Current page title is µÇÂ¼
2021-06-27 05:46:22,191 - BasePage - INFO - Current page title is µÇÂ¼
2021-06-27 05:46:22,195 - BasePage - INFO - Current page title is µÇÂ¼
2021-06-27 05:46:22,198 - BasePage - INFO - Current page title is µÇÂ¼
2021-06-27 05:46:22,201 - BasePage - INFO - Current page title is µÇÂ¼
2021-06-27 05:46:22,205 - BasePage - INFO - Current page title is µÇÂ¼
2021-06-27 05:46:22,208 - BasePage - INFO - Current page title is µÇÂ¼
2021-06-27 05:46:22,211 - BasePage - INFO - Current page title is µÇÂ¼
2021-06-27 05:46:22,215 - BasePage - INFO - Current page title is µÇÂ¼
2021-06-27 05:46:22,218 - BasePage - INFO - Current page title is µÇÂ¼
2021-06-27 05:46:22,221 - BasePage - INFO - Current page title is µÇÂ¼
2021-06-27 05:46:22,224 - BasePage - INFO - Current page title is µÇÂ¼
2021-06-27 05:46:22,228 - BasePage - INFO - Current page title is µÇÂ¼
2021-06-27 05:46:22,231 - BasePage - INFO - Current page title is µÇÂ¼
2021-06-27 05:46:22,234 - BasePage - INFO - Current page title is µÇÂ¼
2021-06-27 05:46:22,237 - BasePage - INFO - Current page title is µÇÂ¼
2021-06-27 05:46:22,242 - BasePage - INFO - Current page title is µÇÂ¼
2021-06-27 05:46:22,246 - BasePage - INFO - Current page title is µÇÂ¼
2021-06-27 05:46:22,249 - BasePage - INFO - Current page title is µÇÂ¼
2021-06-27 05:46:22,252 - BasePage - INFO - Current page title is µÇÂ¼
2021-06-27 05:46:22,256 - BasePage - INFO - Current page title is µÇÂ¼
2021-06-27 05:46:22,259 - BasePage - INFO - Current page title is µÇÂ¼
2021-06-27 05:46:22,263 - BasePage - INFO - Current page title is µÇÂ¼
2021-06-27 05:46:22,266 - BasePage - INFO - Current page title is µÇÂ¼
2021-06-27 05:46:22,269 - BasePage - INFO - Current page title is µÇÂ¼
2021-06-27 05:46:22,273 - BasePage - INFO - Current page title is µÇÂ¼
2021-06-27 05:46:22,277 - BasePage - INFO - Current page title is µÇÂ¼
2021-06-27 05:46:22,281 - BasePage - INFO - Current page title is µÇÂ¼
2021-06-27 05:46:22,284 - BasePage - INFO - Current page title is µÇÂ¼
2021-06-27 05:46:22,288 - BasePage - INFO - Current page title is µÇÂ¼
2021-06-27 05:46:22,291 - BasePage - INFO - Current page title is µÇÂ¼
2021-06-27 05:46:22,295 - BasePage - INFO - Current page title is µÇÂ¼
2021-06-27 05:46:22,298 - BasePage - INFO - Current page title is µÇÂ¼
2021-06-27 05:46:22,301 - BasePage - INFO - Current page title is µÇÂ¼
2021-06-27 05:46:22,305 - BasePage - INFO - Current page title is µÇÂ¼
2021-06-27 05:46:22,309 - BasePage - INFO - Current page title is µÇÂ¼
2021-06-27 05:46:22,312 - BasePage - INFO - Current page title is µÇÂ¼
2021-06-27 05:46:22,317 - BasePage - INFO - Current page title is µÇÂ¼
2021-06-27 05:46:22,320 - BasePage - INFO - Current page title is µÇÂ¼
2021-06-27 05:46:22,323 - BasePage - INFO - Current page title is µÇÂ¼
2021-06-27 05:46:22,327 - BasePage - INFO - Current page title is µÇÂ¼
2021-06-27 05:46:22,330 - BasePage - INFO - Current page title is µÇÂ¼
2021-06-27 05:46:22,334 - BasePage - INFO - Current page title is µÇÂ¼
2021-06-27 05:46:22,337 - BasePage - INFO - Current page title is µÇÂ¼
2021-06-27 05:46:22,341 - BasePage - INFO - Current page title is µÇÂ¼
2021-06-27 05:46:22,344 - BasePage - INFO - Current page title is µÇÂ¼
2021-06-27 05:46:22,347 - BasePage - INFO - Current page title is µÇÂ¼
2021-06-27 05:46:22,351 - BasePage - INFO - Current page title is µÇÂ¼
2021-06-27 05:46:22,354 - BasePage - INFO - Current page title is µÇÂ¼
2021-06-27 05:46:22,357 - BasePage - INFO - Current page title is µÇÂ¼
2021-06-27 05:46:22,361 - BasePage - INFO - Current page title is µÇÂ¼
2021-06-27 05:46:22,364 - BasePage - INFO - Current page title is µÇÂ¼
2021-06-27 05:46:22,367 - BasePage - INFO - Current page title is µÇÂ¼
2021-06-27 05:46:22,370 - BasePage - INFO - Current page title is µÇÂ¼
2021-06-27 05:46:22,374 - BasePage - INFO - Current page title is µÇÂ¼
2021-06-27 05:46:22,377 - BasePage - INFO - Current page title is µÇÂ¼
2021-06-27 05:46:22,381 - BasePage - INFO - Current page title is µÇÂ¼
2021-06-27 05:46:22,384 - BasePage - INFO - Current page title is µÇÂ¼
2021-06-27 05:46:22,387 - BasePage - INFO - Current page title is µÇÂ¼
2021-06-27 05:46:22,391 - BasePage - INFO - Current page title is µÇÂ¼
2021-06-27 05:46:22,394 - BasePage - INFO - Current page title is µÇÂ¼
2021-06-27 05:46:22,397 - BasePage - INFO - Current page title is µÇÂ¼
2021-06-27 05:46:22,401 - BasePage - INFO - Current page title is µÇÂ¼
2021-06-27 05:46:22,404 - BasePage - INFO - Current page title is µÇÂ¼
2021-06-27 05:46:22,408 - BasePage - INFO - Current page title is µÇÂ¼
2021-06-27 05:46:22,411 - BasePage - INFO - Current page title is µÇÂ¼
2021-06-27 05:46:22,415 - BasePage - INFO - Current page title is µÇÂ¼
2021-06-27 05:46:22,418 - BasePage - INFO - Current page title is µÇÂ¼
2021-06-27 05:46:22,421 - BasePage - INFO - Current page title is µÇÂ¼
2021-06-27 05:46:22,425 - BasePage - INFO - Current page title is µÇÂ¼
2021-06-27 05:46:22,429 - BasePage - INFO - Current page title is µÇÂ¼
2021-06-27 05:46:22,432 - BasePage - INFO - Current page title is µÇÂ¼
2021-06-27 05:46:22,435 - BasePage - INFO - Current page title is µÇÂ¼
2021-06-27 05:46:22,439 - BasePage - INFO - Current page title is µÇÂ¼
2021-06-27 05:46:22,443 - BasePage - INFO - Current page title is µÇÂ¼
2021-06-27 05:46:22,446 - BasePage - INFO - Current page title is µÇÂ¼
2021-06-27 05:46:22,449 - BasePage - INFO - Current page title is µÇÂ¼
2021-06-27 05:46:22,452 - BasePage - INFO - Current page title is µÇÂ¼
2021-06-27 05:46:22,456 - BasePage - INFO - Current page title is µÇÂ¼
2021-06-27 05:46:22,460 - BasePage - INFO - Current page title is µÇÂ¼
2021-06-27 05:46:22,463 - BasePage - INFO - Current page title is µÇÂ¼
2021-06-27 05:46:22,466 - BasePage - INFO - Current page title is µÇÂ¼
2021-06-27 05:46:22,470 - BasePage - INFO - Current page title is µÇÂ¼
2021-06-27 05:46:22,473 - BasePage - INFO - Current page title is µÇÂ¼
2021-06-27 05:46:22,477 - BasePage - INFO - Current page title is µÇÂ¼
2021-06-27 05:46:22,480 - BasePage - INFO - Current page title is µÇÂ¼
2021-06-27 05:46:22,483 - BasePage - INFO - Current page title is µÇÂ¼
2021-06-27 05:46:22,486 - BasePage - INFO - Current page title is µÇÂ¼
2021-06-27 05:46:22,490 - BasePage - INFO - Current page title is µÇÂ¼
2021-06-27 05:46:22,494 - BasePage - INFO - Current page title is µÇÂ¼
2021-06-27 05:46:22,497 - BasePage - INFO - Current page title is µÇÂ¼
2021-06-27 05:46:22,500 - BasePage - INFO - Current page title is µÇÂ¼
2021-06-27 05:46:22,504 - BasePage - INFO - Current page title is µÇÂ¼
2021-06-27 05:46:22,507 - BasePage - INFO - Current page title is µÇÂ¼
2021-06-27 05:46:22,511 - BasePage - INFO - Current page title is µÇÂ¼
2021-06-27 05:46:22,514 - BasePage - INFO - Current page title is µÇÂ¼
2021-06-27 05:46:22,517 - BasePage - INFO - Current page title is µÇÂ¼
2021-06-27 05:46:22,521 - BasePage - INFO - Current page title is µÇÂ¼
2021-06-27 05:46:22,524 - BasePage - INFO - Current page title is µÇÂ¼
2021-06-27 05:46:22,528 - BasePage - INFO - Current page title is µÇÂ¼
2021-06-27 05:46:22,531 - BasePage - INFO - Current page title is µÇÂ¼
2021-06-27 05:46:22,534 - BasePage - INFO - Current page title is µÇÂ¼
2021-06-27 05:46:22,538 - BasePage - INFO - Current page title is µÇÂ¼
2021-06-27 05:46:22,541 - BasePage - INFO - Current page title is µÇÂ¼
2021-06-27 05:46:22,545 - BasePage - INFO - Current page title is µÇÂ¼
2021-06-27 05:46:22,548 - BasePage - INFO - Current page title is µÇÂ¼
2021-06-27 05:46:22,552 - BasePage - INFO - Current page title is µÇÂ¼
2021-06-27 05:46:22,555 - BasePage - INFO - Current page title is µÇÂ¼
2021-06-27 05:46:22,560 - BasePage - INFO - Current page title is µÇÂ¼
2021-06-27 05:46:22,563 - BasePage - INFO - Current page title is µÇÂ¼
2021-06-27 05:46:22,566 - BasePage - INFO - Current page title is µÇÂ¼
2021-06-27 05:46:22,570 - BasePage - INFO - Current page title is µÇÂ¼
2021-06-27 05:46:22,573 - BasePage - INFO - Current page title is µÇÂ¼
2021-06-27 05:46:22,577 - BasePage - INFO - Current page title is µÇÂ¼
2021-06-27 05:46:22,580 - BasePage - INFO - Current page title is µÇÂ¼
2021-06-27 05:46:22,583 - BasePage - INFO - Current page title is µÇÂ¼
2021-06-27 05:46:22,587 - BasePage - INFO - Current page title is µÇÂ¼
2021-06-27 05:46:22,591 - BasePage - INFO - Current page title is µÇÂ¼
2021-06-27 05:46:22,594 - BasePage - INFO - Current page title is µÇÂ¼
2021-06-27 05:46:22,597 - BasePage - INFO - Current page title is µÇÂ¼
2021-06-27 05:46:22,600 - BasePage - INFO - Current page title is µÇÂ¼
2021-06-27 05:46:22,603 - BasePage - INFO - Current page title is µÇÂ¼
2021-06-27 05:46:22,608 - BasePage - INFO - Current page title is µÇÂ¼
2021-06-27 05:46:22,612 - BasePage - INFO - Current page title is µÇÂ¼
2021-06-27 05:46:22,616 - BasePage - INFO - Current page title is µÇÂ¼
2021-06-27 05:46:22,619 - BasePage - INFO - Current page title is µÇÂ¼
2021-06-27 05:46:22,622 - BasePage - INFO - Current page title is µÇÂ¼
2021-06-27 05:46:22,626 - BasePage - INFO - Current page title is µÇÂ¼
2021-06-27 05:46:22,629 - BasePage - INFO - Current page title is µÇÂ¼
2021-06-27 05:46:22,632 - BasePage - INFO - Current page title is µÇÂ¼
2021-06-27 05:46:22,636 - BasePage - INFO - Current page title is µÇÂ¼
2021-06-27 05:46:22,639 - BasePage - INFO - Current page title is µÇÂ¼
2021-06-27 05:46:22,643 - BasePage - INFO - Current page title is µÇÂ¼
2021-06-27 05:46:22,647 - BasePage - INFO - Current page title is µÇÂ¼
2021-06-27 05:46:22,650 - BasePage - INFO - Current page title is µÇÂ¼
2021-06-27 05:46:22,653 - BasePage - INFO - Current page title is µÇÂ¼
2021-06-27 05:46:22,657 - BasePage - INFO - Current page title is µÇÂ¼
2021-06-27 05:46:22,660 - BasePage - INFO - Current page title is µÇÂ¼
2021-06-27 05:46:22,664 - BasePage - INFO - Current page title is µÇÂ¼
2021-06-27 05:46:22,667 - BasePage - INFO - Current page title is µÇÂ¼
2021-06-27 05:46:22,670 - BasePage - INFO - Current page title is µÇÂ¼
2021-06-27 05:46:22,674 - BasePage - INFO - Current page title is µÇÂ¼
2021-06-27 05:46:22,677 - BasePage - INFO - Current page title is µÇÂ¼
2021-06-27 05:46:22,681 - BasePage - INFO - Current page title is µÇÂ¼
2021-06-27 05:46:22,684 - BasePage - INFO - Current page title is µÇÂ¼
2021-06-27 05:46:22,688 - BasePage - INFO - Current page title is µÇÂ¼
2021-06-27 05:46:22,691 - BasePage - INFO - Current page title is µÇÂ¼
2021-06-27 05:46:22,695 - BasePage - INFO - Current page title is µÇÂ¼
2021-06-27 05:46:22,698 - BasePage - INFO - Current page title is µÇÂ¼
2021-06-27 05:46:22,702 - BasePage - INFO - Current page title is µÇÂ¼
2021-06-27 05:46:22,705 - BasePage - INFO - Current page title is µÇÂ¼
2021-06-27 05:46:22,709 - BasePage - INFO - Current page title is µÇÂ¼
2021-06-27 05:46:22,713 - BasePage - INFO - Current page title is µÇÂ¼
2021-06-27 05:46:22,716 - BasePage - INFO - Current page title is µÇÂ¼
2021-06-27 05:46:22,720 - BasePage - INFO - Current page title is µÇÂ¼
2021-06-27 05:46:22,724 - BasePage - INFO - Current page title is µÇÂ¼
2021-06-27 05:46:22,727 - BasePage - INFO - Current page title is µÇÂ¼
2021-06-27 05:46:22,730 - BasePage - INFO - Current page title is µÇÂ¼
2021-06-27 05:46:22,734 - BasePage - INFO - Current page title is µÇÂ¼
2021-06-27 05:46:22,737 - BasePage - INFO - Current page title is µÇÂ¼
2021-06-27 05:46:22,741 - BasePage - INFO - Current page title is µÇÂ¼
2021-06-27 05:46:22,744 - BasePage - INFO - Current page title is µÇÂ¼
2021-06-27 05:46:22,748 - BasePage - INFO - Current page title is µÇÂ¼
2021-06-27 05:46:22,751 - BasePage - INFO - Current page title is µÇÂ¼
2021-06-27 05:46:22,754 - BasePage - INFO - Current page title is µÇÂ¼
2021-06-27 05:46:22,758 - BasePage - INFO - Current page title is µÇÂ¼
2021-06-27 05:46:22,761 - BasePage - INFO - Current page title is µÇÂ¼
2021-06-27 05:46:22,764 - BasePage - INFO - Current page title is µÇÂ¼
2021-06-27 05:46:22,767 - BasePage - INFO - Current page title is µÇÂ¼
2021-06-27 05:46:22,771 - BasePage - INFO - Current page title is µÇÂ¼
2021-06-27 05:46:22,774 - BasePage - INFO - Current page title is µÇÂ¼
2021-06-27 05:46:22,778 - BasePage - INFO - Current page title is µÇÂ¼
2021-06-27 05:46:22,781 - BasePage - INFO - Current page title is µÇÂ¼
2021-06-27 05:46:22,785 - BasePage - INFO - Current page title is µÇÂ¼
2021-06-27 05:46:22,788 - BasePage - INFO - Current page title is µÇÂ¼
2021-06-27 05:46:22,791 - BasePage - INFO - Current page title is µÇÂ¼
2021-06-27 05:46:22,795 - BasePage - INFO - Current page title is µÇÂ¼
2021-06-27 05:46:22,798 - BasePage - INFO - Current page title is µÇÂ¼
2021-06-27 05:46:22,801 - BasePage - INFO - Current page title is µÇÂ¼
2021-06-27 05:46:22,804 - BasePage - INFO - Current page title is µÇÂ¼
2021-06-27 05:46:22,808 - BasePage - INFO - Current page title is µÇÂ¼
2021-06-27 05:46:22,812 - BasePage - INFO - Current page title is µÇÂ¼
2021-06-27 05:46:22,815 - BasePage - INFO - Current page title is µÇÂ¼
2021-06-27 05:46:22,818 - BasePage - INFO - Current page title is µÇÂ¼
2021-06-27 05:46:22,822 - BasePage - INFO - Current page title is µÇÂ¼
2021-06-27 05:46:22,825 - BasePage - INFO - Current page title is µÇÂ¼
2021-06-27 05:46:22,829 - BasePage - INFO - Current page title is µÇÂ¼
2021-06-27 05:46:22,833 - BasePage - INFO - Current page title is µÇÂ¼
2021-06-27 05:46:22,836 - BasePage - INFO - Current page title is µÇÂ¼
2021-06-27 05:46:22,839 - BasePage - INFO - Current page title is µÇÂ¼
2021-06-27 05:46:22,843 - BasePage - INFO - Current page title is µÇÂ¼
2021-06-27 05:46:22,846 - BasePage - INFO - Current page title is µÇÂ¼
2021-06-27 05:46:22,850 - BasePage - INFO - Current page title is µÇÂ¼
2021-06-27 05:46:22,854 - BasePage - INFO - Current page title is µÇÂ¼
2021-06-27 05:46:22,858 - BasePage - INFO - Current page title is µÇÂ¼
2021-06-27 05:46:22,861 - BasePage - INFO - Current page title is µÇÂ¼
2021-06-27 05:46:22,864 - BasePage - INFO - Current page title is µÇÂ¼
2021-06-27 05:46:22,868 - BasePage - INFO - Current page title is µÇÂ¼
2021-06-27 05:46:22,871 - BasePage - INFO - Current page title is µÇÂ¼
2021-06-27 05:46:22,874 - BasePage - INFO - Current page title is µÇÂ¼
2021-06-27 05:46:22,878 - BasePage - INFO - Current page title is µÇÂ¼
2021-06-27 05:46:22,881 - BasePage - INFO - Current page title is µÇÂ¼
2021-06-27 05:46:22,884 - BasePage - INFO - Current page title is µÇÂ¼
2021-06-27 05:46:22,888 - BasePage - INFO - Current page title is µÇÂ¼
2021-06-27 05:46:22,891 - BasePage - INFO - Current page title is µÇÂ¼
2021-06-27 05:46:22,895 - BasePage - INFO - Current page title is µÇÂ¼
2021-06-27 05:46:22,899 - BasePage - INFO - Current page title is µÇÂ¼
2021-06-27 05:46:22,902 - BasePage - INFO - Current page title is µÇÂ¼
2021-06-27 05:46:22,905 - BasePage - INFO - Current page title is µÇÂ¼
2021-06-27 05:46:22,909 - BasePage - INFO - Current page title is µÇÂ¼
2021-06-27 05:46:22,912 - BasePage - INFO - Current page title is µÇÂ¼
2021-06-27 05:46:22,915 - BasePage - INFO - Current page title is µÇÂ¼
2021-06-27 05:46:22,919 - BasePage - INFO - Current page title is µÇÂ¼
2021-06-27 05:46:22,922 - BasePage - INFO - Current page title is µÇÂ¼
2021-06-27 05:46:22,925 - BasePage - INFO - Current page title is µÇÂ¼
2021-06-27 05:46:22,929 - BasePage - INFO - Current page title is µÇÂ¼
2021-06-27 05:46:22,933 - BasePage - INFO - Current page title is µÇÂ¼
2021-06-27 05:46:22,936 - BasePage - INFO - Current page title is µÇÂ¼
2021-06-27 05:46:22,939 - BasePage - INFO - Current page title is µÇÂ¼
2021-06-27 05:46:22,943 - BasePage - INFO - Current page title is µÇÂ¼
2021-06-27 05:46:22,947 - BasePage - INFO - Current page title is µÇÂ¼
2021-06-27 05:46:22,950 - BasePage - INFO - Current page title is µÇÂ¼
2021-06-27 05:46:22,954 - BasePage - INFO - Current page title is µÇÂ¼
2021-06-27 05:46:22,957 - BasePage - INFO - Current page title is µÇÂ¼
2021-06-27 05:46:22,960 - BasePage - INFO - Current page title is µÇÂ¼
2021-06-27 05:46:22,964 - BasePage - INFO - Current page title is µÇÂ¼
2021-06-27 05:46:22,968 - BasePage - INFO - Current page title is µÇÂ¼
2021-06-27 05:46:22,971 - BasePage - INFO - Current page title is µÇÂ¼
2021-06-27 05:46:22,975 - BasePage - INFO - Current page title is µÇÂ¼
2021-06-27 05:46:22,978 - BasePage - INFO - Current page title is µÇÂ¼
2021-06-27 05:46:22,980 - BasePage - INFO - Current page title is µÇÂ¼
2021-06-27 05:46:22,983 - BasePage - INFO - Current page title is µÇÂ¼
2021-06-27 05:46:22,986 - BasePage - INFO - Current page title is µÇÂ¼
2021-06-27 05:46:22,990 - BasePage - INFO - Current page title is µÇÂ¼
2021-06-27 05:46:22,994 - BasePage - INFO - Current page title is µÇÂ¼
2021-06-27 05:46:22,997 - BasePage - INFO - Current page title is µÇÂ¼
2021-06-27 05:46:23,000 - BasePage - INFO - Current page title is µÇÂ¼
2021-06-27 05:46:23,004 - BasePage - INFO - Current page title is µÇÂ¼
2021-06-27 05:46:23,007 - BasePage - INFO - Current page title is µÇÂ¼
2021-06-27 05:46:23,010 - BasePage - INFO - Current page title is µÇÂ¼
2021-06-27 05:46:23,014 - BasePage - INFO - Current page title is µÇÂ¼
2021-06-27 05:46:23,017 - BasePage - INFO - Current page title is µÇÂ¼
2021-06-27 05:46:23,020 - BasePage - INFO - Current page title is µÇÂ¼
2021-06-27 05:46:23,024 - BasePage - INFO - Current page title is µÇÂ¼
2021-06-27 05:46:23,027 - BasePage - INFO - Current page title is µÇÂ¼
2021-06-27 05:46:23,030 - BasePage - INFO - Current page title is µÇÂ¼
2021-06-27 05:46:23,034 - BasePage - INFO - Current page title is µÇÂ¼
2021-06-27 05:46:23,037 - BasePage - INFO - Current page title is µÇÂ¼
2021-06-27 05:46:23,040 - BasePage - INFO - Current page title is µÇÂ¼
2021-06-27 05:46:23,044 - BasePage - INFO - Current page title is µÇÂ¼
2021-06-27 05:46:23,047 - BasePage - INFO - Current page title is µÇÂ¼
2021-06-27 05:46:23,051 - BasePage - INFO - Current page title is µÇÂ¼
2021-06-27 05:46:23,055 - BasePage - INFO - Current page title is µÇÂ¼
2021-06-27 05:46:23,059 - BasePage - INFO - Current page title is µÇÂ¼
2021-06-27 05:46:23,062 - BasePage - INFO - Current page title is µÇÂ¼
2021-06-27 05:46:23,066 - BasePage - INFO - Current page title is µÇÂ¼
2021-06-27 05:46:23,069 - BasePage - INFO - Current page title is µÇÂ¼
2021-06-27 05:46:23,073 - BasePage - INFO - Current page title is µÇÂ¼
2021-06-27 05:46:23,077 - BasePage - INFO - Current page title is µÇÂ¼
2021-06-27 05:46:23,080 - BasePage - INFO - Current page title is µÇÂ¼
2021-06-27 05:46:23,083 - BasePage - INFO - Current page title is µÇÂ¼
2021-06-27 05:46:23,087 - BasePage - INFO - Current page title is µÇÂ¼
2021-06-27 05:46:23,090 - BasePage - INFO - Current page title is µÇÂ¼
2021-06-27 05:46:23,094 - BasePage - INFO - Current page title is µÇÂ¼
2021-06-27 05:46:23,097 - BasePage - INFO - Current page title is µÇÂ¼
2021-06-27 05:46:23,100 - BasePage - INFO - Current page title is µÇÂ¼
2021-06-27 05:46:23,103 - BasePage - INFO - Current page title is µÇÂ¼
2021-06-27 05:46:23,107 - BasePage - INFO - Current page title is µÇÂ¼
2021-06-27 05:46:23,110 - BasePage - INFO - Current page title is µÇÂ¼
2021-06-27 05:46:23,115 - BasePage - INFO - Current page title is µÇÂ¼
2021-06-27 05:46:23,118 - BasePage - INFO - Current page title is µÇÂ¼
2021-06-27 05:46:23,121 - BasePage - INFO - Current page title is µÇÂ¼
2021-06-27 05:46:23,125 - BasePage - INFO - Current page title is µÇÂ¼
2021-06-27 05:46:23,128 - BasePage - INFO - Current page title is µÇÂ¼
2021-06-27 05:46:23,131 - BasePage - INFO - Current page title is µÇÂ¼
2021-06-27 05:46:23,135 - BasePage - INFO - Current page title is µÇÂ¼
2021-06-27 05:46:23,138 - BasePage - INFO - Current page title is µÇÂ¼
2021-06-27 05:46:23,142 - BasePage - INFO - Current page title is µÇÂ¼
2021-06-27 05:46:23,145 - BasePage - INFO - Current page title is µÇÂ¼
2021-06-27 05:46:23,149 - BasePage - INFO - Current page title is µÇÂ¼
2021-06-27 05:46:23,153 - BasePage - INFO - Current page title is µÇÂ¼
2021-06-27 05:46:23,156 - BasePage - INFO - Current page title is µÇÂ¼
2021-06-27 05:46:23,159 - BasePage - INFO - Current page title is µÇÂ¼
2021-06-27 05:46:23,163 - BasePage - INFO - Current page title is µÇÂ¼
2021-06-27 05:46:23,166 - BasePage - INFO - Current page title is µÇÂ¼
2021-06-27 05:46:23,169 - BasePage - INFO - Current page title is µÇÂ¼
2021-06-27 05:46:23,173 - BasePage - INFO - Current page title is µÇÂ¼
2021-06-27 05:46:23,176 - BasePage - INFO - Current page title is µÇÂ¼
2021-06-27 05:46:23,180 - BasePage - INFO - Current page title is µÇÂ¼
2021-06-27 05:46:23,183 - BasePage - INFO - Current page title is µÇÂ¼
2021-06-27 05:46:23,186 - BasePage - INFO - Current page title is µÇÂ¼
2021-06-27 05:46:23,189 - BasePage - INFO - Current page title is µÇÂ¼
2021-06-27 05:46:23,193 - BasePage - INFO - Current page title is µÇÂ¼
2021-06-27 05:46:23,196 - BasePage - INFO - Current page title is µÇÂ¼
2021-06-27 05:46:23,199 - BasePage - INFO - Current page title is µÇÂ¼
2021-06-27 05:46:23,202 - BasePage - INFO - Current page title is µÇÂ¼
2021-06-27 05:46:23,205 - BasePage - INFO - Current page title is µÇÂ¼
2021-06-27 05:46:23,209 - BasePage - INFO - Current page title is µÇÂ¼
2021-06-27 05:46:23,212 - BasePage - INFO - Current page title is µÇÂ¼
2021-06-27 05:46:23,216 - BasePage - INFO - Current page title is µÇÂ¼
2021-06-27 05:46:23,219 - BasePage - INFO - Current page title is µÇÂ¼
2021-06-27 05:46:23,222 - BasePage - INFO - Current page title is µÇÂ¼
2021-06-27 05:46:23,226 - BasePage - INFO - Current page title is µÇÂ¼
2021-06-27 05:46:23,229 - BasePage - INFO - Current page title is µÇÂ¼
2021-06-27 05:46:23,233 - BasePage - INFO - Current page title is µÇÂ¼
2021-06-27 05:46:23,236 - BasePage - INFO - Current page title is µÇÂ¼
2021-06-27 05:46:23,239 - BasePage - INFO - Current page title is µÇÂ¼
2021-06-27 05:46:23,243 - BasePage - INFO - Current page title is µÇÂ¼
2021-06-27 05:46:23,246 - BasePage - INFO - Current page title is µÇÂ¼
2021-06-27 05:46:23,249 - BasePage - INFO - Current page title is µÇÂ¼
2021-06-27 05:46:23,252 - BasePage - INFO - Current page title is µÇÂ¼
2021-06-27 05:46:23,256 - BasePage - INFO - Current page title is µÇÂ¼
2021-06-27 05:46:23,260 - BasePage - INFO - Current page title is µÇÂ¼
2021-06-27 05:46:23,263 - BasePage - INFO - Current page title is µÇÂ¼
2021-06-27 05:46:23,266 - BasePage - INFO - Current page title is µÇÂ¼
2021-06-27 05:46:23,270 - BasePage - INFO - Current page title is µÇÂ¼
2021-06-27 05:46:23,273 - BasePage - INFO - Current page title is µÇÂ¼
2021-06-27 05:46:23,277 - BasePage - INFO - Current page title is µÇÂ¼
2021-06-27 05:46:23,280 - BasePage - INFO - Current page title is µÇÂ¼
2021-06-27 05:46:23,284 - BasePage - INFO - Current page title is µÇÂ¼
2021-06-27 05:46:23,287 - BasePage - INFO - Current page title is µÇÂ¼
2021-06-27 05:46:23,290 - BasePage - INFO - Current page title is µÇÂ¼
2021-06-27 05:46:23,294 - BasePage - INFO - Current page title is µÇÂ¼
2021-06-27 05:46:23,298 - BasePage - INFO - Current page title is µÇÂ¼
2021-06-27 05:46:23,301 - BasePage - INFO - Current page title is µÇÂ¼
2021-06-27 05:46:23,304 - BasePage - INFO - Current page title is µÇÂ¼
2021-06-27 05:46:23,308 - BasePage - INFO - Current page title is µÇÂ¼
2021-06-27 05:46:23,311 - BasePage - INFO - Current page title is µÇÂ¼
2021-06-27 05:46:23,315 - BasePage - INFO - Current page title is µÇÂ¼
2021-06-27 05:46:23,318 - BasePage - INFO - Current page title is µÇÂ¼
2021-06-27 05:46:23,322 - BasePage - INFO - Current page title is µÇÂ¼
2021-06-27 05:46:23,325 - BasePage - INFO - Current page title is µÇÂ¼
2021-06-27 05:46:23,329 - BasePage - INFO - Current page title is µÇÂ¼
2021-06-27 05:46:23,332 - BasePage - INFO - Current page title is µÇÂ¼
2021-06-27 05:46:23,336 - BasePage - INFO - Current page title is µÇÂ¼
2021-06-27 05:46:23,339 - BasePage - INFO - Current page title is µÇÂ¼
2021-06-27 05:46:23,343 - BasePage - INFO - Current page title is µÇÂ¼
2021-06-27 05:46:23,346 - BasePage - INFO - Current page title is µÇÂ¼
2021-06-27 05:46:23,349 - BasePage - INFO - Current page title is µÇÂ¼
2021-06-27 05:46:23,352 - BasePage - INFO - Current page title is µÇÂ¼
2021-06-27 05:46:23,356 - BasePage - INFO - Current page title is µÇÂ¼
2021-06-27 05:46:23,359 - BasePage - INFO - Current page title is µÇÂ¼
2021-06-27 05:46:23,362 - BasePage - INFO - Current page title is µÇÂ¼
2021-06-27 05:46:23,366 - BasePage - INFO - Current page title is µÇÂ¼
2021-06-27 05:46:23,369 - BasePage - INFO - Current page title is µÇÂ¼
2021-06-27 05:46:23,372 - BasePage - INFO - Current page title is µÇÂ¼
2021-06-27 05:46:23,376 - BasePage - INFO - Current page title is µÇÂ¼
2021-06-27 05:46:23,379 - BasePage - INFO - Current page title is µÇÂ¼
2021-06-27 05:46:23,382 - BasePage - INFO - Current page title is µÇÂ¼
2021-06-27 05:46:23,385 - BasePage - INFO - Current page title is µÇÂ¼
2021-06-27 05:46:23,389 - BasePage - INFO - Current page title is µÇÂ¼
2021-06-27 05:46:23,392 - BasePage - INFO - Current page title is µÇÂ¼
2021-06-27 05:46:23,395 - BasePage - INFO - Current page title is µÇÂ¼
2021-06-27 05:46:23,399 - BasePage - INFO - Current page title is µÇÂ¼
2021-06-27 05:46:23,402 - BasePage - INFO - Current page title is µÇÂ¼
2021-06-27 05:46:23,405 - BasePage - INFO - Current page title is µÇÂ¼
2021-06-27 05:46:23,408 - BasePage - INFO - Current page title is µÇÂ¼
2021-06-27 05:46:23,412 - BasePage - INFO - Current page title is µÇÂ¼
2021-06-27 05:46:23,415 - BasePage - INFO - Current page title is µÇÂ¼
2021-06-27 05:46:23,419 - BasePage - INFO - Current page title is µÇÂ¼
2021-06-27 05:46:23,422 - BasePage - INFO - Current page title is µÇÂ¼
2021-06-27 05:46:23,426 - BasePage - INFO - Current page title is µÇÂ¼
2021-06-27 05:46:23,429 - BasePage - INFO - Current page title is µÇÂ¼
2021-06-27 05:46:23,432 - BasePage - INFO - Current page title is µÇÂ¼
2021-06-27 05:46:23,435 - BasePage - INFO - Current page title is µÇÂ¼
2021-06-27 05:46:23,439 - BasePage - INFO - Current page title is µÇÂ¼
2021-06-27 05:46:23,443 - BasePage - INFO - Current page title is µÇÂ¼
2021-06-27 05:46:23,447 - BasePage - INFO - Current page title is µÇÂ¼
2021-06-27 05:46:23,450 - BasePage - INFO - Current page title is µÇÂ¼
2021-06-27 05:46:23,453 - BasePage - INFO - Current page title is µÇÂ¼
2021-06-27 05:46:23,457 - BasePage - INFO - Current page title is µÇÂ¼
2021-06-27 05:46:23,461 - BasePage - INFO - Current page title is µÇÂ¼
2021-06-27 05:46:23,464 - BasePage - INFO - Current page title is µÇÂ¼
2021-06-27 05:46:23,467 - BasePage - INFO - Current page title is µÇÂ¼
2021-06-27 05:46:23,469 - BasePage - INFO - Current page title is µÇÂ¼
2021-06-27 05:46:23,473 - BasePage - INFO - Current page title is µÇÂ¼
2021-06-27 05:46:23,476 - BasePage - INFO - Current page title is µÇÂ¼
2021-06-27 05:46:23,480 - BasePage - INFO - Current page title is µÇÂ¼
2021-06-27 05:46:23,483 - BasePage - INFO - Current page title is µÇÂ¼
2021-06-27 05:46:23,486 - BasePage - INFO - Current page title is µÇÂ¼
2021-06-27 05:46:23,490 - BasePage - INFO - Current page title is µÇÂ¼
2021-06-27 05:46:23,494 - BasePage - INFO - Current page title is µÇÂ¼
2021-06-27 05:46:23,497 - BasePage - INFO - Current page title is µÇÂ¼
2021-06-27 05:46:23,500 - BasePage - INFO - Current page title is µÇÂ¼
2021-06-27 05:46:23,504 - BasePage - INFO - Current page title is µÇÂ¼
2021-06-27 05:46:23,507 - BasePage - INFO - Current page title is µÇÂ¼
2021-06-27 05:46:23,511 - BasePage - INFO - Current page title is µÇÂ¼
2021-06-27 05:46:23,514 - BasePage - INFO - Current page title is µÇÂ¼
2021-06-27 05:46:23,518 - BasePage - INFO - Current page title is µÇÂ¼
2021-06-27 05:46:23,521 - BasePage - INFO - Current page title is µÇÂ¼
2021-06-27 05:46:23,524 - BasePage - INFO - Current page title is µÇÂ¼
2021-06-27 05:46:23,528 - BasePage - INFO - Current page title is µÇÂ¼
2021-06-27 05:46:23,532 - BasePage - INFO - Current page title is µÇÂ¼
2021-06-27 05:46:23,536 - BasePage - INFO - Current page title is µÇÂ¼
2021-06-27 05:46:23,540 - BasePage - INFO - Current page title is µÇÂ¼
2021-06-27 05:46:23,544 - BasePage - INFO - Current page title is µÇÂ¼
2021-06-27 05:46:23,547 - BasePage - INFO - Current page title is µÇÂ¼
2021-06-27 05:46:23,551 - BasePage - INFO - Current page title is µÇÂ¼
2021-06-27 05:46:23,555 - BasePage - INFO - Current page title is µÇÂ¼
2021-06-27 05:46:23,558 - BasePage - INFO - Current page title is µÇÂ¼
2021-06-27 05:46:23,562 - BasePage - INFO - Current page title is µÇÂ¼
2021-06-27 05:46:23,565 - BasePage - INFO - Current page title is µÇÂ¼
2021-06-27 05:46:23,569 - BasePage - INFO - Current page title is µÇÂ¼
2021-06-27 05:46:23,572 - BasePage - INFO - Current page title is µÇÂ¼
2021-06-27 05:46:23,575 - BasePage - INFO - Current page title is µÇÂ¼
2021-06-27 05:46:23,578 - BasePage - INFO - Current page title is µÇÂ¼
2021-06-27 05:46:23,582 - BasePage - INFO - Current page title is µÇÂ¼
2021-06-27 05:46:23,585 - BasePage - INFO - Current page title is µÇÂ¼
2021-06-27 05:46:23,589 - BasePage - INFO - Current page title is µÇÂ¼
2021-06-27 05:46:23,592 - BasePage - INFO - Current page title is µÇÂ¼
2021-06-27 05:46:23,596 - BasePage - INFO - Current page title is µÇÂ¼
2021-06-27 05:46:23,599 - BasePage - INFO - Current page title is µÇÂ¼
2021-06-27 05:46:23,603 - BasePage - INFO - Current page title is µÇÂ¼
2021-06-27 05:46:23,607 - BasePage - INFO - Current page title is µÇÂ¼
2021-06-27 05:46:23,611 - BasePage - INFO - Current page title is µÇÂ¼
2021-06-27 05:46:23,615 - BasePage - INFO - Current page title is µÇÂ¼
2021-06-27 05:46:23,619 - BasePage - INFO - Current page title is µÇÂ¼
2021-06-27 05:46:23,622 - BasePage - INFO - Current page title is µÇÂ¼
2021-06-27 05:46:23,626 - BasePage - INFO - Current page title is µÇÂ¼
2021-06-27 05:46:23,629 - BasePage - INFO - Current page title is µÇÂ¼
2021-06-27 05:46:23,632 - BasePage - INFO - Current page title is µÇÂ¼
2021-06-27 05:46:23,636 - BasePage - INFO - Current page title is µÇÂ¼
2021-06-27 05:46:23,639 - BasePage - INFO - Current page title is µÇÂ¼
2021-06-27 05:46:23,642 - BasePage - INFO - Current page title is µÇÂ¼
2021-06-27 05:46:23,646 - BasePage - INFO - Current page title is µÇÂ¼
2021-06-27 05:46:23,649 - BasePage - INFO - Current page title is µÇÂ¼
2021-06-27 05:46:23,652 - BasePage - INFO - Current page title is µÇÂ¼
