2021-06-28 21:50:27,733 - BrowserEngine - INFO - You had select Chrome browser.
2021-06-28 21:50:27,733 - BrowserEngine - INFO - The test server url is: https://bjjj.zhongchebaolian.com/cgsadm
2021-06-28 21:50:28,808 - BrowserEngine - INFO - Starting Chrome browser
2021-06-28 21:50:30,690 - BrowserEngine - INFO - Open url: https://bjjj.zhongchebaolian.com/cgsadm 
2021-06-28 21:50:31,013 - BrowserEngine - INFO - Maximize the current window. 
2021-06-28 21:50:31,030 - BasePage - INFO - Had find the element '  ' seccessful by id via value:  imgCode 
2021-06-28 21:50:31,677 - BasePage - INFO - Had find the element '  ' seccessful by id via value:  username 
2021-06-28 21:50:31,743 - BasePage - INFO - Had type ' 17600352198 ' in inputBox
2021-06-28 21:50:31,758 - BasePage - INFO - Had find the element '  ' seccessful by id via value:  password 
2021-06-28 21:50:31,851 - BasePage - INFO - Had type ' a12345678 ' in inputBox
2021-06-28 21:50:31,853 - BasePage - INFO - Current page title is µÇÂ¼
2021-06-28 21:50:33,856 - BasePage - INFO - Sleep for 2 seconds
2021-06-28 21:50:33,866 - BasePage - INFO - Had find the element '  ' seccessful by id via value:  imgCode 
2021-06-28 21:50:34,237 - BasePage - INFO - Had find the element '  ' seccessful by id via value:  account-img-code 
2021-06-28 21:50:34,286 - BasePage - INFO - Had type ' 6436 ' in inputBox
2021-06-28 21:50:34,301 - BasePage - INFO - Had find the element ' µÇÂ¼ ' seccessful by id via value:  login-btn 
2021-06-28 21:50:34,305 - BasePage - INFO - The element ' µÇÂ¼ ' was clicked.
2021-06-28 21:50:34,335 - BasePage - INFO - Current page title is µÇÂ¼
2021-06-28 21:50:36,338 - BasePage - INFO - Sleep for 2 seconds
2021-06-28 21:50:36,347 - BasePage - INFO - Had find the element '  ' seccessful by id via value:  imgCode 
2021-06-28 21:50:36,645 - BasePage - INFO - Had find the element '  ' seccessful by id via value:  account-img-code 
2021-06-28 21:50:36,677 - BasePage - INFO - Had type ' 579 ' in inputBox
2021-06-28 21:50:36,685 - BasePage - INFO - Had find the element ' µÇÂ¼ ' seccessful by id via value:  login-btn 
2021-06-28 21:50:36,689 - BasePage - INFO - The element ' µÇÂ¼ ' was clicked.
2021-06-28 21:50:36,705 - BasePage - INFO - Current page title is µÇÂ¼
2021-06-28 21:50:38,709 - BasePage - INFO - Sleep for 2 seconds
2021-06-28 21:50:38,718 - BasePage - INFO - Had find the element '  ' seccessful by id via value:  imgCode 
2021-06-28 21:50:39,111 - BasePage - INFO - Had find the element '  ' seccessful by id via value:  imgCode 
2021-06-28 21:50:39,719 - BasePage - INFO - Had find the element '  ' seccessful by id via value:  imgCode 
2021-06-28 21:50:39,723 - BasePage - INFO - The element '  ' was clicked.
2021-06-28 21:50:39,750 - BasePage - INFO - Had find the element '  ' seccessful by id via value:  imgCode 
2021-06-28 21:50:40,340 - BasePage - INFO - Current page title is µÇÂ¼
2021-06-28 21:50:42,343 - BasePage - INFO - Sleep for 2 seconds
2021-06-28 21:50:42,352 - BasePage - INFO - Had find the element '  ' seccessful by id via value:  imgCode 
2021-06-28 21:50:43,817 - BasePage - INFO - Had find the element '  ' seccessful by id via value:  account-img-code 
2021-06-28 21:50:43,866 - BasePage - INFO - Had type ' 8 ' in inputBox
2021-06-28 21:50:43,880 - BasePage - INFO - Had find the element ' µÇÂ¼ ' seccessful by id via value:  login-btn 
2021-06-28 21:50:43,885 - BasePage - INFO - The element ' µÇÂ¼ ' was clicked.
2021-06-28 21:50:43,910 - BasePage - INFO - Current page title is µÇÂ¼
2021-06-28 21:50:45,911 - BasePage - INFO - Sleep for 2 seconds
2021-06-28 21:50:45,921 - BasePage - INFO - Had find the element '  ' seccessful by id via value:  imgCode 
2021-06-28 21:50:46,346 - BasePage - INFO - Had find the element '  ' seccessful by id via value:  account-img-code 
2021-06-28 21:50:46,375 - BasePage - INFO - Had type ' 2864 ' in inputBox
2021-06-28 21:50:46,385 - BasePage - INFO - Had find the element ' µÇÂ¼ ' seccessful by id via value:  login-btn 
2021-06-28 21:50:46,388 - BasePage - INFO - The element ' µÇÂ¼ ' was clicked.
2021-06-28 21:50:46,405 - BasePage - INFO - Current page title is µÇÂ¼
2021-06-28 21:50:48,408 - BasePage - INFO - Sleep for 2 seconds
2021-06-28 21:50:48,416 - BasePage - INFO - Had find the element '  ' seccessful by id via value:  imgCode 
2021-06-28 21:50:48,859 - BasePage - INFO - Had find the element '  ' seccessful by id via value:  account-img-code 
2021-06-28 21:50:48,890 - BasePage - INFO - Had type ' 2238 ' in inputBox
2021-06-28 21:50:48,899 - BasePage - INFO - Had find the element ' µÇÂ¼ ' seccessful by id via value:  login-btn 
2021-06-28 21:50:48,902 - BasePage - INFO - The element ' µÇÂ¼ ' was clicked.
2021-06-28 21:50:48,919 - BasePage - INFO - Current page title is µÇÂ¼
2021-06-28 21:50:50,922 - BasePage - INFO - Sleep for 2 seconds
2021-06-28 21:50:50,932 - BasePage - INFO - Had find the element '  ' seccessful by id via value:  imgCode 
2021-06-28 21:50:51,222 - BasePage - INFO - Had find the element '  ' seccessful by id via value:  account-img-code 
2021-06-28 21:50:51,255 - BasePage - INFO - Had type ' 001 ' in inputBox
2021-06-28 21:50:51,263 - BasePage - INFO - Had find the element ' µÇÂ¼ ' seccessful by id via value:  login-btn 
2021-06-28 21:50:51,267 - BasePage - INFO - The element ' µÇÂ¼ ' was clicked.
2021-06-28 21:50:51,283 - BasePage - INFO - Current page title is µÇÂ¼
2021-06-28 21:50:53,285 - BasePage - INFO - Sleep for 2 seconds
2021-06-28 21:50:53,295 - BasePage - INFO - Had find the element '  ' seccessful by id via value:  imgCode 
2021-06-28 21:50:53,801 - BasePage - INFO - Had find the element '  ' seccessful by id via value:  imgCode 
2021-06-28 21:50:54,078 - BasePage - INFO - Had find the element '  ' seccessful by id via value:  imgCode 
2021-06-28 21:50:54,083 - BasePage - INFO - The element '  ' was clicked.
2021-06-28 21:50:54,103 - BasePage - INFO - Had find the element '  ' seccessful by id via value:  imgCode 
2021-06-28 21:50:54,332 - BasePage - INFO - Current page title is µÇÂ¼
2021-06-28 21:50:56,335 - BasePage - INFO - Sleep for 2 seconds
2021-06-28 21:50:56,345 - BasePage - INFO - Had find the element '  ' seccessful by id via value:  imgCode 
2021-06-28 21:50:57,060 - BasePage - INFO - Had find the element '  ' seccessful by id via value:  account-img-code 
2021-06-28 21:50:57,095 - BasePage - INFO - Had type ' 7784 ' in inputBox
2021-06-28 21:50:57,103 - BasePage - INFO - Had find the element ' µÇÂ¼ ' seccessful by id via value:  login-btn 
2021-06-28 21:50:57,106 - BasePage - INFO - The element ' µÇÂ¼ ' was clicked.
2021-06-28 21:50:57,121 - BasePage - INFO - Current page title is µÇÂ¼
2021-06-28 21:50:59,124 - BasePage - INFO - Sleep for 2 seconds
2021-06-28 21:50:59,133 - BasePage - INFO - Had find the element '  ' seccessful by id via value:  imgCode 
2021-06-28 21:50:59,641 - BasePage - INFO - Had find the element '  ' seccessful by id via value:  account-img-code 
2021-06-28 21:50:59,672 - BasePage - INFO - Had type ' 3-910 ' in inputBox
2021-06-28 21:50:59,680 - BasePage - INFO - Had find the element ' µÇÂ¼ ' seccessful by id via value:  login-btn 
2021-06-28 21:50:59,684 - BasePage - INFO - The element ' µÇÂ¼ ' was clicked.
2021-06-28 21:50:59,701 - BasePage - INFO - Current page title is µÇÂ¼
2021-06-28 21:51:01,704 - BasePage - INFO - Sleep for 2 seconds
2021-06-28 21:51:01,714 - BasePage - INFO - Had find the element '  ' seccessful by id via value:  imgCode 
