2021-06-27 05:22:01,978 - BrowserEngine - INFO - You had select Chrome browser.
2021-06-27 05:22:01,978 - BrowserEngine - INFO - The test server url is: https://bjjj.zhongchebaolian.com/cgsadm
2021-06-27 05:22:03,048 - BrowserEngine - INFO - Starting Chrome browser
2021-06-27 05:22:04,669 - BrowserEngine - INFO - Open url: https://bjjj.zhongchebaolian.com/cgsadm 
2021-06-27 05:22:04,964 - BrowserEngine - INFO - Maximize the current window. 
2021-06-27 05:22:04,981 - BasePage - INFO - Had find the element '  ' seccessful by id via value:  username 
2021-06-27 05:22:05,062 - BasePage - INFO - Had type ' 17600352198 ' in inputBox
2021-06-27 05:22:05,076 - BasePage - INFO - Had find the element '  ' seccessful by id via value:  password 
2021-06-27 05:22:05,141 - BasePage - INFO - Had type ' a12345678 ' in inputBox
2021-06-27 05:22:05,156 - BasePage - INFO - Had find the element '  ' seccessful by id via value:  account-img-code 
2021-06-27 05:22:05,204 - BasePage - INFO - Had type ' 1234 ' in inputBox
2021-06-27 05:22:05,219 - BasePage - INFO - Had find the element ' µÇÂ¼ ' seccessful by id via value:  login-btn 
2021-06-27 05:22:05,224 - BasePage - INFO - The element ' µÇÂ¼ ' was clicked.
2021-06-27 05:22:05,252 - BasePage - INFO - Current page title is µÇÂ¼
2021-06-27 05:22:10,255 - BasePage - INFO - Sleep for 5 seconds
2021-06-27 05:22:10,263 - BasePage - INFO - Had find the element ' µÇÂ¼ ' seccessful by id via value:  login-btn 
2021-06-27 05:22:10,267 - BasePage - INFO - The element ' µÇÂ¼ ' was clicked.
2021-06-27 05:22:10,280 - BasePage - INFO - Current page title is µÇÂ¼
2021-06-27 05:22:15,283 - BasePage - INFO - Sleep for 5 seconds
2021-06-27 05:22:15,298 - BasePage - INFO - Had find the element ' µÇÂ¼ ' seccessful by id via value:  login-btn 
2021-06-27 05:22:15,302 - BasePage - INFO - The element ' µÇÂ¼ ' was clicked.
2021-06-27 05:22:15,325 - BasePage - INFO - Current page title is µÇÂ¼
2021-06-27 05:22:20,328 - BasePage - INFO - Sleep for 5 seconds
2021-06-27 05:22:20,337 - BasePage - INFO - Had find the element ' µÇÂ¼ ' seccessful by id via value:  login-btn 
2021-06-27 05:22:20,342 - BasePage - INFO - The element ' µÇÂ¼ ' was clicked.
2021-06-27 05:22:20,359 - BasePage - INFO - Current page title is µÇÂ¼
2021-06-27 05:22:25,361 - BasePage - INFO - Sleep for 5 seconds
2021-06-27 05:22:25,370 - BasePage - INFO - Had find the element ' µÇÂ¼ ' seccessful by id via value:  login-btn 
2021-06-27 05:22:25,375 - BasePage - INFO - The element ' µÇÂ¼ ' was clicked.
