2021-06-27 04:35:34,223 - BrowserEngine - INFO - You had select Chrome browser.
2021-06-27 04:35:34,223 - BrowserEngine - INFO - The test server url is: https://bjjj.zhongchebaolian.com/cgsadm
2021-06-27 04:35:35,332 - BrowserEngine - INFO - Starting Chrome browser
2021-06-27 04:35:37,136 - BrowserEngine - INFO - Open url: https://bjjj.zhongchebaolian.com/cgsadm 
2021-06-27 04:35:37,488 - BrowserEngine - INFO - Maximize the current window. 
2021-06-27 04:35:37,505 - BasePage - INFO - 1
2021-06-27 04:35:37,516 - BasePage - INFO - Had find the element '  ' seccessful by id via value:  username 
2021-06-27 04:35:37,624 - BasePage - INFO - Had type ' 17600352198 ' in inputBox
2021-06-27 04:35:37,633 - BasePage - INFO - 1
2021-06-27 04:35:37,641 - BasePage - INFO - Had find the element '  ' seccessful by id via value:  password 
2021-06-27 04:35:37,714 - BasePage - INFO - Had type ' a12345678 ' in inputBox
2021-06-27 04:35:37,722 - BasePage - INFO - 1
2021-06-27 04:35:37,731 - BasePage - INFO - Had find the element '  ' seccessful by id via value:  account-img-code 
2021-06-27 04:35:37,795 - BasePage - INFO - Had type ' 1234 ' in inputBox
2021-06-27 04:35:37,797 - BasePage - INFO - wait for 5 seconds.
2021-06-27 04:35:37,807 - BasePage - INFO - 1
2021-06-27 04:35:37,817 - BasePage - INFO - Had find the element ' µÇÂ¼ ' seccessful by id via value:  login-btn 
2021-06-27 04:35:37,822 - BasePage - INFO - The element ' µÇÂ¼ ' was clicked.
2021-06-27 04:35:37,865 - BasePage - INFO - 1
2021-06-27 04:35:37,876 - BasePage - INFO - Had find the element '  ' seccessful by id via value:  login-error-box 
2021-06-27 04:35:37,883 - BasePage - INFO - wait for 1 seconds.
2021-06-27 04:35:37,883 - BasePage - INFO - wait for 5 seconds.
2021-06-27 04:35:37,888 - BasePage - INFO - 1
2021-06-27 04:35:37,894 - BasePage - INFO - Had find the element '  ' seccessful by id via value:  account-img-code 
2021-06-27 04:35:37,972 - BasePage - INFO - Had type ' 1234 ' in inputBox
2021-06-27 04:35:37,976 - BasePage - INFO - 1
2021-06-27 04:35:37,984 - BasePage - INFO - Had find the element ' µÇÂ¼ ' seccessful by id via value:  login-btn 
2021-06-27 04:35:37,989 - BasePage - INFO - The element ' µÇÂ¼ ' was clicked.
2021-06-27 04:35:38,015 - BasePage - INFO - wait for 1 seconds.
2021-06-27 04:35:38,015 - BasePage - INFO - wait for 5 seconds.
2021-06-27 04:35:38,021 - BasePage - INFO - 1
2021-06-27 04:35:38,031 - BasePage - INFO - Had find the element '  ' seccessful by id via value:  account-img-code 
2021-06-27 04:35:38,077 - BasePage - INFO - Had type ' 1234 ' in inputBox
2021-06-27 04:35:38,083 - BasePage - INFO - 1
2021-06-27 04:35:38,090 - BasePage - INFO - Had find the element ' µÇÂ¼ ' seccessful by id via value:  login-btn 
2021-06-27 04:35:38,094 - BasePage - INFO - The element ' µÇÂ¼ ' was clicked.
2021-06-27 04:35:38,111 - BasePage - INFO - wait for 1 seconds.
2021-06-27 04:35:38,113 - BasePage - INFO - wait for 5 seconds.
2021-06-27 04:35:38,117 - BasePage - INFO - 1
2021-06-27 04:35:38,124 - BasePage - INFO - Had find the element '  ' seccessful by id via value:  account-img-code 
2021-06-27 04:35:38,170 - BasePage - INFO - Had type ' 1234 ' in inputBox
2021-06-27 04:35:38,174 - BasePage - INFO - 1
2021-06-27 04:35:38,178 - BasePage - INFO - Had find the element ' µÇÂ¼ ' seccessful by id via value:  login-btn 
2021-06-27 04:35:38,186 - BasePage - INFO - The element ' µÇÂ¼ ' was clicked.
2021-06-27 04:35:38,203 - BasePage - INFO - wait for 1 seconds.
2021-06-27 04:35:38,204 - BasePage - INFO - wait for 5 seconds.
2021-06-27 04:35:38,213 - BasePage - INFO - 1
2021-06-27 04:35:38,219 - BasePage - INFO - Had find the element '  ' seccessful by id via value:  account-img-code 
2021-06-27 04:35:38,268 - BasePage - INFO - Had type ' 1234 ' in inputBox
2021-06-27 04:35:38,275 - BasePage - INFO - 1
2021-06-27 04:35:38,282 - BasePage - INFO - Had find the element ' µÇÂ¼ ' seccessful by id via value:  login-btn 
2021-06-27 04:35:38,287 - BasePage - INFO - The element ' µÇÂ¼ ' was clicked.
2021-06-27 04:35:38,305 - BasePage - INFO - wait for 1 seconds.
2021-06-27 04:35:38,306 - BasePage - INFO - wait for 5 seconds.
2021-06-27 04:35:38,314 - BasePage - INFO - 1
2021-06-27 04:35:38,319 - BasePage - INFO - Had find the element '  ' seccessful by id via value:  account-img-code 
2021-06-27 04:35:38,373 - BasePage - INFO - Had type ' 1234 ' in inputBox
2021-06-27 04:35:38,379 - BasePage - INFO - 1
2021-06-27 04:35:38,385 - BasePage - INFO - Had find the element ' µÇÂ¼ ' seccessful by id via value:  login-btn 
2021-06-27 04:35:38,388 - BasePage - INFO - The element ' µÇÂ¼ ' was clicked.
2021-06-27 04:35:38,408 - BasePage - INFO - wait for 1 seconds.
2021-06-27 04:35:38,408 - BasePage - INFO - wait for 5 seconds.
2021-06-27 04:35:38,416 - BasePage - INFO - 1
2021-06-27 04:35:38,420 - BasePage - INFO - Had find the element '  ' seccessful by id via value:  account-img-code 
2021-06-27 04:35:38,477 - BasePage - INFO - Had type ' 1234 ' in inputBox
2021-06-27 04:35:38,483 - BasePage - INFO - 1
2021-06-27 04:35:38,487 - BasePage - INFO - Had find the element ' µÇÂ¼ ' seccessful by id via value:  login-btn 
2021-06-27 04:35:38,493 - BasePage - INFO - The element ' µÇÂ¼ ' was clicked.
2021-06-27 04:35:38,513 - BasePage - INFO - wait for 1 seconds.
2021-06-27 04:35:38,514 - BasePage - INFO - wait for 5 seconds.
2021-06-27 04:35:38,518 - BasePage - INFO - 1
2021-06-27 04:35:38,522 - BasePage - INFO - Had find the element '  ' seccessful by id via value:  account-img-code 
2021-06-27 04:35:38,572 - BasePage - INFO - Had type ' 1234 ' in inputBox
2021-06-27 04:35:38,576 - BasePage - INFO - 1
2021-06-27 04:35:38,582 - BasePage - INFO - Had find the element ' µÇÂ¼ ' seccessful by id via value:  login-btn 
2021-06-27 04:35:38,587 - BasePage - INFO - The element ' µÇÂ¼ ' was clicked.
2021-06-27 04:35:38,604 - BasePage - INFO - wait for 1 seconds.
2021-06-27 04:35:38,605 - BasePage - INFO - wait for 5 seconds.
2021-06-27 04:35:38,609 - BasePage - INFO - 1
2021-06-27 04:35:38,614 - BasePage - INFO - Had find the element '  ' seccessful by id via value:  account-img-code 
2021-06-27 04:35:38,661 - BasePage - INFO - Had type ' 1234 ' in inputBox
2021-06-27 04:35:38,667 - BasePage - INFO - 1
2021-06-27 04:35:38,671 - BasePage - INFO - Had find the element ' µÇÂ¼ ' seccessful by id via value:  login-btn 
2021-06-27 04:35:38,675 - BasePage - INFO - The element ' µÇÂ¼ ' was clicked.
2021-06-27 04:35:38,693 - BasePage - INFO - wait for 1 seconds.
2021-06-27 04:35:38,694 - BasePage - INFO - wait for 5 seconds.
2021-06-27 04:35:38,700 - BasePage - INFO - 1
2021-06-27 04:35:38,704 - BasePage - INFO - Had find the element '  ' seccessful by id via value:  account-img-code 
2021-06-27 04:35:38,753 - BasePage - INFO - Had type ' 1234 ' in inputBox
2021-06-27 04:35:38,757 - BasePage - INFO - 1
2021-06-27 04:35:38,761 - BasePage - INFO - Had find the element ' µÇÂ¼ ' seccessful by id via value:  login-btn 
2021-06-27 04:35:38,767 - BasePage - INFO - The element ' µÇÂ¼ ' was clicked.
2021-06-27 04:35:38,784 - BasePage - INFO - wait for 1 seconds.
2021-06-27 04:35:38,784 - BasePage - INFO - wait for 5 seconds.
2021-06-27 04:35:38,789 - BasePage - INFO - 1
2021-06-27 04:35:38,793 - BasePage - INFO - Had find the element '  ' seccessful by id via value:  account-img-code 
2021-06-27 04:35:38,851 - BasePage - INFO - Had type ' 1234 ' in inputBox
2021-06-27 04:35:38,854 - BasePage - INFO - 1
2021-06-27 04:35:38,858 - BasePage - INFO - Had find the element ' µÇÂ¼ ' seccessful by id via value:  login-btn 
2021-06-27 04:35:38,864 - BasePage - INFO - The element ' µÇÂ¼ ' was clicked.
2021-06-27 04:35:38,885 - BasePage - INFO - wait for 1 seconds.
2021-06-27 04:35:38,885 - BasePage - INFO - wait for 5 seconds.
2021-06-27 04:35:38,890 - BasePage - INFO - 1
2021-06-27 04:35:38,894 - BasePage - INFO - Had find the element '  ' seccessful by id via value:  account-img-code 
2021-06-27 04:35:38,944 - BasePage - INFO - Had type ' 1234 ' in inputBox
2021-06-27 04:35:38,951 - BasePage - INFO - 1
2021-06-27 04:35:38,955 - BasePage - INFO - Had find the element ' µÇÂ¼ ' seccessful by id via value:  login-btn 
2021-06-27 04:35:38,960 - BasePage - INFO - The element ' µÇÂ¼ ' was clicked.
2021-06-27 04:35:38,978 - BasePage - INFO - wait for 1 seconds.
2021-06-27 04:35:38,980 - BasePage - INFO - wait for 5 seconds.
2021-06-27 04:35:38,985 - BasePage - INFO - 1
2021-06-27 04:35:38,990 - BasePage - INFO - Had find the element '  ' seccessful by id via value:  account-img-code 
2021-06-27 04:35:39,037 - BasePage - INFO - Had type ' 1234 ' in inputBox
2021-06-27 04:35:39,041 - BasePage - INFO - 1
2021-06-27 04:35:39,048 - BasePage - INFO - Had find the element ' µÇÂ¼ ' seccessful by id via value:  login-btn 
2021-06-27 04:35:39,054 - BasePage - INFO - The element ' µÇÂ¼ ' was clicked.
2021-06-27 04:35:39,072 - BasePage - INFO - wait for 1 seconds.
2021-06-27 04:35:39,073 - BasePage - INFO - wait for 5 seconds.
2021-06-27 04:35:39,077 - BasePage - INFO - 1
2021-06-27 04:35:39,082 - BasePage - INFO - Had find the element '  ' seccessful by id via value:  account-img-code 
2021-06-27 04:35:39,134 - BasePage - INFO - Had type ' 1234 ' in inputBox
2021-06-27 04:35:39,138 - BasePage - INFO - 1
2021-06-27 04:35:39,142 - BasePage - INFO - Had find the element ' µÇÂ¼ ' seccessful by id via value:  login-btn 
2021-06-27 04:35:39,148 - BasePage - INFO - The element ' µÇÂ¼ ' was clicked.
2021-06-27 04:35:39,167 - BasePage - INFO - wait for 1 seconds.
2021-06-27 04:35:39,167 - BasePage - INFO - wait for 5 seconds.
2021-06-27 04:35:39,171 - BasePage - INFO - 1
2021-06-27 04:35:39,175 - BasePage - INFO - Had find the element '  ' seccessful by id via value:  account-img-code 
2021-06-27 04:35:39,222 - BasePage - INFO - Had type ' 1234 ' in inputBox
2021-06-27 04:35:39,227 - BasePage - INFO - 1
2021-06-27 04:35:39,233 - BasePage - INFO - Had find the element ' µÇÂ¼ ' seccessful by id via value:  login-btn 
2021-06-27 04:35:39,237 - BasePage - INFO - The element ' µÇÂ¼ ' was clicked.
2021-06-27 04:35:39,254 - BasePage - INFO - wait for 1 seconds.
2021-06-27 04:35:39,255 - BasePage - INFO - wait for 5 seconds.
2021-06-27 04:35:39,260 - BasePage - INFO - 1
2021-06-27 04:35:39,265 - BasePage - INFO - Had find the element '  ' seccessful by id via value:  account-img-code 
2021-06-27 04:35:39,310 - BasePage - INFO - Had type ' 1234 ' in inputBox
2021-06-27 04:35:39,316 - BasePage - INFO - 1
2021-06-27 04:35:39,320 - BasePage - INFO - Had find the element ' µÇÂ¼ ' seccessful by id via value:  login-btn 
2021-06-27 04:35:39,324 - BasePage - INFO - The element ' µÇÂ¼ ' was clicked.
2021-06-27 04:35:39,341 - BasePage - INFO - wait for 1 seconds.
2021-06-27 04:35:39,341 - BasePage - INFO - wait for 5 seconds.
2021-06-27 04:35:39,349 - BasePage - INFO - 1
2021-06-27 04:35:39,353 - BasePage - INFO - Had find the element '  ' seccessful by id via value:  account-img-code 
2021-06-27 04:35:39,392 - BasePage - INFO - Had type ' 1234 ' in inputBox
2021-06-27 04:35:39,398 - BasePage - INFO - 1
2021-06-27 04:35:39,404 - BasePage - INFO - Had find the element ' µÇÂ¼ ' seccessful by id via value:  login-btn 
2021-06-27 04:35:39,408 - BasePage - INFO - The element ' µÇÂ¼ ' was clicked.
2021-06-27 04:35:39,425 - BasePage - INFO - wait for 1 seconds.
2021-06-27 04:35:39,426 - BasePage - INFO - wait for 5 seconds.
2021-06-27 04:35:39,433 - BasePage - INFO - 1
2021-06-27 04:35:39,438 - BasePage - INFO - Had find the element '  ' seccessful by id via value:  account-img-code 
2021-06-27 04:35:39,479 - BasePage - INFO - Had type ' 1234 ' in inputBox
2021-06-27 04:35:39,483 - BasePage - INFO - 1
2021-06-27 04:35:39,487 - BasePage - INFO - Had find the element ' µÇÂ¼ ' seccessful by id via value:  login-btn 
2021-06-27 04:35:39,492 - BasePage - INFO - The element ' µÇÂ¼ ' was clicked.
2021-06-27 04:35:39,508 - BasePage - INFO - wait for 1 seconds.
2021-06-27 04:35:39,509 - BasePage - INFO - wait for 5 seconds.
2021-06-27 04:35:39,515 - BasePage - INFO - 1
2021-06-27 04:35:39,519 - BasePage - INFO - Had find the element '  ' seccessful by id via value:  account-img-code 
2021-06-27 04:35:39,564 - BasePage - INFO - Had type ' 1234 ' in inputBox
2021-06-27 04:35:39,568 - BasePage - INFO - 1
2021-06-27 04:35:39,572 - BasePage - INFO - Had find the element ' µÇÂ¼ ' seccessful by id via value:  login-btn 
2021-06-27 04:35:39,576 - BasePage - INFO - The element ' µÇÂ¼ ' was clicked.
2021-06-27 04:35:39,593 - BasePage - INFO - wait for 1 seconds.
2021-06-27 04:35:39,594 - BasePage - INFO - wait for 5 seconds.
2021-06-27 04:35:39,600 - BasePage - INFO - 1
2021-06-27 04:35:39,604 - BasePage - INFO - Had find the element '  ' seccessful by id via value:  account-img-code 
2021-06-27 04:35:39,644 - BasePage - INFO - Had type ' 1234 ' in inputBox
2021-06-27 04:35:39,651 - BasePage - INFO - 1
2021-06-27 04:35:39,656 - BasePage - INFO - Had find the element ' µÇÂ¼ ' seccessful by id via value:  login-btn 
2021-06-27 04:35:39,661 - BasePage - INFO - The element ' µÇÂ¼ ' was clicked.
2021-06-27 04:35:39,677 - BasePage - INFO - wait for 1 seconds.
2021-06-27 04:35:39,677 - BasePage - INFO - wait for 5 seconds.
2021-06-27 04:35:39,685 - BasePage - INFO - 1
2021-06-27 04:35:39,691 - BasePage - INFO - Had find the element '  ' seccessful by id via value:  account-img-code 
2021-06-27 04:35:39,733 - BasePage - INFO - Had type ' 1234 ' in inputBox
2021-06-27 04:35:39,737 - BasePage - INFO - 1
2021-06-27 04:35:39,742 - BasePage - INFO - Had find the element ' µÇÂ¼ ' seccessful by id via value:  login-btn 
2021-06-27 04:35:39,749 - BasePage - INFO - The element ' µÇÂ¼ ' was clicked.
2021-06-27 04:35:39,766 - BasePage - INFO - wait for 1 seconds.
2021-06-27 04:35:39,767 - BasePage - INFO - wait for 5 seconds.
2021-06-27 04:35:39,772 - BasePage - INFO - 1
2021-06-27 04:35:39,779 - BasePage - INFO - Had find the element '  ' seccessful by id via value:  account-img-code 
2021-06-27 04:35:39,824 - BasePage - INFO - Had type ' 1234 ' in inputBox
2021-06-27 04:35:39,830 - BasePage - INFO - 1
2021-06-27 04:35:39,838 - BasePage - INFO - Had find the element ' µÇÂ¼ ' seccessful by id via value:  login-btn 
2021-06-27 04:35:39,843 - BasePage - INFO - The element ' µÇÂ¼ ' was clicked.
2021-06-27 04:35:39,859 - BasePage - INFO - wait for 1 seconds.
2021-06-27 04:35:39,859 - BasePage - INFO - wait for 5 seconds.
2021-06-27 04:35:39,865 - BasePage - INFO - 1
2021-06-27 04:35:39,873 - BasePage - INFO - Had find the element '  ' seccessful by id via value:  account-img-code 
2021-06-27 04:35:39,921 - BasePage - INFO - Had type ' 1234 ' in inputBox
2021-06-27 04:35:39,924 - BasePage - INFO - 1
2021-06-27 04:35:39,933 - BasePage - INFO - Had find the element ' µÇÂ¼ ' seccessful by id via value:  login-btn 
2021-06-27 04:35:39,938 - BasePage - INFO - The element ' µÇÂ¼ ' was clicked.
2021-06-27 04:35:39,953 - BasePage - INFO - wait for 1 seconds.
2021-06-27 04:35:39,954 - BasePage - INFO - wait for 5 seconds.
2021-06-27 04:35:39,958 - BasePage - INFO - 1
2021-06-27 04:35:39,969 - BasePage - INFO - Had find the element '  ' seccessful by id via value:  account-img-code 
2021-06-27 04:35:40,010 - BasePage - INFO - Had type ' 1234 ' in inputBox
2021-06-27 04:35:40,016 - BasePage - INFO - 1
2021-06-27 04:35:40,020 - BasePage - INFO - Had find the element ' µÇÂ¼ ' seccessful by id via value:  login-btn 
2021-06-27 04:35:40,028 - BasePage - INFO - The element ' µÇÂ¼ ' was clicked.
2021-06-27 04:35:40,043 - BasePage - INFO - wait for 1 seconds.
2021-06-27 04:35:40,044 - BasePage - INFO - wait for 5 seconds.
2021-06-27 04:35:40,050 - BasePage - INFO - 1
2021-06-27 04:35:40,056 - BasePage - INFO - Had find the element '  ' seccessful by id via value:  account-img-code 
2021-06-27 04:35:40,105 - BasePage - INFO - Had type ' 1234 ' in inputBox
2021-06-27 04:35:40,109 - BasePage - INFO - 1
2021-06-27 04:35:40,114 - BasePage - INFO - Had find the element ' µÇÂ¼ ' seccessful by id via value:  login-btn 
2021-06-27 04:35:40,120 - BasePage - INFO - The element ' µÇÂ¼ ' was clicked.
2021-06-27 04:35:40,135 - BasePage - INFO - wait for 1 seconds.
2021-06-27 04:35:40,136 - BasePage - INFO - wait for 5 seconds.
2021-06-27 04:35:40,140 - BasePage - INFO - 1
2021-06-27 04:35:40,144 - BasePage - INFO - Had find the element '  ' seccessful by id via value:  account-img-code 
2021-06-27 04:35:40,194 - BasePage - INFO - Had type ' 1234 ' in inputBox
2021-06-27 04:35:40,199 - BasePage - INFO - 1
2021-06-27 04:35:40,203 - BasePage - INFO - Had find the element ' µÇÂ¼ ' seccessful by id via value:  login-btn 
2021-06-27 04:35:40,207 - BasePage - INFO - The element ' µÇÂ¼ ' was clicked.
2021-06-27 04:35:40,226 - BasePage - INFO - wait for 1 seconds.
2021-06-27 04:35:40,226 - BasePage - INFO - wait for 5 seconds.
2021-06-27 04:35:40,232 - BasePage - INFO - 1
2021-06-27 04:35:40,237 - BasePage - INFO - Had find the element '  ' seccessful by id via value:  account-img-code 
2021-06-27 04:35:40,280 - BasePage - INFO - Had type ' 1234 ' in inputBox
2021-06-27 04:35:40,285 - BasePage - INFO - 1
2021-06-27 04:35:40,289 - BasePage - INFO - Had find the element ' µÇÂ¼ ' seccessful by id via value:  login-btn 
2021-06-27 04:35:40,293 - BasePage - INFO - The element ' µÇÂ¼ ' was clicked.
2021-06-27 04:35:40,311 - BasePage - INFO - wait for 1 seconds.
2021-06-27 04:35:40,311 - BasePage - INFO - wait for 5 seconds.
2021-06-27 04:35:40,317 - BasePage - INFO - 1
2021-06-27 04:35:40,324 - BasePage - INFO - Had find the element '  ' seccessful by id via value:  account-img-code 
2021-06-27 04:35:40,365 - BasePage - INFO - Had type ' 1234 ' in inputBox
2021-06-27 04:35:40,372 - BasePage - INFO - 1
2021-06-27 04:35:40,376 - BasePage - INFO - Had find the element ' µÇÂ¼ ' seccessful by id via value:  login-btn 
2021-06-27 04:35:40,382 - BasePage - INFO - The element ' µÇÂ¼ ' was clicked.
2021-06-27 04:35:40,398 - BasePage - INFO - wait for 1 seconds.
2021-06-27 04:35:40,399 - BasePage - INFO - wait for 5 seconds.
2021-06-27 04:35:40,406 - BasePage - INFO - 1
2021-06-27 04:35:40,411 - BasePage - INFO - Had find the element '  ' seccessful by id via value:  account-img-code 
2021-06-27 04:35:40,458 - BasePage - INFO - Had type ' 1234 ' in inputBox
2021-06-27 04:35:40,466 - BasePage - INFO - 1
2021-06-27 04:35:40,470 - BasePage - INFO - Had find the element ' µÇÂ¼ ' seccessful by id via value:  login-btn 
2021-06-27 04:35:40,474 - BasePage - INFO - The element ' µÇÂ¼ ' was clicked.
2021-06-27 04:35:40,488 - BasePage - INFO - wait for 1 seconds.
2021-06-27 04:35:40,489 - BasePage - INFO - wait for 5 seconds.
2021-06-27 04:35:40,493 - BasePage - INFO - 1
2021-06-27 04:35:40,500 - BasePage - INFO - Had find the element '  ' seccessful by id via value:  account-img-code 
2021-06-27 04:35:40,541 - BasePage - INFO - Had type ' 1234 ' in inputBox
2021-06-27 04:35:40,545 - BasePage - INFO - 1
2021-06-27 04:35:40,551 - BasePage - INFO - Had find the element ' µÇÂ¼ ' seccessful by id via value:  login-btn 
2021-06-27 04:35:40,556 - BasePage - INFO - The element ' µÇÂ¼ ' was clicked.
2021-06-27 04:35:40,573 - BasePage - INFO - wait for 1 seconds.
2021-06-27 04:35:40,574 - BasePage - INFO - wait for 5 seconds.
2021-06-27 04:35:40,580 - BasePage - INFO - 1
2021-06-27 04:35:40,585 - BasePage - INFO - Had find the element '  ' seccessful by id via value:  account-img-code 
2021-06-27 04:35:40,633 - BasePage - INFO - Had type ' 1234 ' in inputBox
2021-06-27 04:35:40,637 - BasePage - INFO - 1
2021-06-27 04:35:40,641 - BasePage - INFO - Had find the element ' µÇÂ¼ ' seccessful by id via value:  login-btn 
2021-06-27 04:35:40,644 - BasePage - INFO - The element ' µÇÂ¼ ' was clicked.
2021-06-27 04:35:40,664 - BasePage - INFO - wait for 1 seconds.
2021-06-27 04:35:40,664 - BasePage - INFO - wait for 5 seconds.
2021-06-27 04:35:40,669 - BasePage - INFO - 1
2021-06-27 04:35:40,676 - BasePage - INFO - Had find the element '  ' seccessful by id via value:  account-img-code 
2021-06-27 04:35:40,725 - BasePage - INFO - Had type ' 1234 ' in inputBox
2021-06-27 04:35:40,731 - BasePage - INFO - 1
2021-06-27 04:35:40,735 - BasePage - INFO - Had find the element ' µÇÂ¼ ' seccessful by id via value:  login-btn 
2021-06-27 04:35:40,741 - BasePage - INFO - The element ' µÇÂ¼ ' was clicked.
2021-06-27 04:35:40,758 - BasePage - INFO - wait for 1 seconds.
2021-06-27 04:35:40,759 - BasePage - INFO - wait for 5 seconds.
2021-06-27 04:35:40,765 - BasePage - INFO - 1
2021-06-27 04:35:40,769 - BasePage - INFO - Had find the element '  ' seccessful by id via value:  account-img-code 
2021-06-27 04:35:40,818 - BasePage - INFO - Had type ' 1234 ' in inputBox
2021-06-27 04:35:40,822 - BasePage - INFO - 1
2021-06-27 04:35:40,826 - BasePage - INFO - Had find the element ' µÇÂ¼ ' seccessful by id via value:  login-btn 
2021-06-27 04:35:40,832 - BasePage - INFO - The element ' µÇÂ¼ ' was clicked.
2021-06-27 04:35:40,850 - BasePage - INFO - wait for 1 seconds.
2021-06-27 04:35:40,851 - BasePage - INFO - wait for 5 seconds.
2021-06-27 04:35:40,855 - BasePage - INFO - 1
2021-06-27 04:35:40,859 - BasePage - INFO - Had find the element '  ' seccessful by id via value:  account-img-code 
2021-06-27 04:35:40,901 - BasePage - INFO - Had type ' 1234 ' in inputBox
2021-06-27 04:35:40,906 - BasePage - INFO - 1
2021-06-27 04:35:40,910 - BasePage - INFO - Had find the element ' µÇÂ¼ ' seccessful by id via value:  login-btn 
2021-06-27 04:35:40,916 - BasePage - INFO - The element ' µÇÂ¼ ' was clicked.
2021-06-27 04:35:40,932 - BasePage - INFO - wait for 1 seconds.
2021-06-27 04:35:40,932 - BasePage - INFO - wait for 5 seconds.
2021-06-27 04:35:40,937 - BasePage - INFO - 1
2021-06-27 04:35:40,941 - BasePage - INFO - Had find the element '  ' seccessful by id via value:  account-img-code 
2021-06-27 04:35:40,986 - BasePage - INFO - Had type ' 1234 ' in inputBox
2021-06-27 04:35:40,990 - BasePage - INFO - 1
2021-06-27 04:35:40,997 - BasePage - INFO - Had find the element ' µÇÂ¼ ' seccessful by id via value:  login-btn 
2021-06-27 04:35:41,002 - BasePage - INFO - The element ' µÇÂ¼ ' was clicked.
2021-06-27 04:35:41,016 - BasePage - INFO - wait for 1 seconds.
2021-06-27 04:35:41,017 - BasePage - INFO - wait for 5 seconds.
2021-06-27 04:35:41,021 - BasePage - INFO - 1
2021-06-27 04:35:41,025 - BasePage - INFO - Had find the element '  ' seccessful by id via value:  account-img-code 
2021-06-27 04:35:41,076 - BasePage - INFO - Had type ' 1234 ' in inputBox
2021-06-27 04:35:41,082 - BasePage - INFO - 1
2021-06-27 04:35:41,088 - BasePage - INFO - Had find the element ' µÇÂ¼ ' seccessful by id via value:  login-btn 
2021-06-27 04:35:41,092 - BasePage - INFO - The element ' µÇÂ¼ ' was clicked.
2021-06-27 04:35:41,109 - BasePage - INFO - wait for 1 seconds.
2021-06-27 04:35:41,110 - BasePage - INFO - wait for 5 seconds.
2021-06-27 04:35:41,117 - BasePage - INFO - 1
2021-06-27 04:35:41,124 - BasePage - INFO - Had find the element '  ' seccessful by id via value:  account-img-code 
2021-06-27 04:35:41,174 - BasePage - INFO - Had type ' 1234 ' in inputBox
2021-06-27 04:35:41,179 - BasePage - INFO - 1
2021-06-27 04:35:41,186 - BasePage - INFO - Had find the element ' µÇÂ¼ ' seccessful by id via value:  login-btn 
2021-06-27 04:35:41,192 - BasePage - INFO - The element ' µÇÂ¼ ' was clicked.
2021-06-27 04:35:41,207 - BasePage - INFO - wait for 1 seconds.
2021-06-27 04:35:41,208 - BasePage - INFO - wait for 5 seconds.
2021-06-27 04:35:41,216 - BasePage - INFO - 1
2021-06-27 04:35:41,221 - BasePage - INFO - Had find the element '  ' seccessful by id via value:  account-img-code 
2021-06-27 04:35:41,265 - BasePage - INFO - Had type ' 1234 ' in inputBox
2021-06-27 04:35:41,269 - BasePage - INFO - 1
2021-06-27 04:35:41,274 - BasePage - INFO - Had find the element ' µÇÂ¼ ' seccessful by id via value:  login-btn 
2021-06-27 04:35:41,281 - BasePage - INFO - The element ' µÇÂ¼ ' was clicked.
2021-06-27 04:35:41,294 - BasePage - INFO - wait for 1 seconds.
2021-06-27 04:35:41,296 - BasePage - INFO - wait for 5 seconds.
2021-06-27 04:35:41,302 - BasePage - INFO - 1
2021-06-27 04:35:41,308 - BasePage - INFO - Had find the element '  ' seccessful by id via value:  account-img-code 
2021-06-27 04:35:41,357 - BasePage - INFO - Had type ' 1234 ' in inputBox
2021-06-27 04:35:41,361 - BasePage - INFO - 1
2021-06-27 04:35:41,371 - BasePage - INFO - Had find the element ' µÇÂ¼ ' seccessful by id via value:  login-btn 
2021-06-27 04:35:41,376 - BasePage - INFO - The element ' µÇÂ¼ ' was clicked.
2021-06-27 04:35:41,394 - BasePage - INFO - wait for 1 seconds.
2021-06-27 04:35:41,397 - BasePage - INFO - wait for 5 seconds.
2021-06-27 04:35:41,407 - BasePage - INFO - 1
2021-06-27 04:35:41,414 - BasePage - INFO - Had find the element '  ' seccessful by id via value:  account-img-code 
2021-06-27 04:35:41,459 - BasePage - INFO - Had type ' 1234 ' in inputBox
2021-06-27 04:35:41,469 - BasePage - INFO - 1
2021-06-27 04:35:41,473 - BasePage - INFO - Had find the element ' µÇÂ¼ ' seccessful by id via value:  login-btn 
2021-06-27 04:35:41,478 - BasePage - INFO - The element ' µÇÂ¼ ' was clicked.
2021-06-27 04:35:41,493 - BasePage - INFO - wait for 1 seconds.
2021-06-27 04:35:41,493 - BasePage - INFO - wait for 5 seconds.
2021-06-27 04:35:41,501 - BasePage - INFO - 1
2021-06-27 04:35:41,507 - BasePage - INFO - Had find the element '  ' seccessful by id via value:  account-img-code 
2021-06-27 04:35:41,547 - BasePage - INFO - Had type ' 1234 ' in inputBox
2021-06-27 04:35:41,551 - BasePage - INFO - 1
2021-06-27 04:35:41,557 - BasePage - INFO - Had find the element ' µÇÂ¼ ' seccessful by id via value:  login-btn 
2021-06-27 04:35:41,562 - BasePage - INFO - The element ' µÇÂ¼ ' was clicked.
2021-06-27 04:35:41,576 - BasePage - INFO - wait for 1 seconds.
2021-06-27 04:35:41,576 - BasePage - INFO - wait for 5 seconds.
2021-06-27 04:35:41,581 - BasePage - INFO - 1
2021-06-27 04:35:41,587 - BasePage - INFO - Had find the element '  ' seccessful by id via value:  account-img-code 
2021-06-27 04:35:41,644 - BasePage - INFO - Had type ' 1234 ' in inputBox
2021-06-27 04:35:41,650 - BasePage - INFO - 1
2021-06-27 04:35:41,655 - BasePage - INFO - Had find the element ' µÇÂ¼ ' seccessful by id via value:  login-btn 
2021-06-27 04:35:41,659 - BasePage - INFO - The element ' µÇÂ¼ ' was clicked.
2021-06-27 04:35:41,674 - BasePage - INFO - wait for 1 seconds.
2021-06-27 04:35:41,675 - BasePage - INFO - wait for 5 seconds.
2021-06-27 04:35:41,683 - BasePage - INFO - 1
2021-06-27 04:35:41,688 - BasePage - INFO - Had find the element '  ' seccessful by id via value:  account-img-code 
2021-06-27 04:35:41,731 - BasePage - INFO - Had type ' 1234 ' in inputBox
2021-06-27 04:35:41,735 - BasePage - INFO - 1
2021-06-27 04:35:41,738 - BasePage - INFO - Had find the element ' µÇÂ¼ ' seccessful by id via value:  login-btn 
2021-06-27 04:35:41,759 - BasePage - INFO - The element ' µÇÂ¼ ' was clicked.
2021-06-27 04:35:41,785 - BasePage - INFO - wait for 1 seconds.
2021-06-27 04:35:41,785 - BasePage - INFO - wait for 5 seconds.
2021-06-27 04:35:41,789 - BasePage - INFO - 1
2021-06-27 04:35:41,794 - BasePage - INFO - Had find the element '  ' seccessful by id via value:  account-img-code 
2021-06-27 04:35:41,842 - BasePage - INFO - Had type ' 1234 ' in inputBox
2021-06-27 04:35:41,848 - BasePage - INFO - 1
2021-06-27 04:35:41,852 - BasePage - INFO - Had find the element ' µÇÂ¼ ' seccessful by id via value:  login-btn 
2021-06-27 04:35:41,856 - BasePage - INFO - The element ' µÇÂ¼ ' was clicked.
2021-06-27 04:35:41,872 - BasePage - INFO - wait for 1 seconds.
2021-06-27 04:35:41,873 - BasePage - INFO - wait for 5 seconds.
2021-06-27 04:35:41,877 - BasePage - INFO - 1
2021-06-27 04:35:41,882 - BasePage - INFO - Had find the element '  ' seccessful by id via value:  account-img-code 
2021-06-27 04:35:41,922 - BasePage - INFO - Had type ' 1234 ' in inputBox
2021-06-27 04:35:41,930 - BasePage - INFO - 1
2021-06-27 04:35:41,940 - BasePage - INFO - Had find the element ' µÇÂ¼ ' seccessful by id via value:  login-btn 
2021-06-27 04:35:41,948 - BasePage - INFO - The element ' µÇÂ¼ ' was clicked.
2021-06-27 04:35:41,966 - BasePage - INFO - wait for 1 seconds.
2021-06-27 04:35:41,966 - BasePage - INFO - wait for 5 seconds.
2021-06-27 04:35:41,970 - BasePage - INFO - 1
2021-06-27 04:35:41,975 - BasePage - INFO - Had find the element '  ' seccessful by id via value:  account-img-code 
2021-06-27 04:35:42,010 - BasePage - INFO - Had type ' 1234 ' in inputBox
2021-06-27 04:35:42,016 - BasePage - INFO - 1
2021-06-27 04:35:42,021 - BasePage - INFO - Had find the element ' µÇÂ¼ ' seccessful by id via value:  login-btn 
2021-06-27 04:35:42,026 - BasePage - INFO - The element ' µÇÂ¼ ' was clicked.
2021-06-27 04:35:42,048 - BasePage - INFO - wait for 1 seconds.
2021-06-27 04:35:42,049 - BasePage - INFO - wait for 5 seconds.
2021-06-27 04:35:42,054 - BasePage - INFO - 1
2021-06-27 04:35:42,060 - BasePage - INFO - Had find the element '  ' seccessful by id via value:  account-img-code 
2021-06-27 04:35:42,098 - BasePage - INFO - Had type ' 1234 ' in inputBox
2021-06-27 04:35:42,103 - BasePage - INFO - 1
2021-06-27 04:35:42,107 - BasePage - INFO - Had find the element ' µÇÂ¼ ' seccessful by id via value:  login-btn 
2021-06-27 04:35:42,113 - BasePage - INFO - The element ' µÇÂ¼ ' was clicked.
2021-06-27 04:35:42,135 - BasePage - INFO - wait for 1 seconds.
2021-06-27 04:35:42,136 - BasePage - INFO - wait for 5 seconds.
2021-06-27 04:35:42,141 - BasePage - INFO - 1
2021-06-27 04:35:42,148 - BasePage - INFO - Had find the element '  ' seccessful by id via value:  account-img-code 
2021-06-27 04:35:42,185 - BasePage - INFO - Had type ' 1234 ' in inputBox
2021-06-27 04:35:42,191 - BasePage - INFO - 1
2021-06-27 04:35:42,196 - BasePage - INFO - Had find the element ' µÇÂ¼ ' seccessful by id via value:  login-btn 
2021-06-27 04:35:42,201 - BasePage - INFO - The element ' µÇÂ¼ ' was clicked.
2021-06-27 04:35:42,218 - BasePage - INFO - wait for 1 seconds.
2021-06-27 04:35:42,219 - BasePage - INFO - wait for 5 seconds.
2021-06-27 04:35:42,223 - BasePage - INFO - 1
2021-06-27 04:35:42,227 - BasePage - INFO - Had find the element '  ' seccessful by id via value:  account-img-code 
2021-06-27 04:35:42,266 - BasePage - INFO - Had type ' 1234 ' in inputBox
2021-06-27 04:35:42,271 - BasePage - INFO - 1
2021-06-27 04:35:42,280 - BasePage - INFO - Had find the element ' µÇÂ¼ ' seccessful by id via value:  login-btn 
2021-06-27 04:35:42,286 - BasePage - INFO - The element ' µÇÂ¼ ' was clicked.
2021-06-27 04:35:42,302 - BasePage - INFO - wait for 1 seconds.
2021-06-27 04:35:42,303 - BasePage - INFO - wait for 5 seconds.
2021-06-27 04:35:42,309 - BasePage - INFO - 1
2021-06-27 04:35:42,316 - BasePage - INFO - Had find the element '  ' seccessful by id via value:  account-img-code 
2021-06-27 04:35:42,360 - BasePage - INFO - Had type ' 1234 ' in inputBox
2021-06-27 04:35:42,370 - BasePage - INFO - 1
2021-06-27 04:35:42,375 - BasePage - INFO - Had find the element ' µÇÂ¼ ' seccessful by id via value:  login-btn 
2021-06-27 04:35:42,383 - BasePage - INFO - The element ' µÇÂ¼ ' was clicked.
2021-06-27 04:35:42,401 - BasePage - INFO - wait for 1 seconds.
2021-06-27 04:35:42,402 - BasePage - INFO - wait for 5 seconds.
2021-06-27 04:35:42,408 - BasePage - INFO - 1
2021-06-27 04:35:42,415 - BasePage - INFO - Had find the element '  ' seccessful by id via value:  account-img-code 
2021-06-27 04:35:42,460 - BasePage - INFO - Had type ' 1234 ' in inputBox
2021-06-27 04:35:42,471 - BasePage - INFO - 1
2021-06-27 04:35:42,475 - BasePage - INFO - Had find the element ' µÇÂ¼ ' seccessful by id via value:  login-btn 
2021-06-27 04:35:42,482 - BasePage - INFO - The element ' µÇÂ¼ ' was clicked.
2021-06-27 04:35:42,500 - BasePage - INFO - wait for 1 seconds.
2021-06-27 04:35:42,500 - BasePage - INFO - wait for 5 seconds.
2021-06-27 04:35:42,505 - BasePage - INFO - 1
2021-06-27 04:35:42,510 - BasePage - INFO - Had find the element '  ' seccessful by id via value:  account-img-code 
2021-06-27 04:35:42,552 - BasePage - INFO - Had type ' 1234 ' in inputBox
2021-06-27 04:35:42,560 - BasePage - INFO - 1
2021-06-27 04:35:42,567 - BasePage - INFO - Had find the element ' µÇÂ¼ ' seccessful by id via value:  login-btn 
2021-06-27 04:35:42,571 - BasePage - INFO - The element ' µÇÂ¼ ' was clicked.
2021-06-27 04:35:42,589 - BasePage - INFO - wait for 1 seconds.
2021-06-27 04:35:42,589 - BasePage - INFO - wait for 5 seconds.
2021-06-27 04:35:42,594 - BasePage - INFO - 1
2021-06-27 04:35:42,600 - BasePage - INFO - Had find the element '  ' seccessful by id via value:  account-img-code 
2021-06-27 04:35:42,636 - BasePage - INFO - Had type ' 1234 ' in inputBox
2021-06-27 04:35:42,640 - BasePage - INFO - 1
2021-06-27 04:35:42,643 - BasePage - INFO - Had find the element ' µÇÂ¼ ' seccessful by id via value:  login-btn 
2021-06-27 04:35:42,649 - BasePage - INFO - The element ' µÇÂ¼ ' was clicked.
2021-06-27 04:35:42,672 - BasePage - INFO - wait for 1 seconds.
2021-06-27 04:35:42,673 - BasePage - INFO - wait for 5 seconds.
2021-06-27 04:35:42,711 - BasePage - INFO - 1
2021-06-27 04:35:42,737 - BasePage - INFO - Had find the element '  ' seccessful by id via value:  account-img-code 
2021-06-27 04:35:42,804 - BasePage - INFO - Had type ' 1234 ' in inputBox
2021-06-27 04:35:42,811 - BasePage - INFO - 1
2021-06-27 04:35:42,819 - BasePage - INFO - Had find the element ' µÇÂ¼ ' seccessful by id via value:  login-btn 
2021-06-27 04:35:42,825 - BasePage - INFO - The element ' µÇÂ¼ ' was clicked.
2021-06-27 04:35:42,847 - BasePage - INFO - wait for 1 seconds.
2021-06-27 04:35:42,848 - BasePage - INFO - wait for 5 seconds.
2021-06-27 04:35:42,855 - BasePage - INFO - 1
2021-06-27 04:35:42,860 - BasePage - INFO - Had find the element '  ' seccessful by id via value:  account-img-code 
2021-06-27 04:35:42,910 - BasePage - INFO - Had type ' 1234 ' in inputBox
2021-06-27 04:35:42,918 - BasePage - INFO - 1
2021-06-27 04:35:42,924 - BasePage - INFO - Had find the element ' µÇÂ¼ ' seccessful by id via value:  login-btn 
2021-06-27 04:35:42,949 - BasePage - INFO - The element ' µÇÂ¼ ' was clicked.
2021-06-27 04:35:42,968 - BasePage - INFO - wait for 1 seconds.
2021-06-27 04:35:42,969 - BasePage - INFO - wait for 5 seconds.
2021-06-27 04:35:42,977 - BasePage - INFO - 1
2021-06-27 04:35:42,984 - BasePage - INFO - Had find the element '  ' seccessful by id via value:  account-img-code 
2021-06-27 04:35:43,032 - BasePage - INFO - Had type ' 1234 ' in inputBox
2021-06-27 04:35:43,038 - BasePage - INFO - 1
2021-06-27 04:35:43,044 - BasePage - INFO - Had find the element ' µÇÂ¼ ' seccessful by id via value:  login-btn 
2021-06-27 04:35:43,055 - BasePage - INFO - The element ' µÇÂ¼ ' was clicked.
2021-06-27 04:35:43,075 - BasePage - INFO - wait for 1 seconds.
2021-06-27 04:35:43,076 - BasePage - INFO - wait for 5 seconds.
2021-06-27 04:35:43,083 - BasePage - INFO - 1
2021-06-27 04:35:43,090 - BasePage - INFO - Had find the element '  ' seccessful by id via value:  account-img-code 
2021-06-27 04:35:43,139 - BasePage - INFO - Had type ' 1234 ' in inputBox
2021-06-27 04:35:43,143 - BasePage - INFO - 1
2021-06-27 04:35:43,149 - BasePage - INFO - Had find the element ' µÇÂ¼ ' seccessful by id via value:  login-btn 
2021-06-27 04:35:43,155 - BasePage - INFO - The element ' µÇÂ¼ ' was clicked.
2021-06-27 04:35:43,172 - BasePage - INFO - wait for 1 seconds.
2021-06-27 04:35:43,173 - BasePage - INFO - wait for 5 seconds.
2021-06-27 04:35:43,177 - BasePage - INFO - 1
2021-06-27 04:35:43,187 - BasePage - INFO - Had find the element '  ' seccessful by id via value:  account-img-code 
2021-06-27 04:35:43,220 - BasePage - INFO - Had type ' 1234 ' in inputBox
2021-06-27 04:35:43,224 - BasePage - INFO - 1
2021-06-27 04:35:43,231 - BasePage - INFO - Had find the element ' µÇÂ¼ ' seccessful by id via value:  login-btn 
2021-06-27 04:35:43,236 - BasePage - INFO - The element ' µÇÂ¼ ' was clicked.
2021-06-27 04:35:43,251 - BasePage - INFO - wait for 1 seconds.
2021-06-27 04:35:43,252 - BasePage - INFO - wait for 5 seconds.
2021-06-27 04:35:43,256 - BasePage - INFO - 1
2021-06-27 04:35:43,261 - BasePage - INFO - Had find the element '  ' seccessful by id via value:  account-img-code 
2021-06-27 04:35:43,293 - BasePage - INFO - Had type ' 1234 ' in inputBox
2021-06-27 04:35:43,299 - BasePage - INFO - 1
2021-06-27 04:35:43,303 - BasePage - INFO - Had find the element ' µÇÂ¼ ' seccessful by id via value:  login-btn 
2021-06-27 04:35:43,308 - BasePage - INFO - The element ' µÇÂ¼ ' was clicked.
2021-06-27 04:35:43,324 - BasePage - INFO - wait for 1 seconds.
2021-06-27 04:35:43,325 - BasePage - INFO - wait for 5 seconds.
2021-06-27 04:35:43,331 - BasePage - INFO - 1
2021-06-27 04:35:43,336 - BasePage - INFO - Had find the element '  ' seccessful by id via value:  account-img-code 
2021-06-27 04:35:43,373 - BasePage - INFO - Had type ' 1234 ' in inputBox
2021-06-27 04:35:43,377 - BasePage - INFO - 1
2021-06-27 04:35:43,383 - BasePage - INFO - Had find the element ' µÇÂ¼ ' seccessful by id via value:  login-btn 
2021-06-27 04:35:43,387 - BasePage - INFO - The element ' µÇÂ¼ ' was clicked.
2021-06-27 04:35:43,404 - BasePage - INFO - wait for 1 seconds.
2021-06-27 04:35:43,405 - BasePage - INFO - wait for 5 seconds.
2021-06-27 04:35:43,409 - BasePage - INFO - 1
2021-06-27 04:35:43,414 - BasePage - INFO - Had find the element '  ' seccessful by id via value:  account-img-code 
2021-06-27 04:35:43,449 - BasePage - INFO - Had type ' 1234 ' in inputBox
2021-06-27 04:35:43,454 - BasePage - INFO - 1
2021-06-27 04:35:43,459 - BasePage - INFO - Had find the element ' µÇÂ¼ ' seccessful by id via value:  login-btn 
2021-06-27 04:35:43,464 - BasePage - INFO - The element ' µÇÂ¼ ' was clicked.
2021-06-27 04:35:43,483 - BasePage - INFO - wait for 1 seconds.
2021-06-27 04:35:43,484 - BasePage - INFO - wait for 5 seconds.
2021-06-27 04:35:43,488 - BasePage - INFO - 1
2021-06-27 04:35:43,492 - BasePage - INFO - Had find the element '  ' seccessful by id via value:  account-img-code 
2021-06-27 04:35:43,530 - BasePage - INFO - Had type ' 1234 ' in inputBox
2021-06-27 04:35:43,534 - BasePage - INFO - 1
2021-06-27 04:35:43,539 - BasePage - INFO - Had find the element ' µÇÂ¼ ' seccessful by id via value:  login-btn 
2021-06-27 04:35:43,543 - BasePage - INFO - The element ' µÇÂ¼ ' was clicked.
2021-06-27 04:35:43,559 - BasePage - INFO - wait for 1 seconds.
2021-06-27 04:35:43,560 - BasePage - INFO - wait for 5 seconds.
2021-06-27 04:35:43,566 - BasePage - INFO - 1
2021-06-27 04:35:43,570 - BasePage - INFO - Had find the element '  ' seccessful by id via value:  account-img-code 
2021-06-27 04:35:43,603 - BasePage - INFO - Had type ' 1234 ' in inputBox
2021-06-27 04:35:43,607 - BasePage - INFO - 1
2021-06-27 04:35:43,611 - BasePage - INFO - Had find the element ' µÇÂ¼ ' seccessful by id via value:  login-btn 
2021-06-27 04:35:43,618 - BasePage - INFO - The element ' µÇÂ¼ ' was clicked.
2021-06-27 04:35:43,635 - BasePage - INFO - wait for 1 seconds.
2021-06-27 04:35:43,635 - BasePage - INFO - wait for 5 seconds.
2021-06-27 04:35:43,639 - BasePage - INFO - 1
2021-06-27 04:35:43,643 - BasePage - INFO - Had find the element '  ' seccessful by id via value:  account-img-code 
2021-06-27 04:35:43,676 - BasePage - INFO - Had type ' 1234 ' in inputBox
2021-06-27 04:35:43,684 - BasePage - INFO - 1
2021-06-27 04:35:43,689 - BasePage - INFO - Had find the element ' µÇÂ¼ ' seccessful by id via value:  login-btn 
2021-06-27 04:35:43,693 - BasePage - INFO - The element ' µÇÂ¼ ' was clicked.
2021-06-27 04:35:43,707 - BasePage - INFO - wait for 1 seconds.
2021-06-27 04:35:43,708 - BasePage - INFO - wait for 5 seconds.
2021-06-27 04:35:43,713 - BasePage - INFO - 1
2021-06-27 04:35:43,720 - BasePage - INFO - Had find the element '  ' seccessful by id via value:  account-img-code 
2021-06-27 04:35:43,752 - BasePage - INFO - Had type ' 1234 ' in inputBox
2021-06-27 04:35:43,757 - BasePage - INFO - 1
2021-06-27 04:35:43,761 - BasePage - INFO - Had find the element ' µÇÂ¼ ' seccessful by id via value:  login-btn 
2021-06-27 04:35:43,766 - BasePage - INFO - The element ' µÇÂ¼ ' was clicked.
2021-06-27 04:35:43,782 - BasePage - INFO - wait for 1 seconds.
2021-06-27 04:35:43,782 - BasePage - INFO - wait for 5 seconds.
2021-06-27 04:35:43,786 - BasePage - INFO - 1
2021-06-27 04:35:43,790 - BasePage - INFO - Had find the element '  ' seccessful by id via value:  account-img-code 
2021-06-27 04:35:43,824 - BasePage - INFO - Had type ' 1234 ' in inputBox
2021-06-27 04:35:43,829 - BasePage - INFO - 1
2021-06-27 04:35:43,836 - BasePage - INFO - Had find the element ' µÇÂ¼ ' seccessful by id via value:  login-btn 
2021-06-27 04:35:43,841 - BasePage - INFO - The element ' µÇÂ¼ ' was clicked.
2021-06-27 04:35:43,856 - BasePage - INFO - wait for 1 seconds.
2021-06-27 04:35:43,856 - BasePage - INFO - wait for 5 seconds.
2021-06-27 04:35:43,861 - BasePage - INFO - 1
2021-06-27 04:35:43,867 - BasePage - INFO - Had find the element '  ' seccessful by id via value:  account-img-code 
2021-06-27 04:35:43,906 - BasePage - INFO - Had type ' 1234 ' in inputBox
2021-06-27 04:35:43,909 - BasePage - INFO - 1
2021-06-27 04:35:43,915 - BasePage - INFO - Had find the element ' µÇÂ¼ ' seccessful by id via value:  login-btn 
2021-06-27 04:35:43,920 - BasePage - INFO - The element ' µÇÂ¼ ' was clicked.
2021-06-27 04:35:43,938 - BasePage - INFO - wait for 1 seconds.
2021-06-27 04:35:43,938 - BasePage - INFO - wait for 5 seconds.
2021-06-27 04:35:43,942 - BasePage - INFO - 1
2021-06-27 04:35:43,949 - BasePage - INFO - Had find the element '  ' seccessful by id via value:  account-img-code 
2021-06-27 04:35:43,982 - BasePage - INFO - Had type ' 1234 ' in inputBox
2021-06-27 04:35:43,986 - BasePage - INFO - 1
2021-06-27 04:35:43,990 - BasePage - INFO - Had find the element ' µÇÂ¼ ' seccessful by id via value:  login-btn 
2021-06-27 04:35:43,996 - BasePage - INFO - The element ' µÇÂ¼ ' was clicked.
2021-06-27 04:35:44,010 - BasePage - INFO - wait for 1 seconds.
2021-06-27 04:35:44,011 - BasePage - INFO - wait for 5 seconds.
2021-06-27 04:35:44,017 - BasePage - INFO - 1
2021-06-27 04:35:44,022 - BasePage - INFO - Had find the element '  ' seccessful by id via value:  account-img-code 
2021-06-27 04:35:44,060 - BasePage - INFO - Had type ' 1234 ' in inputBox
2021-06-27 04:35:44,065 - BasePage - INFO - 1
2021-06-27 04:35:44,070 - BasePage - INFO - Had find the element ' µÇÂ¼ ' seccessful by id via value:  login-btn 
2021-06-27 04:35:44,073 - BasePage - INFO - The element ' µÇÂ¼ ' was clicked.
2021-06-27 04:35:44,089 - BasePage - INFO - wait for 1 seconds.
2021-06-27 04:35:44,089 - BasePage - INFO - wait for 5 seconds.
2021-06-27 04:35:44,093 - BasePage - INFO - 1
2021-06-27 04:35:44,099 - BasePage - INFO - Had find the element '  ' seccessful by id via value:  account-img-code 
2021-06-27 04:35:44,133 - BasePage - INFO - Had type ' 1234 ' in inputBox
2021-06-27 04:35:44,137 - BasePage - INFO - 1
2021-06-27 04:35:44,141 - BasePage - INFO - Had find the element ' µÇÂ¼ ' seccessful by id via value:  login-btn 
2021-06-27 04:35:44,146 - BasePage - INFO - The element ' µÇÂ¼ ' was clicked.
2021-06-27 04:35:44,163 - BasePage - INFO - wait for 1 seconds.
2021-06-27 04:35:44,164 - BasePage - INFO - wait for 5 seconds.
2021-06-27 04:35:44,168 - BasePage - INFO - 1
2021-06-27 04:35:44,172 - BasePage - INFO - Had find the element '  ' seccessful by id via value:  account-img-code 
2021-06-27 04:35:44,206 - BasePage - INFO - Had type ' 1234 ' in inputBox
2021-06-27 04:35:44,209 - BasePage - INFO - 1
2021-06-27 04:35:44,218 - BasePage - INFO - Had find the element ' µÇÂ¼ ' seccessful by id via value:  login-btn 
2021-06-27 04:35:44,223 - BasePage - INFO - The element ' µÇÂ¼ ' was clicked.
2021-06-27 04:35:44,237 - BasePage - INFO - wait for 1 seconds.
2021-06-27 04:35:44,237 - BasePage - INFO - wait for 5 seconds.
2021-06-27 04:35:44,244 - BasePage - INFO - 1
2021-06-27 04:35:44,250 - BasePage - INFO - Had find the element '  ' seccessful by id via value:  account-img-code 
