2021-06-28 21:41:08,249 - BrowserEngine - INFO - You had select Chrome browser.
2021-06-28 21:41:08,249 - BrowserEngine - INFO - The test server url is: https://bjjj.zhongchebaolian.com/cgsadm
2021-06-28 21:41:09,322 - BrowserEngine - INFO - Starting Chrome browser
2021-06-28 21:41:11,278 - BrowserEngine - INFO - Open url: https://bjjj.zhongchebaolian.com/cgsadm 
2021-06-28 21:41:11,583 - BrowserEngine - INFO - Maximize the current window. 
2021-06-28 21:41:11,601 - BasePage - INFO - Had find the element '  ' seccessful by id via value:  username 
2021-06-28 21:41:11,666 - BasePage - INFO - Had type ' 17600352198 ' in inputBox
2021-06-28 21:41:11,681 - BasePage - INFO - Had find the element '  ' seccessful by id via value:  password 
2021-06-28 21:41:11,759 - BasePage - INFO - Had type ' a12345678 ' in inputBox
2021-06-28 21:41:11,762 - BasePage - INFO - Current page title is µÇÂ¼
2021-06-28 21:41:16,764 - BasePage - INFO - Sleep for 5 seconds
2021-06-28 21:41:16,780 - BasePage - INFO - Had find the element '  ' seccessful by id via value:  imgCode 
2021-06-28 21:41:17,666 - BasePage - INFO - Had find the element '  ' seccessful by id via value:  imgCode 
2021-06-28 21:41:18,170 - BasePage - INFO - Had find the element '  ' seccessful by id via value:  account-img-code 
2021-06-28 21:41:18,223 - BasePage - INFO - Had type ' 1234 ' in inputBox
2021-06-28 21:41:18,239 - BasePage - INFO - Had find the element ' µÇÂ¼ ' seccessful by id via value:  login-btn 
2021-06-28 21:41:18,244 - BasePage - INFO - The element ' µÇÂ¼ ' was clicked.
2021-06-28 21:41:18,276 - BasePage - INFO - Current page title is µÇÂ¼
2021-06-28 21:41:23,278 - BasePage - INFO - Sleep for 5 seconds
2021-06-28 21:41:23,293 - BasePage - INFO - Had find the element '  ' seccessful by id via value:  imgCode 
2021-06-28 21:41:23,729 - BasePage - INFO - Had find the element '  ' seccessful by id via value:  account-img-code 
2021-06-28 21:41:23,776 - BasePage - INFO - Had type ' 1234 ' in inputBox
2021-06-28 21:41:23,791 - BasePage - INFO - Had find the element ' µÇÂ¼ ' seccessful by id via value:  login-btn 
2021-06-28 21:41:23,796 - BasePage - INFO - The element ' µÇÂ¼ ' was clicked.
2021-06-28 21:41:23,822 - BasePage - INFO - Current page title is µÇÂ¼
2021-06-28 21:41:28,824 - BasePage - INFO - Sleep for 5 seconds
2021-06-28 21:41:28,834 - BasePage - INFO - Had find the element '  ' seccessful by id via value:  imgCode 
2021-06-28 21:41:29,296 - BasePage - INFO - Had find the element '  ' seccessful by id via value:  account-img-code 
2021-06-28 21:41:29,328 - BasePage - INFO - Had type ' 1234 ' in inputBox
2021-06-28 21:41:29,336 - BasePage - INFO - Had find the element ' µÇÂ¼ ' seccessful by id via value:  login-btn 
2021-06-28 21:41:29,340 - BasePage - INFO - The element ' µÇÂ¼ ' was clicked.
2021-06-28 21:41:29,357 - BasePage - INFO - Current page title is µÇÂ¼
2021-06-28 21:41:34,359 - BasePage - INFO - Sleep for 5 seconds
2021-06-28 21:41:34,369 - BasePage - INFO - Had find the element '  ' seccessful by id via value:  imgCode 
2021-06-28 21:41:34,678 - BasePage - INFO - Had find the element '  ' seccessful by id via value:  account-img-code 
2021-06-28 21:41:34,716 - BasePage - INFO - Had type ' 1234 ' in inputBox
2021-06-28 21:41:34,724 - BasePage - INFO - Had find the element ' µÇÂ¼ ' seccessful by id via value:  login-btn 
2021-06-28 21:41:34,729 - BasePage - INFO - The element ' µÇÂ¼ ' was clicked.
2021-06-28 21:41:34,746 - BasePage - INFO - Current page title is µÇÂ¼
2021-06-28 21:41:39,748 - BasePage - INFO - Sleep for 5 seconds
2021-06-28 21:41:39,758 - BasePage - INFO - Had find the element '  ' seccessful by id via value:  imgCode 
2021-06-28 21:41:40,281 - BasePage - INFO - Had find the element '  ' seccessful by id via value:  account-img-code 
2021-06-28 21:41:40,313 - BasePage - INFO - Had type ' 1234 ' in inputBox
2021-06-28 21:41:40,321 - BasePage - INFO - Had find the element ' µÇÂ¼ ' seccessful by id via value:  login-btn 
2021-06-28 21:41:40,325 - BasePage - INFO - The element ' µÇÂ¼ ' was clicked.
2021-06-28 21:41:40,342 - BasePage - INFO - Current page title is µÇÂ¼
2021-06-28 21:41:45,345 - BasePage - INFO - Sleep for 5 seconds
2021-06-28 21:41:45,355 - BasePage - INFO - Had find the element '  ' seccessful by id via value:  imgCode 
2021-06-28 21:41:45,941 - BasePage - INFO - Had find the element '  ' seccessful by id via value:  account-img-code 
2021-06-28 21:41:45,974 - BasePage - INFO - Had type ' 1234 ' in inputBox
2021-06-28 21:41:45,982 - BasePage - INFO - Had find the element ' µÇÂ¼ ' seccessful by id via value:  login-btn 
2021-06-28 21:41:45,987 - BasePage - INFO - The element ' µÇÂ¼ ' was clicked.
2021-06-28 21:41:46,003 - BasePage - INFO - Current page title is µÇÂ¼
2021-06-28 21:41:51,006 - BasePage - INFO - Sleep for 5 seconds
2021-06-28 21:41:51,016 - BasePage - INFO - Had find the element '  ' seccessful by id via value:  imgCode 
2021-06-28 21:41:51,481 - BasePage - INFO - Had find the element '  ' seccessful by id via value:  account-img-code 
2021-06-28 21:41:51,517 - BasePage - INFO - Had type ' 1234 ' in inputBox
2021-06-28 21:41:51,525 - BasePage - INFO - Had find the element ' µÇÂ¼ ' seccessful by id via value:  login-btn 
2021-06-28 21:41:51,529 - BasePage - INFO - The element ' µÇÂ¼ ' was clicked.
2021-06-28 21:41:51,547 - BasePage - INFO - Current page title is µÇÂ¼
2021-06-28 21:41:56,549 - BasePage - INFO - Sleep for 5 seconds
2021-06-28 21:41:56,560 - BasePage - INFO - Had find the element '  ' seccessful by id via value:  imgCode 
2021-06-28 21:41:57,074 - BasePage - INFO - Had find the element '  ' seccessful by id via value:  account-img-code 
2021-06-28 21:41:57,104 - BasePage - INFO - Had type ' 1234 ' in inputBox
2021-06-28 21:41:57,113 - BasePage - INFO - Had find the element ' µÇÂ¼ ' seccessful by id via value:  login-btn 
2021-06-28 21:41:57,118 - BasePage - INFO - The element ' µÇÂ¼ ' was clicked.
2021-06-28 21:41:57,136 - BasePage - INFO - Current page title is µÇÂ¼
2021-06-28 21:42:02,139 - BasePage - INFO - Sleep for 5 seconds
2021-06-28 21:42:02,149 - BasePage - INFO - Had find the element '  ' seccessful by id via value:  imgCode 
2021-06-28 21:42:02,653 - BasePage - INFO - Had find the element '  ' seccessful by id via value:  account-img-code 
2021-06-28 21:42:02,688 - BasePage - INFO - Had type ' 1234 ' in inputBox
2021-06-28 21:42:02,696 - BasePage - INFO - Had find the element ' µÇÂ¼ ' seccessful by id via value:  login-btn 
2021-06-28 21:42:02,700 - BasePage - INFO - The element ' µÇÂ¼ ' was clicked.
2021-06-28 21:42:02,715 - BasePage - INFO - Current page title is µÇÂ¼
