2021-06-28 21:42:12,912 - BrowserEngine - INFO - You had select Chrome browser.
2021-06-28 21:42:12,912 - BrowserEngine - INFO - The test server url is: https://bjjj.zhongchebaolian.com/cgsadm
2021-06-28 21:42:13,990 - BrowserEngine - INFO - Starting Chrome browser
2021-06-28 21:42:16,066 - BrowserEngine - INFO - Open url: https://bjjj.zhongchebaolian.com/cgsadm 
2021-06-28 21:42:16,351 - BrowserEngine - INFO - Maximize the current window. 
2021-06-28 21:42:16,369 - BasePage - INFO - Had find the element '  ' seccessful by id via value:  imgCode 
2021-06-28 21:42:17,302 - BasePage - INFO - Had find the element '  ' seccessful by id via value:  imgCode 
2021-06-28 21:42:17,307 - BasePage - INFO - The element '  ' was clicked.
2021-06-28 21:42:17,339 - BasePage - INFO - Had find the element '  ' seccessful by id via value:  imgCode 
2021-06-28 21:42:17,795 - BasePage - INFO - Had find the element '  ' seccessful by id via value:  username 
2021-06-28 21:42:17,861 - BasePage - INFO - Had type ' 17600352198 ' in inputBox
2021-06-28 21:42:17,877 - BasePage - INFO - Had find the element '  ' seccessful by id via value:  password 
2021-06-28 21:42:17,950 - BasePage - INFO - Had type ' a12345678 ' in inputBox
2021-06-28 21:42:17,953 - BasePage - INFO - Current page title is 登录
2021-06-28 21:42:22,956 - BasePage - INFO - Sleep for 5 seconds
2021-06-28 21:42:22,967 - BasePage - INFO - Had find the element '  ' seccessful by id via value:  imgCode 
2021-06-28 21:42:23,391 - BasePage - INFO - Had find the element '  ' seccessful by id via value:  imgCode 
2021-06-28 21:42:23,783 - BasePage - INFO - Had find the element '  ' seccessful by id via value:  account-img-code 
2021-06-28 21:42:23,836 - BasePage - INFO - Had type ' 7758 ' in inputBox
2021-06-28 21:42:23,850 - BasePage - INFO - Had find the element ' 登录 ' seccessful by id via value:  login-btn 
2021-06-28 21:42:23,855 - BasePage - INFO - The element ' 登录 ' was clicked.
2021-06-28 21:42:23,885 - BasePage - INFO - Current page title is 登录
2021-06-28 21:42:28,888 - BasePage - INFO - Sleep for 5 seconds
2021-06-28 21:42:28,897 - BasePage - ERROR - NoSuchElementException: Message: no such element: Unable to locate element: {"method":"css selector","selector":"[id="imgCode"]"}
  (Session info: chrome=91.0.4472.114)

2021-06-28 21:42:29,043 - BasePage - INFO - Had take screenshot and save to folder : /screenshots
2021-06-28 21:42:29,047 - BasePage - INFO - Current page title is 首页 - 车管所管理系统
