2021-06-27 05:32:23,635 - BrowserEngine - INFO - You had select Chrome browser.
2021-06-27 05:32:23,635 - BrowserEngine - INFO - The test server url is: https://bjjj.zhongchebaolian.com/cgsadm
2021-06-27 05:32:24,671 - BrowserEngine - INFO - Starting Chrome browser
2021-06-27 05:32:26,384 - BrowserEngine - INFO - Open url: https://bjjj.zhongchebaolian.com/cgsadm 
2021-06-27 05:32:26,692 - BrowserEngine - INFO - Maximize the current window. 
2021-06-27 05:32:26,711 - BasePage - INFO - Had find the element '  ' seccessful by id via value:  username 
2021-06-27 05:32:26,800 - BasePage - INFO - Had type ' 17600352198 ' in inputBox
2021-06-27 05:32:26,816 - BasePage - INFO - Had find the element '  ' seccessful by id via value:  password 
2021-06-27 05:32:26,882 - BasePage - INFO - Had type ' a12345678 ' in inputBox
2021-06-27 05:32:26,898 - BasePage - INFO - Had find the element '  ' seccessful by id via value:  account-img-code 
2021-06-27 05:32:26,951 - BasePage - INFO - Had type ' 1234 ' in inputBox
2021-06-27 05:32:26,968 - BasePage - INFO - Had find the element ' µÇÂ¼ ' seccessful by id via value:  login-btn 
2021-06-27 05:32:26,973 - BasePage - INFO - The element ' µÇÂ¼ ' was clicked.
2021-06-27 05:32:27,005 - BasePage - INFO - Current page title is µÇÂ¼
2021-06-27 05:32:32,008 - BasePage - INFO - Sleep for 5 seconds
2021-06-27 05:32:32,016 - BasePage - INFO - Had find the element ' µÇÂ¼ ' seccessful by id via value:  login-btn 
2021-06-27 05:32:32,020 - BasePage - INFO - The element ' µÇÂ¼ ' was clicked.
2021-06-27 05:32:32,034 - BasePage - INFO - Current page title is µÇÂ¼
2021-06-27 05:32:37,037 - BasePage - INFO - Sleep for 5 seconds
2021-06-27 05:32:37,052 - BasePage - INFO - Had find the element ' µÇÂ¼ ' seccessful by id via value:  login-btn 
2021-06-27 05:32:37,057 - BasePage - INFO - The element ' µÇÂ¼ ' was clicked.
2021-06-27 05:32:37,080 - BasePage - INFO - Current page title is µÇÂ¼
2021-06-27 05:32:42,083 - BasePage - INFO - Sleep for 5 seconds
2021-06-27 05:32:42,093 - BasePage - INFO - Had find the element ' µÇÂ¼ ' seccessful by id via value:  login-btn 
2021-06-27 05:32:42,098 - BasePage - INFO - The element ' µÇÂ¼ ' was clicked.
2021-06-27 05:32:42,112 - BasePage - INFO - Current page title is µÇÂ¼
2021-06-27 05:32:47,114 - BasePage - INFO - Sleep for 5 seconds
2021-06-27 05:32:47,124 - BasePage - INFO - Had find the element ' µÇÂ¼ ' seccessful by id via value:  login-btn 
2021-06-27 05:32:47,128 - BasePage - INFO - The element ' µÇÂ¼ ' was clicked.
2021-06-27 05:32:47,141 - BasePage - INFO - Current page title is µÇÂ¼
2021-06-27 05:32:52,143 - BasePage - INFO - Sleep for 5 seconds
2021-06-27 05:32:52,155 - BasePage - INFO - Had find the element ' µÇÂ¼ ' seccessful by id via value:  login-btn 
2021-06-27 05:32:52,159 - BasePage - INFO - The element ' µÇÂ¼ ' was clicked.
2021-06-27 05:32:52,173 - BasePage - INFO - Current page title is µÇÂ¼
2021-06-27 05:32:57,175 - BasePage - INFO - Sleep for 5 seconds
2021-06-27 05:32:57,187 - BasePage - ERROR - NoSuchElementException: Message: no such element: Unable to locate element: {"method":"css selector","selector":"[id="login-btn"]"}
  (Session info: chrome=91.0.4472.114)

2021-06-27 05:32:57,328 - BasePage - INFO - Had take screenshot and save to folder : /screenshots
2021-06-27 05:32:57,331 - BasePage - INFO - Current page title is Ê×Ò³ - ³µ¹ÜËù¹ÜÀíÏµÍ³
